140.213.17.232 https://koreaversikamu.co.id/purchase/prepurchase?view=finish 13:42:56 2023-03-01

Content JSON:
{
"personalData": {
"fullName": "JULIE",
    "birthDate": "19750508", 
"birthPlace": "Medan",
"emailAddress": "loejulie10@yahoo.com",
"mobilePhone": "0819881649",
"homePhone": "0819881649",
"lineAddress1": "JL. PALANG MERAH NO.112Q",
"lineAddress2": "KEL. PETISAH TENGAH KEC. MEDAN PETISAH",
"cityAddress": "Medan",
"postalCode": 20112,
"sameMailing": "1",
"mailingLineAddress1": "JL. PALANG MERAH NO.112Q",
"mailingLineAddress2": "KEL. PETISAH TENGAH KEC. MEDAN PETISAH",
"mailingCityAddress": "Medan",
"mailingpostalCode": 20112,
"gender": "F",
"jobType": "Job19",
"identityType": 1,
"identityNumber": "1271194805750002",
"incomeSource": "Shu",
"additionalProperties": {
"jobDetail": {
"uraianPekerjaan": "",
"namaLembaga": "MADDIN",
				"bidangUsaha": "coffee "
			},
			"maritalStatus": "Y"
		}
    },"policyHolder":{
"fullName": "JULIE",
    "birthDate": "19750508", 
"birthPlace": "Medan",
"emailAddress": "loejulie10@yahoo.com",
"mobilePhone": "0819881649",
"homePhone": "0819881649",
"lineAddress1": "JL. PALANG MERAH NO.112Q",
"lineAddress2": "KEL. PETISAH TENGAH KEC. MEDAN PETISAH",
"cityAddress": "Medan",
"postalCode": 20112,
"sameMailing": "1",
"mailingLineAddress1": "JL. PALANG MERAH NO.112Q",
"mailingLineAddress2": "KEL. PETISAH TENGAH KEC. MEDAN PETISAH",
"mailingCityAddress": "Medan",
"mailingpostalCode": 20112,
"gender": "F",
"jobType": "Job19",
"identityType": 1,
"identityNumber": "1271194805750002",
"incomeSource": "Shu",
"additionalProperties": {
"jobDetail": {
"uraianPekerjaan": "",
"namaLembaga": "MADDIN",
				"bidangUsaha": "coffee "
			},
			"maritalStatus": "Y"
		}
},

"purchase": {
"productId": 4,
"referenceCode": "72211441",
"productCode": "B.101",
"parentProductId": 4,
"tenor": 12,
"paymentMethod": "301",
"paymentType": 2,
"up": 100000000,
"agrementDisclaimer": 701,
"premium": 1800000,
"autoDebet": "Y",
"purchaseDate": "20230301134255",
"bankCode": "016",
"ropBankCode": "016",
"bankAccount": "1776041553",
"bankAccountName": "JULIE",
"additionalInfo": {
"selfPurchaseFlag": 1
,
			"dealsCode": ""
}
},
"beneficiary": [{
"seqNo": "1",
"mobileNo": "0819881649",
"name": "Darly Audrey Sembiring",
"famrel": 1,
"gender": "F",
"birthDate": "20011030",
"percentage": 100,
"email": "loejulie10@yahoo.com"
}
]
}
