116.206.12.54 https://www.bucketlistplan.co.id/prepurchase?view=finish 10:33:25 2020-03-02

Content JSON:
{
"personalData": {
"fullName": "Erin",
    "birthDate": "19990307", 
"birthPlace": "Bogor",
"emailAddress": "erin.renesme.cullens@gmail.com",
"mobilePhone": "0895331627029",
"homePhone": "02188337153",
"lineAddress1": "Bekasi regensi 1 blok j9 no 30",
"lineAddress2": "Bekasi regensi 1 blok j9 no 30",
"cityAddress": "Bekasi",
"postalCode": 17520,
"sameMailing": "1",
"mailingLineAddress1": "Bekasi regensi 1 blok j9 no 30",
"mailingLineAddress2": "Bekasi regensi 1 blok j9 no 30",
"mailingCityAddress": "Bekasi",
"mailingpostalCode": 17520,
"gender": "F",
"jobType": "Job23",
"identityType": 1,
"identityNumber": "3216074703990012",
"incomeSource": "Slr",
"additionalProperties": {
"jobDetail": {
"uraianPekerjaan": "Administrasi perkantoran",
"namaLembaga": "PT islandsun",
				"bidangUsaha": "Properti "
			},
			"dealsCode": "",
			"maritalStatus": "N"
		}
    },

"purchase": {
"productId": 1,
"referenceCode": "",
"productCode": "B.101",
"parentProductId": 1,
"tenor": 12,
"paymentMethod": "301",
"paymentType": 2,
"up": 50000000,
"agrementDisclaimer": 701,
"premium": 1200000,
"autoDebet": "Y",
"purchaseDate": "20200302103324",
"bankCode": "014",
"ropBankCode": "014",
"bankAccount": "4010437631",
"bankAccountName": "Erin",
"additionalInfo": {
"selfPurchaseFlag": 1
,
			"dealsCode": ""
}
},
"beneficiary": [{
"seqNo": "1",
"mobileNo": "085780472563",
"name": "Nando",
"famrel": 3,
"gender": "M",
"birthDate": "19980312",
"percentage": 100,
"email": "nandogenzo@yahoo.com"
}
]
}
