45.126.185.235 https://bucketlistplan.co.id/purchase/prepurchase?view=finish 11:23:49 2023-06-02

Content JSON:
{
"personalData": {
"fullName": "eddy",
    "birthDate": "19790619", 
"birthPlace": "Medan",
"emailAddress": "marvelyang99@gmail.com",
"mobilePhone": "085269690880",
"homePhone": "0852169690880",
"lineAddress1": "jln bedagai no 18 a",
"lineAddress2": "jln bedagai no 18",
"cityAddress": "",
"postalCode": 20235,
"sameMailing": "0",
"mailingLineAddress1": "jln sejati no 28 b",
"mailingLineAddress2": "jln adam malik",
"mailingCityAddress": "",
"mailingpostalCode": 20234,
"gender": "M",
"jobType": "Job19",
"identityType": 1,
"identityNumber": "1271201906790001",
"incomeSource": "Slr",
"additionalProperties": {
"jobDetail": {
"uraianPekerjaan": "",
"namaLembaga": "avrist",
				"bidangUsaha": "asuransi "
			},
			"maritalStatus": "Y"
		}
    },"policyHolder":{
"fullName": "eddy",
    "birthDate": "19790619", 
"birthPlace": "Medan",
"emailAddress": "marvelyang99@gmail.com",
"mobilePhone": "085269690880",
"homePhone": "0852169690880",
"lineAddress1": "jln bedagai no 18 a",
"lineAddress2": "jln bedagai no 18",
"cityAddress": "",
"postalCode": 20235,
"sameMailing": "0",
"mailingLineAddress1": "jln sejati no 28 b",
"mailingLineAddress2": "jln adam malik",
"mailingCityAddress": "",
"mailingpostalCode": 20234,
"gender": "M",
"jobType": "Job19",
"identityType": 1,
"identityNumber": "1271201906790001",
"incomeSource": "Slr",
"additionalProperties": {
"jobDetail": {
"uraianPekerjaan": "",
"namaLembaga": "avrist",
				"bidangUsaha": "asuransi "
			},
			"maritalStatus": "Y"
		}
},

"purchase": {
"productId": 8,
"referenceCode": "",
"productCode": "B.101",
"parentProductId": 8,
"tenor": 12,
"paymentMethod": "301",
"paymentType": 2,
"up": 25000000,
"agrementDisclaimer": 701,
"premium": 750000,
"autoDebet": "Y",
"purchaseDate": "20230602112347",
"bankCode": "014",
"ropBankCode": "014",
"bankAccount": "3490690432",
"bankAccountName": "eddy",
"additionalInfo": {
"selfPurchaseFlag": 1
,
			"dealsCode": ""
}
},
"beneficiary": [{
"seqNo": "1",
"mobileNo": "085269690880",
"name": "agustina",
"famrel": 2,
"gender": "F",
"birthDate": "19880818",
"percentage": 100,
"email": "undergirl1888@gmail.com"
}
]
}
45.126.185.235 https://bucketlistplan.co.id/purchase/prepurchase?view=finish 11:46:35 2023-06-02

Content JSON:
{
"personalData": {
"fullName": "eddy",
    "birthDate": "19790619", 
"birthPlace": "KOTA MEDAN",
"emailAddress": "pt.dwigemilangsejahtera@gmail.com",
"mobilePhone": "085269690880",
"homePhone": "0852169690880",
"lineAddress1": "jln Gaharu no 2 B",
"lineAddress2": "jln adam malik",
"cityAddress": "Medan",
"postalCode": 20234,
"sameMailing": "1",
"mailingLineAddress1": "jln Gaharu no 2 B",
"mailingLineAddress2": "jln adam malik",
"mailingCityAddress": "Medan",
"mailingpostalCode": 20234,
"gender": "",
"jobType": "Job19",
"identityType": 1,
"identityNumber": "1271201906790001",
"incomeSource": "Shu",
"additionalProperties": {
"jobDetail": {
"uraianPekerjaan": "",
"namaLembaga": "avrist",
				"bidangUsaha": "asuransi "
			},
			"maritalStatus": "Y"
		}
    },"policyHolder":{
"fullName": "eddy",
    "birthDate": "19790619", 
"birthPlace": "KOTA MEDAN",
"emailAddress": "pt.dwigemilangsejahtera@gmail.com",
"mobilePhone": "085269690880",
"homePhone": "0852169690880",
"lineAddress1": "jln Gaharu no 2 B",
"lineAddress2": "jln adam malik",
"cityAddress": "Medan",
"postalCode": 20234,
"sameMailing": "1",
"mailingLineAddress1": "jln Gaharu no 2 B",
"mailingLineAddress2": "jln adam malik",
"mailingCityAddress": "Medan",
"mailingpostalCode": 20234,
"gender": "",
"jobType": "Job19",
"identityType": 1,
"identityNumber": "1271201906790001",
"incomeSource": "Shu",
"additionalProperties": {
"jobDetail": {
"uraianPekerjaan": "",
"namaLembaga": "avrist",
				"bidangUsaha": "asuransi "
			},
			"maritalStatus": "Y"
		}
},

"purchase": {
"productId": 8,
"referenceCode": "",
"productCode": "B.101",
"parentProductId": 8,
"tenor": 12,
"paymentMethod": "301",
"paymentType": 2,
"up": 25000000,
"agrementDisclaimer": 701,
"premium": 750000,
"autoDebet": "Y",
"purchaseDate": "20230602114634",
"bankCode": "014",
"ropBankCode": "014",
"bankAccount": "3490690432",
"bankAccountName": "eddy",
"additionalInfo": {
"selfPurchaseFlag": 1
,
			"dealsCode": ""
}
},
"beneficiary": [{
"seqNo": "1",
"mobileNo": "082167781888",
"name": "agustina",
"famrel": 2,
"gender": "F",
"birthDate": "19700101",
"percentage": 100,
"email": "undergirl1888@gmail.com"
}
]
}
45.126.185.235 https://bucketlistplan.co.id/purchase/prepurchase?view=finish 15:13:59 2023-06-02

Content JSON:
{
"personalData": {
"fullName": "Agustina",
    "birthDate": "19880818", 
"birthPlace": "medan",
"emailAddress": "nextemerald@yahoo.com",
"mobilePhone": "082167781888",
"homePhone": "085270519999",
"lineAddress1": "jln bedagai no 18 a",
"lineAddress2": "jln bedagai no 18 a",
"cityAddress": "",
"postalCode": 20235,
"sameMailing": "0",
"mailingLineAddress1": "jln sejatin 28 B",
"mailingLineAddress2": "jln adam malik",
"mailingCityAddress": "",
"mailingpostalCode": 20234,
"gender": "F",
"jobType": "Job19",
"identityType": 1,
"identityNumber": "1271195808880005",
"incomeSource": "Incoth",
"additionalProperties": {
"jobDetail": {
"uraianPekerjaan": "",
"namaLembaga": "3g ",
				"bidangUsaha": "handphone "
			},
			"maritalStatus": "Y"
		}
    },"policyHolder":{
"fullName": "Agustina",
    "birthDate": "19880818", 
"birthPlace": "medan",
"emailAddress": "nextemerald@yahoo.com",
"mobilePhone": "082167781888",
"homePhone": "085270519999",
"lineAddress1": "jln bedagai no 18 a",
"lineAddress2": "jln bedagai no 18 a",
"cityAddress": "",
"postalCode": 20235,
"sameMailing": "0",
"mailingLineAddress1": "jln sejatin 28 B",
"mailingLineAddress2": "jln adam malik",
"mailingCityAddress": "",
"mailingpostalCode": 20234,
"gender": "F",
"jobType": "Job19",
"identityType": 1,
"identityNumber": "1271195808880005",
"incomeSource": "Incoth",
"additionalProperties": {
"jobDetail": {
"uraianPekerjaan": "",
"namaLembaga": "3g ",
				"bidangUsaha": "handphone "
			},
			"maritalStatus": "Y"
		}
},

"purchase": {
"productId": 1,
"referenceCode": "",
"productCode": "B.101",
"parentProductId": 1,
"tenor": 12,
"paymentMethod": "301",
"paymentType": 2,
"up": 50000000,
"agrementDisclaimer": 701,
"premium": 1200000,
"autoDebet": "Y",
"purchaseDate": "20230602151357",
"bankCode": "014",
"ropBankCode": "014",
"bankAccount": "3490690432",
"bankAccountName": "eddy",
"additionalInfo": {
"selfPurchaseFlag": 1
,
			"dealsCode": ""
}
},
"beneficiary": [{
"seqNo": "1",
"mobileNo": "082167781888",
"name": "eddy",
"famrel": 2,
"gender": "M",
"birthDate": "19790619",
"percentage": 100,
"email": "nextemerald@yahoo.com"
}
]
}
