182.23.25.179 https://bucketlistplan.co.id/purchase/prepurchase?view=finish 10:23:43 2023-08-02

Content JSON:
{
"personalData": {
"fullName": "NIGGAR JUARI SURIADI",
    "birthDate": "19990107", 
"birthPlace": "JAKARTA",
"emailAddress": "juarisuriadi@gmail.com",
"mobilePhone": "087880153688",
"homePhone": "087885372900",
"lineAddress1": "LEGENDA WISATA,ZONA VAN GOGH BLOK S9/46",
"lineAddress2": "NAGRAK, GN.PUTRI",
"cityAddress": "Bogor",
"postalCode": 16967,
"sameMailing": "1",
"mailingLineAddress1": "LEGENDA WISATA,ZONA VAN GOGH BLOK S9/46",
"mailingLineAddress2": "NAGRAK, GN.PUTRI",
"mailingCityAddress": "Bogor",
"mailingpostalCode": 16967,
"gender": "M",
"jobType": "Job23",
"identityType": 1,
"identityNumber": "317507071990003",
"incomeSource": "Incoth",
"additionalProperties": {
"jobDetail": {
"uraianPekerjaan": "-",
"namaLembaga": "-",
				"bidangUsaha": "- "
			},
			"maritalStatus": "N"
		}
    },"policyHolder":{
"fullName": "NIGGAR JUARI SURIADI",
    "birthDate": "19990107", 
"birthPlace": "JAKARTA",
"emailAddress": "juarisuriadi@gmail.com",
"mobilePhone": "087880153688",
"homePhone": "087885372900",
"lineAddress1": "LEGENDA WISATA,ZONA VAN GOGH BLOK S9/46",
"lineAddress2": "NAGRAK, GN.PUTRI",
"cityAddress": "Bogor",
"postalCode": 16967,
"sameMailing": "1",
"mailingLineAddress1": "LEGENDA WISATA,ZONA VAN GOGH BLOK S9/46",
"mailingLineAddress2": "NAGRAK, GN.PUTRI",
"mailingCityAddress": "Bogor",
"mailingpostalCode": 16967,
"gender": "M",
"jobType": "Job23",
"identityType": 1,
"identityNumber": "317507071990003",
"incomeSource": "Incoth",
"additionalProperties": {
"jobDetail": {
"uraianPekerjaan": "-",
"namaLembaga": "-",
				"bidangUsaha": "- "
			},
			"maritalStatus": "N"
		}
},

"purchase": {
"productId": 8,
"referenceCode": "72210218",
"productCode": "B.101",
"parentProductId": 8,
"tenor": 12,
"paymentMethod": "301",
"paymentType": 2,
"up": 25000000,
"agrementDisclaimer": 701,
"premium": 750000,
"autoDebet": "Y",
"purchaseDate": "20230802102342",
"bankCode": "014",
"ropBankCode": "014",
"bankAccount": "6041216236",
"bankAccountName": "NIGGAR JUARI SURIADI",
"additionalInfo": {
"selfPurchaseFlag": 1
,
			"dealsCode": ""
}
},
"beneficiary": [{
"seqNo": "1",
"mobileNo": "087885372900",
"name": "LIE HA LIMIN",
"famrel": 1,
"gender": "F",
"birthDate": "19681208",
"percentage": 100,
"email": "liehalimin@gmail.com"
}
]
}
