180.244.235.74 https://koreaversikamu.co.id/purchase/prepurchase?view=finish 10:55:31 2021-03-03

Content JSON:
{
"personalData": {
"fullName": "Intan Shella Herdiaty",
    "birthDate": "19940511", 
"birthPlace": "Jakarta",
"emailAddress": "intanshellaherdiaty@gmail.com",
"mobilePhone": "081290100584",
"homePhone": "081290100584",
"lineAddress1": "Vila Bogor Indah 1 D1 No. 22 RT 01 RW 12",
"lineAddress2": "Kel. Ciparigi Kec. Bogor Utara Kota Bogor",
"cityAddress": "Bogor",
"postalCode": 16710,
"sameMailing": "1",
"mailingLineAddress1": "Vila Bogor Indah 1 D1 No. 22 RT 01 RW 12",
"mailingLineAddress2": "Kel. Ciparigi Kec. Bogor Utara Kota Bogor",
"mailingCityAddress": "Bogor",
"mailingpostalCode": 16710,
"gender": "F",
"jobType": "Job8",
"identityType": 1,
"identityNumber": "3271055105940002",
"incomeSource": "Slr",
"additionalProperties": {
"jobDetail": {
"uraianPekerjaan": "",
"namaLembaga": "GeoINFO",
				"bidangUsaha": "Marketing Research "
			},
			"maritalStatus": "N"
		}
    },"policyHolder":{
"fullName": "Intan Shella Herdiaty",
    "birthDate": "19940511", 
"birthPlace": "Jakarta",
"emailAddress": "intanshellaherdiaty@gmail.com",
"mobilePhone": "081290100584",
"homePhone": "081290100584",
"lineAddress1": "Vila Bogor Indah 1 D1 No. 22 RT 01 RW 12",
"lineAddress2": "Kel. Ciparigi Kec. Bogor Utara Kota Bogor",
"cityAddress": "Bogor",
"postalCode": 16710,
"sameMailing": "1",
"mailingLineAddress1": "Vila Bogor Indah 1 D1 No. 22 RT 01 RW 12",
"mailingLineAddress2": "Kel. Ciparigi Kec. Bogor Utara Kota Bogor",
"mailingCityAddress": "Bogor",
"mailingpostalCode": 16710,
"gender": "F",
"jobType": "Job8",
"identityType": 1,
"identityNumber": "3271055105940002",
"incomeSource": "Slr",
"additionalProperties": {
"jobDetail": {
"uraianPekerjaan": "",
"namaLembaga": "GeoINFO",
				"bidangUsaha": "Marketing Research "
			},
			"maritalStatus": "N"
		}
},

"purchase": {
"productId": 1,
"referenceCode": "000432",
"productCode": "B.101",
"parentProductId": 1,
"tenor": 12,
"paymentMethod": "301",
"paymentType": 2,
"up": 50000000,
"agrementDisclaimer": 701,
"premium": 1200000,
"autoDebet": "Y",
"purchaseDate": "20210303105527",
"bankCode": "008",
"ropBankCode": "008",
"bankAccount": "1330013919766",
"bankAccountName": "Intan Shella Herdiaty",
"additionalInfo": {
"selfPurchaseFlag": 1
,
			"dealsCode": ""
}
},
"beneficiary": [{
"seqNo": "1",
"mobileNo": "081218454624",
"name": "Berlian Dwi Ayu Herdiaty",
"famrel": 4,
"gender": "F",
"birthDate": "19950718",
"percentage": 100,
"email": "berlianherdiaty@gmail.com"
}
]
}
