103.37.229.133 https://koreaversikamu.co.id/prepurchase?view=finish 08:37:30 2020-02-03

Content JSON:
{
"personalData": {
"fullName": "Lina",
    "birthDate": "19760622", 
"birthPlace": "Medan",
"emailAddress": "linakho800@gmail.com",
"mobilePhone": "081396366800",
"homePhone": "-",
"lineAddress1": "Jalan Veteran no 2H",
"lineAddress2": "Kel. Pusat Pasar Kec. Medan Kota",
"cityAddress": "Medan",
"postalCode": 20212,
"sameMailing": "1",
"mailingLineAddress1": "Jalan Veteran no 2H",
"mailingLineAddress2": "Kel. Pusat Pasar Kec. Medan Kota",
"mailingCityAddress": "Medan",
"mailingpostalCode": 20212,
"gender": "F",
"jobType": "Job10",
"identityType": 1,
"identityNumber": "1271196206760001",
"incomeSource": "Slr",
"additionalProperties": {
"jobDetail": {
"uraianPekerjaan": "",
"namaLembaga": "",
				"bidangUsaha": " "
			},
			"dealsCode": "",
			"maritalStatus": "Y"
		}
    },

"purchase": {
"productId": 1,
"referenceCode": "20VI3EDK",
"productCode": "B.101",
"parentProductId": 1,
"tenor": 12,
"paymentMethod": "301",
"paymentType": 2,
"up": 50000000,
"agrementDisclaimer": 701,
"premium": 1200000,
"autoDebet": "Y",
"purchaseDate": "20200203083729",
"bankCode": "011",
"ropBankCode": "011",
"bankAccount": "003610870986",
"bankAccountName": "Lina",
"additionalInfo": {
"selfPurchaseFlag": 1
,
			"dealsCode": ""
}
},
"beneficiary": [{
"seqNo": "1",
"mobileNo": "081396366800",
"name": "Jacky",
"famrel": 3,
"gender": "M",
"birthDate": "19981001",
"percentage": 100,
"email": "jlim132@gmail.com"
}
]
}
192.168.115.133 https://www.koreaversikamu.co.id/prepurchase?view=finish 15:09:08 2020-02-03

Content JSON:
{
"personalData": {
"fullName": "Suriati",
    "birthDate": "19740301", 
"birthPlace": "Kuala Simpang",
"emailAddress": "lie_suang@yahoo.com",
"mobilePhone": "08126501828",
"homePhone": "08126501828",
"lineAddress1": "Jalan Flores No. 28/22",
"lineAddress2": "Kelurahan Pandau Hilir",
"cityAddress": "",
"postalCode": 20232,
"sameMailing": "1",
"mailingLineAddress1": "Jalan Flores No. 28/22",
"mailingLineAddress2": "Kelurahan Pandau Hilir",
"mailingCityAddress": "",
"mailingpostalCode": 20232,
"gender": "F",
"jobType": "Job8",
"identityType": 1,
"identityNumber": "1271184103740003",
"incomeSource": "Slr",
"additionalProperties": {
"jobDetail": {
"uraianPekerjaan": "",
"namaLembaga": "PT Duta Prima",
				"bidangUsaha": "Kontraktor "
			},
			"dealsCode": "",
			"maritalStatus": "Y"
		}
    },

"purchase": {
"productId": 1,
"referenceCode": "20VI3EDK",
"productCode": "B.101",
"parentProductId": 1,
"tenor": 12,
"paymentMethod": "301",
"paymentType": 2,
"up": 50000000,
"agrementDisclaimer": 701,
"premium": 1200000,
"autoDebet": "Y",
"purchaseDate": "20200203150908",
"bankCode": "014",
"ropBankCode": "014",
"bankAccount": "0221522361",
"bankAccountName": "Suriati",
"additionalInfo": {
"selfPurchaseFlag": 1
,
			"dealsCode": ""
}
},
"beneficiary": [{
"seqNo": "1",
"mobileNo": "08126501828",
"name": "Niki Nicander",
"famrel": 3,
"gender": "M",
"birthDate": "20021228",
"percentage": 100,
"email": "james_pandi2002@yahoo.com"
}
]
}
