192.168.20.126 http://uat.koreaversikamu.co.id/prepurchase?view=finish 13:22:44 2020-03-03

Content JSON:
{
"personalData": {
"fullName": "Nicholas",
    "birthDate": "19910430", 
"birthPlace": "Luar negri",
"emailAddress": "hli.marplan@gmail.com",
"mobilePhone": "08111953402",
"homePhone": "0238219388888",
"lineAddress1": "jalan",
"lineAddress2": "kenangan",
"cityAddress": "Luar negri",
"postalCode": 12321,
"sameMailing": "1",
"mailingLineAddress1": "jalan",
"mailingLineAddress2": "kenangan",
"mailingCityAddress": "Luar negri",
"mailingpostalCode": 12321,
"gender": "M",
"jobType": "Job7",
"identityType": 1,
"identityNumber": "1329387129388103",
"incomeSource": "Slr",
"additionalProperties": {
"jobDetail": {
"uraianPekerjaan": "manager",
"namaLembaga": "BIN",
				"bidangUsaha": " "
			},
			"dealsCode": "",
			"maritalStatus": "Y"
		}
    },

"purchase": {
"productId": 9,
"referenceCode": "401",
"productCode": "B.101",
"parentProductId": 9,
"tenor": 24,
"paymentMethod": "301",
"paymentType": 2,
"up": 25000000,
"agrementDisclaimer": 701,
"premium": 375000,
"autoDebet": "Y",
"purchaseDate": "20200303132243",
"bankCode": "014",
"ropBankCode": "014",
"bankAccount": "12382132131321121",
"bankAccountName": "cinta",
"additionalInfo": {
"selfPurchaseFlag": 1
,
			"dealsCode": ""
}
},
"beneficiary": [{
"seqNo": "1",
"mobileNo": "384730823222",
"name": "cinta",
"famrel": 2,
"gender": "F",
"birthDate": "19920304",
"percentage": 100,
"email": "cintai@gmai.com"
}
]
}
