140.213.228.92 https://bucketlistplan.co.id/purchase/prepurchase?view=finish 18:48:19 2022-07-03

Content JSON:
{
"personalData": {
"fullName": "Sherly",
    "birthDate": "19930323", 
"birthPlace": "Medan",
"emailAddress": "sherlyyangg23@gmail.com",
"mobilePhone": "081288355251",
"homePhone": "081288355251",
"lineAddress1": "Jl AR Hakim GG Dahlia No 2, Rt 00/00",
"lineAddress2": "Tegal Sari 1, Medan Area",
"cityAddress": "Medan",
"postalCode": 20224,
"sameMailing": "1",
"mailingLineAddress1": "Jl AR Hakim GG Dahlia No 2, Rt 00/00",
"mailingLineAddress2": "Tegal Sari 1, Medan Area",
"mailingCityAddress": "Medan",
"mailingpostalCode": 20224,
"gender": "F",
"jobType": "Job8",
"identityType": 1,
"identityNumber": "1271106303930002",
"incomeSource": "Slr",
"additionalProperties": {
"jobDetail": {
"uraianPekerjaan": "",
"namaLembaga": "swasta",
				"bidangUsaha": "swasta "
			},
			"maritalStatus": "Y"
		}
    },"policyHolder":{
"fullName": "Sherly",
    "birthDate": "19930323", 
"birthPlace": "Medan",
"emailAddress": "sherlyyangg23@gmail.com",
"mobilePhone": "081288355251",
"homePhone": "081288355251",
"lineAddress1": "Jl AR Hakim GG Dahlia No 2, Rt 00/00",
"lineAddress2": "Tegal Sari 1, Medan Area",
"cityAddress": "Medan",
"postalCode": 20224,
"sameMailing": "1",
"mailingLineAddress1": "Jl AR Hakim GG Dahlia No 2, Rt 00/00",
"mailingLineAddress2": "Tegal Sari 1, Medan Area",
"mailingCityAddress": "Medan",
"mailingpostalCode": 20224,
"gender": "F",
"jobType": "Job8",
"identityType": 1,
"identityNumber": "1271106303930002",
"incomeSource": "Slr",
"additionalProperties": {
"jobDetail": {
"uraianPekerjaan": "",
"namaLembaga": "swasta",
				"bidangUsaha": "swasta "
			},
			"maritalStatus": "Y"
		}
},

"purchase": {
"productId": 4,
"referenceCode": "72210227",
"productCode": "B.101",
"parentProductId": 4,
"tenor": 12,
"paymentMethod": "301",
"paymentType": 2,
"up": 100000000,
"agrementDisclaimer": 701,
"premium": 1800000,
"autoDebet": "Y",
"purchaseDate": "20220703184817",
"bankCode": "014",
"ropBankCode": "014",
"bankAccount": "7860073468",
"bankAccountName": "Sherly",
"additionalInfo": {
"selfPurchaseFlag": 1
,
			"dealsCode": ""
}
},
"beneficiary": [{
"seqNo": "1",
"mobileNo": "087817999887",
"name": "Kelvin Julio",
"famrel": 2,
"gender": "M",
"birthDate": "19930702",
"percentage": 100,
"email": "kelvinjulio1993@gmail.com"
}
]
}
140.213.228.92 https://bucketlistplan.co.id/purchase/prepurchase?view=finish 19:10:22 2022-07-03

Content JSON:
{
"personalData": {
"fullName": "Syafina",
    "birthDate": "19880721", 
"birthPlace": "Medan",
"emailAddress": "sapisapina88@gmail.com",
"mobilePhone": "081219020388",
"homePhone": "081219020388",
"lineAddress1": "jl.eka dame 4 no.10 karya Jaya",
"lineAddress2": "Medan johor",
"cityAddress": "Medan",
"postalCode": 20142,
"sameMailing": "1",
"mailingLineAddress1": "jl.eka dame 4 no.10 karya Jaya",
"mailingLineAddress2": "Medan johor",
"mailingCityAddress": "Medan",
"mailingpostalCode": 20142,
"gender": "F",
"jobType": "Job8",
"identityType": 1,
"identityNumber": "1207266107880003",
"incomeSource": "Slr",
"additionalProperties": {
"jobDetail": {
"uraianPekerjaan": "",
"namaLembaga": "Hanwha Life",
				"bidangUsaha": "Asuransi "
			},
			"maritalStatus": "Y"
		}
    },"policyHolder":{
"fullName": "Syafina",
    "birthDate": "19880721", 
"birthPlace": "Medan",
"emailAddress": "sapisapina88@gmail.com",
"mobilePhone": "081219020388",
"homePhone": "081219020388",
"lineAddress1": "jl.eka dame 4 no.10 karya Jaya",
"lineAddress2": "Medan johor",
"cityAddress": "Medan",
"postalCode": 20142,
"sameMailing": "1",
"mailingLineAddress1": "jl.eka dame 4 no.10 karya Jaya",
"mailingLineAddress2": "Medan johor",
"mailingCityAddress": "Medan",
"mailingpostalCode": 20142,
"gender": "F",
"jobType": "Job8",
"identityType": 1,
"identityNumber": "1207266107880003",
"incomeSource": "Slr",
"additionalProperties": {
"jobDetail": {
"uraianPekerjaan": "",
"namaLembaga": "Hanwha Life",
				"bidangUsaha": "Asuransi "
			},
			"maritalStatus": "Y"
		}
},

"purchase": {
"productId": 3,
"referenceCode": "",
"productCode": "B.101",
"parentProductId": 3,
"tenor": 36,
"paymentMethod": "301",
"paymentType": 2,
"up": 50000000,
"agrementDisclaimer": 701,
"premium": 400000,
"autoDebet": "Y",
"purchaseDate": "20220703191021",
"bankCode": "014",
"ropBankCode": "014",
"bankAccount": "0222136227",
"bankAccountName": "Syafina",
"additionalInfo": {
"selfPurchaseFlag": 1
,
			"dealsCode": "Brastagi Medan Syafina"
}
},
"beneficiary": [{
"seqNo": "1",
"mobileNo": "082245368894",
"name": "King Fahd Ali",
"famrel": 3,
"gender": "M",
"birthDate": "20150707",
"percentage": 100,
"email": "lblastagam02@gmail.com"
}
]
}
