112.215.170.156 https://bucketlistplan.co.id/purchase/prepurchase?view=finish 15:18:05 2021-11-03

Content JSON:
{
"personalData": {
"fullName": "Pungky Andreas ",
    "birthDate": "19800526", 
"birthPlace": "Jakarta",
"emailAddress": "pungky26@gmail.com",
"mobilePhone": "087884046969",
"homePhone": "+62217494502",
"lineAddress1": "Jl Kerosin V no 6 komplek Pertamina Pondok Ranji",
"lineAddress2": "Ciputat, Tangerang Selatan",
"cityAddress": "",
"postalCode": 15412,
"sameMailing": "0",
"mailingLineAddress1": "Jl Reni Jaya Selatan 3 Blok C6 No.3 Kelurahan Pondok Petir, Kecamatan Bojongsari",
"mailingLineAddress2": "Depok",
"mailingCityAddress": "Depok",
"mailingpostalCode": 16524,
"gender": "M",
"jobType": "Job8",
"identityType": 1,
"identityNumber": "3674052605800014",
"incomeSource": "Slr",
"additionalProperties": {
"jobDetail": {
"uraianPekerjaan": "",
"namaLembaga": "Hanwha Life Indonesia",
				"bidangUsaha": "Asuransi "
			},
			"maritalStatus": "Y"
		}
    },"policyHolder":{
"fullName": "Pungky Andreas ",
    "birthDate": "19800526", 
"birthPlace": "Jakarta",
"emailAddress": "pungky26@gmail.com",
"mobilePhone": "087884046969",
"homePhone": "+62217494502",
"lineAddress1": "Jl Kerosin V no 6 komplek Pertamina Pondok Ranji",
"lineAddress2": "Ciputat, Tangerang Selatan",
"cityAddress": "",
"postalCode": 15412,
"sameMailing": "0",
"mailingLineAddress1": "Jl Reni Jaya Selatan 3 Blok C6 No.3 Kelurahan Pondok Petir, Kecamatan Bojongsari",
"mailingLineAddress2": "Depok",
"mailingCityAddress": "Depok",
"mailingpostalCode": 16524,
"gender": "M",
"jobType": "Job8",
"identityType": 1,
"identityNumber": "3674052605800014",
"incomeSource": "Slr",
"additionalProperties": {
"jobDetail": {
"uraianPekerjaan": "",
"namaLembaga": "Hanwha Life Indonesia",
				"bidangUsaha": "Asuransi "
			},
			"maritalStatus": "Y"
		}
},

"purchase": {
"productId": 10,
"referenceCode": "",
"productCode": "B.101",
"parentProductId": 10,
"tenor": 36,
"paymentMethod": "301",
"paymentType": 2,
"up": 25000000,
"agrementDisclaimer": 701,
"premium": 250000,
"autoDebet": "Y",
"purchaseDate": "20211103151802",
"bankCode": "022",
"ropBankCode": "022",
"bankAccount": "701981402800",
"bankAccountName": "Pungky Andreas",
"additionalInfo": {
"selfPurchaseFlag": 1
,
			"dealsCode": ""
}
},
"beneficiary": [{
"seqNo": "1",
"mobileNo": "+628229817716",
"name": "Tia Mardiyah Arifin ",
"famrel": 2,
"gender": "F",
"birthDate": "19800708",
"percentage": 100,
"email": "tia.mardiyah@gmail.com"
}
]
}
