10.1.1.33 https://bucketlistplan.co.id/purchase/prepurchase?view=finish 10:26:10 2021-12-03

Content JSON:
{
"personalData": {
"fullName": "Silvia",
    "birthDate": "19830208", 
"birthPlace": "Jakarta",
"emailAddress": "silvia@hanwhalife.co.id",
"mobilePhone": "08161622512",
"homePhone": "0215649968",
"lineAddress1": "Komplek Grawisa Blok G No. 12",
"lineAddress2": "Jl. P. Tubagus Angke",
"cityAddress": "Jakarta",
"postalCode": 11460,
"sameMailing": "1",
"mailingLineAddress1": "Komplek Grawisa Blok G No. 12",
"mailingLineAddress2": "Jl. P. Tubagus Angke",
"mailingCityAddress": "Jakarta",
"mailingpostalCode": 11460,
"gender": "F",
"jobType": "Job17",
"identityType": 1,
"identityNumber": "3172014802830006",
"incomeSource": "Slr",
"additionalProperties": {
"jobDetail": {
"uraianPekerjaan": "",
"namaLembaga": "",
				"bidangUsaha": " "
			},
			"maritalStatus": "Y"
		}
    },"policyHolder":{
"fullName": "Silvia",
    "birthDate": "19830208", 
"birthPlace": "Jakarta",
"emailAddress": "silvia@hanwhalife.co.id",
"mobilePhone": "08161622512",
"homePhone": "0215649968",
"lineAddress1": "Komplek Grawisa Blok G No. 12",
"lineAddress2": "Jl. P. Tubagus Angke",
"cityAddress": "Jakarta",
"postalCode": 11460,
"sameMailing": "1",
"mailingLineAddress1": "Komplek Grawisa Blok G No. 12",
"mailingLineAddress2": "Jl. P. Tubagus Angke",
"mailingCityAddress": "Jakarta",
"mailingpostalCode": 11460,
"gender": "F",
"jobType": "Job17",
"identityType": 1,
"identityNumber": "3172014802830006",
"incomeSource": "Slr",
"additionalProperties": {
"jobDetail": {
"uraianPekerjaan": "",
"namaLembaga": "",
				"bidangUsaha": " "
			},
			"maritalStatus": "Y"
		}
},

"purchase": {
"productId": 1,
"referenceCode": "00000557",
"productCode": "B.101",
"parentProductId": 1,
"tenor": 12,
"paymentMethod": "301",
"paymentType": 2,
"up": 50000000,
"agrementDisclaimer": 701,
"premium": 1200000,
"autoDebet": "Y",
"purchaseDate": "20211203102609",
"bankCode": "014",
"ropBankCode": "014",
"bankAccount": "5455028229",
"bankAccountName": "Silvia",
"additionalInfo": {
"selfPurchaseFlag": 1
,
			"dealsCode": ""
}
},
"beneficiary": [{
"seqNo": "1",
"mobileNo": "08161188150",
"name": "Eko Logito",
"famrel": 2,
"gender": "M",
"birthDate": "19821019",
"percentage": 100,
"email": "ekologito@yahoo.com"
}
]
}
10.1.1.33 https://bucketlistplan.co.id/purchase/prepurchase?view=finish 10:27:59 2021-12-03

Content JSON:
{
"personalData": {
"fullName": "Silvia",
    "birthDate": "19830208", 
"birthPlace": "Jakarta",
"emailAddress": "silvia@hanwhalife.co.id",
"mobilePhone": "08161622512",
"homePhone": "0215649968",
"lineAddress1": "Komplek Grawisa Blok G No. 12",
"lineAddress2": "Jl. P. Tubagus Angke",
"cityAddress": "Jakarta",
"postalCode": 11460,
"sameMailing": "1",
"mailingLineAddress1": "Komplek Grawisa Blok G No. 12",
"mailingLineAddress2": "Jl. P. Tubagus Angke",
"mailingCityAddress": "Jakarta",
"mailingpostalCode": 11460,
"gender": "F",
"jobType": "Job17",
"identityType": 1,
"identityNumber": "3172014802830006",
"incomeSource": "Slr",
"additionalProperties": {
"jobDetail": {
"uraianPekerjaan": "",
"namaLembaga": "",
				"bidangUsaha": " "
			},
			"maritalStatus": "Y"
		}
    },"policyHolder":{
"fullName": "Silvia",
    "birthDate": "19830208", 
"birthPlace": "Jakarta",
"emailAddress": "silvia@hanwhalife.co.id",
"mobilePhone": "08161622512",
"homePhone": "0215649968",
"lineAddress1": "Komplek Grawisa Blok G No. 12",
"lineAddress2": "Jl. P. Tubagus Angke",
"cityAddress": "Jakarta",
"postalCode": 11460,
"sameMailing": "1",
"mailingLineAddress1": "Komplek Grawisa Blok G No. 12",
"mailingLineAddress2": "Jl. P. Tubagus Angke",
"mailingCityAddress": "Jakarta",
"mailingpostalCode": 11460,
"gender": "F",
"jobType": "Job17",
"identityType": 1,
"identityNumber": "3172014802830006",
"incomeSource": "Slr",
"additionalProperties": {
"jobDetail": {
"uraianPekerjaan": "",
"namaLembaga": "",
				"bidangUsaha": " "
			},
			"maritalStatus": "Y"
		}
},

"purchase": {
"productId": 1,
"referenceCode": "00000557",
"productCode": "B.101",
"parentProductId": 1,
"tenor": 12,
"paymentMethod": "301",
"paymentType": 2,
"up": 50000000,
"agrementDisclaimer": 701,
"premium": 1200000,
"autoDebet": "Y",
"purchaseDate": "20211203102759",
"bankCode": "014",
"ropBankCode": "014",
"bankAccount": "5455028229",
"bankAccountName": "Silvia",
"additionalInfo": {
"selfPurchaseFlag": 1
,
			"dealsCode": ""
}
},
"beneficiary": [{
"seqNo": "1",
"mobileNo": "08161188150",
"name": "Eko Logito",
"famrel": 2,
"gender": "M",
"birthDate": "19821019",
"percentage": 100,
"email": "ekologito@yahoo.com"
}
]
}
10.1.1.33 https://bucketlistplan.co.id/purchase/prepurchase?view=finish 10:52:32 2021-12-03

Content JSON:
{
"personalData": {
"fullName": "Silvia",
    "birthDate": "19830208", 
"birthPlace": "Jakarta",
"emailAddress": "silvia.lie83@gmail.com",
"mobilePhone": "08161622512",
"homePhone": "08161622512",
"lineAddress1": "PTB Angke Grawisa G 12 RT 03/01",
"lineAddress2": "Wijaya Kusuma, Grogol Petamburan",
"cityAddress": "Jakarta",
"postalCode": 11640,
"sameMailing": "1",
"mailingLineAddress1": "PTB Angke Grawisa G 12 RT 03/01",
"mailingLineAddress2": "Wijaya Kusuma, Grogol Petamburan",
"mailingCityAddress": "Jakarta",
"mailingpostalCode": 11640,
"gender": "F",
"jobType": "Job8",
"identityType": 1,
"identityNumber": "3172014802830006",
"incomeSource": "Slr",
"additionalProperties": {
"jobDetail": {
"uraianPekerjaan": "",
"namaLembaga": "PT Hanwha Life Insurance Indonesia",
				"bidangUsaha": "Asuransi "
			},
			"maritalStatus": "Y"
		}
    },"policyHolder":{
"fullName": "Silvia",
    "birthDate": "19830208", 
"birthPlace": "Jakarta",
"emailAddress": "silvia.lie83@gmail.com",
"mobilePhone": "08161622512",
"homePhone": "08161622512",
"lineAddress1": "PTB Angke Grawisa G 12 RT 03/01",
"lineAddress2": "Wijaya Kusuma, Grogol Petamburan",
"cityAddress": "Jakarta",
"postalCode": 11640,
"sameMailing": "1",
"mailingLineAddress1": "PTB Angke Grawisa G 12 RT 03/01",
"mailingLineAddress2": "Wijaya Kusuma, Grogol Petamburan",
"mailingCityAddress": "Jakarta",
"mailingpostalCode": 11640,
"gender": "F",
"jobType": "Job8",
"identityType": 1,
"identityNumber": "3172014802830006",
"incomeSource": "Slr",
"additionalProperties": {
"jobDetail": {
"uraianPekerjaan": "",
"namaLembaga": "PT Hanwha Life Insurance Indonesia",
				"bidangUsaha": "Asuransi "
			},
			"maritalStatus": "Y"
		}
},

"purchase": {
"productId": 1,
"referenceCode": "00000557",
"productCode": "B.101",
"parentProductId": 1,
"tenor": 12,
"paymentMethod": "301",
"paymentType": 2,
"up": 50000000,
"agrementDisclaimer": 701,
"premium": 1200000,
"autoDebet": "Y",
"purchaseDate": "20211203105230",
"bankCode": "014",
"ropBankCode": "014",
"bankAccount": "5455028229",
"bankAccountName": "Silvia",
"additionalInfo": {
"selfPurchaseFlag": 1
,
			"dealsCode": ""
}
},
"beneficiary": [{
"seqNo": "1",
"mobileNo": "08161188150",
"name": "Eko Logito ",
"famrel": 2,
"gender": "M",
"birthDate": "19821019",
"percentage": 100,
"email": "silvia.lie83@gmail.com"
}
]
}
