140.213.13.66 https://bucketlistplan.co.id/purchase/prepurchase?view=finish 11:13:55 2021-11-04

Content JSON:
{
"personalData": {
"fullName": "Selvy Junaedi,SH",
    "birthDate": "19871031", 
"birthPlace": "Jakarta",
"emailAddress": "selvyjunaedi@gmail.com",
"mobilePhone": "081219480502",
"homePhone": "081219480502",
"lineAddress1": "Jl kelapa cengkir barat VIII FO.1 / 16",
"lineAddress2": "Rt 008/011 Kelapa Gading Timur",
"cityAddress": "Jakarta",
"postalCode": 14240,
"sameMailing": "1",
"mailingLineAddress1": "Jl kelapa cengkir barat VIII FO.1 / 16",
"mailingLineAddress2": "Rt 008/011 Kelapa Gading Timur",
"mailingCityAddress": "Jakarta",
"mailingpostalCode": 14240,
"gender": "F",
"jobType": "Job8",
"identityType": 1,
"identityNumber": "3172067110870002",
"incomeSource": "Slr",
"additionalProperties": {
"jobDetail": {
"uraianPekerjaan": "",
"namaLembaga": "PT Hanwha Life Insurance Indonesia",
				"bidangUsaha": "ASURANSI "
			},
			"maritalStatus": "Y"
		}
    },"policyHolder":{
"fullName": "Selvy Junaedi,SH",
    "birthDate": "19871031", 
"birthPlace": "Jakarta",
"emailAddress": "selvyjunaedi@gmail.com",
"mobilePhone": "081219480502",
"homePhone": "081219480502",
"lineAddress1": "Jl kelapa cengkir barat VIII FO.1 / 16",
"lineAddress2": "Rt 008/011 Kelapa Gading Timur",
"cityAddress": "Jakarta",
"postalCode": 14240,
"sameMailing": "1",
"mailingLineAddress1": "Jl kelapa cengkir barat VIII FO.1 / 16",
"mailingLineAddress2": "Rt 008/011 Kelapa Gading Timur",
"mailingCityAddress": "Jakarta",
"mailingpostalCode": 14240,
"gender": "F",
"jobType": "Job8",
"identityType": 1,
"identityNumber": "3172067110870002",
"incomeSource": "Slr",
"additionalProperties": {
"jobDetail": {
"uraianPekerjaan": "",
"namaLembaga": "PT Hanwha Life Insurance Indonesia",
				"bidangUsaha": "ASURANSI "
			},
			"maritalStatus": "Y"
		}
},

"purchase": {
"productId": 1,
"referenceCode": "00000512",
"productCode": "B.101",
"parentProductId": 1,
"tenor": 12,
"paymentMethod": "301",
"paymentType": 2,
"up": 50000000,
"agrementDisclaimer": 701,
"premium": 1200000,
"autoDebet": "Y",
"purchaseDate": "20211104111355",
"bankCode": "014",
"ropBankCode": "014",
"bankAccount": "2270169417",
"bankAccountName": "SELVY JUNAEDI",
"additionalInfo": {
"selfPurchaseFlag": 1
,
			"dealsCode": ""
}
},
"beneficiary": [{
"seqNo": "1",
"mobileNo": "081396021111",
"name": "Denny Thanoto",
"famrel": 2,
"gender": "M",
"birthDate": "19870427",
"percentage": 100,
"email": "dennythanoto@yahoo.com"
}
]
}
