10.1.1.33 https://bucketlistplan.co.id/purchase/prepurchase?view=finish 11:13:14 2022-04-05

Content JSON:
{
"personalData": {
"fullName": "Lenny",
    "birthDate": "19830913", 
"birthPlace": "Medan",
"emailAddress": "coco_lenny@yahoo.com",
"mobilePhone": "082165185774",
"homePhone": "082165185774",
"lineAddress1": "JL Tenggiri no.18 Medan",
"lineAddress2": "Pandau Hulu II, Medan Area",
"cityAddress": "Medan",
"postalCode": 20211,
"sameMailing": "1",
"mailingLineAddress1": "JL Tenggiri no.18 Medan",
"mailingLineAddress2": "Pandau Hulu II, Medan Area",
"mailingCityAddress": "Medan",
"mailingpostalCode": 20211,
"gender": "F",
"jobType": "Job13",
"identityType": 1,
"identityNumber": "1271165309830001",
"incomeSource": "Shu",
"additionalProperties": {
"jobDetail": {
"uraianPekerjaan": "",
"namaLembaga": "",
				"bidangUsaha": " "
			},
			"maritalStatus": "Y"
		}
    },"policyHolder":{
"fullName": "Lenny",
    "birthDate": "19830913", 
"birthPlace": "Medan",
"emailAddress": "coco_lenny@yahoo.com",
"mobilePhone": "082165185774",
"homePhone": "082165185774",
"lineAddress1": "JL Tenggiri no.18 Medan",
"lineAddress2": "Pandau Hulu II, Medan Area",
"cityAddress": "Medan",
"postalCode": 20211,
"sameMailing": "1",
"mailingLineAddress1": "JL Tenggiri no.18 Medan",
"mailingLineAddress2": "Pandau Hulu II, Medan Area",
"mailingCityAddress": "Medan",
"mailingpostalCode": 20211,
"gender": "F",
"jobType": "Job13",
"identityType": 1,
"identityNumber": "1271165309830001",
"incomeSource": "Shu",
"additionalProperties": {
"jobDetail": {
"uraianPekerjaan": "",
"namaLembaga": "",
				"bidangUsaha": " "
			},
			"maritalStatus": "Y"
		}
},

"purchase": {
"productId": 4,
"referenceCode": "92012391",
"productCode": "B.101",
"parentProductId": 4,
"tenor": 12,
"paymentMethod": "301",
"paymentType": 2,
"up": 100000000,
"agrementDisclaimer": 701,
"premium": 1800000,
"autoDebet": "Y",
"purchaseDate": "20220405111313",
"bankCode": "014",
"ropBankCode": "014",
"bankAccount": "8370153133",
"bankAccountName": "Lenny",
"additionalInfo": {
"selfPurchaseFlag": 1
,
			"dealsCode": ""
}
},
"beneficiary": [{
"seqNo": "1",
"mobileNo": "082165185774",
"name": "Kimberly Xierron",
"famrel": 3,
"gender": "F",
"birthDate": "20111016",
"percentage": 100,
"email": "coco_lenny@yahoo.com"
}
]
}
