180.242.180.77 https://bucketlistplan.co.id/prepurchase?view=finish 15:38:09 2020-07-05

Content JSON:
{
"personalData": {
"fullName": "Roberto",
    "birthDate": "19971016", 
"birthPlace": "Jakarta",
"emailAddress": "robertowu16@gmail.com",
"mobilePhone": "085885393333",
"homePhone": "0214718379",
"lineAddress1": "Jalan Pisangan Lama II No.79c",
"lineAddress2": "Pisangan Timur,Pulo Gadung, Jakarta Timur",
"cityAddress": "Jakarta",
"postalCode": 13230,
"sameMailing": "1",
"mailingLineAddress1": "Jalan Pisangan Lama II No.79c",
"mailingLineAddress2": "Pisangan Timur,Pulo Gadung, Jakarta Timur",
"mailingCityAddress": "Jakarta",
"mailingpostalCode": 13230,
"gender": "M",
"jobType": "Job8",
"identityType": 1,
"identityNumber": "3175021610970005",
"incomeSource": "Slr",
"additionalProperties": {
"jobDetail": {
"uraianPekerjaan": "",
"namaLembaga": "PT Accelist Lentera Indonesia ",
				"bidangUsaha": "IT "
			},
			"maritalStatus": "N"
		}
    },"policyHolder":{
"fullName": "Roberto",
    "birthDate": "19971016", 
"birthPlace": "Jakarta",
"emailAddress": "robertowu16@gmail.com",
"mobilePhone": "085885393333",
"homePhone": "0214718379",
"lineAddress1": "Jalan Pisangan Lama II No.79c",
"lineAddress2": "Pisangan Timur,Pulo Gadung, Jakarta Timur",
"cityAddress": "Jakarta",
"postalCode": 13230,
"sameMailing": "1",
"mailingLineAddress1": "Jalan Pisangan Lama II No.79c",
"mailingLineAddress2": "Pisangan Timur,Pulo Gadung, Jakarta Timur",
"mailingCityAddress": "Jakarta",
"mailingpostalCode": 13230,
"gender": "M",
"jobType": "Job8",
"identityType": 1,
"identityNumber": "3175021610970005",
"incomeSource": "Slr",
"additionalProperties": {
"jobDetail": {
"uraianPekerjaan": "",
"namaLembaga": "PT Accelist Lentera Indonesia ",
				"bidangUsaha": "IT "
			},
			"maritalStatus": "N"
		}
},

"purchase": {
"productId": 9,
"referenceCode": "",
"productCode": "B.101",
"parentProductId": 9,
"tenor": 24,
"paymentMethod": "301",
"paymentType": 2,
"up": 25000000,
"agrementDisclaimer": 701,
"premium": 375000,
"autoDebet": "Y",
"purchaseDate": "20200705153808",
"bankCode": "014",
"ropBankCode": "014",
"bankAccount": "5271102934",
"bankAccountName": "Roberto",
"additionalInfo": {
"selfPurchaseFlag": 1
,
			"dealsCode": "Kopi Chuseyo"
}
},
"beneficiary": [{
"seqNo": "1",
"mobileNo": "08161621155",
"name": "Ong Set Hua",
"famrel": 1,
"gender": "F",
"birthDate": "19600517",
"percentage": 100,
"email": "sisiw04@gmail.com"
}
]
}
