182.1.71.7 https://bucketlistplan.co.id/purchase/prepurchase?view=finish 16:11:12 2023-11-05

Content JSON:
{
"personalData": {
"fullName": "BAGUS ANDI SAPUTRA",
    "birthDate": "19961126", 
"birthPlace": "KEDIRI",
"emailAddress": "bbagusandisaputra@gmail.com",
"mobilePhone": "085785446889",
"homePhone": "085785446889",
"lineAddress1": "BALOWERTI IV FLAMBOYAN II/30 ",
"lineAddress2": "BALOWERTI",
"cityAddress": "",
"postalCode": 64129,
"sameMailing": "1",
"mailingLineAddress1": "BALOWERTI IV FLAMBOYAN II/30 ",
"mailingLineAddress2": "BALOWERTI",
"mailingCityAddress": "",
"mailingpostalCode": 64129,
"gender": "M",
"jobType": "Job8",
"identityType": 1,
"identityNumber": "3571022611960002",
"incomeSource": "Slr",
"additionalProperties": {
"jobDetail": {
"uraianPekerjaan": "",
"namaLembaga": "PT.PAl INDONESIA",
				"bidangUsaha": "PERKAPALAN "
			},
			"maritalStatus": "N"
		}
    },"policyHolder":{
"fullName": "BAGUS ANDI SAPUTRA",
    "birthDate": "19961126", 
"birthPlace": "KEDIRI",
"emailAddress": "bbagusandisaputra@gmail.com",
"mobilePhone": "085785446889",
"homePhone": "085785446889",
"lineAddress1": "BALOWERTI IV FLAMBOYAN II/30 ",
"lineAddress2": "BALOWERTI",
"cityAddress": "",
"postalCode": 64129,
"sameMailing": "1",
"mailingLineAddress1": "BALOWERTI IV FLAMBOYAN II/30 ",
"mailingLineAddress2": "BALOWERTI",
"mailingCityAddress": "",
"mailingpostalCode": 64129,
"gender": "M",
"jobType": "Job8",
"identityType": 1,
"identityNumber": "3571022611960002",
"incomeSource": "Slr",
"additionalProperties": {
"jobDetail": {
"uraianPekerjaan": "",
"namaLembaga": "PT.PAl INDONESIA",
				"bidangUsaha": "PERKAPALAN "
			},
			"maritalStatus": "N"
		}
},

"purchase": {
"productId": 8,
"referenceCode": "72311467",
"productCode": "B.101",
"parentProductId": 8,
"tenor": 12,
"paymentMethod": "301",
"paymentType": 2,
"up": 25000000,
"agrementDisclaimer": 701,
"premium": 750000,
"autoDebet": "Y",
"purchaseDate": "20231105161111",
"bankCode": "014",
"ropBankCode": "014",
"bankAccount": "0682031638",
"bankAccountName": "BAGUS ANDI SAPUTRA",
"ewalletNo": "085785446889",
"ewalletType": "GOPAY",
"ewalletName": "BAGUS ANDI SAPUTRA",
"additionalInfo": {
"selfPurchaseFlag": 1
,
			"dealsCode": ""
}
},
"beneficiary": [{
"seqNo": "1",
"mobileNo": "0895342989725",
"name": "HERLIN AGUSTINA",
"famrel": 4,
"gender": "F",
"birthDate": "20020826",
"percentage": 100,
"email": "herlinagustina@gmail.com"
}
]
}
