114.5.208.61 https://bucketlistplan.co.id/prepurchase?view=finish 17:50:56 2019-10-05

Content JSON:
{
"personalData": {
"fullName": "",
    "birthDate": "", 
"birthPlace": "",
"emailAddress": "",
"mobilePhone": "",
"homePhone": "",
"lineAddress1": "",
"lineAddress2": "",
"cityAddress": "",
"postalCode": ,
"sameMailing": "",
"mailingLineAddress1": "",
"mailingLineAddress2": "",
"mailingCityAddress": "",
"mailingpostalCode": ,
"gender": "",
"jobType": "",
"identityType": 1,
"identityNumber": "",
"incomeSource": "",
"additionalProperties": {
"jobDetail": {
"uraianPekerjaan": "",
"namaLembaga": "",
"bidangUsaha": ""
}
}
},
"purchase": {
"productId": 2,
"referenceCode": "FeryRefRefreferral",
"productCode": "B.101",
"parentProductId": 2,
"tenor": 12,
"paymentMethod": "301",
"paymentType": 2,
"up": 50000000,
"agrementDisclaimer": 701,
"premium": 600000,
"autoDebet": "Y",
"purchaseDate": "20191005175052",
"bankCode": "014",
"ropBankCode": "014",
"bankAccount": "18923718237198379137",
"bankAccountName": "Fery",
"additionalInfo": {
"selfPurchaseFlag": 1
}
},
"beneficiary": [
]
}
