10.1.1.33 https://bucketlistplan.co.id/prepurchase?view=finish 10:00:57 2019-11-06

Content JSON:
{
"personalData": {
"fullName": "Princess",
    "birthDate": "19911121", 
"birthPlace": "Luar negri",
"emailAddress": "cessaarmaida01@gmail.com",
"mobilePhone": "02164948477",
"homePhone": "021028181011",
"lineAddress1": "Khayangan",
"lineAddress2": "Langit",
"cityAddress": "Luar negri",
"postalCode": 12737,
"sameMailing": "1",
"mailingLineAddress1": "Khayangan",
"mailingLineAddress2": "Langit",
"mailingCityAddress": "Luar negri",
"mailingpostalCode": 12737,
"gender": "F",
"jobType": "job10",
"identityType": 1,
"identityNumber": "3124678767948481",
"incomeSource": "shu",
"additionalProperties": {
"jobDetail": {
"uraianPekerjaan": "",
"namaLembaga": "",
"bidangUsaha": ""
}
}
},
"purchase": {
"productId": 1,
"referenceCode": "403",
"productCode": "B.101",
"parentProductId": 1,
"tenor": 12,
"paymentMethod": "301",
"paymentType": 2,
"up": 50000000,
"agrementDisclaimer": 701,
"premium": 1200000,
"autoDebet": "Y",
"purchaseDate": "20191106100056",
"bankCode": "009",
"ropBankCode": "009",
"bankAccount": "1376794676773",
"bankAccountName": "Princess ",
"additionalInfo": {
"selfPurchaseFlag": 1
}
},
"beneficiary": [{
"seqNo": "1",
"mobileNo": "021020205",
"name": "Queen",
"famrel": 1,
"gender": "F",
"birthDate": "19621108",
"percentage": 100,
"email": "queen@gmai.co"
}
]
}
10.1.1.33 https://bucketlistplan.co.id/prepurchase?view=finish 10:07:19 2019-11-06

Content JSON:
{
"personalData": {
"fullName": "Princess",
    "birthDate": "19911121", 
"birthPlace": "Luar negri",
"emailAddress": "cessaarmaida01@gmail.com",
"mobilePhone": "02164948477",
"homePhone": "021028181011",
"lineAddress1": "Khayangan",
"lineAddress2": "Langit",
"cityAddress": "Luar negri",
"postalCode": 12737,
"sameMailing": "1",
"mailingLineAddress1": "Khayangan",
"mailingLineAddress2": "Langit",
"mailingCityAddress": "Luar negri",
"mailingpostalCode": 12737,
"gender": "F",
"jobType": "job10",
"identityType": 1,
"identityNumber": "3124678767948481",
"incomeSource": "shu",
"additionalProperties": {
"jobDetail": {
"uraianPekerjaan": "",
"namaLembaga": "",
"bidangUsaha": ""
}
}
},
"purchase": {
"productId": 1,
"referenceCode": "403",
"productCode": "B.101",
"parentProductId": 1,
"tenor": 12,
"paymentMethod": "301",
"paymentType": 2,
"up": 50000000,
"agrementDisclaimer": 701,
"premium": 1200000,
"autoDebet": "Y",
"purchaseDate": "20191106100718",
"bankCode": "009",
"ropBankCode": "009",
"bankAccount": "1376794676773",
"bankAccountName": "Princess ",
"additionalInfo": {
"selfPurchaseFlag": 1
}
},
"beneficiary": [{
"seqNo": "1",
"mobileNo": "021020205",
"name": "Queen",
"famrel": 1,
"gender": "F",
"birthDate": "19621108",
"percentage": 100,
"email": "queen@gmai.co"
}
]
}
182.23.25.179 https://www.koreaversikamu.co.id/prepurchase?view=finish 16:45:45 2019-11-06

Content JSON:
{
"personalData": {
"fullName": "MUHIDIN",
    "birthDate": "19871022", 
"birthPlace": "bogor",
"emailAddress": "adinrafael87@gmail.com",
"mobilePhone": "089997194443",
"homePhone": "02517559118",
"lineAddress1": "KP. DUREN BARU RT. 03 RW. 07",
"lineAddress2": "KEL. SUSUKAN KEC. BOJONG GEDE",
"cityAddress": "",
"postalCode": 16320,
"sameMailing": "0",
"mailingLineAddress1": "PT. HANWHALIFE JL. PAJAJARAN NO 84 RUKO J ",
"mailingLineAddress2": "KEL. BARANANGSIANG KEC. BOGOR TIMUR",
"mailingCityAddress": "",
"mailingpostalCode": 16143,
"gender": "M",
"jobType": "job8",
"identityType": 1,
"identityNumber": "3201132210870004",
"incomeSource": "slr",
"additionalProperties": {
"jobDetail": {
"uraianPekerjaan": "",
"namaLembaga": "HANWHALIFE INSURANCE ",
"bidangUsaha": "ASURANSI "
}
}
},
"purchase": {
"productId": 3,
"referenceCode": "91603947",
"productCode": "B.101",
"parentProductId": 3,
"tenor": 36,
"paymentMethod": "301",
"paymentType": 2,
"up": 50000000,
"agrementDisclaimer": 701,
"premium": 400000,
"autoDebet": "Y",
"purchaseDate": "20191106164544",
"bankCode": "009",
"ropBankCode": "009",
"bankAccount": "0392723942",
"bankAccountName": "MUHIDIN",
"additionalInfo": {
"selfPurchaseFlag": 1
}
},
"beneficiary": [{
"seqNo": "1",
"mobileNo": "08997194443",
"name": "EVIYANI ",
"famrel": 2,
"gender": "F",
"birthDate": "20020101",
"percentage": 100,
"email": "adinrafel87@gmail.com"
}
]
}
