120.188.84.41 https://bucketlistplan.co.id/prepurchase?view=finish 16:27:09 2019-12-06

Content JSON:
{
"personalData": {
"fullName": "Yohanes Saputra",
    "birthDate": "19870123", 
"birthPlace": "Surabaya",
"emailAddress": "yohanes.saputra77133@gmail.com",
"mobilePhone": "087833690451",
"homePhone": "0243520748",
"lineAddress1": "Jl.Gebang Anom No.5 , Kel Sarirejo",
"lineAddress2": "RT.003 RW 001, Kel Sarirejo",
"cityAddress": "",
"postalCode": 50124,
"sameMailing": "0",
"mailingLineAddress1": "Jl. Gang Bubudan No.49-51 Semarang 50124",
"mailingLineAddress2": "RT.004 RW 001, Kel Sarirejo",
"mailingCityAddress": "Semarang",
"mailingpostalCode": 50124,
"gender": "M",
"jobType": "Job19",
"identityType": 1,
"identityNumber": "3374022301870001",
"incomeSource": "Shu",
"additionalProperties": {
"jobDetail": {
"uraianPekerjaan": "",
"namaLembaga": "wiraswasta",
				"bidangUsaha": "transportasi "
			},
			"dealsCode": "LYD",
			"maritalStatus": "N"
		}
    },

"purchase": {
"productId": 1,
"referenceCode": "71909946",
"productCode": "B.101",
"parentProductId": 1,
"tenor": 12,
"paymentMethod": "301",
"paymentType": 2,
"up": 50000000,
"agrementDisclaimer": 701,
"premium": 1200000,
"autoDebet": "Y",
"purchaseDate": "20191206162708",
"bankCode": "002",
"ropBankCode": "002",
"bankAccount": "008301026246539",
"bankAccountName": "Yohanes Saputra",
"additionalInfo": {
"selfPurchaseFlag": 1
,
			"dealsCode": "LYD"
}
},
"beneficiary": [{
"seqNo": "1",
"mobileNo": "08174188830",
"name": "Jeremia",
"famrel": 4,
"gender": "F",
"birthDate": "19830607",
"percentage": 100,
"email": "miajeremia@yahoo.com"
}
]
}
36.72.217.60 https://bucketlistplan.co.id/prepurchase?view=finish 17:30:00 2019-12-06

Content JSON:
{
"personalData": {
"fullName": "Laniwati",
    "birthDate": "19650728", 
"birthPlace": "Jepara",
"emailAddress": "sara.sekarini88@gmail.com",
"mobilePhone": "081219430102",
"homePhone": "0215520288",
"lineAddress1": "Perumahan Natura Residence D/17 -I",
"lineAddress2": "RT 005 /RW 004, Kel Pabuaran, Karawaci",
"cityAddress": "Tangerang",
"postalCode": 15114,
"sameMailing": "1",
"mailingLineAddress1": "Perumahan Natura Residence D/17 -I",
"mailingLineAddress2": "RT 005 /RW 004, Kel Pabuaran, Karawaci",
"mailingCityAddress": "Tangerang",
"mailingpostalCode": 15114,
"gender": "",
"jobType": "Job15",
"identityType": 1,
"identityNumber": "3671076807650001",
"incomeSource": "Incoth",
"additionalProperties": {
"jobDetail": {
"uraianPekerjaan": "",
"namaLembaga": "",
				"bidangUsaha": " "
			},
			"dealsCode": "LYD",
			"maritalStatus": "Y"
		}
    },

"purchase": {
"productId": 1,
"referenceCode": "71909946",
"productCode": "B.101",
"parentProductId": 1,
"tenor": 12,
"paymentMethod": "301",
"paymentType": 2,
"up": 50000000,
"agrementDisclaimer": 701,
"premium": 1200000,
"autoDebet": "Y",
"purchaseDate": "20191206172959",
"bankCode": "014",
"ropBankCode": "014",
"bankAccount": "4212406906",
"bankAccountName": "Sara Ayu Sekarini",
"additionalInfo": {
"selfPurchaseFlag": 1
,
			"dealsCode": "LYD"
}
},
"beneficiary": [{
"seqNo": "1",
"mobileNo": "087809674896",
"name": "Sara Ayu Sekarini",
"famrel": 1,
"gender": "F",
"birthDate": "19880826",
"percentage": 100,
"email": "norbertuskrisnu@gmail.com"
}
]
}
36.72.217.60 https://bucketlistplan.co.id/prepurchase?view=finish 18:28:11 2019-12-06

Content JSON:
{
"personalData": {
"fullName": "Yohanes Saputra",
    "birthDate": "19870123", 
"birthPlace": "Surabaya",
"emailAddress": "yohanes.saputra77133@gmail.com",
"mobilePhone": "087833690451",
"homePhone": "0243520748",
"lineAddress1": "Jl. Gebang Anom No.5",
"lineAddress2": "RT.003 RW 001 Kel Sarirejo",
"cityAddress": "",
"postalCode": 50124,
"sameMailing": "0",
"mailingLineAddress1": "Jl.Gang Bbudan 49-51",
"mailingLineAddress2": "RT 004 RW 001 Kel Sarirejo",
"mailingCityAddress": "Semarang",
"mailingpostalCode": 50124,
"gender": "M",
"jobType": "Job19",
"identityType": 1,
"identityNumber": "3374022301870001",
"incomeSource": "Shu",
"additionalProperties": {
"jobDetail": {
"uraianPekerjaan": "",
"namaLembaga": "wiraswasta",
				"bidangUsaha": "transportasi "
			},
			"dealsCode": "LYD",
			"maritalStatus": "N"
		}
    },

"purchase": {
"productId": 1,
"referenceCode": "71909946",
"productCode": "B.101",
"parentProductId": 1,
"tenor": 12,
"paymentMethod": "301",
"paymentType": 2,
"up": 50000000,
"agrementDisclaimer": 701,
"premium": 1200000,
"autoDebet": "Y",
"purchaseDate": "20191206182809",
"bankCode": "002",
"ropBankCode": "002",
"bankAccount": "008301026246539",
"bankAccountName": "Yohanes Saputra",
"additionalInfo": {
"selfPurchaseFlag": 1
,
			"dealsCode": "LYD"
}
},
"beneficiary": [{
"seqNo": "1",
"mobileNo": "08174188830",
"name": "Jeremia",
"famrel": 4,
"gender": "F",
"birthDate": "19830607",
"percentage": 100,
"email": "miajeremia@yahoo.com"
}
]
}
