139.255.185.91 https://bucketlistplan.co.id/prepurchase?view=finish 21:49:01 2019-10-06

Content JSON:
{
"personalData": {
"fullName": "Fery",
    "birthDate": "19591006", 
"birthPlace": "Tangerang",
"emailAddress": "fery@dorado.id",
"mobilePhone": "123123712893",
"homePhone": "183713218973",
"lineAddress1": "Jakarta",
"lineAddress2": "Jakarta",
"cityAddress": "Jakarta",
"postalCode": 12312,
"sameMailing": "1",
"mailingLineAddress1": "Jakarta",
"mailingLineAddress2": "Jakarta",
"mailingCityAddress": "Jakarta",
"mailingpostalCode": 12312,
"gender": "M",
"jobType": "job13",
"identityType": 1,
"identityNumber": "8127318923718937",
"incomeSource": "shu",
"additionalProperties": {
"jobDetail": {
"uraianPekerjaan": "",
"namaLembaga": "",
"bidangUsaha": ""
}
}
},
"purchase": {
"productId": 2,
"referenceCode": "19AF3II7",
"productCode": "B.101",
"parentProductId": 2,
"tenor": 12,
"paymentMethod": "301",
"paymentType": 2,
"up": 50000000,
"agrementDisclaimer": 701,
"premium": 600000,
"autoDebet": "Y",
"purchaseDate": "20191006214846",
"bankCode": "013",
"ropBankCode": "013",
"bankAccount": "19837184718924718924",
"bankAccountName": "feryasdjaeqwhe3i1",
"additionalInfo": {
"selfPurchaseFlag": 1
}
},
"beneficiary": [{
"seqNo": "1",
"mobileNo": "123123813182",
"name": "Fery test",
"famrel": 4,
"gender": "M",
"birthDate": "19611022",
"percentage": 100,
"email": "fery@dorado.id"
}
]
}
139.255.185.91 https://bucketlistplan.co.id/prepurchase?view=finish 21:51:28 2019-10-06

Content JSON:
{
"personalData": {
"fullName": "Fery",
    "birthDate": "19591006", 
"birthPlace": "Tangerang",
"emailAddress": "fery@dorado.id",
"mobilePhone": "123123712893",
"homePhone": "183713218973",
"lineAddress1": "Jakarta",
"lineAddress2": "Jakarta",
"cityAddress": "Jakarta",
"postalCode": 12312,
"sameMailing": "1",
"mailingLineAddress1": "Jakarta",
"mailingLineAddress2": "Jakarta",
"mailingCityAddress": "Jakarta",
"mailingpostalCode": 12312,
"gender": "M",
"jobType": "job13",
"identityType": 1,
"identityNumber": "8127318923718937",
"incomeSource": "shu",
"additionalProperties": {
"jobDetail": {
"uraianPekerjaan": "",
"namaLembaga": "",
"bidangUsaha": ""
}
}
},
"purchase": {
"productId": 2,
"referenceCode": "19AF3II7",
"productCode": "B.101",
"parentProductId": 2,
"tenor": 12,
"paymentMethod": "301",
"paymentType": 2,
"up": 50000000,
"agrementDisclaimer": 701,
"premium": 600000,
"autoDebet": "Y",
"purchaseDate": "20191006215113",
"bankCode": "013",
"ropBankCode": "013",
"bankAccount": "19837184718924718924",
"bankAccountName": "feryasdjaeqwhe3i1",
"additionalInfo": {
"selfPurchaseFlag": 1
}
},
"beneficiary": [{
"seqNo": "1",
"mobileNo": "123123813182",
"name": "Fery test",
"famrel": 4,
"gender": "M",
"birthDate": "19611022",
"percentage": 100,
"email": "fery@dorado.id"
}
]
}
139.255.185.91 https://bucketlistplan.co.id/prepurchase?view=finish 22:00:56 2019-10-06

Content JSON:
{
"personalData": {
"fullName": "Fery",
    "birthDate": "19561017", 
"birthPlace": "Jakarta",
"emailAddress": "fery@dorado.id",
"mobilePhone": "123817239172",
"homePhone": "128381937189",
"lineAddress1": "Jakarta",
"lineAddress2": "Jakarta",
"cityAddress": "Jakarta",
"postalCode": 12903,
"sameMailing": "1",
"mailingLineAddress1": "Jakarta",
"mailingLineAddress2": "Jakarta",
"mailingCityAddress": "Jakarta",
"mailingpostalCode": 12903,
"gender": "M",
"jobType": "job12",
"identityType": 1,
"identityNumber": "1289371371983971",
"incomeSource": "inv",
"additionalProperties": {
"jobDetail": {
"uraianPekerjaan": "",
"namaLembaga": "",
"bidangUsaha": ""
}
}
},
"purchase": {
"productId": 2,
"referenceCode": "19AF3II7",
"productCode": "B.101",
"parentProductId": 2,
"tenor": 12,
"paymentMethod": "301",
"paymentType": 2,
"up": 50000000,
"agrementDisclaimer": 701,
"premium": 600000,
"autoDebet": "Y",
"purchaseDate": "20191006220039",
"bankCode": "014",
"ropBankCode": "014",
"bankAccount": "09123123812908319208",
"bankAccountName": "Fery",
"additionalInfo": {
"selfPurchaseFlag": 1
}
},
"beneficiary": [{
"seqNo": "1",
"mobileNo": "189237198273",
"name": "Fery",
"famrel": 4,
"gender": "M",
"birthDate": "19601018",
"percentage": 100,
"email": "fery@dorado.id"
}
]
}
