203.78.116.161 https://bucketlistplan.co.id/purchase/prepurchase?view=finish 07:06:20 2021-04-07

Content JSON:
{
"personalData": {
"fullName": "Fanny franciska",
    "birthDate": "19860727", 
"birthPlace": "Medan",
"emailAddress": "fannyfranciska@gmail.com",
"mobilePhone": "08116075208",
"homePhone": "08116075208",
"lineAddress1": "Villa gading mas blok k no. 1",
"lineAddress2": "Villa gading mas blok k no. 1",
"cityAddress": "",
"postalCode": 20147,
"sameMailing": "1",
"mailingLineAddress1": "Villa gading mas blok k no. 1",
"mailingLineAddress2": "Villa gading mas blok k no. 1",
"mailingCityAddress": "",
"mailingpostalCode": 20147,
"gender": "F",
"jobType": "Job8",
"identityType": 1,
"identityNumber": "1271166707860001",
"incomeSource": "Slr",
"additionalProperties": {
"jobDetail": {
"uraianPekerjaan": "",
"namaLembaga": "Wisma benteng",
				"bidangUsaha": "Restoran "
			},
			"maritalStatus": "Y"
		}
    },"policyHolder":{
"fullName": "Fanny franciska",
    "birthDate": "19860727", 
"birthPlace": "Medan",
"emailAddress": "fannyfranciska@gmail.com",
"mobilePhone": "08116075208",
"homePhone": "08116075208",
"lineAddress1": "Villa gading mas blok k no. 1",
"lineAddress2": "Villa gading mas blok k no. 1",
"cityAddress": "",
"postalCode": 20147,
"sameMailing": "1",
"mailingLineAddress1": "Villa gading mas blok k no. 1",
"mailingLineAddress2": "Villa gading mas blok k no. 1",
"mailingCityAddress": "",
"mailingpostalCode": 20147,
"gender": "F",
"jobType": "Job8",
"identityType": 1,
"identityNumber": "1271166707860001",
"incomeSource": "Slr",
"additionalProperties": {
"jobDetail": {
"uraianPekerjaan": "",
"namaLembaga": "Wisma benteng",
				"bidangUsaha": "Restoran "
			},
			"maritalStatus": "Y"
		}
},

"purchase": {
"productId": 1,
"referenceCode": "92012391",
"productCode": "B.101",
"parentProductId": 1,
"tenor": 12,
"paymentMethod": "301",
"paymentType": 2,
"up": 50000000,
"agrementDisclaimer": 701,
"premium": 1200000,
"autoDebet": "Y",
"purchaseDate": "20210407070619",
"bankCode": "014",
"ropBankCode": "014",
"bankAccount": "0221861158",
"bankAccountName": "Fanny franciska",
"additionalInfo": {
"selfPurchaseFlag": 1
,
			"dealsCode": ""
}
},
"beneficiary": [{
"seqNo": "1",
"mobileNo": "0811631629",
"name": "Atlas tata surya",
"famrel": 2,
"gender": "M",
"birthDate": "19870127",
"percentage": 100,
"email": "atlastatasurya@gmail.com"
}
]
}
203.78.116.161 https://bucketlistplan.co.id/purchase/prepurchase?view=finish 07:07:23 2021-04-07

Content JSON:
{
"personalData": {
"fullName": "Fanny franciska",
    "birthDate": "19860727", 
"birthPlace": "Medan",
"emailAddress": "fannyfranciska@gmail.com",
"mobilePhone": "08116075208",
"homePhone": "08116075208",
"lineAddress1": "Villa gading mas blok k no. 1",
"lineAddress2": "Villa gading mas blok k no. 1",
"cityAddress": "",
"postalCode": 20147,
"sameMailing": "1",
"mailingLineAddress1": "Villa gading mas blok k no. 1",
"mailingLineAddress2": "Villa gading mas blok k no. 1",
"mailingCityAddress": "",
"mailingpostalCode": 20147,
"gender": "F",
"jobType": "Job8",
"identityType": 1,
"identityNumber": "1271166707860001",
"incomeSource": "Slr",
"additionalProperties": {
"jobDetail": {
"uraianPekerjaan": "",
"namaLembaga": "Wisma benteng",
				"bidangUsaha": "Restoran "
			},
			"maritalStatus": "Y"
		}
    },"policyHolder":{
"fullName": "Fanny franciska",
    "birthDate": "19860727", 
"birthPlace": "Medan",
"emailAddress": "fannyfranciska@gmail.com",
"mobilePhone": "08116075208",
"homePhone": "08116075208",
"lineAddress1": "Villa gading mas blok k no. 1",
"lineAddress2": "Villa gading mas blok k no. 1",
"cityAddress": "",
"postalCode": 20147,
"sameMailing": "1",
"mailingLineAddress1": "Villa gading mas blok k no. 1",
"mailingLineAddress2": "Villa gading mas blok k no. 1",
"mailingCityAddress": "",
"mailingpostalCode": 20147,
"gender": "F",
"jobType": "Job8",
"identityType": 1,
"identityNumber": "1271166707860001",
"incomeSource": "Slr",
"additionalProperties": {
"jobDetail": {
"uraianPekerjaan": "",
"namaLembaga": "Wisma benteng",
				"bidangUsaha": "Restoran "
			},
			"maritalStatus": "Y"
		}
},

"purchase": {
"productId": 1,
"referenceCode": "92012391",
"productCode": "B.101",
"parentProductId": 1,
"tenor": 12,
"paymentMethod": "301",
"paymentType": 2,
"up": 50000000,
"agrementDisclaimer": 701,
"premium": 1200000,
"autoDebet": "Y",
"purchaseDate": "20210407070723",
"bankCode": "014",
"ropBankCode": "014",
"bankAccount": "0221861158",
"bankAccountName": "Fanny franciska",
"additionalInfo": {
"selfPurchaseFlag": 1
,
			"dealsCode": ""
}
},
"beneficiary": [{
"seqNo": "1",
"mobileNo": "0811631629",
"name": "Atlas tata surya",
"famrel": 2,
"gender": "M",
"birthDate": "19870127",
"percentage": 100,
"email": "atlastatasurya@gmail.com"
}
]
}
