114.122.13.242 https://bucketlistplan.co.id/purchase/prepurchase?view=finish 17:03:47 2023-10-08

Content JSON:
{
"personalData": {
"fullName": "IRWAN CHANDRA",
    "birthDate": "19830208", 
"birthPlace": "Medan",
"emailAddress": "ahuatahuat1983@gmail.com",
"mobilePhone": "085275491919",
"homePhone": "085275491919",
"lineAddress1": "Jl selam I no 48",
"lineAddress2": "Idem",
"cityAddress": "",
"postalCode": 20216,
"sameMailing": "1",
"mailingLineAddress1": "Jl selam I no 48",
"mailingLineAddress2": "Idem",
"mailingCityAddress": "",
"mailingpostalCode": 20216,
"gender": "M",
"jobType": "Job13",
"identityType": 1,
"identityNumber": "1271040802830001",
"incomeSource": "Shu",
"additionalProperties": {
"jobDetail": {
"uraianPekerjaan": "",
"namaLembaga": "",
				"bidangUsaha": " "
			},
			"maritalStatus": "Y"
		}
    },"policyHolder":{
"fullName": "IRWAN CHANDRA",
    "birthDate": "19830208", 
"birthPlace": "Medan",
"emailAddress": "ahuatahuat1983@gmail.com",
"mobilePhone": "085275491919",
"homePhone": "085275491919",
"lineAddress1": "Jl selam I no 48",
"lineAddress2": "Idem",
"cityAddress": "",
"postalCode": 20216,
"sameMailing": "1",
"mailingLineAddress1": "Jl selam I no 48",
"mailingLineAddress2": "Idem",
"mailingCityAddress": "",
"mailingpostalCode": 20216,
"gender": "M",
"jobType": "Job13",
"identityType": 1,
"identityNumber": "1271040802830001",
"incomeSource": "Shu",
"additionalProperties": {
"jobDetail": {
"uraianPekerjaan": "",
"namaLembaga": "",
				"bidangUsaha": " "
			},
			"maritalStatus": "Y"
		}
},

"purchase": {
"productId": 4,
"referenceCode": "72210842",
"productCode": "B.101",
"parentProductId": 4,
"tenor": 12,
"paymentMethod": "301",
"paymentType": 2,
"up": 100000000,
"agrementDisclaimer": 701,
"premium": 1800000,
"autoDebet": "Y",
"purchaseDate": "20231008170346",
"bankCode": "008",
"ropBankCode": "008",
"bankAccount": "1060010834367",
"bankAccountName": "IRWAN CHANDRA",
"ewalletNo": "085275491919",
"ewalletType": "OVO",
"ewalletName": "Irwan Chandra",
"additionalInfo": {
"selfPurchaseFlag": 1
,
			"dealsCode": ""
}
},
"beneficiary": [{
"seqNo": "1",
"mobileNo": "08126336655",
"name": "Lina",
"famrel": 2,
"gender": "F",
"birthDate": "19830831",
"percentage": 100,
"email": "ahuatahuat1983@gmail.com"
}
]
}
