182.23.25.179 https://koreaversikamu.co.id/prepurchase?view=finish 14:53:41 2019-11-08

Content JSON:
{
"personalData": {
"fullName": "DENNY ANDARTO",
    "birthDate": "19950202", 
"birthPlace": "BOGOR",
"emailAddress": "dennyandarto2@gmail.com",
"mobilePhone": "087770616361",
"homePhone": "02518328842",
"lineAddress1": "CILUAR ASRI BLOK A 6 NO.16  RT. 02 RW. 09",
"lineAddress2": "KEL. CILUAR KEC. BOGOR KOTA",
"cityAddress": "",
"postalCode": 16413,
"sameMailing": "0",
"mailingLineAddress1": "JL PAJAJARAN NO. 84 RUKO J",
"mailingLineAddress2": "KEL. BARANANGSIANG KEC. BOGOR TIMUR",
"mailingCityAddress": "",
"mailingpostalCode": 16143,
"gender": "M",
"jobType": "job19",
"identityType": 1,
"identityNumber": "3271051002950005",
"incomeSource": "shu",
"additionalProperties": {
"jobDetail": {
"uraianPekerjaan": "",
"namaLembaga": "-",
"bidangUsaha": "PENJUALAN"
}
}
},
"purchase": {
"productId": 3,
"referenceCode": "91603407",
"productCode": "B.101",
"parentProductId": 3,
"tenor": 36,
"paymentMethod": "301",
"paymentType": 2,
"up": 50000000,
"agrementDisclaimer": 701,
"premium": 400000,
"autoDebet": "Y",
"purchaseDate": "20191108145341",
"bankCode": "014",
"ropBankCode": "014",
"bankAccount": "8410402549",
"bankAccountName": "denny andarto ",
"additionalInfo": {
"selfPurchaseFlag": 1
}
},
"beneficiary": [{
"seqNo": "1",
"mobileNo": "087770616361",
"name": "AFGA ADILMA",
"famrel": 4,
"gender": "F",
"birthDate": "20030126",
"percentage": 100,
"email": "dennyandarto2@gmail.com"
}
]
}
182.23.25.179 https://koreaversikamu.co.id/prepurchase?view=finish 15:24:36 2019-11-08

Content JSON:
{
"personalData": {
"fullName": "EVIYANI",
    "birthDate": "19941023", 
"birthPlace": "bogor",
"emailAddress": "ditaselvia08@gmail.com",
"mobilePhone": "089606446015",
"homePhone": "02518328842",
"lineAddress1": "KP. DUREN BARU RT.03 RW.7",
"lineAddress2": "KEL. SUSUKAN KEC. BOJONG GEDE",
"cityAddress": "",
"postalCode": 16320,
"sameMailing": "0",
"mailingLineAddress1": "jl pajajaran no 84",
"mailingLineAddress2": "kel. baranangsiang kec. bogor timur",
"mailingCityAddress": "",
"mailingpostalCode": 16413,
"gender": "F",
"jobType": "job19",
"identityType": 1,
"identityNumber": "3276076310940002",
"incomeSource": "shu",
"additionalProperties": {
"jobDetail": {
"uraianPekerjaan": "",
"namaLembaga": "-",
"bidangUsaha": "jual makanan "
}
}
},
"purchase": {
"productId": 3,
"referenceCode": "91603407",
"productCode": "B.101",
"parentProductId": 3,
"tenor": 36,
"paymentMethod": "301",
"paymentType": 2,
"up": 50000000,
"agrementDisclaimer": 701,
"premium": 400000,
"autoDebet": "Y",
"purchaseDate": "20191108152435",
"bankCode": "014",
"ropBankCode": "014",
"bankAccount": "7380587330",
"bankAccountName": "EVIYANI",
"additionalInfo": {
"selfPurchaseFlag": 1
}
},
"beneficiary": [{
"seqNo": "1",
"mobileNo": "08997194443",
"name": "MUHIDIN",
"famrel": 2,
"gender": "M",
"birthDate": "19831022",
"percentage": 100,
"email": "ditaselvia88@gmail.com"
}
]
}
