111.94.58.241 https://koreaversikamu.co.id/purchase/prepurchase?view=finish 21:02:49 2022-11-08

Content JSON:
{
"personalData": {
"fullName": "fasfaf",
    "birthDate": "19631009", 
"birthPlace": "waf",
"emailAddress": "requli@robot-mail.com",
"mobilePhone": "084848494610",
"homePhone": "06019110251",
"lineAddress1": "fawf",
"lineAddress2": "fawf",
"cityAddress": "",
"postalCode": 17123,
"sameMailing": "1",
"mailingLineAddress1": "fawf",
"mailingLineAddress2": "fawf",
"mailingCityAddress": "",
"mailingpostalCode": 17123,
"gender": "M",
"jobType": "Job23",
"identityType": 1,
"identityNumber": "1964985412109109",
"incomeSource": "Inv",
"additionalProperties": {
"jobDetail": {
"uraianPekerjaan": "fwas",
"namaLembaga": "fwa",
				"bidangUsaha": "faw "
			},
			"maritalStatus": "Y"
		}
    },"policyHolder":{
"fullName": "fasfaf",
    "birthDate": "19631009", 
"birthPlace": "waf",
"emailAddress": "requli@robot-mail.com",
"mobilePhone": "084848494610",
"homePhone": "06019110251",
"lineAddress1": "fawf",
"lineAddress2": "fawf",
"cityAddress": "",
"postalCode": 17123,
"sameMailing": "1",
"mailingLineAddress1": "fawf",
"mailingLineAddress2": "fawf",
"mailingCityAddress": "",
"mailingpostalCode": 17123,
"gender": "M",
"jobType": "Job23",
"identityType": 1,
"identityNumber": "1964985412109109",
"incomeSource": "Inv",
"additionalProperties": {
"jobDetail": {
"uraianPekerjaan": "fwas",
"namaLembaga": "fwa",
				"bidangUsaha": "faw "
			},
			"maritalStatus": "Y"
		}
},

"purchase": {
"productId": 1,
"referenceCode": "",
"productCode": "B.101",
"parentProductId": 1,
"tenor": 12,
"paymentMethod": "301",
"paymentType": 2,
"up": 50000000,
"agrementDisclaimer": 701,
"premium": 1200000,
"autoDebet": "Y",
"purchaseDate": "20221108210248",
"bankCode": """,
"ropBankCode": """,
"bankAccount": "05061561030",
"bankAccountName": "af",
"additionalInfo": {
"selfPurchaseFlag": 1
,
			"dealsCode": ""
}
},
"beneficiary": [{
"seqNo": "1",
"mobileNo": "084801951",
"name": "fa",
"famrel": 3,
"gender": "M",
"birthDate": "20051004",
"percentage": 100,
"email": "requli@robot-mail.com"
}
]
}
111.94.58.241 https://koreaversikamu.co.id/purchase/prepurchase?view=finish 21:03:39 2022-11-08

Content JSON:
{
"personalData": {
"fullName": "fasfaf",
    "birthDate": "19631009", 
"birthPlace": "waf",
"emailAddress": "requli@robot-mail.com",
"mobilePhone": "084848494610",
"homePhone": "06019110251",
"lineAddress1": "fawf",
"lineAddress2": "fawf",
"cityAddress": "",
"postalCode": 17123,
"sameMailing": "1",
"mailingLineAddress1": "fawf",
"mailingLineAddress2": "fawf",
"mailingCityAddress": "",
"mailingpostalCode": 17123,
"gender": "M",
"jobType": "Job23",
"identityType": 1,
"identityNumber": "1964985412109109",
"incomeSource": "Inv",
"additionalProperties": {
"jobDetail": {
"uraianPekerjaan": "fwas",
"namaLembaga": "fwa",
				"bidangUsaha": "faw "
			},
			"maritalStatus": "Y"
		}
    },"policyHolder":{
"fullName": "fasfaf",
    "birthDate": "19631009", 
"birthPlace": "waf",
"emailAddress": "requli@robot-mail.com",
"mobilePhone": "084848494610",
"homePhone": "06019110251",
"lineAddress1": "fawf",
"lineAddress2": "fawf",
"cityAddress": "",
"postalCode": 17123,
"sameMailing": "1",
"mailingLineAddress1": "fawf",
"mailingLineAddress2": "fawf",
"mailingCityAddress": "",
"mailingpostalCode": 17123,
"gender": "M",
"jobType": "Job23",
"identityType": 1,
"identityNumber": "1964985412109109",
"incomeSource": "Inv",
"additionalProperties": {
"jobDetail": {
"uraianPekerjaan": "fwas",
"namaLembaga": "fwa",
				"bidangUsaha": "faw "
			},
			"maritalStatus": "Y"
		}
},

"purchase": {
"productId": 1,
"referenceCode": "",
"productCode": "B.101",
"parentProductId": 1,
"tenor": 12,
"paymentMethod": "301",
"paymentType": 2,
"up": 50000000,
"agrementDisclaimer": 701,
"premium": 1200000,
"autoDebet": "Y",
"purchaseDate": "20221108210338",
"bankCode": """,
"ropBankCode": """,
"bankAccount": "05061561030",
"bankAccountName": "af",
"additionalInfo": {
"selfPurchaseFlag": 1
,
			"dealsCode": ""
}
},
"beneficiary": [{
"seqNo": "1",
"mobileNo": "084801951",
"name": "fa",
"famrel": 3,
"gender": "M",
"birthDate": "20051004",
"percentage": 100,
"email": "requli@robot-mail.com"
}
]
}
