114.125.69.77 https://bucketlistplan.co.id/purchase/prepurchase?view=finish 08:40:38 2020-12-08

Content JSON:
{
"personalData": {
"fullName": "Dwi Sukronistiyo",
    "birthDate": "19920626", 
"birthPlace": "Surabaya",
"emailAddress": "dwisukronistyo.financial@gmail.com",
"mobilePhone": "085731173353",
"homePhone": "085731173353",
"lineAddress1": "Tambak Arum 4 nomor 9 ",
"lineAddress2": "Kec simokerto",
"cityAddress": "",
"postalCode": 60142,
"sameMailing": "1",
"mailingLineAddress1": "Tambak Arum 4 nomor 9 ",
"mailingLineAddress2": "Kec simokerto",
"mailingCityAddress": "",
"mailingpostalCode": 60142,
"gender": "M",
"jobType": "Job19",
"identityType": 1,
"identityNumber": "3578172606920005",
"incomeSource": "Shu",
"additionalProperties": {
"jobDetail": {
"uraianPekerjaan": "",
"namaLembaga": "Tizhie tour travel",
				"bidangUsaha": "Travel "
			},
			"maritalStatus": "N"
		}
    },"policyHolder":{
"fullName": "Dwi Sukronistiyo",
    "birthDate": "19920626", 
"birthPlace": "Surabaya",
"emailAddress": "dwisukronistyo.financial@gmail.com",
"mobilePhone": "085731173353",
"homePhone": "085731173353",
"lineAddress1": "Tambak Arum 4 nomor 9 ",
"lineAddress2": "Kec simokerto",
"cityAddress": "",
"postalCode": 60142,
"sameMailing": "1",
"mailingLineAddress1": "Tambak Arum 4 nomor 9 ",
"mailingLineAddress2": "Kec simokerto",
"mailingCityAddress": "",
"mailingpostalCode": 60142,
"gender": "M",
"jobType": "Job19",
"identityType": 1,
"identityNumber": "3578172606920005",
"incomeSource": "Shu",
"additionalProperties": {
"jobDetail": {
"uraianPekerjaan": "",
"namaLembaga": "Tizhie tour travel",
				"bidangUsaha": "Travel "
			},
			"maritalStatus": "N"
		}
},

"purchase": {
"productId": 8,
"referenceCode": "92011518",
"productCode": "B.101",
"parentProductId": 8,
"tenor": 12,
"paymentMethod": "301",
"paymentType": 2,
"up": 25000000,
"agrementDisclaimer": 701,
"premium": 750000,
"autoDebet": "Y",
"purchaseDate": "20201208084037",
"bankCode": "008",
"ropBankCode": "008",
"bankAccount": "1400026069279",
"bankAccountName": "Dwi sukronistiyo",
"additionalInfo": {
"selfPurchaseFlag": 1
,
			"dealsCode": "BLPCB100"
}
},
"beneficiary": [{
"seqNo": "1",
"mobileNo": "089601542220",
"name": "Sri aoemini",
"famrel": 1,
"gender": "F",
"birthDate": "19660712",
"percentage": 100,
"email": "dwisukronistyo.financial@gmail.com"
}
]
}
