180.247.72.230 https://www.bucketlistplan.co.id/prepurchase?view=finish 07:29:03 2020-08-09

Content JSON:
{
"personalData": {
"fullName": "Kristalin andayu",
    "birthDate": "19910714", 
"birthPlace": "Surabaya",
"emailAddress": "crystalline.ca@gmail.com",
"mobilePhone": "081339880631",
"homePhone": "081252661152",
"lineAddress1": "Jl kedurus 4 no 3 surabaya",
"lineAddress2": "Jl sidogolong rt 13 sidoarjo",
"cityAddress": "",
"postalCode": 60223,
"sameMailing": "1",
"mailingLineAddress1": "Jl kedurus 4 no 3 surabaya",
"mailingLineAddress2": "Jl sidogolong rt 13 sidoarjo",
"mailingCityAddress": "",
"mailingpostalCode": 60223,
"gender": "F",
"jobType": "Job8",
"identityType": 1,
"identityNumber": "3578015407910006",
"incomeSource": "Slr",
"additionalProperties": {
"jobDetail": {
"uraianPekerjaan": "",
"namaLembaga": "PT Pelangi",
				"bidangUsaha": "Outsourching "
			},
			"maritalStatus": "N"
		}
    },"policyHolder":{
"fullName": "Kristalin andayu",
    "birthDate": "19910714", 
"birthPlace": "Surabaya",
"emailAddress": "crystalline.ca@gmail.com",
"mobilePhone": "081339880631",
"homePhone": "081252661152",
"lineAddress1": "Jl kedurus 4 no 3 surabaya",
"lineAddress2": "Jl sidogolong rt 13 sidoarjo",
"cityAddress": "",
"postalCode": 60223,
"sameMailing": "1",
"mailingLineAddress1": "Jl kedurus 4 no 3 surabaya",
"mailingLineAddress2": "Jl sidogolong rt 13 sidoarjo",
"mailingCityAddress": "",
"mailingpostalCode": 60223,
"gender": "F",
"jobType": "Job8",
"identityType": 1,
"identityNumber": "3578015407910006",
"incomeSource": "Slr",
"additionalProperties": {
"jobDetail": {
"uraianPekerjaan": "",
"namaLembaga": "PT Pelangi",
				"bidangUsaha": "Outsourching "
			},
			"maritalStatus": "N"
		}
},

"purchase": {
"productId": 10,
"referenceCode": "",
"productCode": "B.101",
"parentProductId": 10,
"tenor": 36,
"paymentMethod": "301",
"paymentType": 2,
"up": 25000000,
"agrementDisclaimer": 701,
"premium": 250000,
"autoDebet": "Y",
"purchaseDate": "20200809072903",
"bankCode": "014",
"ropBankCode": "014",
"bankAccount": "7680532529",
"bankAccountName": "Kristalin andayu",
"additionalInfo": {
"selfPurchaseFlag": 1
,
			"dealsCode": ""
}
},
"beneficiary": [{
"seqNo": "1",
"mobileNo": "085784691390",
"name": "Prima Agyl Pasa Dewa",
"famrel": 2,
"gender": "M",
"birthDate": "19921007",
"percentage": 100,
"email": "primaagyl9@gmail.com"
}
]
}
