114.125.27.254 https://www.bucketlistplan.co.id/prepurchase?view=finish 11:28:11 2020-08-10

Content JSON:
{
"personalData": {
"fullName": "Evawaty",
    "birthDate": "19900220", 
"birthPlace": "Medan",
"emailAddress": "huisiangeva@gmail.com",
"mobilePhone": "085270038599",
"homePhone": "085270038599",
"lineAddress1": "Jl.BZ.Katamso Gg.Kopi No:23B",
"lineAddress2": "Jl.BZ.Katamso Gg.Kopi No:23B",
"cityAddress": "Medan",
"postalCode": 20158,
"sameMailing": "1",
"mailingLineAddress1": "Jl.BZ.Katamso Gg.Kopi No:23B",
"mailingLineAddress2": "Jl.BZ.Katamso Gg.Kopi No:23B",
"mailingCityAddress": "Medan",
"mailingpostalCode": 20158,
"gender": "F",
"jobType": "Job8",
"identityType": 1,
"identityNumber": "1271156002900003",
"incomeSource": "Slr",
"additionalProperties": {
"jobDetail": {
"uraianPekerjaan": "",
"namaLembaga": "Apotik agung",
				"bidangUsaha": "Apotik "
			},
			"maritalStatus": "Y"
		}
    },"policyHolder":{
"fullName": "Evawaty",
    "birthDate": "19900220", 
"birthPlace": "Medan",
"emailAddress": "huisiangeva@gmail.com",
"mobilePhone": "085270038599",
"homePhone": "085270038599",
"lineAddress1": "Jl.BZ.Katamso Gg.Kopi No:23B",
"lineAddress2": "Jl.BZ.Katamso Gg.Kopi No:23B",
"cityAddress": "Medan",
"postalCode": 20158,
"sameMailing": "1",
"mailingLineAddress1": "Jl.BZ.Katamso Gg.Kopi No:23B",
"mailingLineAddress2": "Jl.BZ.Katamso Gg.Kopi No:23B",
"mailingCityAddress": "Medan",
"mailingpostalCode": 20158,
"gender": "F",
"jobType": "Job8",
"identityType": 1,
"identityNumber": "1271156002900003",
"incomeSource": "Slr",
"additionalProperties": {
"jobDetail": {
"uraianPekerjaan": "",
"namaLembaga": "Apotik agung",
				"bidangUsaha": "Apotik "
			},
			"maritalStatus": "Y"
		}
},

"purchase": {
"productId": 4,
"referenceCode": "91708165",
"productCode": "B.101",
"parentProductId": 4,
"tenor": 12,
"paymentMethod": "301",
"paymentType": 2,
"up": 100000000,
"agrementDisclaimer": 701,
"premium": 1800000,
"autoDebet": "Y",
"purchaseDate": "20200810112810",
"bankCode": "011",
"ropBankCode": "011",
"bankAccount": "033625487420",
"bankAccountName": "Evawaty",
"additionalInfo": {
"selfPurchaseFlag": 1
,
			"dealsCode": ""
}
},
"beneficiary": [{
"seqNo": "1",
"mobileNo": "085270038599",
"name": "Darren Marcello Tan",
"famrel": 3,
"gender": "M",
"birthDate": "20180506",
"percentage": 100,
"email": "huisiangeva@gmail.com"
}
]
}
180.242.234.189 https://koreaversikamu.co.id/prepurchase?view=finish 13:37:10 2020-08-10

Content JSON:
{
"personalData": {
"fullName": "PENNY FATIKASARI",
    "birthDate": "19950411", 
"birthPlace": "Singkawang",
"emailAddress": "pennyfatikasari@gmail.com",
"mobilePhone": "085752909209",
"homePhone": "08987168220",
"lineAddress1": "JL.MANGGIS GG.MANGGIS 1, ROBAN, SINGKAWANG TENGAH",
"lineAddress2": "JL. VETERAN RT 037/ RW 005, ROBAN, SINGKAWANG TENGAH",
"cityAddress": "Singkawang",
"postalCode": 79112,
"sameMailing": "1",
"mailingLineAddress1": "JL.MANGGIS GG.MANGGIS 1, ROBAN, SINGKAWANG TENGAH",
"mailingLineAddress2": "JL. VETERAN RT 037/ RW 005, ROBAN, SINGKAWANG TENGAH",
"mailingCityAddress": "Singkawang",
"mailingpostalCode": 79112,
"gender": "F",
"jobType": "Job8",
"identityType": 1,
"identityNumber": "6172015104950003",
"incomeSource": "Slr",
"additionalProperties": {
"jobDetail": {
"uraianPekerjaan": "",
"namaLembaga": "PT.BANK RAKYAT INDONESIA (Persero) Tbk",
				"bidangUsaha": "PERBANKAN "
			},
			"maritalStatus": "N"
		}
    },"policyHolder":{
"fullName": "PENNY FATIKASARI",
    "birthDate": "19950411", 
"birthPlace": "Singkawang",
"emailAddress": "pennyfatikasari@gmail.com",
"mobilePhone": "085752909209",
"homePhone": "08987168220",
"lineAddress1": "JL.MANGGIS GG.MANGGIS 1, ROBAN, SINGKAWANG TENGAH",
"lineAddress2": "JL. VETERAN RT 037/ RW 005, ROBAN, SINGKAWANG TENGAH",
"cityAddress": "Singkawang",
"postalCode": 79112,
"sameMailing": "1",
"mailingLineAddress1": "JL.MANGGIS GG.MANGGIS 1, ROBAN, SINGKAWANG TENGAH",
"mailingLineAddress2": "JL. VETERAN RT 037/ RW 005, ROBAN, SINGKAWANG TENGAH",
"mailingCityAddress": "Singkawang",
"mailingpostalCode": 79112,
"gender": "F",
"jobType": "Job8",
"identityType": 1,
"identityNumber": "6172015104950003",
"incomeSource": "Slr",
"additionalProperties": {
"jobDetail": {
"uraianPekerjaan": "",
"namaLembaga": "PT.BANK RAKYAT INDONESIA (Persero) Tbk",
				"bidangUsaha": "PERBANKAN "
			},
			"maritalStatus": "N"
		}
},

"purchase": {
"productId": 2,
"referenceCode": "000349",
"productCode": "B.101",
"parentProductId": 2,
"tenor": 24,
"paymentMethod": "301",
"paymentType": 2,
"up": 50000000,
"agrementDisclaimer": 701,
"premium": 600000,
"autoDebet": "Y",
"purchaseDate": "20200810133710",
"bankCode": "014",
"ropBankCode": "014",
"bankAccount": "8171113709",
"bankAccountName": "PENNY FATIKASARI8",
"additionalInfo": {
"selfPurchaseFlag": 1
,
			"dealsCode": ""
}
},
"beneficiary": [{
"seqNo": "1",
"mobileNo": "085752083839",
"name": "RAYSA PRAMANA",
"famrel": 4,
"gender": "M",
"birthDate": "20020308",
"percentage": 100,
"email": "raysapramana08@gmail.com"
}
]
}
116.206.13.95 https://www.bucketlistplan.co.id/prepurchase?view=finish 14:01:03 2020-08-10

Content JSON:
{
"personalData": {
"fullName": "Christine Limandibrata",
    "birthDate": "19591120", 
"birthPlace": "Jakarta",
"emailAddress": "christine.limandibrata@yahoo.com",
"mobilePhone": "087780023331",
"homePhone": "0216335989",
"lineAddress1": "Jl Gajah Mada, GG Buntu, No 7B",
"lineAddress2": "RT 002/ 008, Krukut, Taman Sari",
"cityAddress": "Jakarta",
"postalCode": 11140,
"sameMailing": "1",
"mailingLineAddress1": "Jl Gajah Mada, GG Buntu, No 7B",
"mailingLineAddress2": "RT 002/ 008, Krukut, Taman Sari",
"mailingCityAddress": "Jakarta",
"mailingpostalCode": 11140,
"gender": "F",
"jobType": "Job8",
"identityType": 1,
"identityNumber": "3173036011590004",
"incomeSource": "Slr",
"additionalProperties": {
"jobDetail": {
"uraianPekerjaan": "",
"namaLembaga": "PT Hanwha Life Indonesia",
				"bidangUsaha": "Asuransi "
			},
			"maritalStatus": "Y"
		}
    },"policyHolder":{
"fullName": "Christine Limandibrata",
    "birthDate": "19591120", 
"birthPlace": "Jakarta",
"emailAddress": "christine.limandibrata@yahoo.com",
"mobilePhone": "087780023331",
"homePhone": "0216335989",
"lineAddress1": "Jl Gajah Mada, GG Buntu, No 7B",
"lineAddress2": "RT 002/ 008, Krukut, Taman Sari",
"cityAddress": "Jakarta",
"postalCode": 11140,
"sameMailing": "1",
"mailingLineAddress1": "Jl Gajah Mada, GG Buntu, No 7B",
"mailingLineAddress2": "RT 002/ 008, Krukut, Taman Sari",
"mailingCityAddress": "Jakarta",
"mailingpostalCode": 11140,
"gender": "F",
"jobType": "Job8",
"identityType": 1,
"identityNumber": "3173036011590004",
"incomeSource": "Slr",
"additionalProperties": {
"jobDetail": {
"uraianPekerjaan": "",
"namaLembaga": "PT Hanwha Life Indonesia",
				"bidangUsaha": "Asuransi "
			},
			"maritalStatus": "Y"
		}
},

"purchase": {
"productId": 4,
"referenceCode": "91909915",
"productCode": "B.101",
"parentProductId": 4,
"tenor": 12,
"paymentMethod": "301",
"paymentType": 2,
"up": 100000000,
"agrementDisclaimer": 701,
"premium": 1800000,
"autoDebet": "Y",
"purchaseDate": "20200810140103",
"bankCode": "014",
"ropBankCode": "014",
"bankAccount": "5870034891",
"bankAccountName": "Christine Limandibrata",
"additionalInfo": {
"selfPurchaseFlag": 1
,
			"dealsCode": ""
}
},
"beneficiary": [{
"seqNo": "1",
"mobileNo": "081380752726",
"name": "Wimam",
"famrel": 3,
"gender": "M",
"birthDate": "19840912",
"percentage": 100,
"email": "wimam.limandibrata@danone.com"
}
]
}
180.247.72.230 https://www.bucketlistplan.co.id/prepurchase?view=finish 15:13:27 2020-08-10

Content JSON:
{
"personalData": {
"fullName": "Kristalin andayu",
    "birthDate": "19910714", 
"birthPlace": "Surabaya",
"emailAddress": "crystalline.ca@gmail.com",
"mobilePhone": "081339880631",
"homePhone": "081252661152",
"lineAddress1": "Jl kedurus 4 no 3 rt 11 rw 3 surabaya",
"lineAddress2": "Jl kedurus 4 no 3 rt 11 rw 3 surabaya",
"cityAddress": "Surabaya",
"postalCode": 60223,
"sameMailing": "1",
"mailingLineAddress1": "Jl kedurus 4 no 3 rt 11 rw 3 surabaya",
"mailingLineAddress2": "Jl kedurus 4 no 3 rt 11 rw 3 surabaya",
"mailingCityAddress": "Surabaya",
"mailingpostalCode": 60223,
"gender": "F",
"jobType": "Job8",
"identityType": 1,
"identityNumber": "3578015407910006",
"incomeSource": "Slr",
"additionalProperties": {
"jobDetail": {
"uraianPekerjaan": "",
"namaLembaga": "Pt. Hanwha life insurance",
				"bidangUsaha": "Jasa asuransi "
			},
			"maritalStatus": "Y"
		}
    },"policyHolder":{
"fullName": "Kristalin andayu",
    "birthDate": "19910714", 
"birthPlace": "Surabaya",
"emailAddress": "crystalline.ca@gmail.com",
"mobilePhone": "081339880631",
"homePhone": "081252661152",
"lineAddress1": "Jl kedurus 4 no 3 rt 11 rw 3 surabaya",
"lineAddress2": "Jl kedurus 4 no 3 rt 11 rw 3 surabaya",
"cityAddress": "Surabaya",
"postalCode": 60223,
"sameMailing": "1",
"mailingLineAddress1": "Jl kedurus 4 no 3 rt 11 rw 3 surabaya",
"mailingLineAddress2": "Jl kedurus 4 no 3 rt 11 rw 3 surabaya",
"mailingCityAddress": "Surabaya",
"mailingpostalCode": 60223,
"gender": "F",
"jobType": "Job8",
"identityType": 1,
"identityNumber": "3578015407910006",
"incomeSource": "Slr",
"additionalProperties": {
"jobDetail": {
"uraianPekerjaan": "",
"namaLembaga": "Pt. Hanwha life insurance",
				"bidangUsaha": "Jasa asuransi "
			},
			"maritalStatus": "Y"
		}
},

"purchase": {
"productId": 10,
"referenceCode": "92011827",
"productCode": "B.101",
"parentProductId": 10,
"tenor": 36,
"paymentMethod": "301",
"paymentType": 2,
"up": 25000000,
"agrementDisclaimer": 701,
"premium": 250000,
"autoDebet": "Y",
"purchaseDate": "20200810151327",
"bankCode": "014",
"ropBankCode": "014",
"bankAccount": "7680532529",
"bankAccountName": "Kristalin andayu",
"additionalInfo": {
"selfPurchaseFlag": 1
,
			"dealsCode": ""
}
},
"beneficiary": [{
"seqNo": "1",
"mobileNo": "085784691390",
"name": "Prima agyl pasa dewa",
"famrel": 2,
"gender": "M",
"birthDate": "19921007",
"percentage": 100,
"email": "primaagyl9@gmail.com"
}
]
}
180.247.72.230 https://www.bucketlistplan.co.id/prepurchase?view=finish 15:16:11 2020-08-10

Content JSON:
{
"personalData": {
"fullName": "Kristalin andayu",
    "birthDate": "19910714", 
"birthPlace": "Surabaya",
"emailAddress": "crystalline.ca@gmail.com",
"mobilePhone": "081339880631",
"homePhone": "081252661152",
"lineAddress1": "Jl kedurus 4 no 3 rt 11 rw 3 surabaya",
"lineAddress2": "Jl kedurus 4 no 3 rt 11 rw 3 surabaya",
"cityAddress": "Surabaya",
"postalCode": 60223,
"sameMailing": "1",
"mailingLineAddress1": "Jl kedurus 4 no 3 rt 11 rw 3 surabaya",
"mailingLineAddress2": "Jl kedurus 4 no 3 rt 11 rw 3 surabaya",
"mailingCityAddress": "Surabaya",
"mailingpostalCode": 60223,
"gender": "F",
"jobType": "Job8",
"identityType": 1,
"identityNumber": "3578015407910006",
"incomeSource": "Slr",
"additionalProperties": {
"jobDetail": {
"uraianPekerjaan": "",
"namaLembaga": "Pt hanwha life insurance",
				"bidangUsaha": "Jasa asuransi "
			},
			"maritalStatus": "Y"
		}
    },"policyHolder":{
"fullName": "Kristalin andayu",
    "birthDate": "19910714", 
"birthPlace": "Surabaya",
"emailAddress": "crystalline.ca@gmail.com",
"mobilePhone": "081339880631",
"homePhone": "081252661152",
"lineAddress1": "Jl kedurus 4 no 3 rt 11 rw 3 surabaya",
"lineAddress2": "Jl kedurus 4 no 3 rt 11 rw 3 surabaya",
"cityAddress": "Surabaya",
"postalCode": 60223,
"sameMailing": "1",
"mailingLineAddress1": "Jl kedurus 4 no 3 rt 11 rw 3 surabaya",
"mailingLineAddress2": "Jl kedurus 4 no 3 rt 11 rw 3 surabaya",
"mailingCityAddress": "Surabaya",
"mailingpostalCode": 60223,
"gender": "F",
"jobType": "Job8",
"identityType": 1,
"identityNumber": "3578015407910006",
"incomeSource": "Slr",
"additionalProperties": {
"jobDetail": {
"uraianPekerjaan": "",
"namaLembaga": "Pt hanwha life insurance",
				"bidangUsaha": "Jasa asuransi "
			},
			"maritalStatus": "Y"
		}
},

"purchase": {
"productId": 10,
"referenceCode": "92011827",
"productCode": "B.101",
"parentProductId": 10,
"tenor": 36,
"paymentMethod": "301",
"paymentType": 2,
"up": 25000000,
"agrementDisclaimer": 701,
"premium": 250000,
"autoDebet": "Y",
"purchaseDate": "20200810151611",
"bankCode": "014",
"ropBankCode": "014",
"bankAccount": "7680532529",
"bankAccountName": "Kristalin andayu",
"additionalInfo": {
"selfPurchaseFlag": 1
,
			"dealsCode": ""
}
},
"beneficiary": [{
"seqNo": "1",
"mobileNo": "085784691390",
"name": "Prima agyl pasa dewa",
"famrel": 2,
"gender": "M",
"birthDate": "19921007",
"percentage": 100,
"email": "primaagyl9@gmail.com"
}
]
}
36.74.22.115 https://www.bucketlistplan.co.id/prepurchase?view=finish 19:09:13 2020-08-10

Content JSON:
{
"personalData": {
"fullName": "Kristalin andayu",
    "birthDate": "19910714", 
"birthPlace": "Surabaya",
"emailAddress": "crystalline.ca@gmail.com",
"mobilePhone": "081339880631",
"homePhone": "081252661152",
"lineAddress1": "Jl kedurus 4 no 3 ",
"lineAddress2": "Jl kedurus 4 no 3",
"cityAddress": "Surabaya",
"postalCode": 60223,
"sameMailing": "1",
"mailingLineAddress1": "Jl kedurus 4 no 3 ",
"mailingLineAddress2": "Jl kedurus 4 no 3",
"mailingCityAddress": "Surabaya",
"mailingpostalCode": 60223,
"gender": "F",
"jobType": "Job8",
"identityType": 1,
"identityNumber": "3578015407910006",
"incomeSource": "Slr",
"additionalProperties": {
"jobDetail": {
"uraianPekerjaan": "",
"namaLembaga": "Pt hanwha life insurance",
				"bidangUsaha": "Jasa asuransi "
			},
			"maritalStatus": "Y"
		}
    },"policyHolder":{
"fullName": "Kristalin andayu",
    "birthDate": "19910714", 
"birthPlace": "Surabaya",
"emailAddress": "crystalline.ca@gmail.com",
"mobilePhone": "081339880631",
"homePhone": "081252661152",
"lineAddress1": "Jl kedurus 4 no 3 ",
"lineAddress2": "Jl kedurus 4 no 3",
"cityAddress": "Surabaya",
"postalCode": 60223,
"sameMailing": "1",
"mailingLineAddress1": "Jl kedurus 4 no 3 ",
"mailingLineAddress2": "Jl kedurus 4 no 3",
"mailingCityAddress": "Surabaya",
"mailingpostalCode": 60223,
"gender": "F",
"jobType": "Job8",
"identityType": 1,
"identityNumber": "3578015407910006",
"incomeSource": "Slr",
"additionalProperties": {
"jobDetail": {
"uraianPekerjaan": "",
"namaLembaga": "Pt hanwha life insurance",
				"bidangUsaha": "Jasa asuransi "
			},
			"maritalStatus": "Y"
		}
},

"purchase": {
"productId": 10,
"referenceCode": "92011827",
"productCode": "B.101",
"parentProductId": 10,
"tenor": 36,
"paymentMethod": "301",
"paymentType": 2,
"up": 25000000,
"agrementDisclaimer": 701,
"premium": 250000,
"autoDebet": "Y",
"purchaseDate": "20200810190913",
"bankCode": "014",
"ropBankCode": "014",
"bankAccount": "7680532529",
"bankAccountName": "Kristalin andayu",
"additionalInfo": {
"selfPurchaseFlag": 1
,
			"dealsCode": ""
}
},
"beneficiary": [{
"seqNo": "1",
"mobileNo": "085784691390",
"name": "Prima agyl pasa dewa",
"famrel": 2,
"gender": "M",
"birthDate": "19921008",
"percentage": 100,
"email": "primaagyl9@gmail.com"
}
]
}
36.74.22.115 https://www.bucketlistplan.co.id/prepurchase?view=finish 19:23:53 2020-08-10

Content JSON:
{
"personalData": {
"fullName": "Kristalin andayu",
    "birthDate": "19910714", 
"birthPlace": "Surabaya",
"emailAddress": "crystalline.ca@gmail.com",
"mobilePhone": "081339880631",
"homePhone": "081252661152",
"lineAddress1": "Jl kedurus 4 no 3 ",
"lineAddress2": "Jl kedurus 4 no 3",
"cityAddress": "Surabaya",
"postalCode": 60223,
"sameMailing": "1",
"mailingLineAddress1": "Jl kedurus 4 no 3 ",
"mailingLineAddress2": "Jl kedurus 4 no 3",
"mailingCityAddress": "Surabaya",
"mailingpostalCode": 60223,
"gender": "F",
"jobType": "Job8",
"identityType": 1,
"identityNumber": "3578015407910006",
"incomeSource": "Slr",
"additionalProperties": {
"jobDetail": {
"uraianPekerjaan": "",
"namaLembaga": "Pt hanwha life insurance",
				"bidangUsaha": "Jasa asuransi "
			},
			"maritalStatus": "Y"
		}
    },"policyHolder":{
"fullName": "Kristalin andayu",
    "birthDate": "19910714", 
"birthPlace": "Surabaya",
"emailAddress": "crystalline.ca@gmail.com",
"mobilePhone": "081339880631",
"homePhone": "081252661152",
"lineAddress1": "Jl kedurus 4 no 3 ",
"lineAddress2": "Jl kedurus 4 no 3",
"cityAddress": "Surabaya",
"postalCode": 60223,
"sameMailing": "1",
"mailingLineAddress1": "Jl kedurus 4 no 3 ",
"mailingLineAddress2": "Jl kedurus 4 no 3",
"mailingCityAddress": "Surabaya",
"mailingpostalCode": 60223,
"gender": "F",
"jobType": "Job8",
"identityType": 1,
"identityNumber": "3578015407910006",
"incomeSource": "Slr",
"additionalProperties": {
"jobDetail": {
"uraianPekerjaan": "",
"namaLembaga": "Pt hanwha life insurance",
				"bidangUsaha": "Jasa asuransi "
			},
			"maritalStatus": "Y"
		}
},

"purchase": {
"productId": 10,
"referenceCode": "92011827",
"productCode": "B.101",
"parentProductId": 10,
"tenor": 36,
"paymentMethod": "301",
"paymentType": 2,
"up": 25000000,
"agrementDisclaimer": 701,
"premium": 250000,
"autoDebet": "Y",
"purchaseDate": "20200810192353",
"bankCode": "014",
"ropBankCode": "014",
"bankAccount": "7680532529",
"bankAccountName": "Kristalin andayu",
"additionalInfo": {
"selfPurchaseFlag": 1
,
			"dealsCode": ""
}
},
"beneficiary": [{
"seqNo": "1",
"mobileNo": "085784691390",
"name": "Prima agyl pasa dewa",
"famrel": 2,
"gender": "M",
"birthDate": "19921008",
"percentage": 100,
"email": "primaagyl9@gmail.com"
}
]
}
