140.213.9.70 https://bucketlistplan.co.id/purchase/prepurchase?view=finish 09:13:58 2021-05-10

Content JSON:
{
"personalData": {
"fullName": "Sanny",
    "birthDate": "19880330", 
"birthPlace": "Medan",
"emailAddress": "sanny_wi88@yahoo.com",
"mobilePhone": "08126007393",
"homePhone": "08126007393",
"lineAddress1": "Jl Punak No.23 A Medan",
"lineAddress2": "Sekip, Medan Petisah",
"cityAddress": "Medan",
"postalCode": 20113,
"sameMailing": "1",
"mailingLineAddress1": "Jl Punak No.23 A Medan",
"mailingLineAddress2": "Sekip, Medan Petisah",
"mailingCityAddress": "Medan",
"mailingpostalCode": 20113,
"gender": "F",
"jobType": "Job8",
"identityType": 1,
"identityNumber": "1271017003880001",
"incomeSource": "Slr",
"additionalProperties": {
"jobDetail": {
"uraianPekerjaan": "",
"namaLembaga": "Manulife",
				"bidangUsaha": "Asuransi "
			},
			"maritalStatus": "N"
		}
    },"policyHolder":{
"fullName": "Sanny",
    "birthDate": "19880330", 
"birthPlace": "Medan",
"emailAddress": "sanny_wi88@yahoo.com",
"mobilePhone": "08126007393",
"homePhone": "08126007393",
"lineAddress1": "Jl Punak No.23 A Medan",
"lineAddress2": "Sekip, Medan Petisah",
"cityAddress": "Medan",
"postalCode": 20113,
"sameMailing": "1",
"mailingLineAddress1": "Jl Punak No.23 A Medan",
"mailingLineAddress2": "Sekip, Medan Petisah",
"mailingCityAddress": "Medan",
"mailingpostalCode": 20113,
"gender": "F",
"jobType": "Job8",
"identityType": 1,
"identityNumber": "1271017003880001",
"incomeSource": "Slr",
"additionalProperties": {
"jobDetail": {
"uraianPekerjaan": "",
"namaLembaga": "Manulife",
				"bidangUsaha": "Asuransi "
			},
			"maritalStatus": "N"
		}
},

"purchase": {
"productId": 1,
"referenceCode": "91708165",
"productCode": "B.101",
"parentProductId": 1,
"tenor": 12,
"paymentMethod": "301",
"paymentType": 2,
"up": 50000000,
"agrementDisclaimer": 701,
"premium": 1200000,
"autoDebet": "Y",
"purchaseDate": "20210510091356",
"bankCode": "014",
"ropBankCode": "014",
"bankAccount": "8005085558",
"bankAccountName": "Sanny",
"additionalInfo": {
"selfPurchaseFlag": 1
,
			"dealsCode": ""
}
},
"beneficiary": [{
"seqNo": "1",
"mobileNo": "09126007393",
"name": "Adiguna Wijaya",
"famrel": 4,
"gender": "M",
"birthDate": "19770823",
"percentage": 100,
"email": "sanny_wi88@yahoo.com"
}
]
}
