120.188.65.47 https://bucketlistplan.co.id/purchase/prepurchase?view=finish 11:01:53 2022-05-11

Content JSON:
{
"personalData": {
"fullName": "Maulana Yusuf",
    "birthDate": "19940820", 
"birthPlace": "Jakarta",
"emailAddress": "maulana.ysf288@gmail.com",
"mobilePhone": "085776908550",
"homePhone": "02187988586",
"lineAddress1": "Griyayasa Lestari Blok E4a no.4 rt03 rw021 Bojonggede kab Bogor",
"lineAddress2": "Bogor",
"cityAddress": "Bogor",
"postalCode": 16922,
"sameMailing": "1",
"mailingLineAddress1": "Griyayasa Lestari Blok E4a no.4 rt03 rw021 Bojonggede kab Bogor",
"mailingLineAddress2": "Bogor",
"mailingCityAddress": "Bogor",
"mailingpostalCode": 16922,
"gender": "M",
"jobType": "Job8",
"identityType": 1,
"identityNumber": "3201132008940005",
"incomeSource": "Slr",
"additionalProperties": {
"jobDetail": {
"uraianPekerjaan": "",
"namaLembaga": "Hanwha life ",
				"bidangUsaha": "asuransi "
			},
			"maritalStatus": "N"
		}
    },"policyHolder":{
"fullName": "Maulana Yusuf",
    "birthDate": "19940820", 
"birthPlace": "Jakarta",
"emailAddress": "maulana.ysf288@gmail.com",
"mobilePhone": "085776908550",
"homePhone": "02187988586",
"lineAddress1": "Griyayasa Lestari Blok E4a no.4 rt03 rw021 Bojonggede kab Bogor",
"lineAddress2": "Bogor",
"cityAddress": "Bogor",
"postalCode": 16922,
"sameMailing": "1",
"mailingLineAddress1": "Griyayasa Lestari Blok E4a no.4 rt03 rw021 Bojonggede kab Bogor",
"mailingLineAddress2": "Bogor",
"mailingCityAddress": "Bogor",
"mailingpostalCode": 16922,
"gender": "M",
"jobType": "Job8",
"identityType": 1,
"identityNumber": "3201132008940005",
"incomeSource": "Slr",
"additionalProperties": {
"jobDetail": {
"uraianPekerjaan": "",
"namaLembaga": "Hanwha life ",
				"bidangUsaha": "asuransi "
			},
			"maritalStatus": "N"
		}
},

"purchase": {
"productId": 8,
"referenceCode": "00000553",
"productCode": "B.101",
"parentProductId": 8,
"tenor": 12,
"paymentMethod": "301",
"paymentType": 2,
"up": 25000000,
"agrementDisclaimer": 701,
"premium": 750000,
"autoDebet": "Y",
"purchaseDate": "20220511110152",
"bankCode": "014",
"ropBankCode": "014",
"bankAccount": "1671205028",
"bankAccountName": "Maulana Yusuf",
"additionalInfo": {
"selfPurchaseFlag": 1
,
			"dealsCode": ""
}
},
"beneficiary": [{
"seqNo": "1",
"mobileNo": "+628129076004",
"name": "Isnu Wiratna",
"famrel": 1,
"gender": "M",
"birthDate": "19600909",
"percentage": 50,
"email": "maulana.ysf88@gmail.com"
},{
"seqNo": "2",
"mobileNo": "085776908550",
"name": "Masturah",
"famrel": 1,
"gender": "F",
"birthDate": "19620526",
"percentage": 50,
"email": "maulana.ysf288@gmail.com"
}
]
}
