103.37.229.133 https://koreaversikamu.co.id/prepurchase?view=finish 08:18:01 2020-02-11

Content JSON:
{
"personalData": {
"fullName": "sulina khomala",
    "birthDate": "19600319", 
"birthPlace": "Medan",
"emailAddress": "suilz588@yahoo.com",
"mobilePhone": "000",
"homePhone": "000",
"lineAddress1": "Jl. Timor Baru no. 12 DH/4K",
"lineAddress2": "Kel. Gg Buntu Kec. Medan Timur",
"cityAddress": "Medan",
"postalCode": 20231,
"sameMailing": "1",
"mailingLineAddress1": "Jl. Timor Baru no. 12 DH/4K",
"mailingLineAddress2": "Kel. Gg Buntu Kec. Medan Timur",
"mailingCityAddress": "Medan",
"mailingpostalCode": 20231,
"gender": "F",
"jobType": "Job10",
"identityType": 1,
"identityNumber": "1271205903600001",
"incomeSource": "Slr",
"additionalProperties": {
"jobDetail": {
"uraianPekerjaan": "",
"namaLembaga": "",
				"bidangUsaha": " "
			},
			"dealsCode": "",
			"maritalStatus": "Y"
		}
    },

"purchase": {
"productId": 4,
"referenceCode": "20VI3EDK",
"productCode": "B.101",
"parentProductId": 4,
"tenor": 12,
"paymentMethod": "301",
"paymentType": 2,
"up": 100000000,
"agrementDisclaimer": 701,
"premium": 1800000,
"autoDebet": "Y",
"purchaseDate": "20200211081800",
"bankCode": "013",
"ropBankCode": "013",
"bankAccount": "4109777388",
"bankAccountName": "Sulina Khomala",
"additionalInfo": {
"selfPurchaseFlag": 1
,
			"dealsCode": ""
}
},
"beneficiary": [{
"seqNo": "1",
"mobileNo": "000",
"name": "ekonardo pranoto",
"famrel": 3,
"gender": "M",
"birthDate": "19880325",
"percentage": 100,
"email": "suilz588@yahoo.com"
}
]
}
