10.1.1.33 https://koreaversikamu.co.id/prepurchase?view=finish 14:56:04 2019-11-11

Content JSON:
{
"personalData": {
"fullName": "Raizel Seo",
    "birthDate": "19951015", 
"birthPlace": "seoul",
"emailAddress": "raizelseo@gmial.com",
"mobilePhone": "085711548669",
"homePhone": "087888508850",
"lineAddress1": "cheongdamdong",
"lineAddress2": "seoul",
"cityAddress": "",
"postalCode": 44454,
"sameMailing": "1",
"mailingLineAddress1": "cheongdamdong",
"mailingLineAddress2": "seoul",
"mailingCityAddress": "",
"mailingpostalCode": 44454,
"gender": "M",
"jobType": "job21",
"identityType": 1,
"identityNumber": "3304050711880003",
"incomeSource": "slr",
"additionalProperties": {
"jobDetail": {
"uraianPekerjaan": "",
"namaLembaga": "",
"bidangUsaha": ""
}
}
},
"purchase": {
"productId": 1,
"referenceCode": "",
"productCode": "B.101",
"parentProductId": 1,
"tenor": 12,
"paymentMethod": "301",
"paymentType": 2,
"up": 50000000,
"agrementDisclaimer": 701,
"premium": 1200000,
"autoDebet": "Y",
"purchaseDate": "20191111145603",
"bankCode": "014",
"ropBankCode": "014",
"bankAccount": "3570335987",
"bankAccountName": "Nonni Fermani Ayuliati",
"additionalInfo": {
"selfPurchaseFlag": 1
}
},
"beneficiary": [{
"seqNo": "1",
"mobileNo": "00198765422",
"name": "John Seo",
"famrel": 1,
"gender": "M",
"birthDate": "19950309",
"percentage": 100,
"email": "johnseo@yahooo.com"
}
]
}
