114.5.102.254 https://www.koreaversikamu.co.id/prepurchase?view=finish 10:49:05 2020-08-12

Content JSON:
{
"personalData": {
"fullName": "Fitriya Dwi Erlina Sari",
    "birthDate": "19890507", 
"birthPlace": "Sidoarjo",
"emailAddress": "erlinavega1@gmail.com",
"mobilePhone": "087885689053",
"homePhone": "0",
"lineAddress1": "Jl wirabumi RT/RW 04/08 Kel/Kec Gedangan/Gedangan sidoarjo",
"lineAddress2": "Jl wirabumi RT/RW 04/08 Kel/Kec Gedangan/Gedangan sidoarjo",
"cityAddress": "",
"postalCode": 61288,
"sameMailing": "1",
"mailingLineAddress1": "Jl wirabumi RT/RW 04/08 Kel/Kec Gedangan/Gedangan sidoarjo",
"mailingLineAddress2": "Jl wirabumi RT/RW 04/08 Kel/Kec Gedangan/Gedangan sidoarjo",
"mailingCityAddress": "",
"mailingpostalCode": 61288,
"gender": "F",
"jobType": "Job19",
"identityType": 1,
"identityNumber": "3515164705890006",
"incomeSource": "Shu",
"additionalProperties": {
"jobDetail": {
"uraianPekerjaan": "",
"namaLembaga": "Online shop farrel ",
				"bidangUsaha": "Baju anak "
			},
			"maritalStatus": "Y"
		}
    },"policyHolder":{
"fullName": "Fitriya Dwi Erlina Sari",
    "birthDate": "19890507", 
"birthPlace": "Sidoarjo",
"emailAddress": "erlinavega1@gmail.com",
"mobilePhone": "087885689053",
"homePhone": "0",
"lineAddress1": "Jl wirabumi RT/RW 04/08 Kel/Kec Gedangan/Gedangan sidoarjo",
"lineAddress2": "Jl wirabumi RT/RW 04/08 Kel/Kec Gedangan/Gedangan sidoarjo",
"cityAddress": "",
"postalCode": 61288,
"sameMailing": "1",
"mailingLineAddress1": "Jl wirabumi RT/RW 04/08 Kel/Kec Gedangan/Gedangan sidoarjo",
"mailingLineAddress2": "Jl wirabumi RT/RW 04/08 Kel/Kec Gedangan/Gedangan sidoarjo",
"mailingCityAddress": "",
"mailingpostalCode": 61288,
"gender": "F",
"jobType": "Job19",
"identityType": 1,
"identityNumber": "3515164705890006",
"incomeSource": "Shu",
"additionalProperties": {
"jobDetail": {
"uraianPekerjaan": "",
"namaLembaga": "Online shop farrel ",
				"bidangUsaha": "Baju anak "
			},
			"maritalStatus": "Y"
		}
},

"purchase": {
"productId": 10,
"referenceCode": "92011547",
"productCode": "B.101",
"parentProductId": 10,
"tenor": 36,
"paymentMethod": "301",
"paymentType": 2,
"up": 25000000,
"agrementDisclaimer": 701,
"premium": 250000,
"autoDebet": "Y",
"purchaseDate": "20200812104904",
"bankCode": "014",
"ropBankCode": "014",
"bankAccount": "3251235625",
"bankAccountName": "Fitriya dwi erlina sari",
"additionalInfo": {
"selfPurchaseFlag": 1
,
			"dealsCode": ""
}
},
"beneficiary": [{
"seqNo": "1",
"mobileNo": "0",
"name": "Muhammad Farrel Atharizz calief",
"famrel": 1,
"gender": "M",
"birthDate": "20171117",
"percentage": 100,
"email": "erlinavegha1@gmail.com"
}
]
}
10.1.1.33 https://bucketlistplan.co.id/prepurchase?view=finish 11:49:23 2020-08-12

Content JSON:
{
"personalData": {
"fullName": "Wismoyo Adi Negoro",
    "birthDate": "19950328", 
"birthPlace": "Medan",
"emailAddress": "wadinegoro@yahoo.co.id",
"mobilePhone": "082166455188",
"homePhone": "02150816100",
"lineAddress1": "JL.LETKOL MARTINUS LUBIS 24-B",
"lineAddress2": " Kel PUSAT PASAR Kecamatan MEDAN KOTA",
"cityAddress": "",
"postalCode": 20212,
"sameMailing": "0",
"mailingLineAddress1": "Jl. KH. Royani 2 No. 26A, RT.04/RW.01, Karet Kuningan",
"mailingLineAddress2": "Setia Budi, Jakarta Selatan",
"mailingCityAddress": "Jakarta",
"mailingpostalCode": 12940,
"gender": "M",
"jobType": "Job8",
"identityType": 1,
"identityNumber": "1271012803950001",
"incomeSource": "Slr",
"additionalProperties": {
"jobDetail": {
"uraianPekerjaan": "",
"namaLembaga": "Hanwha Life Insurance Indonesia",
				"bidangUsaha": "Asuransi "
			},
			"maritalStatus": "N"
		}
    },"policyHolder":{
"fullName": "Wismoyo Adi Negoro",
    "birthDate": "19950328", 
"birthPlace": "Medan",
"emailAddress": "wadinegoro@yahoo.co.id",
"mobilePhone": "082166455188",
"homePhone": "02150816100",
"lineAddress1": "JL.LETKOL MARTINUS LUBIS 24-B",
"lineAddress2": " Kel PUSAT PASAR Kecamatan MEDAN KOTA",
"cityAddress": "",
"postalCode": 20212,
"sameMailing": "0",
"mailingLineAddress1": "Jl. KH. Royani 2 No. 26A, RT.04/RW.01, Karet Kuningan",
"mailingLineAddress2": "Setia Budi, Jakarta Selatan",
"mailingCityAddress": "Jakarta",
"mailingpostalCode": 12940,
"gender": "M",
"jobType": "Job8",
"identityType": 1,
"identityNumber": "1271012803950001",
"incomeSource": "Slr",
"additionalProperties": {
"jobDetail": {
"uraianPekerjaan": "",
"namaLembaga": "Hanwha Life Insurance Indonesia",
				"bidangUsaha": "Asuransi "
			},
			"maritalStatus": "N"
		}
},

"purchase": {
"productId": 4,
"referenceCode": "000506",
"productCode": "B.101",
"parentProductId": 4,
"tenor": 12,
"paymentMethod": "301",
"paymentType": 2,
"up": 100000000,
"agrementDisclaimer": 701,
"premium": 1800000,
"autoDebet": "Y",
"purchaseDate": "20200812114923",
"bankCode": "014",
"ropBankCode": "014",
"bankAccount": "7780313662",
"bankAccountName": "WISMOYO ADI NEGORO",
"additionalInfo": {
"selfPurchaseFlag": 1
,
			"dealsCode": ""
}
},
"beneficiary": [{
"seqNo": "1",
"mobileNo": "082368574832",
"name": "SUSILA DEWISE",
"famrel": 1,
"gender": "F",
"birthDate": "19670330",
"percentage": 100,
"email": "mardiani.permatasari@gmail.com"
}
]
}
223.255.230.35 https://www.bucketlistplan.co.id/prepurchase?view=finish 14:43:13 2020-08-12

Content JSON:
{
"personalData": {
"fullName": "Rahmania Karomatul Adha",
    "birthDate": "", 
"birthPlace": "Surabaya",
"emailAddress": "rahmaniaka@gmail.com",
"mobilePhone": "082132187626",
"homePhone": "082132187626",
"lineAddress1": "Kedung Rukem 4/51, RT 003/007",
"lineAddress2": "Kedungdoro, Tegalsari, Surabaya",
"cityAddress": "",
"postalCode": 60262,
"sameMailing": "1",
"mailingLineAddress1": "Kedung Rukem 4/51, RT 003/007",
"mailingLineAddress2": "Kedungdoro, Tegalsari, Surabaya",
"mailingCityAddress": "",
"mailingpostalCode": 60262,
"gender": "F",
"jobType": "Job8",
"identityType": 1,
"identityNumber": "3578056905950006",
"incomeSource": "Slr",
"additionalProperties": {
"jobDetail": {
"uraianPekerjaan": "",
"namaLembaga": "Keuangan ",
				"bidangUsaha": "Asuransi "
			},
			"maritalStatus": "N"
		}
    },"policyHolder":{
"fullName": "Rahmania Karomatul Adha",
    "birthDate": "", 
"birthPlace": "Surabaya",
"emailAddress": "rahmaniaka@gmail.com",
"mobilePhone": "082132187626",
"homePhone": "082132187626",
"lineAddress1": "Kedung Rukem 4/51, RT 003/007",
"lineAddress2": "Kedungdoro, Tegalsari, Surabaya",
"cityAddress": "",
"postalCode": 60262,
"sameMailing": "1",
"mailingLineAddress1": "Kedung Rukem 4/51, RT 003/007",
"mailingLineAddress2": "Kedungdoro, Tegalsari, Surabaya",
"mailingCityAddress": "",
"mailingpostalCode": 60262,
"gender": "F",
"jobType": "Job8",
"identityType": 1,
"identityNumber": "3578056905950006",
"incomeSource": "Slr",
"additionalProperties": {
"jobDetail": {
"uraianPekerjaan": "",
"namaLembaga": "Keuangan ",
				"bidangUsaha": "Asuransi "
			},
			"maritalStatus": "N"
		}
},

"purchase": {
"productId": 2,
"referenceCode": "92011547",
"productCode": "B.101",
"parentProductId": 2,
"tenor": 24,
"paymentMethod": "301",
"paymentType": 2,
"up": 50000000,
"agrementDisclaimer": 701,
"premium": 600000,
"autoDebet": "Y",
"purchaseDate": "20200812144312",
"bankCode": "014",
"ropBankCode": "014",
"bankAccount": "3631550396",
"bankAccountName": "Rahmania Karomatul Adha",
"additionalInfo": {
"selfPurchaseFlag": 1
,
			"dealsCode": ""
}
},
"beneficiary": [{
"seqNo": "1",
"mobileNo": "082132187626",
"name": "Ponadji",
"famrel": 1,
"gender": "M",
"birthDate": "19700509",
"percentage": 50,
"email": "rahmaniaka@gmail.com"
},{
"seqNo": "2",
"mobileNo": "082132187626",
"name": "Nunuk setia judi rachmawati",
"famrel": 1,
"gender": "F",
"birthDate": "19710925",
"percentage": 50,
"email": "rahmaniaka@gmail.com"
}
]
}
116.206.13.95 https://www.bucketlistplan.co.id/prepurchase?view=finish 15:00:56 2020-08-12

Content JSON:
{
"personalData": {
"fullName": "Rahmania Karomatul Adha",
    "birthDate": "19950529", 
"birthPlace": "Surabaya",
"emailAddress": "rahmaniaka@gmail.com",
"mobilePhone": "082132187626",
"homePhone": "082132187626",
"lineAddress1": "Kedung Rukem 4/51, RT 003/007",
"lineAddress2": "Kedungdoro, Tegalsari, Surabaya",
"cityAddress": "Surabaya",
"postalCode": 60262,
"sameMailing": "1",
"mailingLineAddress1": "Kedung Rukem 4/51, RT 003/007",
"mailingLineAddress2": "Kedungdoro, Tegalsari, Surabaya",
"mailingCityAddress": "Surabaya",
"mailingpostalCode": 60262,
"gender": "F",
"jobType": "Job8",
"identityType": 1,
"identityNumber": "3578056905950006",
"incomeSource": "Slr",
"additionalProperties": {
"jobDetail": {
"uraianPekerjaan": "",
"namaLembaga": "PT Hanwha Life",
				"bidangUsaha": "Asuransi "
			},
			"maritalStatus": "N"
		}
    },"policyHolder":{
"fullName": "Rahmania Karomatul Adha",
    "birthDate": "19950529", 
"birthPlace": "Surabaya",
"emailAddress": "rahmaniaka@gmail.com",
"mobilePhone": "082132187626",
"homePhone": "082132187626",
"lineAddress1": "Kedung Rukem 4/51, RT 003/007",
"lineAddress2": "Kedungdoro, Tegalsari, Surabaya",
"cityAddress": "Surabaya",
"postalCode": 60262,
"sameMailing": "1",
"mailingLineAddress1": "Kedung Rukem 4/51, RT 003/007",
"mailingLineAddress2": "Kedungdoro, Tegalsari, Surabaya",
"mailingCityAddress": "Surabaya",
"mailingpostalCode": 60262,
"gender": "F",
"jobType": "Job8",
"identityType": 1,
"identityNumber": "3578056905950006",
"incomeSource": "Slr",
"additionalProperties": {
"jobDetail": {
"uraianPekerjaan": "",
"namaLembaga": "PT Hanwha Life",
				"bidangUsaha": "Asuransi "
			},
			"maritalStatus": "N"
		}
},

"purchase": {
"productId": 2,
"referenceCode": "92011547",
"productCode": "B.101",
"parentProductId": 2,
"tenor": 24,
"paymentMethod": "301",
"paymentType": 2,
"up": 50000000,
"agrementDisclaimer": 701,
"premium": 600000,
"autoDebet": "Y",
"purchaseDate": "20200812150055",
"bankCode": "014",
"ropBankCode": "014",
"bankAccount": "3631550396",
"bankAccountName": "Rahmania Karomatul Adha",
"additionalInfo": {
"selfPurchaseFlag": 1
,
			"dealsCode": ""
}
},
"beneficiary": [{
"seqNo": "1",
"mobileNo": "082132183626",
"name": "Ponadji",
"famrel": 1,
"gender": "M",
"birthDate": "19700509",
"percentage": 50,
"email": "rahmaniaka@gmail.com"
},{
"seqNo": "2",
"mobileNo": "082132183626",
"name": "Nunuk setia judi rachmawati",
"famrel": 1,
"gender": "F",
"birthDate": "19710925",
"percentage": 50,
"email": "rahmaniaka@gmail.com"
}
]
}
