165.225.113.37 https://bucketlistplan.co.id/purchase/prepurchase?view=finish 15:38:58 2021-07-12

Content JSON:
{
"personalData": {
"fullName": "Riris Dwi Anggoro",
    "birthDate": "19871222", 
"birthPlace": "Bekasi",
"emailAddress": "boris.anggoro@gmail.com",
"mobilePhone": "0818646469",
"homePhone": "0218806901",
"lineAddress1": "Jalan Candi Kalasan 1 Blok B/284 ",
"lineAddress2": "Duren Jaya, Bekasi Timur ",
"cityAddress": "Bekasi",
"postalCode": 17111,
"sameMailing": "1",
"mailingLineAddress1": "Jalan Candi Kalasan 1 Blok B/284 ",
"mailingLineAddress2": "Duren Jaya, Bekasi Timur ",
"mailingCityAddress": "Bekasi",
"mailingpostalCode": 17111,
"gender": "M",
"jobType": "Job8",
"identityType": 1,
"identityNumber": "3275012212870010",
"incomeSource": "Slr",
"additionalProperties": {
"jobDetail": {
"uraianPekerjaan": "",
"namaLembaga": "Fabelio",
				"bidangUsaha": "e-commerce "
			},
			"maritalStatus": "N"
		}
    },"policyHolder":{
"fullName": "Riris Dwi Anggoro",
    "birthDate": "19871222", 
"birthPlace": "Bekasi",
"emailAddress": "boris.anggoro@gmail.com",
"mobilePhone": "0818646469",
"homePhone": "0218806901",
"lineAddress1": "Jalan Candi Kalasan 1 Blok B/284 ",
"lineAddress2": "Duren Jaya, Bekasi Timur ",
"cityAddress": "Bekasi",
"postalCode": 17111,
"sameMailing": "1",
"mailingLineAddress1": "Jalan Candi Kalasan 1 Blok B/284 ",
"mailingLineAddress2": "Duren Jaya, Bekasi Timur ",
"mailingCityAddress": "Bekasi",
"mailingpostalCode": 17111,
"gender": "M",
"jobType": "Job8",
"identityType": 1,
"identityNumber": "3275012212870010",
"incomeSource": "Slr",
"additionalProperties": {
"jobDetail": {
"uraianPekerjaan": "",
"namaLembaga": "Fabelio",
				"bidangUsaha": "e-commerce "
			},
			"maritalStatus": "N"
		}
},

"purchase": {
"productId": 1,
"referenceCode": "",
"productCode": "B.101",
"parentProductId": 1,
"tenor": 12,
"paymentMethod": "301",
"paymentType": 2,
"up": 50000000,
"agrementDisclaimer": 701,
"premium": 1200000,
"autoDebet": "Y",
"purchaseDate": "20210712153857",
"bankCode": "014",
"ropBankCode": "014",
"bankAccount": "62242087472",
"bankAccountName": "Riris Dwi Anggoro",
"additionalInfo": {
"selfPurchaseFlag": 1
,
			"dealsCode": ""
}
},
"beneficiary": [{
"seqNo": "1",
"mobileNo": "08112320605",
"name": "Muhammad Aris Tri Hapsoro",
"famrel": 4,
"gender": "M",
"birthDate": "19950505",
"percentage": 100,
"email": "muharis.tri@gmail.com"
}
]
}
