114.122.22.21 https://koreaversikamu.co.id/purchase/prepurchase?view=finish 15:50:42 2022-09-12

Content JSON:
{
"personalData": {
"fullName": "Ekonardo Pranoto ",
    "birthDate": "19880325", 
"birthPlace": "Medan",
"emailAddress": "ekonardo.ep@gmail.com",
"mobilePhone": "085276153333",
"homePhone": "085276153333",
"lineAddress1": "Jl. Perkutut Komp Milenium Garden Blok D-4",
"lineAddress2": "Kel. Helvetia Tengah Kec.Medan Helvetia",
"cityAddress": "Medan",
"postalCode": 20124,
"sameMailing": "1",
"mailingLineAddress1": "Jl. Perkutut Komp Milenium Garden Blok D-4",
"mailingLineAddress2": "Kel. Helvetia Tengah Kec.Medan Helvetia",
"mailingCityAddress": "Medan",
"mailingpostalCode": 20124,
"gender": "M",
"jobType": "Job8",
"identityType": 1,
"identityNumber": "1271202503880001",
"incomeSource": "Slr",
"additionalProperties": {
"jobDetail": {
"uraianPekerjaan": "",
"namaLembaga": "PT Sebanga Multi Sawit",
				"bidangUsaha": "Mengelola minyak sawit "
			},
			"maritalStatus": "Y"
		}
    },"policyHolder":{
"fullName": "Ekonardo Pranoto ",
    "birthDate": "19880325", 
"birthPlace": "Medan",
"emailAddress": "ekonardo.ep@gmail.com",
"mobilePhone": "085276153333",
"homePhone": "085276153333",
"lineAddress1": "Jl. Perkutut Komp Milenium Garden Blok D-4",
"lineAddress2": "Kel. Helvetia Tengah Kec.Medan Helvetia",
"cityAddress": "Medan",
"postalCode": 20124,
"sameMailing": "1",
"mailingLineAddress1": "Jl. Perkutut Komp Milenium Garden Blok D-4",
"mailingLineAddress2": "Kel. Helvetia Tengah Kec.Medan Helvetia",
"mailingCityAddress": "Medan",
"mailingpostalCode": 20124,
"gender": "M",
"jobType": "Job8",
"identityType": 1,
"identityNumber": "1271202503880001",
"incomeSource": "Slr",
"additionalProperties": {
"jobDetail": {
"uraianPekerjaan": "",
"namaLembaga": "PT Sebanga Multi Sawit",
				"bidangUsaha": "Mengelola minyak sawit "
			},
			"maritalStatus": "Y"
		}
},

"purchase": {
"productId": 1,
"referenceCode": "72210241",
"productCode": "B.101",
"parentProductId": 1,
"tenor": 12,
"paymentMethod": "301",
"paymentType": 2,
"up": 50000000,
"agrementDisclaimer": 701,
"premium": 1200000,
"autoDebet": "Y",
"purchaseDate": "20220912155041",
"bankCode": "013",
"ropBankCode": "013",
"bankAccount": "4105460479",
"bankAccountName": "Ekonardo Pranoto",
"additionalInfo": {
"selfPurchaseFlag": 1
,
			"dealsCode": ""
}
},
"beneficiary": [{
"seqNo": "1",
"mobileNo": "085276153333",
"name": "Callista Julianne Winchell",
"famrel": 3,
"gender": "F",
"birthDate": "20180718",
"percentage": 100,
"email": "ekonardo.ep@gmail.com"
}
]
}
