36.69.189.94 https://www.bucketlistplan.co.id/prepurchase?view=finish 00:17:54 2020-09-13

Content JSON:
{
"personalData": {
"fullName": "Trinopriyanti",
    "birthDate": "19761031", 
"birthPlace": "Palembang",
"emailAddress": "noveeyin@gmail.com",
"mobilePhone": "081905054873",
"homePhone": "081905054873",
"lineAddress1": "Perumahan pondok surya ",
"lineAddress2": "Blok FF no.14 Karang tengah Cileduk",
"cityAddress": "Tangerang",
"postalCode": 15157,
"sameMailing": "1",
"mailingLineAddress1": "Perumahan pondok surya ",
"mailingLineAddress2": "Blok FF no.14 Karang tengah Cileduk",
"mailingCityAddress": "Tangerang",
"mailingpostalCode": 15157,
"gender": "F",
"jobType": "Job8",
"identityType": 1,
"identityNumber": "3671127110760001",
"incomeSource": "Slr",
"additionalProperties": {
"jobDetail": {
"uraianPekerjaan": "",
"namaLembaga": "PT.Bank Cimb Niaga",
				"bidangUsaha": "Perbankan "
			},
			"maritalStatus": "Y"
		}
    },"policyHolder":{
"fullName": "Trinopriyanti",
    "birthDate": "19761031", 
"birthPlace": "Palembang",
"emailAddress": "noveeyin@gmail.com",
"mobilePhone": "081905054873",
"homePhone": "081905054873",
"lineAddress1": "Perumahan pondok surya ",
"lineAddress2": "Blok FF no.14 Karang tengah Cileduk",
"cityAddress": "Tangerang",
"postalCode": 15157,
"sameMailing": "1",
"mailingLineAddress1": "Perumahan pondok surya ",
"mailingLineAddress2": "Blok FF no.14 Karang tengah Cileduk",
"mailingCityAddress": "Tangerang",
"mailingpostalCode": 15157,
"gender": "F",
"jobType": "Job8",
"identityType": 1,
"identityNumber": "3671127110760001",
"incomeSource": "Slr",
"additionalProperties": {
"jobDetail": {
"uraianPekerjaan": "",
"namaLembaga": "PT.Bank Cimb Niaga",
				"bidangUsaha": "Perbankan "
			},
			"maritalStatus": "Y"
		}
},

"purchase": {
"productId": 9,
"referenceCode": "",
"productCode": "B.101",
"parentProductId": 9,
"tenor": 24,
"paymentMethod": "301",
"paymentType": 2,
"up": 25000000,
"agrementDisclaimer": 701,
"premium": 375000,
"autoDebet": "Y",
"purchaseDate": "20200913001753",
"bankCode": "484",
"ropBankCode": "484",
"bankAccount": "26547592200",
"bankAccountName": "Trinopriyanti",
"additionalInfo": {
"selfPurchaseFlag": 1
,
			"dealsCode": ""
}
},
"beneficiary": [{
"seqNo": "1",
"mobileNo": "081905054873",
"name": "Celine Diva Fortuna",
"famrel": 3,
"gender": "F",
"birthDate": "20040424",
"percentage": 50,
"email": "noveeyin@gmail.com"
},{
"seqNo": "2",
"mobileNo": "081905054873",
"name": "Cean Keane Chandrariel",
"famrel": 3,
"gender": "M",
"birthDate": "20121220",
"percentage": 50,
"email": "noveeyin@gmail.com"
}
]
}
