114.124.179.64 https://bucketlistplan.co.id/purchase/prepurchase?view=finish 11:34:52 2023-09-13

Content JSON:
{
"personalData": {
"fullName": "Inggriani theresia",
    "birthDate": "19750129", 
"birthPlace": "Cirebon",
"emailAddress": "inggrid.theresia21@gmail.com",
"mobilePhone": "08118808787",
"homePhone": "08118808787",
"lineAddress1": "Royale springhill ",
"lineAddress2": "Tower lotus 7E, ",
"cityAddress": "",
"postalCode": 14410,
"sameMailing": "1",
"mailingLineAddress1": "Royale springhill ",
"mailingLineAddress2": "Tower lotus 7E, ",
"mailingCityAddress": "",
"mailingpostalCode": 14410,
"gender": "F",
"jobType": "Job19",
"identityType": 1,
"identityNumber": "3172016901750012",
"incomeSource": "Shu",
"additionalProperties": {
"jobDetail": {
"uraianPekerjaan": "",
"namaLembaga": " berkat bersama",
				"bidangUsaha": "Online "
			},
			"maritalStatus": "Y"
		}
    },"policyHolder":{
"fullName": "Inggriani theresia",
    "birthDate": "19750129", 
"birthPlace": "Cirebon",
"emailAddress": "inggrid.theresia21@gmail.com",
"mobilePhone": "08118808787",
"homePhone": "08118808787",
"lineAddress1": "Royale springhill ",
"lineAddress2": "Tower lotus 7E, ",
"cityAddress": "",
"postalCode": 14410,
"sameMailing": "1",
"mailingLineAddress1": "Royale springhill ",
"mailingLineAddress2": "Tower lotus 7E, ",
"mailingCityAddress": "",
"mailingpostalCode": 14410,
"gender": "F",
"jobType": "Job19",
"identityType": 1,
"identityNumber": "3172016901750012",
"incomeSource": "Shu",
"additionalProperties": {
"jobDetail": {
"uraianPekerjaan": "",
"namaLembaga": " berkat bersama",
				"bidangUsaha": "Online "
			},
			"maritalStatus": "Y"
		}
},

"purchase": {
"productId": 4,
"referenceCode": "72311468",
"productCode": "B.101",
"parentProductId": 4,
"tenor": 12,
"paymentMethod": "301",
"paymentType": 2,
"up": 100000000,
"agrementDisclaimer": 701,
"premium": 1800000,
"autoDebet": "Y",
"purchaseDate": "20230913113451",
"bankCode": "014",
"ropBankCode": "014",
"bankAccount": "6460343249",
"bankAccountName": "Inggriani Theresia",
"ewalletNo": "08118808787",
"ewalletType": "GOPAY",
"ewalletName": "Inggrid",
"additionalInfo": {
"selfPurchaseFlag": 1
,
			"dealsCode": ""
}
},
"beneficiary": [{
"seqNo": "1",
"mobileNo": "081212298615",
"name": "Tjatjang wijaya",
"famrel": 2,
"gender": "M",
"birthDate": "19711127",
"percentage": 100,
"email": "tjatjang.intimas@gmail.com"
}
]
}
