192.168.20.37 https://koreaversikamu.co.id/purchase/prepurchase?view=finish 15:28:38 2022-05-13

Content JSON:
{
"personalData": {
"fullName": "TRIYONO",
    "birthDate": "19860412", 
"birthPlace": "Jakarta",
"emailAddress": "yonotrist@gmail.com",
"mobilePhone": "081296223395",
"homePhone": "081296223395",
"lineAddress1": "KAMPUNG KALIBATA RT 11 RW 6 ",
"lineAddress2": "SRENGSENG SAWAH JAGAKARSA",
"cityAddress": "Jakarta",
"postalCode": 12640,
"sameMailing": "1",
"mailingLineAddress1": "KAMPUNG KALIBATA RT 11 RW 6 ",
"mailingLineAddress2": "SRENGSENG SAWAH JAGAKARSA",
"mailingCityAddress": "Jakarta",
"mailingpostalCode": 12640,
"gender": "M",
"jobType": "Job8",
"identityType": 1,
"identityNumber": "3275031204860014",
"incomeSource": "Slr",
"additionalProperties": {
"jobDetail": {
"uraianPekerjaan": "",
"namaLembaga": "PT. HANWHALIFE INDONESIA",
				"bidangUsaha": "ASURANSI "
			},
			"maritalStatus": "Y"
		}
    },"policyHolder":{
"fullName": "TRIYONO",
    "birthDate": "19860412", 
"birthPlace": "Jakarta",
"emailAddress": "yonotrist@gmail.com",
"mobilePhone": "081296223395",
"homePhone": "081296223395",
"lineAddress1": "KAMPUNG KALIBATA RT 11 RW 6 ",
"lineAddress2": "SRENGSENG SAWAH JAGAKARSA",
"cityAddress": "Jakarta",
"postalCode": 12640,
"sameMailing": "1",
"mailingLineAddress1": "KAMPUNG KALIBATA RT 11 RW 6 ",
"mailingLineAddress2": "SRENGSENG SAWAH JAGAKARSA",
"mailingCityAddress": "Jakarta",
"mailingpostalCode": 12640,
"gender": "M",
"jobType": "Job8",
"identityType": 1,
"identityNumber": "3275031204860014",
"incomeSource": "Slr",
"additionalProperties": {
"jobDetail": {
"uraianPekerjaan": "",
"namaLembaga": "PT. HANWHALIFE INDONESIA",
				"bidangUsaha": "ASURANSI "
			},
			"maritalStatus": "Y"
		}
},

"purchase": {
"productId": 8,
"referenceCode": "<br /><b>Notice</b>:  Undefined index: role in <b>/var/www/html/purchase/view-purchase/prepurchase-payment.php</b> on line <b>105</b><br />",
"productCode": "B.101",
"parentProductId": 8,
"tenor": 12,
"paymentMethod": "301",
"paymentType": 2,
"up": 25000000,
"agrementDisclaimer": 701,
"premium": 750000,
"autoDebet": "Y",
"purchaseDate": "20220513152837",
"bankCode": "014",
"ropBankCode": "014",
"bankAccount": "0663143694",
"bankAccountName": "TRIYONO",
"additionalInfo": {
"selfPurchaseFlag": 1
,
			"dealsCode": ""
}
},
"beneficiary": [{
"seqNo": "1",
"mobileNo": "081219877578",
"name": "RATIH AYUNING PUSPITASARI",
"famrel": 2,
"gender": "F",
"birthDate": "19811203",
"percentage": 100,
"email": "r.ayuning@gmail.com"
}
]
}
192.168.20.37 https://koreaversikamu.co.id/purchase/prepurchase?view=finish 15:31:41 2022-05-13

Content JSON:
{
"personalData": {
"fullName": "TRIYONO",
    "birthDate": "19860412", 
"birthPlace": "Jakarta",
"emailAddress": "yonotrist@gmail.com",
"mobilePhone": "081296223395",
"homePhone": "081296223395",
"lineAddress1": "KAMPUNG KALIBATA RT 11 RW 6 ",
"lineAddress2": "SRENGSENG SAWAH JAGAKARSA",
"cityAddress": "Jakarta",
"postalCode": 12640,
"sameMailing": "1",
"mailingLineAddress1": "KAMPUNG KALIBATA RT 11 RW 6 ",
"mailingLineAddress2": "SRENGSENG SAWAH JAGAKARSA",
"mailingCityAddress": "Jakarta",
"mailingpostalCode": 12640,
"gender": "",
"jobType": "Job8",
"identityType": 1,
"identityNumber": "3275031204860014",
"incomeSource": "Slr",
"additionalProperties": {
"jobDetail": {
"uraianPekerjaan": "",
"namaLembaga": "HANWHA LIFE INDONESIA",
				"bidangUsaha": "ASURANSI "
			},
			"maritalStatus": "Y"
		}
    },"policyHolder":{
"fullName": "TRIYONO",
    "birthDate": "19860412", 
"birthPlace": "Jakarta",
"emailAddress": "yonotrist@gmail.com",
"mobilePhone": "081296223395",
"homePhone": "081296223395",
"lineAddress1": "KAMPUNG KALIBATA RT 11 RW 6 ",
"lineAddress2": "SRENGSENG SAWAH JAGAKARSA",
"cityAddress": "Jakarta",
"postalCode": 12640,
"sameMailing": "1",
"mailingLineAddress1": "KAMPUNG KALIBATA RT 11 RW 6 ",
"mailingLineAddress2": "SRENGSENG SAWAH JAGAKARSA",
"mailingCityAddress": "Jakarta",
"mailingpostalCode": 12640,
"gender": "",
"jobType": "Job8",
"identityType": 1,
"identityNumber": "3275031204860014",
"incomeSource": "Slr",
"additionalProperties": {
"jobDetail": {
"uraianPekerjaan": "",
"namaLembaga": "HANWHA LIFE INDONESIA",
				"bidangUsaha": "ASURANSI "
			},
			"maritalStatus": "Y"
		}
},

"purchase": {
"productId": 8,
"referenceCode": "<br /><b>Notice</b>:  Undefined index: role in <b>/var/www/html/purchase/view-purchase/prepurchase-payment.php</b> on line <b>105</b><br />",
"productCode": "B.101",
"parentProductId": 8,
"tenor": 12,
"paymentMethod": "301",
"paymentType": 2,
"up": 25000000,
"agrementDisclaimer": 701,
"premium": 750000,
"autoDebet": "Y",
"purchaseDate": "20220513153140",
"bankCode": "014",
"ropBankCode": "014",
"bankAccount": "0663143694",
"bankAccountName": "TRIYONO",
"additionalInfo": {
"selfPurchaseFlag": 1
,
			"dealsCode": ""
}
},
"beneficiary": [{
"seqNo": "1",
"mobileNo": "081219877578",
"name": "RATIH AYUNING PUSPITASARI",
"famrel": 2,
"gender": "F",
"birthDate": "19811203",
"percentage": 100,
"email": "r.ayuning@gmail.com"
}
]
}
