45.126.185.239 https://bucketlistplan.co.id/purchase/prepurchase?view=finish 10:15:21 2023-04-13

Content JSON:
{
"personalData": {
"fullName": "MARIANI",
    "birthDate": "19880627", 
"birthPlace": "Medan",
"emailAddress": "marianiangela27@gmail.com",
"mobilePhone": "082163997700",
"homePhone": "082163997700",
"lineAddress1": "KOMPLEK GRIYA MARELAN TAHAP 3 BLOK ORCHID NO A12LK NO 29",
"lineAddress2": "KEL.RENGAS PULAU KEC.MEDAN MARELAN",
"cityAddress": "",
"postalCode": 20255,
"sameMailing": "0",
"mailingLineAddress1": "JL CEMARA GG TURI NO 16 KEL.PULO BRAYAN DARAT",
"mailingLineAddress2": "KEC.MEDAN TIMUR",
"mailingCityAddress": "Medan",
"mailingpostalCode": 20239,
"gender": "F",
"jobType": "Job8",
"identityType": 1,
"identityNumber": "1207266706880017",
"incomeSource": "Slr",
"additionalProperties": {
"jobDetail": {
"uraianPekerjaan": "",
"namaLembaga": "GUDANG UNT",
				"bidangUsaha": "PENANGKARAN IKAN "
			},
			"maritalStatus": "Y"
		}
    },"policyHolder":{
"fullName": "MARIANI",
    "birthDate": "19880627", 
"birthPlace": "Medan",
"emailAddress": "marianiangela27@gmail.com",
"mobilePhone": "082163997700",
"homePhone": "082163997700",
"lineAddress1": "KOMPLEK GRIYA MARELAN TAHAP 3 BLOK ORCHID NO A12LK NO 29",
"lineAddress2": "KEL.RENGAS PULAU KEC.MEDAN MARELAN",
"cityAddress": "",
"postalCode": 20255,
"sameMailing": "0",
"mailingLineAddress1": "JL CEMARA GG TURI NO 16 KEL.PULO BRAYAN DARAT",
"mailingLineAddress2": "KEC.MEDAN TIMUR",
"mailingCityAddress": "Medan",
"mailingpostalCode": 20239,
"gender": "F",
"jobType": "Job8",
"identityType": 1,
"identityNumber": "1207266706880017",
"incomeSource": "Slr",
"additionalProperties": {
"jobDetail": {
"uraianPekerjaan": "",
"namaLembaga": "GUDANG UNT",
				"bidangUsaha": "PENANGKARAN IKAN "
			},
			"maritalStatus": "Y"
		}
},

"purchase": {
"productId": 8,
"referenceCode": "72210844",
"productCode": "B.101",
"parentProductId": 8,
"tenor": 12,
"paymentMethod": "301",
"paymentType": 2,
"up": 25000000,
"agrementDisclaimer": 701,
"premium": 750000,
"autoDebet": "Y",
"purchaseDate": "20230413101520",
"bankCode": "014",
"ropBankCode": "014",
"bankAccount": "2421121739",
"bankAccountName": "MARIANI",
"additionalInfo": {
"selfPurchaseFlag": 1
,
			"dealsCode": ""
}
},
"beneficiary": [{
"seqNo": "1",
"mobileNo": "082163997700",
"name": "JUSTINE ANGELIO",
"famrel": 3,
"gender": "M",
"birthDate": "20101101",
"percentage": 100,
"email": "marianiangela27@gmail.com"
}
]
}
182.23.32.10 https://bucketlistplan.co.id/purchase/prepurchase?view=finish 12:54:11 2023-04-13

Content JSON:
{
"personalData": {
"fullName": "DEWI PURNAMA SARI, SE",
    "birthDate": "19901029", 
"birthPlace": "BINJAI",
"emailAddress": "dewihui90941@gmail.com",
"mobilePhone": "082174056950",
"homePhone": "082174056950",
"lineAddress1": "JL SETIA BUDI KOMPLEK ATRIUM NO B 37 LK X",
"lineAddress2": "KEL. HELVETIA TIMUR, KEC. MEDAN HELVETIA",
"cityAddress": "Medan",
"postalCode": 20124,
"sameMailing": "1",
"mailingLineAddress1": "JL SETIA BUDI KOMPLEK ATRIUM NO B 37 LK X",
"mailingLineAddress2": "KEL. HELVETIA TIMUR, KEC. MEDAN HELVETIA",
"mailingCityAddress": "Medan",
"mailingpostalCode": 20124,
"gender": "F",
"jobType": "Job23",
"identityType": 1,
"identityNumber": "1271116910900001",
"incomeSource": "Incoth",
"additionalProperties": {
"jobDetail": {
"uraianPekerjaan": "AGENCY DIRECTOR",
"namaLembaga": "PT AXA FINANCIAL",
				"bidangUsaha": "ASURANSI "
			},
			"maritalStatus": "Y"
		}
    },"policyHolder":{
"fullName": "DEWI PURNAMA SARI, SE",
    "birthDate": "19901029", 
"birthPlace": "BINJAI",
"emailAddress": "dewihui90941@gmail.com",
"mobilePhone": "082174056950",
"homePhone": "082174056950",
"lineAddress1": "JL SETIA BUDI KOMPLEK ATRIUM NO B 37 LK X",
"lineAddress2": "KEL. HELVETIA TIMUR, KEC. MEDAN HELVETIA",
"cityAddress": "Medan",
"postalCode": 20124,
"sameMailing": "1",
"mailingLineAddress1": "JL SETIA BUDI KOMPLEK ATRIUM NO B 37 LK X",
"mailingLineAddress2": "KEL. HELVETIA TIMUR, KEC. MEDAN HELVETIA",
"mailingCityAddress": "Medan",
"mailingpostalCode": 20124,
"gender": "F",
"jobType": "Job23",
"identityType": 1,
"identityNumber": "1271116910900001",
"incomeSource": "Incoth",
"additionalProperties": {
"jobDetail": {
"uraianPekerjaan": "AGENCY DIRECTOR",
"namaLembaga": "PT AXA FINANCIAL",
				"bidangUsaha": "ASURANSI "
			},
			"maritalStatus": "Y"
		}
},

"purchase": {
"productId": 1,
"referenceCode": "72311458",
"productCode": "B.101",
"parentProductId": 1,
"tenor": 12,
"paymentMethod": "301",
"paymentType": 2,
"up": 50000000,
"agrementDisclaimer": 701,
"premium": 1200000,
"autoDebet": "Y",
"purchaseDate": "20230413125411",
"bankCode": "014",
"ropBankCode": "014",
"bankAccount": "8000760880",
"bankAccountName": "DEWI PURNAMA SARI",
"additionalInfo": {
"selfPurchaseFlag": 1
,
			"dealsCode": ""
}
},
"beneficiary": [{
"seqNo": "1",
"mobileNo": "082165802083",
"name": "HENDRI TANAKA ",
"famrel": 2,
"gender": "M",
"birthDate": "19910627",
"percentage": 100,
"email": "hendritanaka91@gmail.com"
}
]
}
45.126.185.239 https://bucketlistplan.co.id/purchase/prepurchase?view=finish 14:02:07 2023-04-13

Content JSON:
{
"personalData": {
"fullName": "SUN SUAN",
    "birthDate": "19700101", 
"birthPlace": "MEDAN",
"emailAddress": "sunsuan96@gmail.com",
"mobilePhone": "087869999768",
"homePhone": "087869999768",
"lineAddress1": "JL SETIA JADI KOMPLEK KRAKATAU GARDEN A-17",
"lineAddress2": "KEL.TEGAL REJO KEC.MEDAN PERJUANGAN",
"cityAddress": "",
"postalCode": 20237,
"sameMailing": "0",
"mailingLineAddress1": "GEDUNG SINARMAS - JL.MANGKUBUMI NO 18 LANTAI 6 ",
"mailingLineAddress2": "KEL.AUR KEC.MEDAN MAIMUN",
"mailingCityAddress": "Medan",
"mailingpostalCode": 20151,
"gender": "F",
"jobType": "Job8",
"identityType": 1,
"identityNumber": "1271145205820003",
"incomeSource": "Slr",
"additionalProperties": {
"jobDetail": {
"uraianPekerjaan": "",
"namaLembaga": "PT. SINARMAS SEKURITAS ",
				"bidangUsaha": "KEUANGAN "
			},
			"maritalStatus": "Y"
		}
    },"policyHolder":{
"fullName": "SUN SUAN",
    "birthDate": "19700101", 
"birthPlace": "MEDAN",
"emailAddress": "sunsuan96@gmail.com",
"mobilePhone": "087869999768",
"homePhone": "087869999768",
"lineAddress1": "JL SETIA JADI KOMPLEK KRAKATAU GARDEN A-17",
"lineAddress2": "KEL.TEGAL REJO KEC.MEDAN PERJUANGAN",
"cityAddress": "",
"postalCode": 20237,
"sameMailing": "0",
"mailingLineAddress1": "GEDUNG SINARMAS - JL.MANGKUBUMI NO 18 LANTAI 6 ",
"mailingLineAddress2": "KEL.AUR KEC.MEDAN MAIMUN",
"mailingCityAddress": "Medan",
"mailingpostalCode": 20151,
"gender": "F",
"jobType": "Job8",
"identityType": 1,
"identityNumber": "1271145205820003",
"incomeSource": "Slr",
"additionalProperties": {
"jobDetail": {
"uraianPekerjaan": "",
"namaLembaga": "PT. SINARMAS SEKURITAS ",
				"bidangUsaha": "KEUANGAN "
			},
			"maritalStatus": "Y"
		}
},

"purchase": {
"productId": 4,
"referenceCode": "72210844",
"productCode": "B.101",
"parentProductId": 4,
"tenor": 12,
"paymentMethod": "301",
"paymentType": 2,
"up": 100000000,
"agrementDisclaimer": 701,
"premium": 1800000,
"autoDebet": "Y",
"purchaseDate": "20230413140206",
"bankCode": "022",
"ropBankCode": "022",
"bankAccount": "2420107973180",
"bankAccountName": "SUN SUAN",
"additionalInfo": {
"selfPurchaseFlag": 1
,
			"dealsCode": ""
}
},
"beneficiary": [{
"seqNo": "1",
"mobileNo": "087869999768",
"name": "VIORENTINA GONZALES",
"famrel": 3,
"gender": "F",
"birthDate": "20051204",
"percentage": 50,
"email": "sunsuan96@gmail.com"
},{
"seqNo": "2",
"mobileNo": "087869999768",
"name": "SERGIO FRANCESCO",
"famrel": 3,
"gender": "M",
"birthDate": "20130708",
"percentage": 50,
"email": "sunsuan96@gmail.com"
}
]
}
114.122.9.244 https://bucketlistplan.co.id/purchase/prepurchase?view=finish 15:57:53 2023-04-13

Content JSON:
{
"personalData": {
"fullName": "FRANSISCA WIJAYA",
    "birthDate": "19910131", 
"birthPlace": "Medan",
"emailAddress": "fransiscawijayaid@gmail.com",
"mobilePhone": "083198048689",
"homePhone": "083198048689",
"lineAddress1": "KOMPLEKS CELINCING INDAH NO 57",
"lineAddress2": "KEL. GLUGUR KOTA, KEC. MEDAN BARAT",
"cityAddress": "Medan",
"postalCode": 20115,
"sameMailing": "1",
"mailingLineAddress1": "KOMPLEKS CELINCING INDAH NO 57",
"mailingLineAddress2": "KEL. GLUGUR KOTA, KEC. MEDAN BARAT",
"mailingCityAddress": "Medan",
"mailingpostalCode": 20115,
"gender": "F",
"jobType": "Job8",
"identityType": 1,
"identityNumber": "1207277101910002",
"incomeSource": "Slr",
"additionalProperties": {
"jobDetail": {
"uraianPekerjaan": "",
"namaLembaga": "PT BANK OCBC NISP",
				"bidangUsaha": "PERBANKAN "
			},
			"maritalStatus": "Y"
		}
    },"policyHolder":{
"fullName": "FRANSISCA WIJAYA",
    "birthDate": "19910131", 
"birthPlace": "Medan",
"emailAddress": "fransiscawijayaid@gmail.com",
"mobilePhone": "083198048689",
"homePhone": "083198048689",
"lineAddress1": "KOMPLEKS CELINCING INDAH NO 57",
"lineAddress2": "KEL. GLUGUR KOTA, KEC. MEDAN BARAT",
"cityAddress": "Medan",
"postalCode": 20115,
"sameMailing": "1",
"mailingLineAddress1": "KOMPLEKS CELINCING INDAH NO 57",
"mailingLineAddress2": "KEL. GLUGUR KOTA, KEC. MEDAN BARAT",
"mailingCityAddress": "Medan",
"mailingpostalCode": 20115,
"gender": "F",
"jobType": "Job8",
"identityType": 1,
"identityNumber": "1207277101910002",
"incomeSource": "Slr",
"additionalProperties": {
"jobDetail": {
"uraianPekerjaan": "",
"namaLembaga": "PT BANK OCBC NISP",
				"bidangUsaha": "PERBANKAN "
			},
			"maritalStatus": "Y"
		}
},

"purchase": {
"productId": 1,
"referenceCode": "72311458",
"productCode": "B.101",
"parentProductId": 1,
"tenor": 12,
"paymentMethod": "301",
"paymentType": 2,
"up": 50000000,
"agrementDisclaimer": 701,
"premium": 1200000,
"autoDebet": "Y",
"purchaseDate": "20230413155752",
"bankCode": "014",
"ropBankCode": "014",
"bankAccount": "8000760880",
"bankAccountName": "DEWI PURNAMA SARI",
"additionalInfo": {
"selfPurchaseFlag": 1
,
			"dealsCode": ""
}
},
"beneficiary": [{
"seqNo": "1",
"mobileNo": "08197491988",
"name": "BENNY TASLIM",
"famrel": 2,
"gender": "M",
"birthDate": "19880317",
"percentage": 100,
"email": "fransiscawijayaid@gmail.com"
}
]
}
