36.75.67.88 https://koreaversikamu.co.id/prepurchase?view=finish 12:15:36 2019-11-13

Content JSON:
{
"personalData": {
"fullName": "Sunaryo hadi kusumo",
    "birthDate": "19851014", 
"birthPlace": "Banjarmasin",
"emailAddress": "wishsensen@hotmail.com",
"mobilePhone": "085249453779",
"homePhone": "05113254694",
"lineAddress1": "Jalan veteran gang kenari raya no 29",
"lineAddress2": "Jalan pramuka komplek rahayu permai blok d no.13",
"cityAddress": "Banjarmasin",
"postalCode": 70238,
"sameMailing": "1",
"mailingLineAddress1": "Jalan veteran gang kenari raya no 29",
"mailingLineAddress2": "Jalan pramuka komplek rahayu permai blok d no.13",
"mailingCityAddress": "Banjarmasin",
"mailingpostalCode": 70238,
"gender": "M",
"jobType": "job19",
"identityType": 1,
"identityNumber": "6371021410850004",
"incomeSource": "shu",
"additionalProperties": {
"jobDetail": {
"uraianPekerjaan": "",
"namaLembaga": "Pt teknologi jaya solusindo",
"bidangUsaha": "Alat computer"
}
}
},
"purchase": {
"productId": 1,
"referenceCode": "91501397",
"productCode": "B.101",
"parentProductId": 1,
"tenor": 12,
"paymentMethod": "301",
"paymentType": 2,
"up": 50000000,
"agrementDisclaimer": 701,
"premium": 1200000,
"autoDebet": "Y",
"purchaseDate": "20191113121535",
"bankCode": "014",
"ropBankCode": "014",
"bankAccount": "0510889631",
"bankAccountName": "Sunaryo hadi kusumo",
"additionalInfo": {
"selfPurchaseFlag": 1
}
},
"beneficiary": [{
"seqNo": "1",
"mobileNo": "081952913963",
"name": "Selvia polinto",
"famrel": 2,
"gender": "F",
"birthDate": "19911118",
"percentage": 100,
"email": "wishsensen@hotmail.com"
}
]
}
36.75.67.88 https://koreaversikamu.co.id/prepurchase?view=finish 12:56:34 2019-11-13

Content JSON:
{
"personalData": {
"fullName": "Sunaryo hadi kusumo",
    "birthDate": "19851014", 
"birthPlace": "Banjarmasin",
"emailAddress": "wishsensen@hotmail.com",
"mobilePhone": "085249453779",
"homePhone": "05113254694",
"lineAddress1": "Jalan veteran gang kenari raya no 29",
"lineAddress2": "Jalan pramuka komplek rahayu permai blok d no.13",
"cityAddress": "Banjarmasin",
"postalCode": 70238,
"sameMailing": "1",
"mailingLineAddress1": "Jalan veteran gang kenari raya no 29",
"mailingLineAddress2": "Jalan pramuka komplek rahayu permai blok d no.13",
"mailingCityAddress": "Banjarmasin",
"mailingpostalCode": 70238,
"gender": "M",
"jobType": "job19",
"identityType": 1,
"identityNumber": "6371021410850004",
"incomeSource": "shu",
"additionalProperties": {
"jobDetail": {
"uraianPekerjaan": "",
"namaLembaga": "Pt teknologi jaya solusindo",
"bidangUsaha": "Alat computer"
}
}
},
"purchase": {
"productId": 1,
"referenceCode": "91501397",
"productCode": "B.101",
"parentProductId": 1,
"tenor": 12,
"paymentMethod": "301",
"paymentType": 2,
"up": 50000000,
"agrementDisclaimer": 701,
"premium": 1200000,
"autoDebet": "Y",
"purchaseDate": "20191113125633",
"bankCode": "014",
"ropBankCode": "014",
"bankAccount": "0510889631",
"bankAccountName": "Sunaryo hadi kusumo",
"additionalInfo": {
"selfPurchaseFlag": 1
}
},
"beneficiary": [{
"seqNo": "1",
"mobileNo": "081952913963",
"name": "Selvia polinto",
"famrel": 2,
"gender": "F",
"birthDate": "19911118",
"percentage": 100,
"email": "wishsensen@hotmail.com"
}
]
}
36.75.67.88 https://koreaversikamu.co.id/prepurchase?view=finish 12:56:51 2019-11-13

Content JSON:
{
"personalData": {
"fullName": "Sunaryo hadi kusumo",
    "birthDate": "19851014", 
"birthPlace": "Banjarmasin",
"emailAddress": "wishsensen@hotmail.com",
"mobilePhone": "085249453779",
"homePhone": "05113254694",
"lineAddress1": "Jalan veteran gang kenari raya no 29",
"lineAddress2": "Jalan pramuka komplek rahayu permai blok d no.13",
"cityAddress": "Banjarmasin",
"postalCode": 70238,
"sameMailing": "1",
"mailingLineAddress1": "Jalan veteran gang kenari raya no 29",
"mailingLineAddress2": "Jalan pramuka komplek rahayu permai blok d no.13",
"mailingCityAddress": "Banjarmasin",
"mailingpostalCode": 70238,
"gender": "M",
"jobType": "job19",
"identityType": 1,
"identityNumber": "6371021410850004",
"incomeSource": "shu",
"additionalProperties": {
"jobDetail": {
"uraianPekerjaan": "",
"namaLembaga": "Pt teknologi jaya solusindo",
"bidangUsaha": "Alat computer"
}
}
},
"purchase": {
"productId": 1,
"referenceCode": "91501397",
"productCode": "B.101",
"parentProductId": 1,
"tenor": 12,
"paymentMethod": "301",
"paymentType": 2,
"up": 50000000,
"agrementDisclaimer": 701,
"premium": 1200000,
"autoDebet": "Y",
"purchaseDate": "20191113125650",
"bankCode": "014",
"ropBankCode": "014",
"bankAccount": "0510889631",
"bankAccountName": "Sunaryo hadi kusumo",
"additionalInfo": {
"selfPurchaseFlag": 1
}
},
"beneficiary": [{
"seqNo": "1",
"mobileNo": "081952913963",
"name": "Selvia polinto",
"famrel": 2,
"gender": "F",
"birthDate": "19911118",
"percentage": 100,
"email": "wishsensen@hotmail.com"
}
]
}
36.75.67.88 https://koreaversikamu.co.id/prepurchase?view=finish 13:04:53 2019-11-13

Content JSON:
{
"personalData": {
"fullName": "Yudiy",
    "birthDate": "19830528", 
"birthPlace": "Banjarmasin",
"emailAddress": "wishsensen@hotmail.com",
"mobilePhone": "085784338888",
"homePhone": "05113254694",
"lineAddress1": "Jalan pramuka komplek rahayu blok d no13",
"lineAddress2": "Jalan veteran gang kenari no 29",
"cityAddress": "Banjarmasin",
"postalCode": 70238,
"sameMailing": "1",
"mailingLineAddress1": "Jalan pramuka komplek rahayu blok d no13",
"mailingLineAddress2": "Jalan veteran gang kenari no 29",
"mailingCityAddress": "Banjarmasin",
"mailingpostalCode": 70238,
"gender": "M",
"jobType": "job8",
"identityType": 1,
"identityNumber": "6371022805830002",
"incomeSource": "slr",
"additionalProperties": {
"jobDetail": {
"uraianPekerjaan": "",
"namaLembaga": "Pt gudang garam",
"bidangUsaha": "Rokok"
}
}
},
"purchase": {
"productId": 1,
"referenceCode": "91501397",
"productCode": "B.101",
"parentProductId": 1,
"tenor": 12,
"paymentMethod": "301",
"paymentType": 2,
"up": 50000000,
"agrementDisclaimer": 701,
"premium": 1200000,
"autoDebet": "Y",
"purchaseDate": "20191113130452",
"bankCode": "014",
"ropBankCode": "014",
"bankAccount": "0510889631",
"bankAccountName": "Sunaryo hadi kusumo",
"additionalInfo": {
"selfPurchaseFlag": 1
}
},
"beneficiary": [{
"seqNo": "1",
"mobileNo": "085249453779",
"name": "Sunaryo hadi kusumo",
"famrel": 4,
"gender": "M",
"birthDate": "19851014",
"percentage": 100,
"email": "wishsensen@hotmail.com"
}
]
}
36.75.67.88 https://koreaversikamu.co.id/prepurchase?view=finish 13:09:25 2019-11-13

Content JSON:
{
"personalData": {
"fullName": "Yudiy",
    "birthDate": "19830528", 
"birthPlace": "Banjarmasin",
"emailAddress": "wishsensen@hotmail.com",
"mobilePhone": "085784338888",
"homePhone": "05113254694",
"lineAddress1": "Jalan pramuka komplek rahayu blok d no13",
"lineAddress2": "Jalan veteran gang kenari no 29",
"cityAddress": "Banjarmasin",
"postalCode": 70238,
"sameMailing": "1",
"mailingLineAddress1": "Jalan pramuka komplek rahayu blok d no13",
"mailingLineAddress2": "Jalan veteran gang kenari no 29",
"mailingCityAddress": "Banjarmasin",
"mailingpostalCode": 70238,
"gender": "M",
"jobType": "job8",
"identityType": 1,
"identityNumber": "6371022805830002",
"incomeSource": "slr",
"additionalProperties": {
"jobDetail": {
"uraianPekerjaan": "",
"namaLembaga": "Pt gudang garam",
"bidangUsaha": "Rokok"
}
}
},
"purchase": {
"productId": 1,
"referenceCode": "91501397",
"productCode": "B.101",
"parentProductId": 1,
"tenor": 12,
"paymentMethod": "301",
"paymentType": 2,
"up": 50000000,
"agrementDisclaimer": 701,
"premium": 1200000,
"autoDebet": "Y",
"purchaseDate": "20191113130925",
"bankCode": "014",
"ropBankCode": "014",
"bankAccount": "0510889631",
"bankAccountName": "Sunaryo hadi kusumo",
"additionalInfo": {
"selfPurchaseFlag": 1
}
},
"beneficiary": [{
"seqNo": "1",
"mobileNo": "085249453779",
"name": "Sunaryo hadi kusumo",
"famrel": 4,
"gender": "M",
"birthDate": "19851014",
"percentage": 100,
"email": "wishsensen@hotmail.com"
}
]
}
36.75.67.88 https://koreaversikamu.co.id/prepurchase?view=finish 13:12:19 2019-11-13

Content JSON:
{
"personalData": {
"fullName": "Yudiy",
    "birthDate": "19830528", 
"birthPlace": "Banjarmasin",
"emailAddress": "wishsensen@hotmail.com",
"mobilePhone": "085784338888",
"homePhone": "05113254694",
"lineAddress1": "Jalan pramuka komplek rahayu blok d no13",
"lineAddress2": "Jalan veteran gang kenari no 29",
"cityAddress": "Banjarmasin",
"postalCode": 70238,
"sameMailing": "1",
"mailingLineAddress1": "Jalan pramuka komplek rahayu blok d no13",
"mailingLineAddress2": "Jalan veteran gang kenari no 29",
"mailingCityAddress": "Banjarmasin",
"mailingpostalCode": 70238,
"gender": "M",
"jobType": "job8",
"identityType": 1,
"identityNumber": "6371022805830002",
"incomeSource": "slr",
"additionalProperties": {
"jobDetail": {
"uraianPekerjaan": "",
"namaLembaga": "Pt gudang garam",
"bidangUsaha": "Rokok"
}
}
},
"purchase": {
"productId": 1,
"referenceCode": "91501397",
"productCode": "B.101",
"parentProductId": 1,
"tenor": 12,
"paymentMethod": "301",
"paymentType": 2,
"up": 50000000,
"agrementDisclaimer": 701,
"premium": 1200000,
"autoDebet": "Y",
"purchaseDate": "20191113131218",
"bankCode": "014",
"ropBankCode": "014",
"bankAccount": "0510889631",
"bankAccountName": "Sunaryo hadi kusumo",
"additionalInfo": {
"selfPurchaseFlag": 1
}
},
"beneficiary": [{
"seqNo": "1",
"mobileNo": "085249453779",
"name": "Sunaryo hadi kusumo",
"famrel": 4,
"gender": "M",
"birthDate": "19851014",
"percentage": 100,
"email": "wishsensen@hotmail.com"
}
]
}
36.75.67.88 https://koreaversikamu.co.id/prepurchase?view=finish 13:21:46 2019-11-13

Content JSON:
{
"personalData": {
"fullName": "Yudiy",
    "birthDate": "19830528", 
"birthPlace": "Banjarmasin",
"emailAddress": "yudiychiang@yahoo.co.id",
"mobilePhone": "085784338888",
"homePhone": "05113254694",
"lineAddress1": "Jalan pramuka komplek rahayu blok d no13",
"lineAddress2": "Jalan veteran gang kenari no 29",
"cityAddress": "Banjarmasin",
"postalCode": 70238,
"sameMailing": "1",
"mailingLineAddress1": "Jalan pramuka komplek rahayu blok d no13",
"mailingLineAddress2": "Jalan veteran gang kenari no 29",
"mailingCityAddress": "Banjarmasin",
"mailingpostalCode": 70238,
"gender": "M",
"jobType": "job8",
"identityType": 1,
"identityNumber": "6371022805830002",
"incomeSource": "slr",
"additionalProperties": {
"jobDetail": {
"uraianPekerjaan": "",
"namaLembaga": "Pt gudang garam",
"bidangUsaha": "Rokok"
}
}
},
"purchase": {
"productId": 1,
"referenceCode": "91501397",
"productCode": "B.101",
"parentProductId": 1,
"tenor": 12,
"paymentMethod": "301",
"paymentType": 2,
"up": 50000000,
"agrementDisclaimer": 701,
"premium": 1200000,
"autoDebet": "Y",
"purchaseDate": "20191113132145",
"bankCode": "014",
"ropBankCode": "014",
"bankAccount": "0510889631",
"bankAccountName": "Sunaryo hadi kusumo",
"additionalInfo": {
"selfPurchaseFlag": 1
}
},
"beneficiary": [{
"seqNo": "1",
"mobileNo": "085249453779",
"name": "Sunaryo hadi kusumo",
"famrel": 4,
"gender": "M",
"birthDate": "19851014",
"percentage": 100,
"email": "wishsensen@hotmail.com"
}
]
}
