114.5.209.208 https://bucketlistplan.co.id/prepurchase?view=finish 15:30:10 2020-01-14

Content JSON:
{
"personalData": {
"fullName": "Ade rema simatupang",
    "birthDate": "19981018", 
"birthPlace": "Medan",
"emailAddress": "remasimatupang18@gmail.com",
"mobilePhone": "081533181961",
"homePhone": "081533181961",
"lineAddress1": "Saranpadang",
"lineAddress2": "Saranpadang",
"cityAddress": "Medan",
"postalCode": 21168,
"sameMailing": "1",
"mailingLineAddress1": "Saranpadang",
"mailingLineAddress2": "Saranpadang",
"mailingCityAddress": "Medan",
"mailingpostalCode": 21168,
"gender": "F",
"jobType": "Job14",
"identityType": 1,
"identityNumber": "1208265810980001",
"incomeSource": "Inv",
"additionalProperties": {
"jobDetail": {
"uraianPekerjaan": "",
"namaLembaga": "",
				"bidangUsaha": " "
			},
			"dealsCode": "Traveloka",
			"maritalStatus": "N"
		}
    },

"purchase": {
"productId": 3,
"referenceCode": "",
"productCode": "B.101",
"parentProductId": 3,
"tenor": 36,
"paymentMethod": "301",
"paymentType": 2,
"up": 50000000,
"agrementDisclaimer": 701,
"premium": 400000,
"autoDebet": "Y",
"purchaseDate": "20200114153010",
"bankCode": "009",
"ropBankCode": "009",
"bankAccount": "0617832837",
"bankAccountName": "Ade rema simatupang",
"additionalInfo": {
"selfPurchaseFlag": 1
,
			"dealsCode": "Traveloka"
}
},
"beneficiary": [{
"seqNo": "1",
"mobileNo": "081367996658",
"name": "Antonius simatupang",
"famrel": 1,
"gender": "M",
"birthDate": "19360525",
"percentage": 100,
"email": "remaalbertines18@gmail.com"
}
]
}
