182.1.89.99 https://bucketlistplan.co.id/prepurchase?view=finish 20:15:55 2020-08-14

Content JSON:
{
"personalData": {
"fullName": "Dewi Oktaviana Subyanto",
    "birthDate": "19911024", 
"birthPlace": "Surabaya",
"emailAddress": "dewie_oktav91@yahoo.com",
"mobilePhone": "082231021412",
"homePhone": "082231021412",
"lineAddress1": "Tambak Segaran Wetan",
"lineAddress2": "61",
"cityAddress": "",
"postalCode": 60135,
"sameMailing": "0",
"mailingLineAddress1": "Lebak Jaya Utara 5C",
"mailingLineAddress2": "No D 25",
"mailingCityAddress": "",
"mailingpostalCode": 60134,
"gender": "F",
"jobType": "Job8",
"identityType": 1,
"identityNumber": "3578106410910002",
"incomeSource": "Slr",
"additionalProperties": {
"jobDetail": {
"uraianPekerjaan": "",
"namaLembaga": "BCA",
				"bidangUsaha": "Bank "
			},
			"maritalStatus": "N"
		}
    },"policyHolder":{
"fullName": "Dewi Oktaviana Subyanto",
    "birthDate": "19911024", 
"birthPlace": "Surabaya",
"emailAddress": "dewie_oktav91@yahoo.com",
"mobilePhone": "082231021412",
"homePhone": "082231021412",
"lineAddress1": "Tambak Segaran Wetan",
"lineAddress2": "61",
"cityAddress": "",
"postalCode": 60135,
"sameMailing": "0",
"mailingLineAddress1": "Lebak Jaya Utara 5C",
"mailingLineAddress2": "No D 25",
"mailingCityAddress": "",
"mailingpostalCode": 60134,
"gender": "F",
"jobType": "Job8",
"identityType": 1,
"identityNumber": "3578106410910002",
"incomeSource": "Slr",
"additionalProperties": {
"jobDetail": {
"uraianPekerjaan": "",
"namaLembaga": "BCA",
				"bidangUsaha": "Bank "
			},
			"maritalStatus": "N"
		}
},

"purchase": {
"productId": 8,
"referenceCode": "92011721",
"productCode": "B.101",
"parentProductId": 8,
"tenor": 12,
"paymentMethod": "301",
"paymentType": 2,
"up": 25000000,
"agrementDisclaimer": 701,
"premium": 750000,
"autoDebet": "Y",
"purchaseDate": "20200814201554",
"bankCode": "014",
"ropBankCode": "014",
"bankAccount": "1020363742",
"bankAccountName": "Dewi Oktaviana Subyanto",
"additionalInfo": {
"selfPurchaseFlag": 1
,
			"dealsCode": ""
}
},
"beneficiary": [{
"seqNo": "1",
"mobileNo": "087884828897",
"name": "Oei Ay Fang",
"famrel": 1,
"gender": "F",
"birthDate": "19591009",
"percentage": 100,
"email": "viona_it@yahoo.co.id"
}
]
}
