182.2.69.221 https://bucketlistplan.co.id/purchase/prepurchase?view=finish 16:26:08 2022-02-14

Content JSON:
{
"personalData": {
"fullName": "Putri Kodriati",
    "birthDate": "19910405", 
"birthPlace": "Palembang",
"emailAddress": "putrikodriati@ymail.com",
"mobilePhone": "081283851213",
"homePhone": "02476510879",
"lineAddress1": "Jl. MT. Haryono The Daarra Exclusive Residence Sidosari Townhouse Blok A8 Ungaran Timur Kab. Semarang Jawa Tengah",
"lineAddress2": "Jl. MT. Haryono The Daarra Exclusive Residence Sidosari Townhouse Blok A8 Ungaran Timur Kab. Semarang Jawa Tengah",
"cityAddress": "Semarang",
"postalCode": 50514,
"sameMailing": "1",
"mailingLineAddress1": "Jl. MT. Haryono The Daarra Exclusive Residence Sidosari Townhouse Blok A8 Ungaran Timur Kab. Semarang Jawa Tengah",
"mailingLineAddress2": "Jl. MT. Haryono The Daarra Exclusive Residence Sidosari Townhouse Blok A8 Ungaran Timur Kab. Semarang Jawa Tengah",
"mailingCityAddress": "Semarang",
"mailingpostalCode": 50514,
"gender": "F",
"jobType": "Job19",
"identityType": 1,
"identityNumber": "1671054504910005",
"incomeSource": "Incoth",
"additionalProperties": {
"jobDetail": {
"uraianPekerjaan": "",
"namaLembaga": "-",
				"bidangUsaha": "- "
			},
			"maritalStatus": "Y"
		}
    },"policyHolder":{
"fullName": "Putri Kodriati",
    "birthDate": "19910405", 
"birthPlace": "Palembang",
"emailAddress": "putrikodriati@ymail.com",
"mobilePhone": "081283851213",
"homePhone": "02476510879",
"lineAddress1": "Jl. MT. Haryono The Daarra Exclusive Residence Sidosari Townhouse Blok A8 Ungaran Timur Kab. Semarang Jawa Tengah",
"lineAddress2": "Jl. MT. Haryono The Daarra Exclusive Residence Sidosari Townhouse Blok A8 Ungaran Timur Kab. Semarang Jawa Tengah",
"cityAddress": "Semarang",
"postalCode": 50514,
"sameMailing": "1",
"mailingLineAddress1": "Jl. MT. Haryono The Daarra Exclusive Residence Sidosari Townhouse Blok A8 Ungaran Timur Kab. Semarang Jawa Tengah",
"mailingLineAddress2": "Jl. MT. Haryono The Daarra Exclusive Residence Sidosari Townhouse Blok A8 Ungaran Timur Kab. Semarang Jawa Tengah",
"mailingCityAddress": "Semarang",
"mailingpostalCode": 50514,
"gender": "F",
"jobType": "Job19",
"identityType": 1,
"identityNumber": "1671054504910005",
"incomeSource": "Incoth",
"additionalProperties": {
"jobDetail": {
"uraianPekerjaan": "",
"namaLembaga": "-",
				"bidangUsaha": "- "
			},
			"maritalStatus": "Y"
		}
},

"purchase": {
"productId": 4,
"referenceCode": "71910160",
"productCode": "B.101",
"parentProductId": 4,
"tenor": 12,
"paymentMethod": "301",
"paymentType": 2,
"up": 100000000,
"agrementDisclaimer": 701,
"premium": 1800000,
"autoDebet": "Y",
"purchaseDate": "20220214162607",
"bankCode": "014",
"ropBankCode": "014",
"bankAccount": "3410493356",
"bankAccountName": "Putri Kodriati",
"additionalInfo": {
"selfPurchaseFlag": 1
,
			"dealsCode": "71910160"
}
},
"beneficiary": [{
"seqNo": "1",
"mobileNo": "089694986047",
"name": "Nursiawati",
"famrel": 1,
"gender": "F",
"birthDate": "19680821",
"percentage": 100,
"email": "putrikodriati@ymail.com"
}
]
}
