45.126.185.209 https://bucketlistplan.co.id/purchase/prepurchase?view=finish 10:58:27 2023-07-14

Content JSON:
{
"personalData": {
"fullName": "DEWI SUSANTY",
    "birthDate": "19940905", 
"birthPlace": "DELI TUA",
"emailAddress": "dewisusanty1994@gmail.com",
"mobilePhone": "081224947575",
"homePhone": "081224947575",
"lineAddress1": "JL.PAHLAWAN DUSUN VI K.DURIAN RT/RW : 012/006",
"lineAddress2": "KEL.KEDAI DURIAN KEC.DELI TUA",
"cityAddress": "",
"postalCode": 20355,
"sameMailing": "0",
"mailingLineAddress1": "JL PEMUDA NO 14 A",
"mailingLineAddress2": "KEL.AUR KEC.MEDAN MAIMUN",
"mailingCityAddress": "Medan",
"mailingpostalCode": 20151,
"gender": "F",
"jobType": "Job8",
"identityType": 1,
"identityNumber": "1207224509940002",
"incomeSource": "Slr",
"additionalProperties": {
"jobDetail": {
"uraianPekerjaan": "",
"namaLembaga": "BANK CIMB NIAGA",
				"bidangUsaha": "PERBANKAN "
			},
			"maritalStatus": "N"
		}
    },"policyHolder":{
"fullName": "DEWI SUSANTY",
    "birthDate": "19940905", 
"birthPlace": "DELI TUA",
"emailAddress": "dewisusanty1994@gmail.com",
"mobilePhone": "081224947575",
"homePhone": "081224947575",
"lineAddress1": "JL.PAHLAWAN DUSUN VI K.DURIAN RT/RW : 012/006",
"lineAddress2": "KEL.KEDAI DURIAN KEC.DELI TUA",
"cityAddress": "",
"postalCode": 20355,
"sameMailing": "0",
"mailingLineAddress1": "JL PEMUDA NO 14 A",
"mailingLineAddress2": "KEL.AUR KEC.MEDAN MAIMUN",
"mailingCityAddress": "Medan",
"mailingpostalCode": 20151,
"gender": "F",
"jobType": "Job8",
"identityType": 1,
"identityNumber": "1207224509940002",
"incomeSource": "Slr",
"additionalProperties": {
"jobDetail": {
"uraianPekerjaan": "",
"namaLembaga": "BANK CIMB NIAGA",
				"bidangUsaha": "PERBANKAN "
			},
			"maritalStatus": "N"
		}
},

"purchase": {
"productId": 1,
"referenceCode": "72210844",
"productCode": "B.101",
"parentProductId": 1,
"tenor": 12,
"paymentMethod": "301",
"paymentType": 2,
"up": 50000000,
"agrementDisclaimer": 701,
"premium": 1200000,
"autoDebet": "Y",
"purchaseDate": "20230714105826",
"bankCode": "014",
"ropBankCode": "014",
"bankAccount": "7860158684",
"bankAccountName": "dewi susanty",
"additionalInfo": {
"selfPurchaseFlag": 1
,
			"dealsCode": ""
}
},
"beneficiary": [{
"seqNo": "1",
"mobileNo": "081224947575",
"name": "ESTER JOICE",
"famrel": 4,
"gender": "F",
"birthDate": "20020202",
"percentage": 100,
"email": "dewisusanty1994@gmail.com"
}
]
}
