114.125.52.203 https://koreaversikamu.co.id/purchase/prepurchase?view=finish 13:59:54 2020-12-14

Content JSON:
{
"personalData": {
"fullName": "Fatrudin Kurniawan",
    "birthDate": "19740830", 
"birthPlace": "Medan",
"emailAddress": "kfatrudin2@gmail.com",
"mobilePhone": "08126010642",
"homePhone": "-",
"lineAddress1": "Jl. Emas No. 48A",
"lineAddress2": "-",
"cityAddress": "Medan",
"postalCode": 20212,
"sameMailing": "1",
"mailingLineAddress1": "Jl. Emas No. 48A",
"mailingLineAddress2": "-",
"mailingCityAddress": "Medan",
"mailingpostalCode": 20212,
"gender": "M",
"jobType": "Job19",
"identityType": 1,
"identityNumber": "1271103008740001",
"incomeSource": "Shu",
"additionalProperties": {
"jobDetail": {
"uraianPekerjaan": "",
"namaLembaga": "Fat Desain",
				"bidangUsaha": "Desainer "
			},
			"maritalStatus": "N"
		}
    },"policyHolder":{
"fullName": "Fatrudin Kurniawan",
    "birthDate": "19740830", 
"birthPlace": "Medan",
"emailAddress": "kfatrudin2@gmail.com",
"mobilePhone": "08126010642",
"homePhone": "-",
"lineAddress1": "Jl. Emas No. 48A",
"lineAddress2": "-",
"cityAddress": "Medan",
"postalCode": 20212,
"sameMailing": "1",
"mailingLineAddress1": "Jl. Emas No. 48A",
"mailingLineAddress2": "-",
"mailingCityAddress": "Medan",
"mailingpostalCode": 20212,
"gender": "M",
"jobType": "Job19",
"identityType": 1,
"identityNumber": "1271103008740001",
"incomeSource": "Shu",
"additionalProperties": {
"jobDetail": {
"uraianPekerjaan": "",
"namaLembaga": "Fat Desain",
				"bidangUsaha": "Desainer "
			},
			"maritalStatus": "N"
		}
},

"purchase": {
"productId": 1,
"referenceCode": "91910425",
"productCode": "B.101",
"parentProductId": 1,
"tenor": 12,
"paymentMethod": "301",
"paymentType": 2,
"up": 50000000,
"agrementDisclaimer": 701,
"premium": 1200000,
"autoDebet": "Y",
"purchaseDate": "20201214135954",
"bankCode": "014",
"ropBankCode": "014",
"bankAccount": "8280024679",
"bankAccountName": "Fatrudin Kurniawan",
"additionalInfo": {
"selfPurchaseFlag": 1
,
			"dealsCode": "CB100"
}
},
"beneficiary": [{
"seqNo": "1",
"mobileNo": "08126010642",
"name": "Samuel F Soeharli",
"famrel": 4,
"gender": "M",
"birthDate": "19931222",
"percentage": 100,
"email": "kfatrudin2@gmail.com"
}
]
}
