114.124.195.157 https://bucketlistplan.co.id/purchase/prepurchase?view=finish 23:25:48 2021-09-15

Content JSON:
{
"personalData": {
"fullName": "Tedi Irawan",
    "birthDate": "19751111", 
"birthPlace": "Cimahi",
"emailAddress": "teirahumaniora@gmail.com",
"mobilePhone": "085156789355",
"homePhone": "085156789355",
"lineAddress1": "Jl. Rama No. 34 RT7 RW4",
"lineAddress2": "Bambu Apus",
"cityAddress": "",
"postalCode": 13890,
"sameMailing": "0",
"mailingLineAddress1": "Komplek Puri Mutiara Cibubur A10",
"mailingLineAddress2": "Jl. Kupu-Kupu RT4 RW5 Pondok Ranggon",
"mailingCityAddress": "",
"mailingpostalCode": 13860,
"gender": "M",
"jobType": "Job8",
"identityType": 1,
"identityNumber": "3175101111750004",
"incomeSource": "Slr",
"additionalProperties": {
"jobDetail": {
"uraianPekerjaan": "",
"namaLembaga": "Yayasan Citta Semesta Indonesia Raya",
				"bidangUsaha": "Nirlaba "
			},
			"maritalStatus": "N"
		}
    },"policyHolder":{
"fullName": "Tedi Irawan",
    "birthDate": "19751111", 
"birthPlace": "Cimahi",
"emailAddress": "teirahumaniora@gmail.com",
"mobilePhone": "085156789355",
"homePhone": "085156789355",
"lineAddress1": "Jl. Rama No. 34 RT7 RW4",
"lineAddress2": "Bambu Apus",
"cityAddress": "",
"postalCode": 13890,
"sameMailing": "0",
"mailingLineAddress1": "Komplek Puri Mutiara Cibubur A10",
"mailingLineAddress2": "Jl. Kupu-Kupu RT4 RW5 Pondok Ranggon",
"mailingCityAddress": "",
"mailingpostalCode": 13860,
"gender": "M",
"jobType": "Job8",
"identityType": 1,
"identityNumber": "3175101111750004",
"incomeSource": "Slr",
"additionalProperties": {
"jobDetail": {
"uraianPekerjaan": "",
"namaLembaga": "Yayasan Citta Semesta Indonesia Raya",
				"bidangUsaha": "Nirlaba "
			},
			"maritalStatus": "N"
		}
},

"purchase": {
"productId": 3,
"referenceCode": "<br /><b>Notice</b>:  Undefined index: role in <b>/var/www/bucketlistplan.co.id/web/purchase/view-purchase/prepurchase-payment.php</b> on line <b>105</b><br />",
"productCode": "B.101",
"parentProductId": 3,
"tenor": 36,
"paymentMethod": "301",
"paymentType": 2,
"up": 50000000,
"agrementDisclaimer": 701,
"premium": 400000,
"autoDebet": "Y",
"purchaseDate": "20210915232546",
"bankCode": "014",
"ropBankCode": "014",
"bankAccount": "6870931326",
"bankAccountName": "Tedi Irawan",
"additionalInfo": {
"selfPurchaseFlag": 1
,
			"dealsCode": ""
}
},
"beneficiary": [{
"seqNo": "1",
"mobileNo": "082125184146",
"name": "Risman",
"famrel": 4,
"gender": "M",
"birthDate": "19790130",
"percentage": 50,
"email": "risjon32@gmail.com"
},{
"seqNo": "2",
"mobileNo": "083807259226",
"name": "Hendra Nano Hidayat",
"famrel": 4,
"gender": "M",
"birthDate": "19740829",
"percentage": 50,
"email": "hendra7412@gmail.com"
}
]
}
