114.125.101.93 https://bucketlistplan.co.id/purchase/prepurchase?view=finish 14:04:44 2021-01-16

Content JSON:
{
"personalData": {
"fullName": "Supriadianto",
    "birthDate": "19840726", 
"birthPlace": "Tanjungpandan",
"emailAddress": "adi@rumahkorea.id",
"mobilePhone": "081328404065",
"homePhone": "081328404065",
"lineAddress1": "Emerald Garden Regency Blok. C., Nomor. 3. Baturetno. Banguntapan",
"lineAddress2": "Emerald Garden Regency Blok. C., Nomor. 3. Baturetno. Banguntapan",
"cityAddress": "",
"postalCode": 55197,
"sameMailing": "1",
"mailingLineAddress1": "Emerald Garden Regency Blok. C., Nomor. 3. Baturetno. Banguntapan",
"mailingLineAddress2": "Emerald Garden Regency Blok. C., Nomor. 3. Baturetno. Banguntapan",
"mailingCityAddress": "",
"mailingpostalCode": 55197,
"gender": "M",
"jobType": "Job7",
"identityType": 1,
"identityNumber": "3404062607840010",
"incomeSource": "Slr",
"additionalProperties": {
"jobDetail": {
"uraianPekerjaan": "Dosen",
"namaLembaga": "Universitas Gadjah Mada",
				"bidangUsaha": " "
			},
			"maritalStatus": "Y"
		}
    },"policyHolder":{
"fullName": "Supriadianto",
    "birthDate": "19840726", 
"birthPlace": "Tanjungpandan",
"emailAddress": "adi@rumahkorea.id",
"mobilePhone": "081328404065",
"homePhone": "081328404065",
"lineAddress1": "Emerald Garden Regency Blok. C., Nomor. 3. Baturetno. Banguntapan",
"lineAddress2": "Emerald Garden Regency Blok. C., Nomor. 3. Baturetno. Banguntapan",
"cityAddress": "",
"postalCode": 55197,
"sameMailing": "1",
"mailingLineAddress1": "Emerald Garden Regency Blok. C., Nomor. 3. Baturetno. Banguntapan",
"mailingLineAddress2": "Emerald Garden Regency Blok. C., Nomor. 3. Baturetno. Banguntapan",
"mailingCityAddress": "",
"mailingpostalCode": 55197,
"gender": "M",
"jobType": "Job7",
"identityType": 1,
"identityNumber": "3404062607840010",
"incomeSource": "Slr",
"additionalProperties": {
"jobDetail": {
"uraianPekerjaan": "Dosen",
"namaLembaga": "Universitas Gadjah Mada",
				"bidangUsaha": " "
			},
			"maritalStatus": "Y"
		}
},

"purchase": {
"productId": 6,
"referenceCode": "00464",
"productCode": "B.101",
"parentProductId": 6,
"tenor": 36,
"paymentMethod": "301",
"paymentType": 2,
"up": 100000000,
"agrementDisclaimer": 701,
"premium": 600000,
"autoDebet": "Y",
"purchaseDate": "20210116140443",
"bankCode": "014",
"ropBankCode": "014",
"bankAccount": "6975273117",
"bankAccountName": "Supriadianto",
"additionalInfo": {
"selfPurchaseFlag": 1
,
			"dealsCode": "BLPCB100"
}
},
"beneficiary": [{
"seqNo": "1",
"mobileNo": "087812464174",
"name": "Geumbi Putri Adianto",
"famrel": 3,
"gender": "F",
"birthDate": "20170215",
"percentage": 100,
"email": "cadiuzaa12@yahoo.co.id"
}
]
}
