116.206.13.164 https://bucketlistplan.co.id/purchase/prepurchase?view=finish 09:38:52 2021-03-17

Content JSON:
{
"personalData": {
"fullName": "Bean",
    "birthDate": "19770401", 
"birthPlace": "Medan",
"emailAddress": "beanrosni@gmail.com",
"mobilePhone": "08112278782",
"homePhone": "082130197148",
"lineAddress1": "Jl Buana Indah Regency No.1 RT 007/012",
"lineAddress2": "Kopo, Bojongloa Kaler",
"cityAddress": "Bandung",
"postalCode": 40233,
"sameMailing": "1",
"mailingLineAddress1": "Jl Buana Indah Regency No.1 RT 007/012",
"mailingLineAddress2": "Kopo, Bojongloa Kaler",
"mailingCityAddress": "Bandung",
"mailingpostalCode": 40233,
"gender": "M",
"jobType": "Job8",
"identityType": 1,
"identityNumber": "3273040104770011",
"incomeSource": "Slr",
"additionalProperties": {
"jobDetail": {
"uraianPekerjaan": "",
"namaLembaga": "Asuransi",
				"bidangUsaha": "Asuransi "
			},
			"maritalStatus": "Y"
		}
    },"policyHolder":{
"fullName": "Bean",
    "birthDate": "19770401", 
"birthPlace": "Medan",
"emailAddress": "beanrosni@gmail.com",
"mobilePhone": "08112278782",
"homePhone": "082130197148",
"lineAddress1": "Jl Buana Indah Regency No.1 RT 007/012",
"lineAddress2": "Kopo, Bojongloa Kaler",
"cityAddress": "Bandung",
"postalCode": 40233,
"sameMailing": "1",
"mailingLineAddress1": "Jl Buana Indah Regency No.1 RT 007/012",
"mailingLineAddress2": "Kopo, Bojongloa Kaler",
"mailingCityAddress": "Bandung",
"mailingpostalCode": 40233,
"gender": "M",
"jobType": "Job8",
"identityType": 1,
"identityNumber": "3273040104770011",
"incomeSource": "Slr",
"additionalProperties": {
"jobDetail": {
"uraianPekerjaan": "",
"namaLembaga": "Asuransi",
				"bidangUsaha": "Asuransi "
			},
			"maritalStatus": "Y"
		}
},

"purchase": {
"productId": 1,
"referenceCode": "91910614",
"productCode": "B.101",
"parentProductId": 1,
"tenor": 12,
"paymentMethod": "301",
"paymentType": 2,
"up": 50000000,
"agrementDisclaimer": 701,
"premium": 1200000,
"autoDebet": "Y",
"purchaseDate": "20210317093851",
"bankCode": "014",
"ropBankCode": "014",
"bankAccount": "3900177771",
"bankAccountName": "Winnarny Rosni",
"additionalInfo": {
"selfPurchaseFlag": 1
,
			"dealsCode": ""
}
},
"beneficiary": [{
"seqNo": "1",
"mobileNo": "081241313611",
"name": "Winarny Rosni",
"famrel": 1,
"gender": "F",
"birthDate": "19561101",
"percentage": 100,
"email": "winarny@kompak.co.id"
}
]
}
202.67.41.4 https://bucketlistplan.co.id/purchase/prepurchase?view=finish 17:09:59 2021-03-17

Content JSON:
{
"personalData": {
"fullName": "Drs. Eko Utomo",
    "birthDate": "19670411", 
"birthPlace": "Sidoarjo",
"emailAddress": "dewantihutami@icloud.com",
"mobilePhone": "08979656628",
"homePhone": "08979656628",
"lineAddress1": "Jl. Mandala 470-B semambung",
"lineAddress2": "Sidoarjo",
"cityAddress": "",
"postalCode": 61254,
"sameMailing": "0",
"mailingLineAddress1": "Surya Inti Permata blok e.37-38 no.6 Juanda",
"mailingLineAddress2": "Nomer 6",
"mailingCityAddress": "",
"mailingpostalCode": 61253,
"gender": "M",
"jobType": "Job8",
"identityType": 1,
"identityNumber": "3515161104670002",
"incomeSource": "Slr",
"additionalProperties": {
"jobDetail": {
"uraianPekerjaan": "",
"namaLembaga": "PT INTEGRA INDOCABINET GROUP",
				"bidangUsaha": "Wood "
			},
			"maritalStatus": "Y"
		}
    },"policyHolder":{
"fullName": "Drs. Eko Utomo",
    "birthDate": "19670411", 
"birthPlace": "Sidoarjo",
"emailAddress": "dewantihutami@icloud.com",
"mobilePhone": "08979656628",
"homePhone": "08979656628",
"lineAddress1": "Jl. Mandala 470-B semambung",
"lineAddress2": "Sidoarjo",
"cityAddress": "",
"postalCode": 61254,
"sameMailing": "0",
"mailingLineAddress1": "Surya Inti Permata blok e.37-38 no.6 Juanda",
"mailingLineAddress2": "Nomer 6",
"mailingCityAddress": "",
"mailingpostalCode": 61253,
"gender": "M",
"jobType": "Job8",
"identityType": 1,
"identityNumber": "3515161104670002",
"incomeSource": "Slr",
"additionalProperties": {
"jobDetail": {
"uraianPekerjaan": "",
"namaLembaga": "PT INTEGRA INDOCABINET GROUP",
				"bidangUsaha": "Wood "
			},
			"maritalStatus": "Y"
		}
},

"purchase": {
"productId": 10,
"referenceCode": "92011518",
"productCode": "B.101",
"parentProductId": 10,
"tenor": 36,
"paymentMethod": "301",
"paymentType": 2,
"up": 25000000,
"agrementDisclaimer": 701,
"premium": 250000,
"autoDebet": "Y",
"purchaseDate": "20210317170954",
"bankCode": "014",
"ropBankCode": "014",
"bankAccount": "6670110395",
"bankAccountName": "Drs eko utomo",
"additionalInfo": {
"selfPurchaseFlag": 1
,
			"dealsCode": ""
}
},
"beneficiary": [{
"seqNo": "1",
"mobileNo": "08979656628",
"name": "Dewanti Ari Hutami",
"famrel": 3,
"gender": "F",
"birthDate": "19960225",
"percentage": 100,
"email": "dewantiarihutami@yahoo.co.id"
}
]
}
