45.126.185.209 https://bucketlistplan.co.id/purchase/prepurchase?view=finish 14:42:38 2023-07-17

Content JSON:
{
"personalData": {
"fullName": "Lina Maja",
    "birthDate": "19860517", 
"birthPlace": "Serbelawan",
"emailAddress": "bill.hock88@gmail.com",
"mobilePhone": "081269992288",
"homePhone": "081269992288",
"lineAddress1": "Mutiara Place Blok D. No.21 Medan",
"lineAddress2": "Idem",
"cityAddress": "",
"postalCode": 20000,
"sameMailing": "1",
"mailingLineAddress1": "Mutiara Place Blok D. No.21 Medan",
"mailingLineAddress2": "Idem",
"mailingCityAddress": "",
"mailingpostalCode": 20000,
"gender": "F",
"jobType": "Job19",
"identityType": 1,
"identityNumber": "1271045705860008",
"incomeSource": "Shu",
"additionalProperties": {
"jobDetail": {
"uraianPekerjaan": "",
"namaLembaga": "Hockani crab",
				"bidangUsaha": "Makanan seafood "
			},
			"maritalStatus": "Y"
		}
    },"policyHolder":{
"fullName": "Lina Maja",
    "birthDate": "19860517", 
"birthPlace": "Serbelawan",
"emailAddress": "bill.hock88@gmail.com",
"mobilePhone": "081269992288",
"homePhone": "081269992288",
"lineAddress1": "Mutiara Place Blok D. No.21 Medan",
"lineAddress2": "Idem",
"cityAddress": "",
"postalCode": 20000,
"sameMailing": "1",
"mailingLineAddress1": "Mutiara Place Blok D. No.21 Medan",
"mailingLineAddress2": "Idem",
"mailingCityAddress": "",
"mailingpostalCode": 20000,
"gender": "F",
"jobType": "Job19",
"identityType": 1,
"identityNumber": "1271045705860008",
"incomeSource": "Shu",
"additionalProperties": {
"jobDetail": {
"uraianPekerjaan": "",
"namaLembaga": "Hockani crab",
				"bidangUsaha": "Makanan seafood "
			},
			"maritalStatus": "Y"
		}
},

"purchase": {
"productId": 8,
"referenceCode": "72210842",
"productCode": "B.101",
"parentProductId": 8,
"tenor": 12,
"paymentMethod": "301",
"paymentType": 2,
"up": 25000000,
"agrementDisclaimer": 701,
"premium": 750000,
"autoDebet": "Y",
"purchaseDate": "20230717144237",
"bankCode": "014",
"ropBankCode": "014",
"bankAccount": "8075079806",
"bankAccountName": "Lina Maja",
"additionalInfo": {
"selfPurchaseFlag": 1
,
			"dealsCode": ""
}
},
"beneficiary": [{
"seqNo": "1",
"mobileNo": "081269992288",
"name": "Susanto",
"famrel": 2,
"gender": "M",
"birthDate": "19890421",
"percentage": 100,
"email": "bill.hock88@gmail.com"
}
]
}
