120.188.86.173 https://bucketlistplan.co.id/prepurchase?view=finish 15:20:10 2020-10-17

Content JSON:
{
"personalData": {
"fullName": "Sintya paulina rehatta",
    "birthDate": "19801006", 
"birthPlace": "Surabaya",
"emailAddress": "sintiapaulinarehatta@gmail.com",
"mobilePhone": "083849761016",
"homePhone": "083849761016",
"lineAddress1": "Kalibutuh gg. Lebar/63-h",
"lineAddress2": "Rt 009/rw 007 ",
"cityAddress": "Surabaya",
"postalCode": 60171,
"sameMailing": "1",
"mailingLineAddress1": "Kalibutuh gg. Lebar/63-h",
"mailingLineAddress2": "Rt 009/rw 007 ",
"mailingCityAddress": "Surabaya",
"mailingpostalCode": 60171,
"gender": "F",
"jobType": "Job8",
"identityType": 1,
"identityNumber": "3578134610800003",
"incomeSource": "Slr",
"additionalProperties": {
"jobDetail": {
"uraianPekerjaan": "",
"namaLembaga": "Kopdit dharma putra swadaya",
				"bidangUsaha": "Koperasi "
			},
			"maritalStatus": "N"
		}
    },"policyHolder":{
"fullName": "Sintya paulina rehatta",
    "birthDate": "19801006", 
"birthPlace": "Surabaya",
"emailAddress": "sintiapaulinarehatta@gmail.com",
"mobilePhone": "083849761016",
"homePhone": "083849761016",
"lineAddress1": "Kalibutuh gg. Lebar/63-h",
"lineAddress2": "Rt 009/rw 007 ",
"cityAddress": "Surabaya",
"postalCode": 60171,
"sameMailing": "1",
"mailingLineAddress1": "Kalibutuh gg. Lebar/63-h",
"mailingLineAddress2": "Rt 009/rw 007 ",
"mailingCityAddress": "Surabaya",
"mailingpostalCode": 60171,
"gender": "F",
"jobType": "Job8",
"identityType": 1,
"identityNumber": "3578134610800003",
"incomeSource": "Slr",
"additionalProperties": {
"jobDetail": {
"uraianPekerjaan": "",
"namaLembaga": "Kopdit dharma putra swadaya",
				"bidangUsaha": "Koperasi "
			},
			"maritalStatus": "N"
		}
},

"purchase": {
"productId": 8,
"referenceCode": "92011518",
"productCode": "B.101",
"parentProductId": 8,
"tenor": 12,
"paymentMethod": "301",
"paymentType": 2,
"up": 25000000,
"agrementDisclaimer": 701,
"premium": 750000,
"autoDebet": "Y",
"purchaseDate": "20201017152009",
"bankCode": "014",
"ropBankCode": "014",
"bankAccount": "1010941781",
"bankAccountName": "Sintya paulina rehatta",
"additionalInfo": {
"selfPurchaseFlag": 1
,
			"dealsCode": "92011518"
}
},
"beneficiary": [{
"seqNo": "1",
"mobileNo": "083849761016",
"name": "Alexander napoleon rehatta",
"famrel": 4,
"gender": "M",
"birthDate": "20090509",
"percentage": 100,
"email": "sintiapaulinarehatta@gmail.com"
}
]
}
