175.158.36.28 https://bucketlistplan.co.id/purchase/prepurchase?view=finish 21:09:59 2022-10-17

Content JSON:
{
"personalData": {
"fullName": "LILY SUSANTI",
    "birthDate": "19861119", 
"birthPlace": "Medan",
"emailAddress": "lily.philbert@gmail.com",
"mobilePhone": "08196088811",
"homePhone": "08196088811",
"lineAddress1": "Jln. B. Katamso GG Datuk No. 11-A",
"lineAddress2": "Medan",
"cityAddress": "Medan",
"postalCode": 20158,
"sameMailing": "1",
"mailingLineAddress1": "Jln. B. Katamso GG Datuk No. 11-A",
"mailingLineAddress2": "Medan",
"mailingCityAddress": "Medan",
"mailingpostalCode": 20158,
"gender": "F",
"jobType": "Job21",
"identityType": 1,
"identityNumber": "1271155911860002",
"incomeSource": "Shu",
"additionalProperties": {
"jobDetail": {
"uraianPekerjaan": "",
"namaLembaga": "",
				"bidangUsaha": " "
			},
			"maritalStatus": "Y"
		}
    },"policyHolder":{
"fullName": "LILY SUSANTI",
    "birthDate": "19861119", 
"birthPlace": "Medan",
"emailAddress": "lily.philbert@gmail.com",
"mobilePhone": "08196088811",
"homePhone": "08196088811",
"lineAddress1": "Jln. B. Katamso GG Datuk No. 11-A",
"lineAddress2": "Medan",
"cityAddress": "Medan",
"postalCode": 20158,
"sameMailing": "1",
"mailingLineAddress1": "Jln. B. Katamso GG Datuk No. 11-A",
"mailingLineAddress2": "Medan",
"mailingCityAddress": "Medan",
"mailingpostalCode": 20158,
"gender": "F",
"jobType": "Job21",
"identityType": 1,
"identityNumber": "1271155911860002",
"incomeSource": "Shu",
"additionalProperties": {
"jobDetail": {
"uraianPekerjaan": "",
"namaLembaga": "",
				"bidangUsaha": " "
			},
			"maritalStatus": "Y"
		}
},

"purchase": {
"productId": 4,
"referenceCode": "72210243",
"productCode": "B.101",
"parentProductId": 4,
"tenor": 12,
"paymentMethod": "301",
"paymentType": 2,
"up": 100000000,
"agrementDisclaimer": 701,
"premium": 1800000,
"autoDebet": "Y",
"purchaseDate": "20221017210957",
"bankCode": "014",
"ropBankCode": "014",
"bankAccount": "8430279824",
"bankAccountName": "LILY SUSANTI",
"additionalInfo": {
"selfPurchaseFlag": 1
,
			"dealsCode": ""
}
},
"beneficiary": [{
"seqNo": "1",
"mobileNo": "08196088811",
"name": "SIU TJHAI ALIAS ELIDAWATY",
"famrel": 3,
"gender": "F",
"birthDate": "19570401",
"percentage": 100,
"email": "lily.philbert@gmail.com"
}
]
}
