125.164.5.113 https://bucketlistplan.co.id/purchase/prepurchase?view=finish 12:00:42 2023-11-17

Content JSON:
{
"personalData": {
"fullName": "destari, A.MD",
    "birthDate": "19840714", 
"birthPlace": "Probolinggo",
"emailAddress": "arikaddinridho@gmail.com",
"mobilePhone": "085331514556",
"homePhone": "085331514556",
"lineAddress1": "perum its blok j21",
"lineAddress2": "perum its blok j21",
"cityAddress": "Surabaya",
"postalCode": 60117,
"sameMailing": "1",
"mailingLineAddress1": "perum its blok j21",
"mailingLineAddress2": "perum its blok j21",
"mailingCityAddress": "Surabaya",
"mailingpostalCode": 60117,
"gender": "F",
"jobType": "Job23",
"identityType": 1,
"identityNumber": "3578095407840001",
"incomeSource": "Slr",
"additionalProperties": {
"jobDetail": {
"uraianPekerjaan": "dosen",
"namaLembaga": "its",
				"bidangUsaha": "pengajar "
			},
			"maritalStatus": "Y"
		}
    },"policyHolder":{
"fullName": "destari, A.MD",
    "birthDate": "19840714", 
"birthPlace": "Probolinggo",
"emailAddress": "arikaddinridho@gmail.com",
"mobilePhone": "085331514556",
"homePhone": "085331514556",
"lineAddress1": "perum its blok j21",
"lineAddress2": "perum its blok j21",
"cityAddress": "Surabaya",
"postalCode": 60117,
"sameMailing": "1",
"mailingLineAddress1": "perum its blok j21",
"mailingLineAddress2": "perum its blok j21",
"mailingCityAddress": "Surabaya",
"mailingpostalCode": 60117,
"gender": "F",
"jobType": "Job23",
"identityType": 1,
"identityNumber": "3578095407840001",
"incomeSource": "Slr",
"additionalProperties": {
"jobDetail": {
"uraianPekerjaan": "dosen",
"namaLembaga": "its",
				"bidangUsaha": "pengajar "
			},
			"maritalStatus": "Y"
		}
},

"purchase": {
"productId": 1,
"referenceCode": "72311467",
"productCode": "B.101",
"parentProductId": 1,
"tenor": 12,
"paymentMethod": "301",
"paymentType": 2,
"up": 50000000,
"agrementDisclaimer": 701,
"premium": 1200000,
"autoDebet": "Y",
"purchaseDate": "20231117120041",
"bankCode": "014",
"ropBankCode": "014",
"bankAccount": "5075034455",
"bankAccountName": "destari",
"ewalletNo": "085331514556",
"ewalletType": "OVO",
"ewalletName": "destari",
"additionalInfo": {
"selfPurchaseFlag": 1
,
			"dealsCode": ""
}
},
"beneficiary": [{
"seqNo": "1",
"mobileNo": "08113477357",
"name": "ridho bayuaji",
"famrel": 2,
"gender": "M",
"birthDate": "19730710",
"percentage": 100,
"email": "a3ridho@gmail.com"
}
]
}
