180.252.166.203 https://bucketlistplan.co.id/purchase/prepurchase?view=finish 09:57:44 2021-10-18

Content JSON:
{
"personalData": {
"fullName": "susanto",
    "birthDate": "19750829", 
"birthPlace": "Jakarta",
"emailAddress": "suzantozo@gmail.com",
"mobilePhone": "08118112611",
"homePhone": "0",
"lineAddress1": "jl. h. yusuf no.53 ciledug tangerang prov banten",
"lineAddress2": "tangerang",
"cityAddress": "Tangerang",
"postalCode": 15153,
"sameMailing": "1",
"mailingLineAddress1": "jl. h. yusuf no.53 ciledug tangerang prov banten",
"mailingLineAddress2": "tangerang",
"mailingCityAddress": "Tangerang",
"mailingpostalCode": 15153,
"gender": "M",
"jobType": "Job15",
"identityType": 1,
"identityNumber": "3671062908750004",
"incomeSource": "Shu",
"additionalProperties": {
"jobDetail": {
"uraianPekerjaan": "",
"namaLembaga": "",
				"bidangUsaha": " "
			},
			"maritalStatus": "Y"
		}
    },"policyHolder":{
"fullName": "susanto",
    "birthDate": "19750829", 
"birthPlace": "Jakarta",
"emailAddress": "suzantozo@gmail.com",
"mobilePhone": "08118112611",
"homePhone": "0",
"lineAddress1": "jl. h. yusuf no.53 ciledug tangerang prov banten",
"lineAddress2": "tangerang",
"cityAddress": "Tangerang",
"postalCode": 15153,
"sameMailing": "1",
"mailingLineAddress1": "jl. h. yusuf no.53 ciledug tangerang prov banten",
"mailingLineAddress2": "tangerang",
"mailingCityAddress": "Tangerang",
"mailingpostalCode": 15153,
"gender": "M",
"jobType": "Job15",
"identityType": 1,
"identityNumber": "3671062908750004",
"incomeSource": "Shu",
"additionalProperties": {
"jobDetail": {
"uraianPekerjaan": "",
"namaLembaga": "",
				"bidangUsaha": " "
			},
			"maritalStatus": "Y"
		}
},

"purchase": {
"productId": 8,
"referenceCode": "",
"productCode": "B.101",
"parentProductId": 8,
"tenor": 12,
"paymentMethod": "301",
"paymentType": 2,
"up": 25000000,
"agrementDisclaimer": 701,
"premium": 750000,
"autoDebet": "Y",
"purchaseDate": "20211018095743",
"bankCode": "014",
"ropBankCode": "014",
"bankAccount": "0350971581",
"bankAccountName": "susanto",
"additionalInfo": {
"selfPurchaseFlag": 1
,
			"dealsCode": ""
}
},
"beneficiary": [{
"seqNo": "1",
"mobileNo": "0811118723",
"name": "nurfaizah",
"famrel": 2,
"gender": "F",
"birthDate": "19761026",
"percentage": 100,
"email": "eva.susanto@gmail.com"
}
]
}
