165.225.112.88 https://bucketlistplan.co.id/purchase/prepurchase?view=finish 17:40:42 2021-06-19

Content JSON:
{
"personalData": {
"fullName": "uyrdsdksd sjdksjdks",
    "birthDate": "19990615", 
"birthPlace": "Sawahlunto",
"emailAddress": "t12est@gmail.com",
"mobilePhone": "83483748348",
"homePhone": "844435454545",
"lineAddress1": "sdsds",
"lineAddress2": "sdsd",
"cityAddress": "",
"postalCode": 34343,
"sameMailing": "0",
"mailingLineAddress1": "hdfkdjkjd",
"mailingLineAddress2": "sdfgfdf",
"mailingCityAddress": "Samarinda",
"mailingpostalCode": 34344,
"gender": "M",
"jobType": "Job8",
"identityType": 1,
"identityNumber": "2763232323998922",
"incomeSource": "Slr",
"additionalProperties": {
"jobDetail": {
"uraianPekerjaan": "",
"namaLembaga": "sdsdsd",
				"bidangUsaha": "ssdsd "
			},
			"maritalStatus": "N"
		}
    },"policyHolder":{
"fullName": "uyrdsdksd sjdksjdks",
    "birthDate": "19990615", 
"birthPlace": "Sawahlunto",
"emailAddress": "t12est@gmail.com",
"mobilePhone": "83483748348",
"homePhone": "844435454545",
"lineAddress1": "sdsds",
"lineAddress2": "sdsd",
"cityAddress": "",
"postalCode": 34343,
"sameMailing": "0",
"mailingLineAddress1": "hdfkdjkjd",
"mailingLineAddress2": "sdfgfdf",
"mailingCityAddress": "Samarinda",
"mailingpostalCode": 34344,
"gender": "M",
"jobType": "Job8",
"identityType": 1,
"identityNumber": "2763232323998922",
"incomeSource": "Slr",
"additionalProperties": {
"jobDetail": {
"uraianPekerjaan": "",
"namaLembaga": "sdsdsd",
				"bidangUsaha": "ssdsd "
			},
			"maritalStatus": "N"
		}
},

"purchase": {
"productId": 1,
"referenceCode": "",
"productCode": "B.101",
"parentProductId": 1,
"tenor": 12,
"paymentMethod": "301",
"paymentType": 2,
"up": 50000000,
"agrementDisclaimer": 701,
"premium": 1200000,
"autoDebet": "Y",
"purchaseDate": "20210619174041",
"bankCode": "911",
"ropBankCode": "911",
"bankAccount": "34553335355353453",
"bankAccountName": "sdsdsd",
"additionalInfo": {
"selfPurchaseFlag": 1
,
			"dealsCode": ""
}
},
"beneficiary": [{
"seqNo": "1",
"mobileNo": "9859658563434",
"name": "greyrei jtrjkdfd",
"famrel": 1,
"gender": "M",
"birthDate": "19700610",
"percentage": 100,
"email": "sdsdxc@gmak.com"
}
]
}
