125.164.5.113 https://bucketlistplan.co.id/purchase/prepurchase?view=finish 08:46:43 2023-11-19

Content JSON:
{
"personalData": {
"fullName": "TAN HELLENA MELANI",
    "birthDate": "19910307", 
"birthPlace": "Surabaya",
"emailAddress": "hellenaace91@gmail.com",
"mobilePhone": "082233933311",
"homePhone": "082233933311",
"lineAddress1": "LEBAK JAYA 2 UTARA 38-C",
"lineAddress2": "LEBAK JAYA 2 UTARA 38-C",
"cityAddress": "Surabaya",
"postalCode": 60134,
"sameMailing": "1",
"mailingLineAddress1": "LEBAK JAYA 2 UTARA 38-C",
"mailingLineAddress2": "LEBAK JAYA 2 UTARA 38-C",
"mailingCityAddress": "Surabaya",
"mailingpostalCode": 60134,
"gender": "F",
"jobType": "Job23",
"identityType": 1,
"identityNumber": "3578274703910001",
"incomeSource": "Shu",
"additionalProperties": {
"jobDetail": {
"uraianPekerjaan": "AGEN ASURANSI",
"namaLembaga": "MANULIFE",
				"bidangUsaha": "ASURANSI "
			},
			"maritalStatus": "Y"
		}
    },"policyHolder":{
"fullName": "TAN HELLENA MELANI",
    "birthDate": "19910307", 
"birthPlace": "Surabaya",
"emailAddress": "hellenaace91@gmail.com",
"mobilePhone": "082233933311",
"homePhone": "082233933311",
"lineAddress1": "LEBAK JAYA 2 UTARA 38-C",
"lineAddress2": "LEBAK JAYA 2 UTARA 38-C",
"cityAddress": "Surabaya",
"postalCode": 60134,
"sameMailing": "1",
"mailingLineAddress1": "LEBAK JAYA 2 UTARA 38-C",
"mailingLineAddress2": "LEBAK JAYA 2 UTARA 38-C",
"mailingCityAddress": "Surabaya",
"mailingpostalCode": 60134,
"gender": "F",
"jobType": "Job23",
"identityType": 1,
"identityNumber": "3578274703910001",
"incomeSource": "Shu",
"additionalProperties": {
"jobDetail": {
"uraianPekerjaan": "AGEN ASURANSI",
"namaLembaga": "MANULIFE",
				"bidangUsaha": "ASURANSI "
			},
			"maritalStatus": "Y"
		}
},

"purchase": {
"productId": 4,
"referenceCode": "72311467",
"productCode": "B.101",
"parentProductId": 4,
"tenor": 12,
"paymentMethod": "301",
"paymentType": 2,
"up": 100000000,
"agrementDisclaimer": 701,
"premium": 1800000,
"autoDebet": "Y",
"purchaseDate": "20231119084642",
"bankCode": "008",
"ropBankCode": "008",
"bankAccount": "1420017634618",
"bankAccountName": "TAN HELLENA MELANI",
"ewalletNo": "082233933311",
"ewalletType": "GOPAY",
"ewalletName": "TAN HELLENA MELANI",
"additionalInfo": {
"selfPurchaseFlag": 1
,
			"dealsCode": ""
}
},
"beneficiary": [{
"seqNo": "1",
"mobileNo": "081230350333",
"name": "DONNY HARYONO",
"famrel": 2,
"gender": "M",
"birthDate": "19850923",
"percentage": 100,
"email": "donnyace85@gmail.com"
}
]
}
