36.71.154.139 https://bucketlistplan.co.id/prepurchase?view=finish 14:27:16 2019-12-19

Content JSON:
{
"personalData": {
"fullName": "Hanwha Test Account Dorado",
    "birthDate": "19960617", 
"birthPlace": "Jakarta",
"emailAddress": "hanwha@dorado.id",
"mobilePhone": "0812312312312",
"homePhone": "0812312312312",
"lineAddress1": "Jakarta",
"lineAddress2": "Jakarta",
"cityAddress": "Tangerang",
"postalCode": 12312,
"sameMailing": "1",
"mailingLineAddress1": "Jakarta",
"mailingLineAddress2": "Jakarta",
"mailingCityAddress": "Tangerang",
"mailingpostalCode": 12312,
"gender": "M",
"jobType": "Job8",
"identityType": 1,
"identityNumber": "1234567890123123",
"incomeSource": "Slr",
"additionalProperties": {
"jobDetail": {
"uraianPekerjaan": "",
"namaLembaga": "Dorado",
				"bidangUsaha": "Digital "
			},
			"dealsCode": "PROMOHANWHA",
			"maritalStatus": "N"
		}
    },

"purchase": {
"productId": 3,
"referenceCode": "19919712",
"productCode": "B.101",
"parentProductId": 3,
"tenor": 36,
"paymentMethod": "301",
"paymentType": 2,
"up": 50000000,
"agrementDisclaimer": 701,
"premium": 400000,
"autoDebet": "Y",
"purchaseDate": "20191219142716",
"bankCode": "014",
"ropBankCode": "014",
"bankAccount": "6040849341",
"bankAccountName": "Feryan Elvareza Ariesta",
"additionalInfo": {
"selfPurchaseFlag": 1
,
			"dealsCode": "PROMOHANWHA"
}
},
"beneficiary": [{
"seqNo": "1",
"mobileNo": "08569888077",
"name": "Fery",
"famrel": 4,
"gender": "M",
"birthDate": "19960617",
"percentage": 100,
"email": "fery@dorado.id"
}
]
}
