222.165.221.190 https://bucketlistplan.co.id/purchase/prepurchase?view=finish 05:33:00 2022-04-20

Content JSON:
{
"personalData": {
"fullName": "Citra Anisa Aprillia",
    "birthDate": "19930419", 
"birthPlace": "Jakarta",
"emailAddress": "citraprilly@gmail.com",
"mobilePhone": "08568813920",
"homePhone": "0",
"lineAddress1": "Jalan Kebon Sirih Barat Dalam No 41, kebon sirih",
"lineAddress2": "Menteng, Jakarta pusat",
"cityAddress": "",
"postalCode": 10340,
"sameMailing": "0",
"mailingLineAddress1": "Jalan Gamprit gg.taruna 2 no 76, rt2/2 ",
"mailingLineAddress2": "jatiwaringin pondokgede, bekasi 17411",
"mailingCityAddress": "Bekasi",
"mailingpostalCode": 17411,
"gender": "F",
"jobType": "Job8",
"identityType": 1,
"identityNumber": "3275085904930014",
"incomeSource": "Slr",
"additionalProperties": {
"jobDetail": {
"uraianPekerjaan": "",
"namaLembaga": "Hanwha Life Indonesia",
				"bidangUsaha": "Insurance "
			},
			"maritalStatus": "Y"
		}
    },"policyHolder":{
"fullName": "Citra Anisa Aprillia",
    "birthDate": "19930419", 
"birthPlace": "Jakarta",
"emailAddress": "citraprilly@gmail.com",
"mobilePhone": "08568813920",
"homePhone": "0",
"lineAddress1": "Jalan Kebon Sirih Barat Dalam No 41, kebon sirih",
"lineAddress2": "Menteng, Jakarta pusat",
"cityAddress": "",
"postalCode": 10340,
"sameMailing": "0",
"mailingLineAddress1": "Jalan Gamprit gg.taruna 2 no 76, rt2/2 ",
"mailingLineAddress2": "jatiwaringin pondokgede, bekasi 17411",
"mailingCityAddress": "Bekasi",
"mailingpostalCode": 17411,
"gender": "F",
"jobType": "Job8",
"identityType": 1,
"identityNumber": "3275085904930014",
"incomeSource": "Slr",
"additionalProperties": {
"jobDetail": {
"uraianPekerjaan": "",
"namaLembaga": "Hanwha Life Indonesia",
				"bidangUsaha": "Insurance "
			},
			"maritalStatus": "Y"
		}
},

"purchase": {
"productId": 1,
"referenceCode": "00000576",
"productCode": "B.101",
"parentProductId": 1,
"tenor": 12,
"paymentMethod": "301",
"paymentType": 2,
"up": 50000000,
"agrementDisclaimer": 701,
"premium": 1200000,
"autoDebet": "Y",
"purchaseDate": "20220420053259",
"bankCode": "009",
"ropBankCode": "009",
"bankAccount": "0889392416",
"bankAccountName": "Citra Anisa Aprillia",
"additionalInfo": {
"selfPurchaseFlag": 1
,
			"dealsCode": "RamadhanBlessing"
}
},
"beneficiary": [{
"seqNo": "1",
"mobileNo": "628567484283",
"name": "Wishal Dwi praja",
"famrel": 2,
"gender": "M",
"birthDate": "19930702",
"percentage": 100,
"email": "wishal.dwi.praja@gmail.com"
}
]
}
10.1.1.33 https://bucketlistplan.co.id/purchase/prepurchase?view=finish 11:48:56 2022-04-20

Content JSON:
{
"personalData": {
"fullName": "Primasari Adelia",
    "birthDate": "19700101", 
"birthPlace": "subang",
"emailAddress": "primasaryadelia@gmail.com",
"mobilePhone": "085694111226",
"homePhone": "085694111226",
"lineAddress1": "Pamulang Barat, RT 002/007",
"lineAddress2": "pamulang, tangsel",
"cityAddress": "Tangerang selatan",
"postalCode": 15415,
"sameMailing": "1",
"mailingLineAddress1": "Pamulang Barat, RT 002/007",
"mailingLineAddress2": "pamulang, tangsel",
"mailingCityAddress": "Tangerang selatan",
"mailingpostalCode": 15415,
"gender": "F",
"jobType": "Job23",
"identityType": 1,
"identityNumber": "3674066612920002",
"incomeSource": "Slr",
"additionalProperties": {
"jobDetail": {
"uraianPekerjaan": "usaha sampingan",
"namaLembaga": "usaha sampingan",
				"bidangUsaha": "usaha sampingan "
			},
			"maritalStatus": "Y"
		}
    },"policyHolder":{
"fullName": "Primasari Adelia",
    "birthDate": "19700101", 
"birthPlace": "subang",
"emailAddress": "primasaryadelia@gmail.com",
"mobilePhone": "085694111226",
"homePhone": "085694111226",
"lineAddress1": "Pamulang Barat, RT 002/007",
"lineAddress2": "pamulang, tangsel",
"cityAddress": "Tangerang selatan",
"postalCode": 15415,
"sameMailing": "1",
"mailingLineAddress1": "Pamulang Barat, RT 002/007",
"mailingLineAddress2": "pamulang, tangsel",
"mailingCityAddress": "Tangerang selatan",
"mailingpostalCode": 15415,
"gender": "F",
"jobType": "Job23",
"identityType": 1,
"identityNumber": "3674066612920002",
"incomeSource": "Slr",
"additionalProperties": {
"jobDetail": {
"uraianPekerjaan": "usaha sampingan",
"namaLembaga": "usaha sampingan",
				"bidangUsaha": "usaha sampingan "
			},
			"maritalStatus": "Y"
		}
},

"purchase": {
"productId": 8,
"referenceCode": "00000349",
"productCode": "B.101",
"parentProductId": 8,
"tenor": 12,
"paymentMethod": "301",
"paymentType": 2,
"up": 25000000,
"agrementDisclaimer": 701,
"premium": 750000,
"autoDebet": "Y",
"purchaseDate": "20220420114854",
"bankCode": "014",
"ropBankCode": "014",
"bankAccount": "4731259032",
"bankAccountName": "Primasari Adelia",
"additionalInfo": {
"selfPurchaseFlag": 1
,
			"dealsCode": ""
}
},
"beneficiary": [{
"seqNo": "1",
"mobileNo": "085159936652",
"name": "Alfath Bima Alhudaya",
"famrel": 3,
"gender": "M",
"birthDate": "20121008",
"percentage": 100,
"email": "primasaryadelia@gmail.com"
}
]
}
