114.124.182.113 https://bucketlistplan.co.id/purchase/prepurchase?view=finish 12:39:35 2022-12-20

Content JSON:
{
"personalData": {
"fullName": "Albine Pardede",
    "birthDate": "19650815", 
"birthPlace": "Pematang siantar",
"emailAddress": "pardedealbine@gmail.com",
"mobilePhone": "08129420545",
"homePhone": "08129420545",
"lineAddress1": "Jl. Trisatya blok III No.26. Bekasi Timur",
"lineAddress2": "Bekasi",
"cityAddress": "",
"postalCode": 17116,
"sameMailing": "0",
"mailingLineAddress1": "Jalan taman beryl No.36. Gading Serpong, Tangerang",
"mailingLineAddress2": "Tangerang",
"mailingCityAddress": "Tangerang",
"mailingpostalCode": 15811,
"gender": "F",
"jobType": "Job8",
"identityType": 1,
"identityNumber": "3275055508650020",
"incomeSource": "Slr",
"additionalProperties": {
"jobDetail": {
"uraianPekerjaan": "",
"namaLembaga": "PT. Hanwha Life Insurance Indonesia",
				"bidangUsaha": "Insurance "
			},
			"maritalStatus": "Y"
		}
    },"policyHolder":{
"fullName": "Albine Pardede",
    "birthDate": "19650815", 
"birthPlace": "Pematang siantar",
"emailAddress": "pardedealbine@gmail.com",
"mobilePhone": "08129420545",
"homePhone": "08129420545",
"lineAddress1": "Jl. Trisatya blok III No.26. Bekasi Timur",
"lineAddress2": "Bekasi",
"cityAddress": "",
"postalCode": 17116,
"sameMailing": "0",
"mailingLineAddress1": "Jalan taman beryl No.36. Gading Serpong, Tangerang",
"mailingLineAddress2": "Tangerang",
"mailingCityAddress": "Tangerang",
"mailingpostalCode": 15811,
"gender": "F",
"jobType": "Job8",
"identityType": 1,
"identityNumber": "3275055508650020",
"incomeSource": "Slr",
"additionalProperties": {
"jobDetail": {
"uraianPekerjaan": "",
"namaLembaga": "PT. Hanwha Life Insurance Indonesia",
				"bidangUsaha": "Insurance "
			},
			"maritalStatus": "Y"
		}
},

"purchase": {
"productId": 1,
"referenceCode": "",
"productCode": "B.101",
"parentProductId": 1,
"tenor": 12,
"paymentMethod": "301",
"paymentType": 2,
"up": 50000000,
"agrementDisclaimer": 701,
"premium": 1200000,
"autoDebet": "Y",
"purchaseDate": "20221220123934",
"bankCode": "014",
"ropBankCode": "014",
"bankAccount": "8015018573",
"bankAccountName": "Albine Pardede",
"additionalInfo": {
"selfPurchaseFlag": 1
,
			"dealsCode": ""
}
},
"beneficiary": [{
"seqNo": "1",
"mobileNo": "081806152404",
"name": "Miranda Kerenhapukh Tampubolon",
"famrel": 3,
"gender": "F",
"birthDate": "19970422",
"percentage": 50,
"email": "pardedealbine@gmail.com"
},{
"seqNo": "2",
"mobileNo": "087771151494",
"name": "Marissa Ferrari Reminiscere Tampubolon",
"famrel": 3,
"gender": "F",
"birthDate": "19940225",
"percentage": 50,
"email": "mreminiscere@yahoo.com"
}
]
}
