114.122.9.25 https://bucketlistplan.co.id/purchase/prepurchase?view=finish 14:32:30 2022-03-21

Content JSON:
{
"personalData": {
"fullName": "Mina",
    "birthDate": "19820315", 
"birthPlace": "Ujung Rambung",
"emailAddress": "yinz8149@gmail.com",
"mobilePhone": "08126520162",
"homePhone": "08126520162",
"lineAddress1": "Jl. Suluh Komplek Royal Suluh Regency No.68R",
"lineAddress2": "Kel. Sidorejo, Kec. Medan Tembung",
"cityAddress": "Medan",
"postalCode": 20222,
"sameMailing": "1",
"mailingLineAddress1": "Jl. Suluh Komplek Royal Suluh Regency No.68R",
"mailingLineAddress2": "Kel. Sidorejo, Kec. Medan Tembung",
"mailingCityAddress": "Medan",
"mailingpostalCode": 20222,
"gender": "F",
"jobType": "Job8",
"identityType": 1,
"identityNumber": "1271145503820002",
"incomeSource": "Slr",
"additionalProperties": {
"jobDetail": {
"uraianPekerjaan": "",
"namaLembaga": "PT Garuda Steel Berjaya",
				"bidangUsaha": "Pabrik Baja "
			},
			"maritalStatus": "Y"
		}
    },"policyHolder":{
"fullName": "Mina",
    "birthDate": "19820315", 
"birthPlace": "Ujung Rambung",
"emailAddress": "yinz8149@gmail.com",
"mobilePhone": "08126520162",
"homePhone": "08126520162",
"lineAddress1": "Jl. Suluh Komplek Royal Suluh Regency No.68R",
"lineAddress2": "Kel. Sidorejo, Kec. Medan Tembung",
"cityAddress": "Medan",
"postalCode": 20222,
"sameMailing": "1",
"mailingLineAddress1": "Jl. Suluh Komplek Royal Suluh Regency No.68R",
"mailingLineAddress2": "Kel. Sidorejo, Kec. Medan Tembung",
"mailingCityAddress": "Medan",
"mailingpostalCode": 20222,
"gender": "F",
"jobType": "Job8",
"identityType": 1,
"identityNumber": "1271145503820002",
"incomeSource": "Slr",
"additionalProperties": {
"jobDetail": {
"uraianPekerjaan": "",
"namaLembaga": "PT Garuda Steel Berjaya",
				"bidangUsaha": "Pabrik Baja "
			},
			"maritalStatus": "Y"
		}
},

"purchase": {
"productId": 8,
"referenceCode": "92010786",
"productCode": "B.101",
"parentProductId": 8,
"tenor": 12,
"paymentMethod": "301",
"paymentType": 2,
"up": 25000000,
"agrementDisclaimer": 701,
"premium": 750000,
"autoDebet": "Y",
"purchaseDate": "20220321143228",
"bankCode": "014",
"ropBankCode": "014",
"bankAccount": "0221285050",
"bankAccountName": "Mina",
"additionalInfo": {
"selfPurchaseFlag": 1
,
			"dealsCode": "92010786"
}
},
"beneficiary": [{
"seqNo": "1",
"mobileNo": "08126520162",
"name": "Wira Halim",
"famrel": 2,
"gender": "M",
"birthDate": "19780331",
"percentage": 100,
"email": "yinz8140@gmail.com"
}
]
}
114.122.9.25 https://bucketlistplan.co.id/purchase/prepurchase?view=finish 16:41:58 2022-03-21

Content JSON:
{
"personalData": {
"fullName": "Kasiran",
    "birthDate": "19740601", 
"birthPlace": "Medan",
"emailAddress": "pin.kasiran@gmail.com",
"mobilePhone": "082272304928",
"homePhone": "082272304928",
"lineAddress1": "Jalan Dusun II",
"lineAddress2": "Kelurahan PON, Kec. Sei Bamban",
"cityAddress": "",
"postalCode": 20995,
"sameMailing": "0",
"mailingLineAddress1": "Jalan Periok No. 67A",
"mailingLineAddress2": "Medan",
"mailingCityAddress": "Medan",
"mailingpostalCode": 20118,
"gender": "M",
"jobType": "Job8",
"identityType": 1,
"identityNumber": "1218150106740002",
"incomeSource": "Slr",
"additionalProperties": {
"jobDetail": {
"uraianPekerjaan": "",
"namaLembaga": "PT. Dalus",
				"bidangUsaha": "Pengangkutan "
			},
			"maritalStatus": "Y"
		}
    },"policyHolder":{
"fullName": "Kasiran",
    "birthDate": "19740601", 
"birthPlace": "Medan",
"emailAddress": "pin.kasiran@gmail.com",
"mobilePhone": "082272304928",
"homePhone": "082272304928",
"lineAddress1": "Jalan Dusun II",
"lineAddress2": "Kelurahan PON, Kec. Sei Bamban",
"cityAddress": "",
"postalCode": 20995,
"sameMailing": "0",
"mailingLineAddress1": "Jalan Periok No. 67A",
"mailingLineAddress2": "Medan",
"mailingCityAddress": "Medan",
"mailingpostalCode": 20118,
"gender": "M",
"jobType": "Job8",
"identityType": 1,
"identityNumber": "1218150106740002",
"incomeSource": "Slr",
"additionalProperties": {
"jobDetail": {
"uraianPekerjaan": "",
"namaLembaga": "PT. Dalus",
				"bidangUsaha": "Pengangkutan "
			},
			"maritalStatus": "Y"
		}
},

"purchase": {
"productId": 8,
"referenceCode": "92010786",
"productCode": "B.101",
"parentProductId": 8,
"tenor": 12,
"paymentMethod": "301",
"paymentType": 2,
"up": 25000000,
"agrementDisclaimer": 701,
"premium": 750000,
"autoDebet": "Y",
"purchaseDate": "20220321164157",
"bankCode": "014",
"ropBankCode": "014",
"bankAccount": "0421026016",
"bankAccountName": "Kasiran",
"additionalInfo": {
"selfPurchaseFlag": 1
,
			"dealsCode": "92010786"
}
},
"beneficiary": [{
"seqNo": "1",
"mobileNo": "081362174988",
"name": "Jenni",
"famrel": 2,
"gender": "F",
"birthDate": "19740602",
"percentage": 100,
"email": "pin.kasiran@gmail.com"
}
]
}
