203.78.120.63 https://www.koreaversikamu.co.id/prepurchase?view=finish 16:38:21 2020-03-21

Content JSON:
{
"personalData": {
"fullName": "Lily Yenni",
    "birthDate": "19870427", 
"birthPlace": "Medan",
"emailAddress": "lilyyenni08@gmail.com",
"mobilePhone": "082166252658",
"homePhone": "082166252658",
"lineAddress1": "Jl Airlangga no 9D medan",
"lineAddress2": "Kel Petisah Tengah Kec Medan Tengah",
"cityAddress": "",
"postalCode": 20112,
"sameMailing": "0",
"mailingLineAddress1": "Jln Harmonik Baru no 33",
"mailingLineAddress2": "Komplek Ambassador tj Sari Kec Medan Selayang",
"mailingCityAddress": "Medan",
"mailingpostalCode": 20132,
"gender": "F",
"jobType": "Job19",
"identityType": 1,
"identityNumber": "1271196704870002",
"incomeSource": "Shu",
"additionalProperties": {
"jobDetail": {
"uraianPekerjaan": "",
"namaLembaga": "Toko Mari Perabot",
				"bidangUsaha": "Perabotan rumah  "
			},
			"dealsCode": "",
			"maritalStatus": "Y"
		}
    },

"purchase": {
"productId": 2,
"referenceCode": "92010838",
"productCode": "B.101",
"parentProductId": 2,
"tenor": 24,
"paymentMethod": "301",
"paymentType": 2,
"up": 50000000,
"agrementDisclaimer": 701,
"premium": 600000,
"autoDebet": "Y",
"purchaseDate": "20200321163820",
"bankCode": "014",
"ropBankCode": "014",
"bankAccount": "706142482500",
"bankAccountName": "Lily Yenni",
"additionalInfo": {
"selfPurchaseFlag": 1
,
			"dealsCode": ""
}
},
"beneficiary": [{
"seqNo": "1",
"mobileNo": "082166252658",
"name": "Belda Zerlina Engracia Taninovic",
"famrel": 3,
"gender": "F",
"birthDate": "20121105",
"percentage": 100,
"email": "lilyyenni08@gmail.com"
}
]
}
