36.71.143.14 https://bucketlistplan.co.id/purchase/prepurchase?view=finish 10:51:54 2023-09-21

Content JSON:
{
"personalData": {
"fullName": "Hong",
    "birthDate": "19721027", 
"birthPlace": "Panipahan ",
"emailAddress": "hong.tjiam@gmail.com",
"mobilePhone": "085270022188",
"homePhone": "085270022188",
"lineAddress1": "Jl pukat banting III / terusan no 150 P",
"lineAddress2": "Idem ",
"cityAddress": "Medan",
"postalCode": 20000,
"sameMailing": "1",
"mailingLineAddress1": "Jl pukat banting III / terusan no 150 P",
"mailingLineAddress2": "Idem ",
"mailingCityAddress": "Medan",
"mailingpostalCode": 20000,
"gender": "F",
"jobType": "Job13",
"identityType": 1,
"identityNumber": "1271146710720001",
"incomeSource": "Shu",
"additionalProperties": {
"jobDetail": {
"uraianPekerjaan": "",
"namaLembaga": "",
				"bidangUsaha": " "
			},
			"maritalStatus": "Y"
		}
    },"policyHolder":{
"fullName": "Hong",
    "birthDate": "19721027", 
"birthPlace": "Panipahan ",
"emailAddress": "hong.tjiam@gmail.com",
"mobilePhone": "085270022188",
"homePhone": "085270022188",
"lineAddress1": "Jl pukat banting III / terusan no 150 P",
"lineAddress2": "Idem ",
"cityAddress": "Medan",
"postalCode": 20000,
"sameMailing": "1",
"mailingLineAddress1": "Jl pukat banting III / terusan no 150 P",
"mailingLineAddress2": "Idem ",
"mailingCityAddress": "Medan",
"mailingpostalCode": 20000,
"gender": "F",
"jobType": "Job13",
"identityType": 1,
"identityNumber": "1271146710720001",
"incomeSource": "Shu",
"additionalProperties": {
"jobDetail": {
"uraianPekerjaan": "",
"namaLembaga": "",
				"bidangUsaha": " "
			},
			"maritalStatus": "Y"
		}
},

"purchase": {
"productId": 8,
"referenceCode": "72210841",
"productCode": "B.101",
"parentProductId": 8,
"tenor": 12,
"paymentMethod": "301",
"paymentType": 2,
"up": 25000000,
"agrementDisclaimer": 701,
"premium": 750000,
"autoDebet": "Y",
"purchaseDate": "20230921105153",
"bankCode": "014",
"ropBankCode": "014",
"bankAccount": "8305027860",
"bankAccountName": "Hong",
"ewalletNo": "085270022188",
"ewalletType": "OVO",
"ewalletName": "Hong ",
"additionalInfo": {
"selfPurchaseFlag": 1
,
			"dealsCode": ""
}
},
"beneficiary": [{
"seqNo": "1",
"mobileNo": "082168311615",
"name": "Leonardo ",
"famrel": 3,
"gender": "M",
"birthDate": "20010514",
"percentage": 100,
"email": "hong.tjiam@gmail.com"
}
]
}
