139.255.79.155 https://www.koreaversikamu.co.id/prepurchase?view=finish 17:02:53 2020-07-21

Content JSON:
{
"personalData": {
"fullName": "zainul arofik",
    "birthDate": "19940707", 
"birthPlace": "bangkalan",
"emailAddress": "zainularofik07@gmail.com",
"mobilePhone": "087849662232",
"homePhone": "0",
"lineAddress1": "DUKUH SETRO 11/6 RT/RW 11/08 KEL/KEC GADING/TAMBAK SARI SURABAYA ",
"lineAddress2": "DUKUH SETRO 11/6 RT/RW 11/08 KEL/KEC GADING/TAMBAK SARI SURABAYA ",
"cityAddress": "",
"postalCode": 60134,
"sameMailing": "1",
"mailingLineAddress1": "DUKUH SETRO 11/6 RT/RW 11/08 KEL/KEC GADING/TAMBAK SARI SURABAYA ",
"mailingLineAddress2": "DUKUH SETRO 11/6 RT/RW 11/08 KEL/KEC GADING/TAMBAK SARI SURABAYA ",
"mailingCityAddress": "",
"mailingpostalCode": 60134,
"gender": "M",
"jobType": "Job8",
"identityType": 1,
"identityNumber": "3526070707940004",
"incomeSource": "Slr",
"additionalProperties": {
"jobDetail": {
"uraianPekerjaan": "",
"namaLembaga": "PT BNI LIFE ",
				"bidangUsaha": "ASURANSI "
			},
			"maritalStatus": "Y"
		}
    },"policyHolder":{
"fullName": "zainul arofik",
    "birthDate": "19940707", 
"birthPlace": "bangkalan",
"emailAddress": "zainularofik07@gmail.com",
"mobilePhone": "087849662232",
"homePhone": "0",
"lineAddress1": "DUKUH SETRO 11/6 RT/RW 11/08 KEL/KEC GADING/TAMBAK SARI SURABAYA ",
"lineAddress2": "DUKUH SETRO 11/6 RT/RW 11/08 KEL/KEC GADING/TAMBAK SARI SURABAYA ",
"cityAddress": "",
"postalCode": 60134,
"sameMailing": "1",
"mailingLineAddress1": "DUKUH SETRO 11/6 RT/RW 11/08 KEL/KEC GADING/TAMBAK SARI SURABAYA ",
"mailingLineAddress2": "DUKUH SETRO 11/6 RT/RW 11/08 KEL/KEC GADING/TAMBAK SARI SURABAYA ",
"mailingCityAddress": "",
"mailingpostalCode": 60134,
"gender": "M",
"jobType": "Job8",
"identityType": 1,
"identityNumber": "3526070707940004",
"incomeSource": "Slr",
"additionalProperties": {
"jobDetail": {
"uraianPekerjaan": "",
"namaLembaga": "PT BNI LIFE ",
				"bidangUsaha": "ASURANSI "
			},
			"maritalStatus": "Y"
		}
},

"purchase": {
"productId": 10,
"referenceCode": "92011547",
"productCode": "B.101",
"parentProductId": 10,
"tenor": 36,
"paymentMethod": "301",
"paymentType": 2,
"up": 25000000,
"agrementDisclaimer": 701,
"premium": 250000,
"autoDebet": "Y",
"purchaseDate": "20200721170253",
"bankCode": "014",
"ropBankCode": "014",
"bankAccount": "1850883773",
"bankAccountName": "ZAINUL AROFIK",
"additionalInfo": {
"selfPurchaseFlag": 1
,
			"dealsCode": ""
}
},
"beneficiary": [{
"seqNo": "1",
"mobileNo": "087849662232",
"name": "MUHAMMAD ASYRAF AROFIK",
"famrel": 1,
"gender": "M",
"birthDate": "20190730",
"percentage": 100,
"email": "zainularofik07@gmail.com"
}
]
}
