180.252.199.139 https://bucketlistplan.co.id/purchase/prepurchase?view=finish 00:39:28 2022-06-22

Content JSON:
{
"personalData": {
"fullName": "Fadel",
    "birthDate": "19970414", 
"birthPlace": "Palu",
"emailAddress": "fadelbring99@gmail.com",
"mobilePhone": "081250023103",
"homePhone": "08988733438",
"lineAddress1": "Jalan Anoa 1 lorong lompio ",
"lineAddress2": "Jalan Anoa 1lorong lompio ",
"cityAddress": "Palu",
"postalCode": 94236,
"sameMailing": "1",
"mailingLineAddress1": "Jalan Anoa 1 lorong lompio ",
"mailingLineAddress2": "Jalan Anoa 1lorong lompio ",
"mailingCityAddress": "Palu",
"mailingpostalCode": 94236,
"gender": "M",
"jobType": "Job8",
"identityType": 1,
"identityNumber": "7208201404970001",
"incomeSource": "Slr",
"additionalProperties": {
"jobDetail": {
"uraianPekerjaan": "",
"namaLembaga": "Meubel Nafiilla",
				"bidangUsaha": "Perdagangan "
			},
			"maritalStatus": "N"
		}
    },"policyHolder":{
"fullName": "Fadel",
    "birthDate": "19970414", 
"birthPlace": "Palu",
"emailAddress": "fadelbring99@gmail.com",
"mobilePhone": "081250023103",
"homePhone": "08988733438",
"lineAddress1": "Jalan Anoa 1 lorong lompio ",
"lineAddress2": "Jalan Anoa 1lorong lompio ",
"cityAddress": "Palu",
"postalCode": 94236,
"sameMailing": "1",
"mailingLineAddress1": "Jalan Anoa 1 lorong lompio ",
"mailingLineAddress2": "Jalan Anoa 1lorong lompio ",
"mailingCityAddress": "Palu",
"mailingpostalCode": 94236,
"gender": "M",
"jobType": "Job8",
"identityType": 1,
"identityNumber": "7208201404970001",
"incomeSource": "Slr",
"additionalProperties": {
"jobDetail": {
"uraianPekerjaan": "",
"namaLembaga": "Meubel Nafiilla",
				"bidangUsaha": "Perdagangan "
			},
			"maritalStatus": "N"
		}
},

"purchase": {
"productId": 1,
"referenceCode": "",
"productCode": "B.101",
"parentProductId": 1,
"tenor": 12,
"paymentMethod": "301",
"paymentType": 2,
"up": 50000000,
"agrementDisclaimer": 701,
"premium": 1200000,
"autoDebet": "Y",
"purchaseDate": "20220622003926",
"bankCode": "002",
"ropBankCode": "002",
"bankAccount": "518401035295530",
"bankAccountName": "Fadel",
"additionalInfo": {
"selfPurchaseFlag": 1
,
			"dealsCode": "BLPCB100"
}
},
"beneficiary": [{
"seqNo": "1",
"mobileNo": "08988733438",
"name": "Farhan",
"famrel": 4,
"gender": "M",
"birthDate": "20040606",
"percentage": 100,
"email": "enalanoa@gmail.com"
}
]
}
116.206.31.57 https://bucketlistplan.co.id/purchase/prepurchase?view=finish 08:45:39 2022-06-22

Content JSON:
{
"personalData": {
"fullName": "KARTINI",
    "birthDate": "19820613", 
"birthPlace": "Medan",
"emailAddress": "su.kartini@yahoo.com",
"mobilePhone": "085262800346",
"homePhone": "085262800346",
"lineAddress1": "Jl pukat harimau no 134 c",
"lineAddress2": "Bantan timur",
"cityAddress": "",
"postalCode": 20221,
"sameMailing": "0",
"mailingLineAddress1": "Hanwha life insurance ",
"mailingLineAddress2": "Jl gaharu no 2 B gedung graha harmoni ",
"mailingCityAddress": "",
"mailingpostalCode": 20221,
"gender": "F",
"jobType": "Job23",
"identityType": 1,
"identityNumber": "1271145306820010",
"incomeSource": "Slr",
"additionalProperties": {
"jobDetail": {
"uraianPekerjaan": "Agen asuransi ",
"namaLembaga": "Hanwha life insurance ",
				"bidangUsaha": "Asuransi  "
			},
			"maritalStatus": "Y"
		}
    },"policyHolder":{
"fullName": "KARTINI",
    "birthDate": "19820613", 
"birthPlace": "Medan",
"emailAddress": "su.kartini@yahoo.com",
"mobilePhone": "085262800346",
"homePhone": "085262800346",
"lineAddress1": "Jl pukat harimau no 134 c",
"lineAddress2": "Bantan timur",
"cityAddress": "",
"postalCode": 20221,
"sameMailing": "0",
"mailingLineAddress1": "Hanwha life insurance ",
"mailingLineAddress2": "Jl gaharu no 2 B gedung graha harmoni ",
"mailingCityAddress": "",
"mailingpostalCode": 20221,
"gender": "F",
"jobType": "Job23",
"identityType": 1,
"identityNumber": "1271145306820010",
"incomeSource": "Slr",
"additionalProperties": {
"jobDetail": {
"uraianPekerjaan": "Agen asuransi ",
"namaLembaga": "Hanwha life insurance ",
				"bidangUsaha": "Asuransi  "
			},
			"maritalStatus": "Y"
		}
},

"purchase": {
"productId": 5,
"referenceCode": "92215024",
"productCode": "B.101",
"parentProductId": 5,
"tenor": 24,
"paymentMethod": "301",
"paymentType": 2,
"up": 100000000,
"agrementDisclaimer": 701,
"premium": 900000,
"autoDebet": "Y",
"purchaseDate": "20220622084538",
"bankCode": "014",
"ropBankCode": "014",
"bankAccount": "8300070290",
"bankAccountName": "Kartini ",
"additionalInfo": {
"selfPurchaseFlag": 1
,
			"dealsCode": "92215024"
}
},
"beneficiary": [{
"seqNo": "1",
"mobileNo": "085262800346",
"name": "ALFONSO BASIL ",
"famrel": 2,
"gender": "M",
"birthDate": "19750228",
"percentage": 100,
"email": "amincoa33@gmail.com"
}
]
}
116.206.31.57 https://bucketlistplan.co.id/purchase/prepurchase?view=finish 09:52:10 2022-06-22

Content JSON:
{
"personalData": {
"fullName": "KARTINI",
    "birthDate": "19820613", 
"birthPlace": "Medan",
"emailAddress": "su.kartini@yahoo.com",
"mobilePhone": "085262800346",
"homePhone": "085262800346",
"lineAddress1": "Jl pukat harimau no 134 c",
"lineAddress2": "Bantan timur",
"cityAddress": "",
"postalCode": 20221,
"sameMailing": "0",
"mailingLineAddress1": "Hanwha life insurance ",
"mailingLineAddress2": "Jl gaharu no 2 B gedung graha harmoni ",
"mailingCityAddress": "",
"mailingpostalCode": 20221,
"gender": "F",
"jobType": "Job23",
"identityType": 1,
"identityNumber": "1271145306820010",
"incomeSource": "Slr",
"additionalProperties": {
"jobDetail": {
"uraianPekerjaan": "Agen asuransi ",
"namaLembaga": "Hanwha life insurance ",
				"bidangUsaha": "Asuransi  "
			},
			"maritalStatus": "Y"
		}
    },"policyHolder":{
"fullName": "KARTINI",
    "birthDate": "19820613", 
"birthPlace": "Medan",
"emailAddress": "su.kartini@yahoo.com",
"mobilePhone": "085262800346",
"homePhone": "085262800346",
"lineAddress1": "Jl pukat harimau no 134 c",
"lineAddress2": "Bantan timur",
"cityAddress": "",
"postalCode": 20221,
"sameMailing": "0",
"mailingLineAddress1": "Hanwha life insurance ",
"mailingLineAddress2": "Jl gaharu no 2 B gedung graha harmoni ",
"mailingCityAddress": "",
"mailingpostalCode": 20221,
"gender": "F",
"jobType": "Job23",
"identityType": 1,
"identityNumber": "1271145306820010",
"incomeSource": "Slr",
"additionalProperties": {
"jobDetail": {
"uraianPekerjaan": "Agen asuransi ",
"namaLembaga": "Hanwha life insurance ",
				"bidangUsaha": "Asuransi  "
			},
			"maritalStatus": "Y"
		}
},

"purchase": {
"productId": 5,
"referenceCode": "92215024",
"productCode": "B.101",
"parentProductId": 5,
"tenor": 24,
"paymentMethod": "301",
"paymentType": 2,
"up": 100000000,
"agrementDisclaimer": 701,
"premium": 900000,
"autoDebet": "Y",
"purchaseDate": "20220622095210",
"bankCode": "014",
"ropBankCode": "014",
"bankAccount": "8300070290",
"bankAccountName": "Kartini ",
"additionalInfo": {
"selfPurchaseFlag": 1
,
			"dealsCode": "92215024"
}
},
"beneficiary": [{
"seqNo": "1",
"mobileNo": "085262800346",
"name": "ALFONSO BASIL ",
"famrel": 2,
"gender": "M",
"birthDate": "19750228",
"percentage": 100,
"email": "amincoa33@gmail.com"
}
]
}
