180.244.234.223 https://koreaversikamu.co.id/prepurchase?view=finish 12:35:58 2020-10-22

Content JSON:
{
"personalData": {
"fullName": "cantik",
    "birthDate": "19781018", 
"birthPlace": "Jakarta",
"emailAddress": "jointhehype708@gmail.com",
"mobilePhone": "0877799999999",
"homePhone": "09020200000",
"lineAddress1": "jalan",
"lineAddress2": "kaki",
"cityAddress": "Jakarta",
"postalCode": 12444,
"sameMailing": "1",
"mailingLineAddress1": "jalan",
"mailingLineAddress2": "kaki",
"mailingCityAddress": "Jakarta",
"mailingpostalCode": 12444,
"gender": "F",
"jobType": "Job11",
"identityType": 1,
"identityNumber": "3849832920000000",
"incomeSource": "Inv",
"additionalProperties": {
"jobDetail": {
"uraianPekerjaan": "",
"namaLembaga": "",
				"bidangUsaha": " "
			},
			"maritalStatus": "Y"
		}
    },"policyHolder":{
"fullName": "cantik",
    "birthDate": "19781018", 
"birthPlace": "Jakarta",
"emailAddress": "jointhehype708@gmail.com",
"mobilePhone": "0877799999999",
"homePhone": "09020200000",
"lineAddress1": "jalan",
"lineAddress2": "kaki",
"cityAddress": "Jakarta",
"postalCode": 12444,
"sameMailing": "1",
"mailingLineAddress1": "jalan",
"mailingLineAddress2": "kaki",
"mailingCityAddress": "Jakarta",
"mailingpostalCode": 12444,
"gender": "F",
"jobType": "Job11",
"identityType": 1,
"identityNumber": "3849832920000000",
"incomeSource": "Inv",
"additionalProperties": {
"jobDetail": {
"uraianPekerjaan": "",
"namaLembaga": "",
				"bidangUsaha": " "
			},
			"maritalStatus": "Y"
		}
},

"purchase": {
"productId": 1,
"referenceCode": "403",
"productCode": "B.101",
"parentProductId": 1,
"tenor": 12,
"paymentMethod": "301",
"paymentType": 2,
"up": 50000000,
"agrementDisclaimer": 701,
"premium": 1200000,
"autoDebet": "Y",
"purchaseDate": "20201022123553",
"bankCode": "002",
"ropBankCode": "002",
"bankAccount": "10329111111111111",
"bankAccountName": "Cantik",
"additionalInfo": {
"selfPurchaseFlag": 1
,
			"dealsCode": "TRAVELOKA"
}
},
"beneficiary": [{
"seqNo": "1",
"mobileNo": "0294021008899",
"name": "Tampan",
"famrel": 2,
"gender": "M",
"birthDate": "19751007",
"percentage": 100,
"email": "tampan@gmail.com"
}
]
}
112.215.235.155 https://bucketlistplan.co.id/prepurchase?view=finish 17:05:04 2020-10-22

Content JSON:
{
"personalData": {
"fullName": "Suhanda Satria",
    "birthDate": "19860806", 
"birthPlace": "Jakarta",
"emailAddress": "suhanda.satria@yahoo.com",
"mobilePhone": "081311113358",
"homePhone": "081311113358",
"lineAddress1": "Jl tegal parangutara V, no 31 kav.27",
"lineAddress2": "Mampang prapatan, jakarta selatan",
"cityAddress": "Jakarta",
"postalCode": 12790,
"sameMailing": "1",
"mailingLineAddress1": "Jl tegal parangutara V, no 31 kav.27",
"mailingLineAddress2": "Mampang prapatan, jakarta selatan",
"mailingCityAddress": "Jakarta",
"mailingpostalCode": 12790,
"gender": "M",
"jobType": "Job8",
"identityType": 1,
"identityNumber": "3275040608860019",
"incomeSource": "Slr",
"additionalProperties": {
"jobDetail": {
"uraianPekerjaan": "",
"namaLembaga": "Hanwha Life",
				"bidangUsaha": "Asuransi "
			},
			"maritalStatus": "Y"
		}
    },"policyHolder":{
"fullName": "Suhanda Satria",
    "birthDate": "19860806", 
"birthPlace": "Jakarta",
"emailAddress": "suhanda.satria@yahoo.com",
"mobilePhone": "081311113358",
"homePhone": "081311113358",
"lineAddress1": "Jl tegal parangutara V, no 31 kav.27",
"lineAddress2": "Mampang prapatan, jakarta selatan",
"cityAddress": "Jakarta",
"postalCode": 12790,
"sameMailing": "1",
"mailingLineAddress1": "Jl tegal parangutara V, no 31 kav.27",
"mailingLineAddress2": "Mampang prapatan, jakarta selatan",
"mailingCityAddress": "Jakarta",
"mailingpostalCode": 12790,
"gender": "M",
"jobType": "Job8",
"identityType": 1,
"identityNumber": "3275040608860019",
"incomeSource": "Slr",
"additionalProperties": {
"jobDetail": {
"uraianPekerjaan": "",
"namaLembaga": "Hanwha Life",
				"bidangUsaha": "Asuransi "
			},
			"maritalStatus": "Y"
		}
},

"purchase": {
"productId": 8,
"referenceCode": "00000154",
"productCode": "B.101",
"parentProductId": 8,
"tenor": 12,
"paymentMethod": "301",
"paymentType": 2,
"up": 25000000,
"agrementDisclaimer": 701,
"premium": 750000,
"autoDebet": "Y",
"purchaseDate": "20201022170504",
"bankCode": "014",
"ropBankCode": "014",
"bankAccount": "0660916164",
"bankAccountName": "Suhanda Satria",
"additionalInfo": {
"selfPurchaseFlag": 1
,
			"dealsCode": ""
}
},
"beneficiary": [{
"seqNo": "1",
"mobileNo": "081219070586",
"name": "Dian Puspita",
"famrel": 2,
"gender": "F",
"birthDate": "19861001",
"percentage": 100,
"email": "bundasyarah@gmail.com"
}
]
}
