116.206.13.85 https://bucketlistplan.co.id/purchase/prepurchase?view=finish 13:34:31 2020-12-22

Content JSON:
{
"personalData": {
"fullName": "Marah Halim",
    "birthDate": "19761112", 
"birthPlace": "Medan",
"emailAddress": "marahhalim76@gmail.com",
"mobilePhone": "081262082953",
"homePhone": "081262082953",
"lineAddress1": "jl sampali no 84",
"lineAddress2": "pandau hulu II",
"cityAddress": "Medan",
"postalCode": 21211,
"sameMailing": "1",
"mailingLineAddress1": "jl sampali no 84",
"mailingLineAddress2": "pandau hulu II",
"mailingCityAddress": "Medan",
"mailingpostalCode": 21211,
"gender": "M",
"jobType": "Job19",
"identityType": 1,
"identityNumber": "1271101211760002",
"incomeSource": "Slr",
"additionalProperties": {
"jobDetail": {
"uraianPekerjaan": "",
"namaLembaga": "wiraswasta",
				"bidangUsaha": "wiraswasta "
			},
			"maritalStatus": "Y"
		}
    },"policyHolder":{
"fullName": "Marah Halim",
    "birthDate": "19761112", 
"birthPlace": "Medan",
"emailAddress": "marahhalim76@gmail.com",
"mobilePhone": "081262082953",
"homePhone": "081262082953",
"lineAddress1": "jl sampali no 84",
"lineAddress2": "pandau hulu II",
"cityAddress": "Medan",
"postalCode": 21211,
"sameMailing": "1",
"mailingLineAddress1": "jl sampali no 84",
"mailingLineAddress2": "pandau hulu II",
"mailingCityAddress": "Medan",
"mailingpostalCode": 21211,
"gender": "M",
"jobType": "Job19",
"identityType": 1,
"identityNumber": "1271101211760002",
"incomeSource": "Slr",
"additionalProperties": {
"jobDetail": {
"uraianPekerjaan": "",
"namaLembaga": "wiraswasta",
				"bidangUsaha": "wiraswasta "
			},
			"maritalStatus": "Y"
		}
},

"purchase": {
"productId": 1,
"referenceCode": "92012534",
"productCode": "B.101",
"parentProductId": 1,
"tenor": 12,
"paymentMethod": "301",
"paymentType": 2,
"up": 50000000,
"agrementDisclaimer": 701,
"premium": 1200000,
"autoDebet": "Y",
"purchaseDate": "20201222133430",
"bankCode": "014",
"ropBankCode": "014",
"bankAccount": "8305197617",
"bankAccountName": "Marah Halim",
"additionalInfo": {
"selfPurchaseFlag": 1
,
			"dealsCode": "BLPCB100"
}
},
"beneficiary": [{
"seqNo": "1",
"mobileNo": "081262082953",
"name": "Pattricia Halim",
"famrel": 3,
"gender": "F",
"birthDate": "20050916",
"percentage": 50,
"email": "pattriciahalim0@gmail.com"
},{
"seqNo": "2",
"mobileNo": "081262082953",
"name": "Matthew Halim",
"famrel": 3,
"gender": "M",
"birthDate": "20100222",
"percentage": 50,
"email": "marahhalim76@gmail.com"
}
]
}
116.206.13.85 https://koreaversikamu.co.id/purchase/prepurchase?view=finish 14:19:30 2020-12-22

Content JSON:
{
"personalData": {
"fullName": "Fatimah",
    "birthDate": "19781025", 
"birthPlace": "Medan",
"emailAddress": "fatimah327@gmail.com",
"mobilePhone": "081263768728",
"homePhone": "081263768728",
"lineAddress1": "Jl Sampali no 84",
"lineAddress2": "Pandau Huli II, Medan Area",
"cityAddress": "Medan",
"postalCode": 20211,
"sameMailing": "1",
"mailingLineAddress1": "Jl Sampali no 84",
"mailingLineAddress2": "Pandau Huli II, Medan Area",
"mailingCityAddress": "Medan",
"mailingpostalCode": 20211,
"gender": "F",
"jobType": "Job19",
"identityType": 1,
"identityNumber": "1271106510780005",
"incomeSource": "Slr",
"additionalProperties": {
"jobDetail": {
"uraianPekerjaan": "",
"namaLembaga": "wiraswasta",
				"bidangUsaha": "wiraswasta "
			},
			"maritalStatus": "Y"
		}
    },"policyHolder":{
"fullName": "Fatimah",
    "birthDate": "19781025", 
"birthPlace": "Medan",
"emailAddress": "fatimah327@gmail.com",
"mobilePhone": "081263768728",
"homePhone": "081263768728",
"lineAddress1": "Jl Sampali no 84",
"lineAddress2": "Pandau Huli II, Medan Area",
"cityAddress": "Medan",
"postalCode": 20211,
"sameMailing": "1",
"mailingLineAddress1": "Jl Sampali no 84",
"mailingLineAddress2": "Pandau Huli II, Medan Area",
"mailingCityAddress": "Medan",
"mailingpostalCode": 20211,
"gender": "F",
"jobType": "Job19",
"identityType": 1,
"identityNumber": "1271106510780005",
"incomeSource": "Slr",
"additionalProperties": {
"jobDetail": {
"uraianPekerjaan": "",
"namaLembaga": "wiraswasta",
				"bidangUsaha": "wiraswasta "
			},
			"maritalStatus": "Y"
		}
},

"purchase": {
"productId": 1,
"referenceCode": "92012391",
"productCode": "B.101",
"parentProductId": 1,
"tenor": 12,
"paymentMethod": "301",
"paymentType": 2,
"up": 50000000,
"agrementDisclaimer": 701,
"premium": 1200000,
"autoDebet": "Y",
"purchaseDate": "20201222141927",
"bankCode": "014",
"ropBankCode": "014",
"bankAccount": "705604452600",
"bankAccountName": "Fatimah",
"additionalInfo": {
"selfPurchaseFlag": 1
,
			"dealsCode": "BLPCB100"
}
},
"beneficiary": [{
"seqNo": "1",
"mobileNo": "081263768728",
"name": "Pattricia Halim",
"famrel": 3,
"gender": "F",
"birthDate": "20050916",
"percentage": 50,
"email": "pattriciahalim0@gmail.com"
},{
"seqNo": "2",
"mobileNo": "081263768728",
"name": "Matthew Halim",
"famrel": 3,
"gender": "M",
"birthDate": "20100222",
"percentage": 50,
"email": "fatimah327@gmail.com"
}
]
}
