10.1.1.33 https://bucketlistplan.co.id/purchase/prepurchase?view=finish 09:17:13 2021-11-22

Content JSON:
{
"personalData": {
"fullName": "HENDI",
    "birthDate": "19910104", 
"birthPlace": "Medan",
"emailAddress": "hendi_chang91@yahoo.com",
"mobilePhone": "081262613658",
"homePhone": "026180081333",
"lineAddress1": "Jl Rahayu/Pukat Banting I",
"lineAddress2": "Bantan, Medan Tembung",
"cityAddress": "Medan",
"postalCode": 20224,
"sameMailing": "1",
"mailingLineAddress1": "Jl Rahayu/Pukat Banting I",
"mailingLineAddress2": "Bantan, Medan Tembung",
"mailingCityAddress": "Medan",
"mailingpostalCode": 20224,
"gender": "M",
"jobType": "Job8",
"identityType": 1,
"identityNumber": "1207260401910001",
"incomeSource": "Slr",
"additionalProperties": {
"jobDetail": {
"uraianPekerjaan": "",
"namaLembaga": "KSK",
				"bidangUsaha": "Asuransi "
			},
			"maritalStatus": "N"
		}
    },"policyHolder":{
"fullName": "HENDI",
    "birthDate": "19910104", 
"birthPlace": "Medan",
"emailAddress": "hendi_chang91@yahoo.com",
"mobilePhone": "081262613658",
"homePhone": "026180081333",
"lineAddress1": "Jl Rahayu/Pukat Banting I",
"lineAddress2": "Bantan, Medan Tembung",
"cityAddress": "Medan",
"postalCode": 20224,
"sameMailing": "1",
"mailingLineAddress1": "Jl Rahayu/Pukat Banting I",
"mailingLineAddress2": "Bantan, Medan Tembung",
"mailingCityAddress": "Medan",
"mailingpostalCode": 20224,
"gender": "M",
"jobType": "Job8",
"identityType": 1,
"identityNumber": "1207260401910001",
"incomeSource": "Slr",
"additionalProperties": {
"jobDetail": {
"uraianPekerjaan": "",
"namaLembaga": "KSK",
				"bidangUsaha": "Asuransi "
			},
			"maritalStatus": "N"
		}
},

"purchase": {
"productId": 1,
"referenceCode": "91708165",
"productCode": "B.101",
"parentProductId": 1,
"tenor": 12,
"paymentMethod": "301",
"paymentType": 2,
"up": 50000000,
"agrementDisclaimer": 701,
"premium": 1200000,
"autoDebet": "Y",
"purchaseDate": "20211122091711",
"bankCode": "014",
"ropBankCode": "014",
"bankAccount": "8075149685",
"bankAccountName": "HENDI",
"additionalInfo": {
"selfPurchaseFlag": 1
,
			"dealsCode": ""
}
},
"beneficiary": [{
"seqNo": "1",
"mobileNo": "081262613658",
"name": "Gek Hong",
"famrel": 1,
"gender": "F",
"birthDate": "19610929",
"percentage": 100,
"email": "hendi_chang91@yahoo.com"
}
]
}
