103.28.163.237 https://bucketlistplan.co.id/purchase/prepurchase?view=finish 16:38:33 2023-11-22

Content JSON:
{
"personalData": {
"fullName": "Kurniawan Bahari",
    "birthDate": "19911017", 
"birthPlace": "Jakarta",
"emailAddress": "kur.bahari@gmail.com",
"mobilePhone": "085624172345",
"homePhone": "0216671109",
"lineAddress1": "PDK Teratai No 12",
"lineAddress2": "Rempoa, Ciputat Timur",
"cityAddress": "",
"postalCode": 15412,
"sameMailing": "1",
"mailingLineAddress1": "PDK Teratai No 12",
"mailingLineAddress2": "Rempoa, Ciputat Timur",
"mailingCityAddress": "",
"mailingpostalCode": 15412,
"gender": "M",
"jobType": "Job8",
"identityType": 1,
"identityNumber": "3205051710910002",
"incomeSource": "Slr",
"additionalProperties": {
"jobDetail": {
"uraianPekerjaan": "",
"namaLembaga": "Bank Indonesia",
				"bidangUsaha": "Banking "
			},
			"maritalStatus": "Y"
		}
    },"policyHolder":{
"fullName": "Kurniawan Bahari",
    "birthDate": "19911017", 
"birthPlace": "Jakarta",
"emailAddress": "kur.bahari@gmail.com",
"mobilePhone": "085624172345",
"homePhone": "0216671109",
"lineAddress1": "PDK Teratai No 12",
"lineAddress2": "Rempoa, Ciputat Timur",
"cityAddress": "",
"postalCode": 15412,
"sameMailing": "1",
"mailingLineAddress1": "PDK Teratai No 12",
"mailingLineAddress2": "Rempoa, Ciputat Timur",
"mailingCityAddress": "",
"mailingpostalCode": 15412,
"gender": "M",
"jobType": "Job8",
"identityType": 1,
"identityNumber": "3205051710910002",
"incomeSource": "Slr",
"additionalProperties": {
"jobDetail": {
"uraianPekerjaan": "",
"namaLembaga": "Bank Indonesia",
				"bidangUsaha": "Banking "
			},
			"maritalStatus": "Y"
		}
},

"purchase": {
"productId": 3,
"referenceCode": "",
"productCode": "B.101",
"parentProductId": 3,
"tenor": 36,
"paymentMethod": "301",
"paymentType": 2,
"up": 50000000,
"agrementDisclaimer": 701,
"premium": 400000,
"autoDebet": "Y",
"purchaseDate": "20231122163832",
"bankCode": "014",
"ropBankCode": "014",
"bankAccount": "6800230115",
"bankAccountName": "Kurnia Bahari",
"ewalletNo": "085624172344",
"ewalletType": "GOPAY",
"ewalletName": "Kurnia Bahari",
"additionalInfo": {
"selfPurchaseFlag": 1
,
			"dealsCode": ""
}
},
"beneficiary": [{
"seqNo": "1",
"mobileNo": "081221881234",
"name": "Anisa Brodjonegoro",
"famrel": 2,
"gender": "F",
"birthDate": "19970327",
"percentage": 100,
"email": "anisa.dwiputri27@gmail.com"
}
]
}
