114.10.87.139 https://bucketlistplan.co.id/purchase/prepurchase?view=finish 13:23:21 2023-04-23

Content JSON:
{
"personalData": {
"fullName": "Andriawan",
    "birthDate": "19880926", 
"birthPlace": "Medan",
"emailAddress": "andriawan.zhang@yahoo.com",
"mobilePhone": "082163760618",
"homePhone": "082163760618",
"lineAddress1": "Jl bilal ujung no 137 F ",
"lineAddress2": "Kel. Pulo brayan darat I ,kec. medan timur",
"cityAddress": "",
"postalCode": 20239,
"sameMailing": "1",
"mailingLineAddress1": "Jl bilal ujung no 137 F ",
"mailingLineAddress2": "Kel. Pulo brayan darat I ,kec. medan timur",
"mailingCityAddress": "",
"mailingpostalCode": 20239,
"gender": "M",
"jobType": "Job23",
"identityType": 1,
"identityNumber": "1271102609880002",
"incomeSource": "Incoth",
"additionalProperties": {
"jobDetail": {
"uraianPekerjaan": "Agency Director",
"namaLembaga": "PT AXA FINANCIAL INDONESIA",
				"bidangUsaha": "Asuransi "
			},
			"maritalStatus": "Y"
		}
    },"policyHolder":{
"fullName": "Andriawan",
    "birthDate": "19880926", 
"birthPlace": "Medan",
"emailAddress": "andriawan.zhang@yahoo.com",
"mobilePhone": "082163760618",
"homePhone": "082163760618",
"lineAddress1": "Jl bilal ujung no 137 F ",
"lineAddress2": "Kel. Pulo brayan darat I ,kec. medan timur",
"cityAddress": "",
"postalCode": 20239,
"sameMailing": "1",
"mailingLineAddress1": "Jl bilal ujung no 137 F ",
"mailingLineAddress2": "Kel. Pulo brayan darat I ,kec. medan timur",
"mailingCityAddress": "",
"mailingpostalCode": 20239,
"gender": "M",
"jobType": "Job23",
"identityType": 1,
"identityNumber": "1271102609880002",
"incomeSource": "Incoth",
"additionalProperties": {
"jobDetail": {
"uraianPekerjaan": "Agency Director",
"namaLembaga": "PT AXA FINANCIAL INDONESIA",
				"bidangUsaha": "Asuransi "
			},
			"maritalStatus": "Y"
		}
},

"purchase": {
"productId": 4,
"referenceCode": "72311458",
"productCode": "B.101",
"parentProductId": 4,
"tenor": 12,
"paymentMethod": "301",
"paymentType": 2,
"up": 100000000,
"agrementDisclaimer": 701,
"premium": 1800000,
"autoDebet": "Y",
"purchaseDate": "20230423132320",
"bankCode": "014",
"ropBankCode": "014",
"bankAccount": "1950817638",
"bankAccountName": "Andriawan",
"additionalInfo": {
"selfPurchaseFlag": 1
,
			"dealsCode": ""
}
},
"beneficiary": [{
"seqNo": "1",
"mobileNo": "082163760618",
"name": "Yunita",
"famrel": 2,
"gender": "F",
"birthDate": "19880601",
"percentage": 100,
"email": "andriawan.zhang@yahoo.com"
}
]
}
