180.244.233.106 http://uat.koreaversikamu.co.id/prepurchase?view=finish 12:53:15 2020-04-23

Content JSON:
{
"personalData": {
"fullName": "Chava",
    "birthDate": "19870414", 
"birthPlace": "Luar negri",
"emailAddress": "hli.marplan@gmail.com",
"mobilePhone": "0284289299989",
"homePhone": "0392020202920",
"lineAddress1": "jalan",
"lineAddress2": "raya",
"cityAddress": "Denpasar",
"postalCode": 11111,
"sameMailing": "1",
"mailingLineAddress1": "jalan",
"mailingLineAddress2": "raya",
"mailingCityAddress": "Denpasar",
"mailingpostalCode": 11111,
"gender": "F",
"jobType": "Job10",
"identityType": 1,
"identityNumber": "2398232300000000",
"incomeSource": "Inv",
"additionalProperties": {
"jobDetail": {
"uraianPekerjaan": "",
"namaLembaga": "",
				"bidangUsaha": " "
			},
			"dealsCode": "",
			"maritalStatus": "Y"
		}
    }

"purchase": {
"productId": 10,
"referenceCode": "401",
"productCode": "B.101",
"parentProductId": 10,
"tenor": 36,
"paymentMethod": "301",
"paymentType": 2,
"up": 25000000,
"agrementDisclaimer": 701,
"premium": 250000,
"autoDebet": "Y",
"purchaseDate": "20200423125309",
"bankCode": "014",
"ropBankCode": "014",
"bankAccount": "13214333333333333333",
"bankAccountName": "Chava",
"additionalInfo": {
"selfPurchaseFlag": 1
,
			"dealsCode": ""
}
},
"beneficiary": [{
"seqNo": "1",
"mobileNo": "9204810009",
"name": "ca",
"famrel": 3,
"gender": "F",
"birthDate": "20170406",
"percentage": 100,
"email": "ca@gmail.com"
}
]
}
139.255.191.17 http://uat.koreaversikamu.co.id/prepurchase?view=finish 14:29:01 2020-04-23

Content JSON:
{
"personalData": {
"fullName": "Feryan EA",
    "birthDate": "19690415", 
"birthPlace": "Tangerang",
"emailAddress": "fery4@dorado.id",
"mobilePhone": "1928318391831",
"homePhone": "9018239128391",
"lineAddress1": "Rumah",
"lineAddress2": "Rumah",
"cityAddress": "Tangerang",
"postalCode": 12318,
"sameMailing": "1",
"mailingLineAddress1": "Rumah",
"mailingLineAddress2": "Rumah",
"mailingCityAddress": "Tangerang",
"mailingpostalCode": 12318,
"gender": "M",
"jobType": "Job10",
"identityType": 1,
"identityNumber": "1902831928312038",
"incomeSource": "Slr",
"additionalProperties": {
"jobDetail": {
"uraianPekerjaan": "",
"namaLembaga": "",
				"bidangUsaha": " "
			},
			"maritalStatus": "N"
		}
    },"policyHolder":{
"fullName": "Feryan EA",
    "birthDate": "19690415", 
"birthPlace": "Tangerang",
"emailAddress": "fery4@dorado.id",
"mobilePhone": "1928318391831",
"homePhone": "9018239128391",
"lineAddress1": "Rumah",
"lineAddress2": "Rumah",
"cityAddress": "Tangerang",
"postalCode": 12318,
"sameMailing": "1",
"mailingLineAddress1": "Rumah",
"mailingLineAddress2": "Rumah",
"mailingCityAddress": "Tangerang",
"mailingpostalCode": 12318,
"gender": "M",
"jobType": "Job10",
"identityType": 1,
"identityNumber": "1902831928312038",
"incomeSource": "Slr",
"additionalProperties": {
"jobDetail": {
"uraianPekerjaan": "",
"namaLembaga": "",
				"bidangUsaha": " "
			},
			"maritalStatus": "N"
		}
},

"purchase": {
"productId": 2,
"referenceCode": "1231313123",
"productCode": "B.101",
"parentProductId": 2,
"tenor": 24,
"paymentMethod": "301",
"paymentType": 2,
"up": 50000000,
"agrementDisclaimer": 701,
"premium": 600000,
"autoDebet": "Y",
"purchaseDate": "20200423142901",
"bankCode": "009",
"ropBankCode": "009",
"bankAccount": "10238102391023123",
"bankAccountName": "afawsda",
"additionalInfo": {
"selfPurchaseFlag": 1
,
			"dealsCode": "12312312312312"
}
},
"beneficiary": [{
"seqNo": "1",
"mobileNo": "1231230912839",
"name": "Fery",
"famrel": 3,
"gender": "M",
"birthDate": "20200401",
"percentage": 100,
"email": "fery@doraod.id"
}
]
}
139.255.191.17 http://uat.koreaversikamu.co.id/prepurchase?view=finish 14:30:31 2020-04-23

Content JSON:
{
"personalData": {
"fullName": "Feryan EA",
    "birthDate": "19690415", 
"birthPlace": "Tangerang",
"emailAddress": "fery4@dorado.id",
"mobilePhone": "1928318391831",
"homePhone": "9018239128391",
"lineAddress1": "Rumah",
"lineAddress2": "Rumah",
"cityAddress": "Tangerang",
"postalCode": 12318,
"sameMailing": "1",
"mailingLineAddress1": "Rumah",
"mailingLineAddress2": "Rumah",
"mailingCityAddress": "Tangerang",
"mailingpostalCode": 12318,
"gender": "M",
"jobType": "Job10",
"identityType": 1,
"identityNumber": "1902831928312038",
"incomeSource": "Slr",
"additionalProperties": {
"jobDetail": {
"uraianPekerjaan": "",
"namaLembaga": "",
				"bidangUsaha": " "
			},
			"maritalStatus": "N"
		}
    },"policyHolder":{
"fullName": "Feryan EA",
    "birthDate": "19690415", 
"birthPlace": "Tangerang",
"emailAddress": "fery4@dorado.id",
"mobilePhone": "1928318391831",
"homePhone": "9018239128391",
"lineAddress1": "Rumah",
"lineAddress2": "Rumah",
"cityAddress": "Tangerang",
"postalCode": 12318,
"sameMailing": "1",
"mailingLineAddress1": "Rumah",
"mailingLineAddress2": "Rumah",
"mailingCityAddress": "Tangerang",
"mailingpostalCode": 12318,
"gender": "M",
"jobType": "Job10",
"identityType": 1,
"identityNumber": "1902831928312038",
"incomeSource": "Slr",
"additionalProperties": {
"jobDetail": {
"uraianPekerjaan": "",
"namaLembaga": "",
				"bidangUsaha": " "
			},
			"maritalStatus": "N"
		}
},

"purchase": {
"productId": 2,
"referenceCode": "1231313123",
"productCode": "B.101",
"parentProductId": 2,
"tenor": 24,
"paymentMethod": "301",
"paymentType": 2,
"up": 50000000,
"agrementDisclaimer": 701,
"premium": 600000,
"autoDebet": "Y",
"purchaseDate": "20200423143030",
"bankCode": "009",
"ropBankCode": "009",
"bankAccount": "10238102391023123",
"bankAccountName": "afawsda",
"additionalInfo": {
"selfPurchaseFlag": 1
,
			"dealsCode": "12312312312312"
}
},
"beneficiary": [{
"seqNo": "1",
"mobileNo": "1231230912839",
"name": "Fery",
"famrel": 3,
"gender": "M",
"birthDate": "20200401",
"percentage": 100,
"email": "fery@doraod.id"
}
]
}
139.255.191.17 http://uat.koreaversikamu.co.id/prepurchase?view=finish 14:33:52 2020-04-23

Content JSON:
{
"personalData": {
"fullName": "Feryan EA",
    "birthDate": "19690415", 
"birthPlace": "Tangerang",
"emailAddress": "fery4@dorado.id",
"mobilePhone": "1928318391831",
"homePhone": "9018239128391",
"lineAddress1": "Rumah",
"lineAddress2": "Rumah",
"cityAddress": "Tangerang",
"postalCode": 12318,
"sameMailing": "1",
"mailingLineAddress1": "Rumah",
"mailingLineAddress2": "Rumah",
"mailingCityAddress": "Tangerang",
"mailingpostalCode": 12318,
"gender": "M",
"jobType": "Job10",
"identityType": 1,
"identityNumber": "1902831928312038",
"incomeSource": "Slr",
"additionalProperties": {
"jobDetail": {
"uraianPekerjaan": "",
"namaLembaga": "",
				"bidangUsaha": " "
			},
			"maritalStatus": "N"
		}
    },"policyHolder":{
"fullName": "Feryan EA",
    "birthDate": "19690415", 
"birthPlace": "Tangerang",
"emailAddress": "fery4@dorado.id",
"mobilePhone": "1928318391831",
"homePhone": "9018239128391",
"lineAddress1": "Rumah",
"lineAddress2": "Rumah",
"cityAddress": "Tangerang",
"postalCode": 12318,
"sameMailing": "1",
"mailingLineAddress1": "Rumah",
"mailingLineAddress2": "Rumah",
"mailingCityAddress": "Tangerang",
"mailingpostalCode": 12318,
"gender": "M",
"jobType": "Job10",
"identityType": 1,
"identityNumber": "1902831928312038",
"incomeSource": "Slr",
"additionalProperties": {
"jobDetail": {
"uraianPekerjaan": "",
"namaLembaga": "",
				"bidangUsaha": " "
			},
			"maritalStatus": "N"
		}
},"policyPayor":{"fullName":"Fery","birthDate":"19650413","birthPlace":"","emailAddress":"fery@dorado.id","mobilePhone":"9122831283091","homePhone":"9122831283091","lineAddress1":"Kota","lineAddress2":"Kota","cityAddress":"Tangerang","postalCode":"09128","sameMailing":"0","mailingLineAddress1":"Kota","mailingLineAddress2":"Kota","mailingCityAddress":"Tangerang","mailingpostalCode":09128,"gender":"M","jobType":"18","identityType":1,"identityNumber":"1092831938190381","incomeSource":"1","additionalProperties":{"jobDetail":{"uraianPekerjaan":"","namaLembaga":"","bidangUsaha":" "},"maritalStatus":"S","boType":"2","indivPayor":{"marital":"","citizenship":"WNI","nationality":"","occupationid":"18","occupationdesc":"","jobpos":"","incomesourcedesc":"1","incomesrcoth":"1","incomeoth":"1","incomeothdesc":"1","incomeothtype":"1","npwp":"1092381390182","relwinsured":"fery@dorado.id","relwholder":"8","kitasNo":"1092831938190381","office_phone1":"0918392183918","office_phone2":"","office_email":""}}},

"purchase": {
"productId": 2,
"referenceCode": "1231313123",
"productCode": "B.101",
"parentProductId": 2,
"tenor": 24,
"paymentMethod": "301",
"paymentType": 2,
"up": 50000000,
"agrementDisclaimer": 701,
"premium": 600000,
"autoDebet": "Y",
"purchaseDate": "20200423143352",
"bankCode": "009",
"ropBankCode": "009",
"bankAccount": "10238102391023123",
"bankAccountName": "afawsda",
"additionalInfo": {
"selfPurchaseFlag": 1
,
			"dealsCode": "12312312312312"
}
},
"beneficiary": [{
"seqNo": "1",
"mobileNo": "1231230912839",
"name": "Fery",
"famrel": 3,
"gender": "M",
"birthDate": "20200401",
"percentage": 100,
"email": "fery@doraod.id"
}
]
}
139.255.191.17 http://uat.koreaversikamu.co.id/prepurchase?view=finish 14:34:54 2020-04-23

Content JSON:
{
"personalData": {
"fullName": "Feryan EA",
    "birthDate": "19690415", 
"birthPlace": "Tangerang",
"emailAddress": "fery4@dorado.id",
"mobilePhone": "1928318391831",
"homePhone": "9018239128391",
"lineAddress1": "Rumah",
"lineAddress2": "Rumah",
"cityAddress": "Tangerang",
"postalCode": 12318,
"sameMailing": "1",
"mailingLineAddress1": "Rumah",
"mailingLineAddress2": "Rumah",
"mailingCityAddress": "Tangerang",
"mailingpostalCode": 12318,
"gender": "M",
"jobType": "Job10",
"identityType": 1,
"identityNumber": "1902831928312038",
"incomeSource": "Slr",
"additionalProperties": {
"jobDetail": {
"uraianPekerjaan": "",
"namaLembaga": "",
				"bidangUsaha": " "
			},
			"maritalStatus": "N"
		}
    },"policyHolder":{
"fullName": "Feryan EA",
    "birthDate": "19690415", 
"birthPlace": "Tangerang",
"emailAddress": "fery4@dorado.id",
"mobilePhone": "1928318391831",
"homePhone": "9018239128391",
"lineAddress1": "Rumah",
"lineAddress2": "Rumah",
"cityAddress": "Tangerang",
"postalCode": 12318,
"sameMailing": "1",
"mailingLineAddress1": "Rumah",
"mailingLineAddress2": "Rumah",
"mailingCityAddress": "Tangerang",
"mailingpostalCode": 12318,
"gender": "M",
"jobType": "Job10",
"identityType": 1,
"identityNumber": "1902831928312038",
"incomeSource": "Slr",
"additionalProperties": {
"jobDetail": {
"uraianPekerjaan": "",
"namaLembaga": "",
				"bidangUsaha": " "
			},
			"maritalStatus": "N"
		}
},"policyPayor":{"fullName":"Fery","birthDate":"19650413","birthPlace":"","emailAddress":"fery@dorado.id","mobilePhone":"9122831283091","homePhone":"9122831283091","lineAddress1":"Kota","lineAddress2":"Kota","cityAddress":"Tangerang","postalCode":"09128","sameMailing":"0","mailingLineAddress1":"Kota","mailingLineAddress2":"Kota","mailingCityAddress":"Tangerang","mailingpostalCode":09128,"gender":"M","jobType":"18","identityType":1,"identityNumber":"1092831938190381","incomeSource":"1","additionalProperties":{"jobDetail":{"uraianPekerjaan":"","namaLembaga":"","bidangUsaha":" "},"maritalStatus":"S","boType":"2","indivPayor":{"marital":"","citizenship":"WNI","nationality":"","occupationid":"18","occupationdesc":"","jobpos":"","incomesourcedesc":"1","incomesrcoth":"1","incomeoth":"1","incomeothdesc":"1","incomeothtype":"1","npwp":"1092381390182","relwinsured":"fery@dorado.id","relwholder":"8","kitasNo":"1092831938190381","office_phone1":"0918392183918","office_phone2":"","office_email":""}}},

"purchase": {
"productId": 2,
"referenceCode": "1231313123",
"productCode": "B.101",
"parentProductId": 2,
"tenor": 24,
"paymentMethod": "301",
"paymentType": 2,
"up": 50000000,
"agrementDisclaimer": 701,
"premium": 600000,
"autoDebet": "Y",
"purchaseDate": "20200423143454",
"bankCode": "009",
"ropBankCode": "009",
"bankAccount": "10238102391023123",
"bankAccountName": "afawsda",
"additionalInfo": {
"selfPurchaseFlag": 1
,
			"dealsCode": "12312312312312"
}
},
"beneficiary": [{
"seqNo": "1",
"mobileNo": "1231230912839",
"name": "Fery",
"famrel": 3,
"gender": "M",
"birthDate": "20200401",
"percentage": 100,
"email": "fery@doraod.id"
}
]
}
180.244.233.106 http://uat.koreaversikamu.co.id/prepurchase?view=finish 14:35:40 2020-04-23

Content JSON:
{
"personalData": {
"fullName": "cica",
    "birthDate": "19910430", 
"birthPlace": "Luar negri",
"emailAddress": "princesscantik135@gmail.com",
"mobilePhone": "0292828829292",
"homePhone": "2322222222222",
"lineAddress1": "jalan",
"lineAddress2": "raya",
"cityAddress": "Denpasar",
"postalCode": 11111,
"sameMailing": "1",
"mailingLineAddress1": "jalan",
"mailingLineAddress2": "raya",
"mailingCityAddress": "Denpasar",
"mailingpostalCode": 11111,
"gender": "F",
"jobType": "Job10",
"identityType": 1,
"identityNumber": "2838282888888888",
"incomeSource": "Shu",
"additionalProperties": {
"jobDetail": {
"uraianPekerjaan": "",
"namaLembaga": "",
				"bidangUsaha": " "
			},
			"maritalStatus": "Y"
		}
    },"policyHolder":{
"fullName": "cica",
    "birthDate": "19910430", 
"birthPlace": "Luar negri",
"emailAddress": "princesscantik135@gmail.com",
"mobilePhone": "0292828829292",
"homePhone": "2322222222222",
"lineAddress1": "jalan",
"lineAddress2": "raya",
"cityAddress": "Denpasar",
"postalCode": 11111,
"sameMailing": "1",
"mailingLineAddress1": "jalan",
"mailingLineAddress2": "raya",
"mailingCityAddress": "Denpasar",
"mailingpostalCode": 11111,
"gender": "F",
"jobType": "Job10",
"identityType": 1,
"identityNumber": "2838282888888888",
"incomeSource": "Shu",
"additionalProperties": {
"jobDetail": {
"uraianPekerjaan": "",
"namaLembaga": "",
				"bidangUsaha": " "
			},
			"maritalStatus": "Y"
		}
},"policyPayor":{"fullName":"yoga","birthDate":"19910401","birthPlace":"","emailAddress":"yog@gmai.com","mobilePhone":"2209322222222","homePhone":"2209322222222","lineAddress1":"korean","lineAddress2":"air","cityAddress":"Denpasar","postalCode":"13131","sameMailing":"0","mailingLineAddress1":"korean","mailingLineAddress2":"air","mailingCityAddress":"Denpasar","mailingpostalCode":13131,"gender":"M","jobType":"20","identityType":1,"identityNumber":"8299999999999999","incomeSource":"1","additionalProperties":{"jobDetail":{"uraianPekerjaan":"","namaLembaga":"","bidangUsaha":" "},"maritalStatus":"M","boType":"2","indivPayor":{"marital":"","citizenship":"WNI","nationality":"","occupationid":"20","occupationdesc":"","jobpos":"","incomesourcedesc":"6","incomesrcoth":"6","incomeoth":"2","incomeothdesc":"3","incomeothtype":"5","npwp":"1039100000000","relwinsured":"yog@gmai.com","relwholder":"3","kitasNo":"8299999999999999","office_phone1":"0293202020200","office_phone2":"","office_email":""}}},

"purchase": {
"productId": 9,
"referenceCode": "",
"productCode": "B.101",
"parentProductId": 9,
"tenor": 24,
"paymentMethod": "301",
"paymentType": 2,
"up": 25000000,
"agrementDisclaimer": 701,
"premium": 375000,
"autoDebet": "Y",
"purchaseDate": "20200423143540",
"bankCode": "009",
"ropBankCode": "009",
"bankAccount": "2392130131321222",
"bankAccountName": "cantik",
"additionalInfo": {
"selfPurchaseFlag": 1
,
			"dealsCode": ""
}
},
"beneficiary": [{
"seqNo": "1",
"mobileNo": "0239209202000",
"name": "Yaya",
"famrel": 4,
"gender": "F",
"birthDate": "20060407",
"percentage": 100,
"email": "yaya@gmai.com"
}
]
}
180.244.233.106 http://uat.koreaversikamu.co.id/prepurchase?view=finish 14:52:39 2020-04-23

Content JSON:
{
"personalData": {
"fullName": "cacaaa",
    "birthDate": "19910412", 
"birthPlace": "Depok",
"emailAddress": "hli.marplan@gmail.com",
"mobilePhone": "0393999999999",
"homePhone": "2322222222222",
"lineAddress1": "jalan",
"lineAddress2": "raya",
"cityAddress": "Depok",
"postalCode": 11111,
"sameMailing": "1",
"mailingLineAddress1": "jalan",
"mailingLineAddress2": "raya",
"mailingCityAddress": "Depok",
"mailingpostalCode": 11111,
"gender": "M",
"jobType": "Job14",
"identityType": 1,
"identityNumber": "3222222222222222",
"incomeSource": "Wrs",
"additionalProperties": {
"jobDetail": {
"uraianPekerjaan": "",
"namaLembaga": "",
				"bidangUsaha": " "
			},
			"maritalStatus": "N"
		}
    },"policyHolder":{
"fullName": "cacaaa",
    "birthDate": "19910412", 
"birthPlace": "Depok",
"emailAddress": "hli.marplan@gmail.com",
"mobilePhone": "0393999999999",
"homePhone": "2322222222222",
"lineAddress1": "jalan",
"lineAddress2": "raya",
"cityAddress": "Depok",
"postalCode": 11111,
"sameMailing": "1",
"mailingLineAddress1": "jalan",
"mailingLineAddress2": "raya",
"mailingCityAddress": "Depok",
"mailingpostalCode": 11111,
"gender": "M",
"jobType": "Job14",
"identityType": 1,
"identityNumber": "3222222222222222",
"incomeSource": "Wrs",
"additionalProperties": {
"jobDetail": {
"uraianPekerjaan": "",
"namaLembaga": "",
				"bidangUsaha": " "
			},
			"maritalStatus": "N"
		}
},"policyPayor":{"fullName":"Sayang","birthDate":"19890405","birthPlace":"","emailAddress":"caa@gmail.com","mobilePhone":"0293222222222","homePhone":"0293222222222","lineAddress1":"jalanin","lineAddress2":"aja","cityAddress":"Denpasar","postalCode":"13213","sameMailing":"0","mailingLineAddress1":"jalanin","mailingLineAddress2":"aja","mailingCityAddress":"Denpasar","mailingpostalCode":13213,"gender":"F","jobType":"39","identityType":1,"identityNumber":"1333344444444444","incomeSource":"3","additionalProperties":{"jobDetail":{"uraianPekerjaan":"","namaLembaga":"","bidangUsaha":" "},"maritalStatus":"M","boType":"2","indivPayor":{"marital":"","citizenship":"WNI","nationality":"","occupationid":"39","occupationdesc":"","jobpos":"","incomesourcedesc":"6","incomesrcoth":"6","incomeoth":"3","incomeothdesc":"","incomeothtype":"","npwp":"0888888877777","relwinsured":"caa@gmail.com","relwholder":"5","kitasNo":"1333344444444444","office_phone1":"02939288888","office_phone2":"","office_email":""}}},

"purchase": {
"productId": 9,
"referenceCode": "",
"productCode": "B.101",
"parentProductId": 9,
"tenor": 24,
"paymentMethod": "301",
"paymentType": 2,
"up": 25000000,
"agrementDisclaimer": 701,
"premium": 375000,
"autoDebet": "Y",
"purchaseDate": "20200423145238",
"bankCode": "014",
"ropBankCode": "014",
"bankAccount": "029482099999999999",
"bankAccountName": "cinta",
"additionalInfo": {
"selfPurchaseFlag": 1
,
			"dealsCode": ""
}
},
"beneficiary": [{
"seqNo": "1",
"mobileNo": "24829282982",
"name": "Caca",
"famrel": 4,
"gender": "F",
"birthDate": "20100415",
"percentage": 100,
"email": "caca@gmail.com"
}
]
}
192.168.115.125 https://www.koreaversikamu.co.id/prepurchase?view=finish 16:05:58 2020-04-23

Content JSON:
{
"personalData": {
"fullName": "Maria",
    "birthDate": "19801028", 
"birthPlace": "Medan",
"emailAddress": "mariakie80@gmail.com",
"mobilePhone": "08126037595",
"homePhone": "08126037595",
"lineAddress1": "Jalan Karang Anyar RT 001/ RW 001",
"lineAddress2": "Banyu Manik",
"cityAddress": "",
"postalCode": 50261,
"sameMailing": "0",
"mailingLineAddress1": "Jalan Bukit Bayu No.6",
"mailingLineAddress2": "Bukit Sari",
"mailingCityAddress": "Semarang",
"mailingpostalCode": 50261,
"gender": "F",
"jobType": "Job8",
"identityType": 1,
"identityNumber": "1271066810800004",
"incomeSource": "Slr",
"additionalProperties": {
"jobDetail": {
"uraianPekerjaan": "",
"namaLembaga": "Swiss Bakery",
				"bidangUsaha": "Makanan "
			},
			"dealsCode": "92011164",
			"maritalStatus": "Y"
		}
    },

"purchase": {
"productId": 1,
"referenceCode": "92011164",
"productCode": "B.101",
"parentProductId": 1,
"tenor": 12,
"paymentMethod": "301",
"paymentType": 2,
"up": 50000000,
"agrementDisclaimer": 701,
"premium": 1200000,
"autoDebet": "Y",
"purchaseDate": "20200423160557",
"bankCode": "014",
"ropBankCode": "014",
"bankAccount": "8000381889",
"bankAccountName": "Maria",
"additionalInfo": {
"selfPurchaseFlag": 1
,
			"dealsCode": "92011164"
}
},
"beneficiary": [{
"seqNo": "1",
"mobileNo": "08126037595",
"name": "Sony Kurniawan",
"famrel": 2,
"gender": "M",
"birthDate": "19750917",
"percentage": 100,
"email": "mariakie80@gmail.com"
}
]
}
