118.136.33.146 https://koreaversikamu.co.id/prepurchase?view=finish 17:49:10 2020-07-23

Content JSON:
{
"personalData": {
"fullName": "Winnie Oktaviani",
    "birthDate": "19981018", 
"birthPlace": "Jakarta",
"emailAddress": "kaisoohunhanchanbaek@gmail.com",
"mobilePhone": "087782534611",
"homePhone": "087782534611",
"lineAddress1": "Duta Harapan Indah OO/28",
"lineAddress2": "Kapuk Muara, Penjaringan",
"cityAddress": "",
"postalCode": 14460,
"sameMailing": "0",
"mailingLineAddress1": "Jln. Trimezia VI no.28",
"mailingLineAddress2": "Curug Sangereng, Gading Serpong",
"mailingCityAddress": "Tangerang",
"mailingpostalCode": 15810,
"gender": "F",
"jobType": "Job23",
"identityType": 1,
"identityNumber": "3172015810980003",
"incomeSource": "Incoth",
"additionalProperties": {
"jobDetail": {
"uraianPekerjaan": "Endorsement",
"namaLembaga": "-",
				"bidangUsaha": "Endorsement "
			},
			"maritalStatus": "N"
		}
    },"policyHolder":{
"fullName": "Winnie Oktaviani",
    "birthDate": "19981018", 
"birthPlace": "Jakarta",
"emailAddress": "kaisoohunhanchanbaek@gmail.com",
"mobilePhone": "087782534611",
"homePhone": "087782534611",
"lineAddress1": "Duta Harapan Indah OO/28",
"lineAddress2": "Kapuk Muara, Penjaringan",
"cityAddress": "",
"postalCode": 14460,
"sameMailing": "0",
"mailingLineAddress1": "Jln. Trimezia VI no.28",
"mailingLineAddress2": "Curug Sangereng, Gading Serpong",
"mailingCityAddress": "Tangerang",
"mailingpostalCode": 15810,
"gender": "F",
"jobType": "Job23",
"identityType": 1,
"identityNumber": "3172015810980003",
"incomeSource": "Incoth",
"additionalProperties": {
"jobDetail": {
"uraianPekerjaan": "Endorsement",
"namaLembaga": "-",
				"bidangUsaha": "Endorsement "
			},
			"maritalStatus": "N"
		}
},

"purchase": {
"productId": 9,
"referenceCode": "",
"productCode": "B.101",
"parentProductId": 9,
"tenor": 24,
"paymentMethod": "301",
"paymentType": 2,
"up": 25000000,
"agrementDisclaimer": 701,
"premium": 375000,
"autoDebet": "Y",
"purchaseDate": "20200723174910",
"bankCode": "014",
"ropBankCode": "014",
"bankAccount": "7615210455",
"bankAccountName": "Winnie Oktaviani",
"additionalInfo": {
"selfPurchaseFlag": 1
,
			"dealsCode": "Kopi Chuseyo"
}
},
"beneficiary": [{
"seqNo": "1",
"mobileNo": "081808991155",
"name": "Erni Widjaja",
"famrel": 1,
"gender": "F",
"birthDate": "19730922",
"percentage": 100,
"email": "maitriphoenix18@yahoo.com"
}
]
}
