10.1.1.33 https://bucketlistplan.co.id/purchase/prepurchase?view=finish 16:29:47 2022-06-24

Content JSON:
{
"personalData": {
"fullName": "Dra. Tries Dwi Saptari",
    "birthDate": "19660904", 
"birthPlace": "Jakarta",
"emailAddress": "triesdwis@gmail.com",
"mobilePhone": "08989965366",
"homePhone": "08989965366",
"lineAddress1": "Jl. Karya Utama Gg. H. Sinan No. 21B RT 002 RW 03 Srengseng. Kembangan. Jakarta Barat 11630",
"lineAddress2": "Jakarta Barat",
"cityAddress": "",
"postalCode": 11630,
"sameMailing": "0",
"mailingLineAddress1": "Villa Mutiara Bogor 1 sektor 2 Blok i.3 No.1 RT 009 RW 012. Mekarwangi. Tanah Sereal. Bogor 16168",
"mailingLineAddress2": "Bogor",
"mailingCityAddress": "Bogor",
"mailingpostalCode": 16168,
"gender": "F",
"jobType": "Job8",
"identityType": 1,
"identityNumber": "3174014409660002",
"incomeSource": "Slr",
"additionalProperties": {
"jobDetail": {
"uraianPekerjaan": "",
"namaLembaga": "PT Hanwha Life Insurance Indonesia",
				"bidangUsaha": "Asuransi Jiwa "
			},
			"maritalStatus": "Y"
		}
    },"policyHolder":{
"fullName": "Dra. Tries Dwi Saptari",
    "birthDate": "19660904", 
"birthPlace": "Jakarta",
"emailAddress": "triesdwis@gmail.com",
"mobilePhone": "08989965366",
"homePhone": "08989965366",
"lineAddress1": "Jl. Karya Utama Gg. H. Sinan No. 21B RT 002 RW 03 Srengseng. Kembangan. Jakarta Barat 11630",
"lineAddress2": "Jakarta Barat",
"cityAddress": "",
"postalCode": 11630,
"sameMailing": "0",
"mailingLineAddress1": "Villa Mutiara Bogor 1 sektor 2 Blok i.3 No.1 RT 009 RW 012. Mekarwangi. Tanah Sereal. Bogor 16168",
"mailingLineAddress2": "Bogor",
"mailingCityAddress": "Bogor",
"mailingpostalCode": 16168,
"gender": "F",
"jobType": "Job8",
"identityType": 1,
"identityNumber": "3174014409660002",
"incomeSource": "Slr",
"additionalProperties": {
"jobDetail": {
"uraianPekerjaan": "",
"namaLembaga": "PT Hanwha Life Insurance Indonesia",
				"bidangUsaha": "Asuransi Jiwa "
			},
			"maritalStatus": "Y"
		}
},

"purchase": {
"productId": 8,
"referenceCode": "00000112",
"productCode": "B.101",
"parentProductId": 8,
"tenor": 12,
"paymentMethod": "301",
"paymentType": 2,
"up": 25000000,
"agrementDisclaimer": 701,
"premium": 750000,
"autoDebet": "Y",
"purchaseDate": "20220624162947",
"bankCode": "008",
"ropBankCode": "008",
"bankAccount": "1240010803881",
"bankAccountName": "TRIES DWI SAPTARI",
"additionalInfo": {
"selfPurchaseFlag": 1
,
			"dealsCode": ""
}
},
"beneficiary": [{
"seqNo": "1",
"mobileNo": "0895358929166",
"name": "Rahadi Widhiyo Wicaksono",
"famrel": 3,
"gender": "M",
"birthDate": "19700101",
"percentage": 50,
"email": "diospeed022@gmail.com"
},{
"seqNo": "2",
"mobileNo": "089518998241",
"name": "Rahayu WIdhiya Wardani",
"famrel": 3,
"gender": "F",
"birthDate": "20040531",
"percentage": 50,
"email": "triesdwis@gmail.com"
}
]
}
