118.99.106.86 https://bucketlistplan.co.id/purchase/prepurchase?view=finish 08:53:33 2022-05-24

Content JSON:
{
"personalData": {
"fullName": "Yulianti",
    "birthDate": "19770707", 
"birthPlace": "Jakarta",
"emailAddress": "yulianti.daniel@yahoo.co.id",
"mobilePhone": "081280058681",
"homePhone": "08161945458",
"lineAddress1": "Jln Terusan Gaharu I Ujung no 21",
"lineAddress2": "Rt 009/011",
"cityAddress": "",
"postalCode": 12430,
"sameMailing": "0",
"mailingLineAddress1": "Jln Kramat Jaya Baru Blok E 2 no 81",
"mailingLineAddress2": "Rt 001/010, Johar Baru",
"mailingCityAddress": "",
"mailingpostalCode": 10568,
"gender": "F",
"jobType": "Job19",
"identityType": 1,
"identityNumber": "3174064707770003",
"incomeSource": "Shu",
"additionalProperties": {
"jobDetail": {
"uraianPekerjaan": "",
"namaLembaga": "Sinar Makmur",
				"bidangUsaha": "Percetakan "
			},
			"maritalStatus": "Y"
		}
    },"policyHolder":{
"fullName": "Yulianti",
    "birthDate": "19770707", 
"birthPlace": "Jakarta",
"emailAddress": "yulianti.daniel@yahoo.co.id",
"mobilePhone": "081280058681",
"homePhone": "08161945458",
"lineAddress1": "Jln Terusan Gaharu I Ujung no 21",
"lineAddress2": "Rt 009/011",
"cityAddress": "",
"postalCode": 12430,
"sameMailing": "0",
"mailingLineAddress1": "Jln Kramat Jaya Baru Blok E 2 no 81",
"mailingLineAddress2": "Rt 001/010, Johar Baru",
"mailingCityAddress": "",
"mailingpostalCode": 10568,
"gender": "F",
"jobType": "Job19",
"identityType": 1,
"identityNumber": "3174064707770003",
"incomeSource": "Shu",
"additionalProperties": {
"jobDetail": {
"uraianPekerjaan": "",
"namaLembaga": "Sinar Makmur",
				"bidangUsaha": "Percetakan "
			},
			"maritalStatus": "Y"
		}
},

"purchase": {
"productId": 1,
"referenceCode": "72210218",
"productCode": "B.101",
"parentProductId": 1,
"tenor": 12,
"paymentMethod": "301",
"paymentType": 2,
"up": 50000000,
"agrementDisclaimer": 701,
"premium": 1200000,
"autoDebet": "Y",
"purchaseDate": "20220524085332",
"bankCode": "014",
"ropBankCode": "014",
"bankAccount": "1681671434",
"bankAccountName": "Yulianti",
"additionalInfo": {
"selfPurchaseFlag": 1
,
			"dealsCode": ""
}
},
"beneficiary": [{
"seqNo": "1",
"mobileNo": "081381412178",
"name": "Johana Daniella Budhyanto",
"famrel": 3,
"gender": "F",
"birthDate": "20020713",
"percentage": 100,
"email": "johanadaniella@gmail.com"
}
]
}
