10.1.1.33 https://koreaversikamu.co.id/prepurchase?view=finish 16:50:12 2020-01-24

Content JSON:
{
"personalData": {
"fullName": "naufaldie monterie",
    "birthDate": "19980422", 
"birthPlace": "Jakarta",
"emailAddress": "naufaldimonterie@gmail.com",
"mobilePhone": "081210041005",
"homePhone": "081210041005",
"lineAddress1": "gang sekolah no 17 d rt 003 rw 007 kel larangan selatan",
"lineAddress2": "kec larangan prov banten",
"cityAddress": "Tangerang",
"postalCode": 15154,
"sameMailing": "1",
"mailingLineAddress1": "gang sekolah no 17 d rt 003 rw 007 kel larangan selatan",
"mailingLineAddress2": "kec larangan prov banten",
"mailingCityAddress": "Tangerang",
"mailingpostalCode": 15154,
"gender": "M",
"jobType": "Job14",
"identityType": 1,
"identityNumber": "3671132204980004",
"incomeSource": "Incoth",
"additionalProperties": {
"jobDetail": {
"uraianPekerjaan": "",
"namaLembaga": "",
				"bidangUsaha": " "
			},
			"dealsCode": "",
			"maritalStatus": "N"
		}
    },

"purchase": {
"productId": 1,
"referenceCode": "",
"productCode": "B.101",
"parentProductId": 1,
"tenor": 12,
"paymentMethod": "301",
"paymentType": 2,
"up": 50000000,
"agrementDisclaimer": 701,
"premium": 1200000,
"autoDebet": "Y",
"purchaseDate": "20200124165011",
"bankCode": "008",
"ropBankCode": "008",
"bankAccount": "1550007330171",
"bankAccountName": "naufaldie monterie",
"additionalInfo": {
"selfPurchaseFlag": 1
,
			"dealsCode": ""
}
},
"beneficiary": [{
"seqNo": "1",
"mobileNo": "081210041005",
"name": "febrie monterie",
"famrel": 4,
"gender": "M",
"birthDate": "19930216",
"percentage": 100,
"email": "naufaldimonterie@gmail.com"
}
]
}
