10.1.1.33 https://bucketlistplan.co.id/purchase/prepurchase?view=finish 09:16:11 2021-12-24

Content JSON:
{
"personalData": {
"fullName": "tririani nurekasari",
    "birthDate": "19890517", 
"birthPlace": "Tangerang",
"emailAddress": "tririani.nurekasari@hanwhalife.co.id",
"mobilePhone": "085774124907",
"homePhone": "0",
"lineAddress1": "jl jendral sudirman kav 29 wtc 1 lantai 12 jakarta selatan",
"lineAddress2": "setia budi",
"cityAddress": "Jakarta",
"postalCode": 12920,
"sameMailing": "1",
"mailingLineAddress1": "jl jendral sudirman kav 29 wtc 1 lantai 12 jakarta selatan",
"mailingLineAddress2": "setia budi",
"mailingCityAddress": "Jakarta",
"mailingpostalCode": 12920,
"gender": "F",
"jobType": "Job8",
"identityType": 1,
"identityNumber": "3671055705890005",
"incomeSource": "Slr",
"additionalProperties": {
"jobDetail": {
"uraianPekerjaan": "",
"namaLembaga": "hanwha life indonesia",
				"bidangUsaha": "asuransi "
			},
			"maritalStatus": "Y"
		}
    },"policyHolder":{
"fullName": "tririani nurekasari",
    "birthDate": "19890517", 
"birthPlace": "Tangerang",
"emailAddress": "tririani.nurekasari@hanwhalife.co.id",
"mobilePhone": "085774124907",
"homePhone": "0",
"lineAddress1": "jl jendral sudirman kav 29 wtc 1 lantai 12 jakarta selatan",
"lineAddress2": "setia budi",
"cityAddress": "Jakarta",
"postalCode": 12920,
"sameMailing": "1",
"mailingLineAddress1": "jl jendral sudirman kav 29 wtc 1 lantai 12 jakarta selatan",
"mailingLineAddress2": "setia budi",
"mailingCityAddress": "Jakarta",
"mailingpostalCode": 12920,
"gender": "F",
"jobType": "Job8",
"identityType": 1,
"identityNumber": "3671055705890005",
"incomeSource": "Slr",
"additionalProperties": {
"jobDetail": {
"uraianPekerjaan": "",
"namaLembaga": "hanwha life indonesia",
				"bidangUsaha": "asuransi "
			},
			"maritalStatus": "Y"
		}
},

"purchase": {
"productId": 1,
"referenceCode": "237",
"productCode": "B.101",
"parentProductId": 1,
"tenor": 12,
"paymentMethod": "301",
"paymentType": 2,
"up": 50000000,
"agrementDisclaimer": 701,
"premium": 1200000,
"autoDebet": "Y",
"purchaseDate": "20211224091610",
"bankCode": "014",
"ropBankCode": "014",
"bankAccount": "8670103227",
"bankAccountName": "tririani nurekasari",
"additionalInfo": {
"selfPurchaseFlag": 1
,
			"dealsCode": ""
}
},
"beneficiary": [{
"seqNo": "1",
"mobileNo": "08561664496",
"name": "rusmin nuryadin",
"famrel": 2,
"gender": "M",
"birthDate": "19821107",
"percentage": 100,
"email": "tririanins@gmail.com"
}
]
}
10.1.1.33 https://bucketlistplan.co.id/purchase/prepurchase?view=finish 09:20:28 2021-12-24

Content JSON:
{
"personalData": {
"fullName": "tririani nurekasari",
    "birthDate": "19890517", 
"birthPlace": "Tangerang",
"emailAddress": "hisyamalfatinarkan@gmail.com",
"mobilePhone": "085774124907",
"homePhone": "085774124907",
"lineAddress1": "jl jendral sudirman kav 29 wtc 1 lantai 12 jakarta selatan",
"lineAddress2": "setia budi",
"cityAddress": "Jakarta",
"postalCode": 12920,
"sameMailing": "1",
"mailingLineAddress1": "jl jendral sudirman kav 29 wtc 1 lantai 12 jakarta selatan",
"mailingLineAddress2": "setia budi",
"mailingCityAddress": "Jakarta",
"mailingpostalCode": 12920,
"gender": "F",
"jobType": "Job8",
"identityType": 1,
"identityNumber": "3671055705890005",
"incomeSource": "Slr",
"additionalProperties": {
"jobDetail": {
"uraianPekerjaan": "",
"namaLembaga": "hanwha life indonesia",
				"bidangUsaha": "asuransi "
			},
			"maritalStatus": "Y"
		}
    },"policyHolder":{
"fullName": "tririani nurekasari",
    "birthDate": "19890517", 
"birthPlace": "Tangerang",
"emailAddress": "hisyamalfatinarkan@gmail.com",
"mobilePhone": "085774124907",
"homePhone": "085774124907",
"lineAddress1": "jl jendral sudirman kav 29 wtc 1 lantai 12 jakarta selatan",
"lineAddress2": "setia budi",
"cityAddress": "Jakarta",
"postalCode": 12920,
"sameMailing": "1",
"mailingLineAddress1": "jl jendral sudirman kav 29 wtc 1 lantai 12 jakarta selatan",
"mailingLineAddress2": "setia budi",
"mailingCityAddress": "Jakarta",
"mailingpostalCode": 12920,
"gender": "F",
"jobType": "Job8",
"identityType": 1,
"identityNumber": "3671055705890005",
"incomeSource": "Slr",
"additionalProperties": {
"jobDetail": {
"uraianPekerjaan": "",
"namaLembaga": "hanwha life indonesia",
				"bidangUsaha": "asuransi "
			},
			"maritalStatus": "Y"
		}
},

"purchase": {
"productId": 1,
"referenceCode": "237",
"productCode": "B.101",
"parentProductId": 1,
"tenor": 12,
"paymentMethod": "301",
"paymentType": 2,
"up": 50000000,
"agrementDisclaimer": 701,
"premium": 1200000,
"autoDebet": "Y",
"purchaseDate": "20211224092025",
"bankCode": "014",
"ropBankCode": "014",
"bankAccount": "8670103227",
"bankAccountName": "tririani nurekasari",
"additionalInfo": {
"selfPurchaseFlag": 1
,
			"dealsCode": ""
}
},
"beneficiary": [{
"seqNo": "1",
"mobileNo": "08561664496",
"name": "rusmin nuryadin",
"famrel": 2,
"gender": "M",
"birthDate": "19821107",
"percentage": 100,
"email": "tririanins@gmail.com"
}
]
}
10.1.1.33 https://bucketlistplan.co.id/purchase/prepurchase?view=finish 09:49:22 2021-12-24

Content JSON:
{
"personalData": {
"fullName": "Pungky Andreas",
    "birthDate": "19800526", 
"birthPlace": "Jakarta",
"emailAddress": "pungky26@gmail.com",
"mobilePhone": "087884046969",
"homePhone": "0217494502",
"lineAddress1": "Jl Kerosin 5 no 6 komplek Pertamina, Pd. Ranji, Ciputat Timur",
"lineAddress2": "Tangerang Selatan ",
"cityAddress": "",
"postalCode": 15412,
"sameMailing": "0",
"mailingLineAddress1": "Jl Reni Jaya Selatan Blok C6 No 3 Reni Jaya",
"mailingLineAddress2": "Pondok Petir, Bojongsari, Depok",
"mailingCityAddress": "Depok",
"mailingpostalCode": 16524,
"gender": "M",
"jobType": "Job8",
"identityType": 1,
"identityNumber": "3674052605800014",
"incomeSource": "Slr",
"additionalProperties": {
"jobDetail": {
"uraianPekerjaan": "",
"namaLembaga": "PT Hanwha Life Insurance Indonesia",
				"bidangUsaha": "Asuransi "
			},
			"maritalStatus": "Y"
		}
    },"policyHolder":{
"fullName": "Pungky Andreas",
    "birthDate": "19800526", 
"birthPlace": "Jakarta",
"emailAddress": "pungky26@gmail.com",
"mobilePhone": "087884046969",
"homePhone": "0217494502",
"lineAddress1": "Jl Kerosin 5 no 6 komplek Pertamina, Pd. Ranji, Ciputat Timur",
"lineAddress2": "Tangerang Selatan ",
"cityAddress": "",
"postalCode": 15412,
"sameMailing": "0",
"mailingLineAddress1": "Jl Reni Jaya Selatan Blok C6 No 3 Reni Jaya",
"mailingLineAddress2": "Pondok Petir, Bojongsari, Depok",
"mailingCityAddress": "Depok",
"mailingpostalCode": 16524,
"gender": "M",
"jobType": "Job8",
"identityType": 1,
"identityNumber": "3674052605800014",
"incomeSource": "Slr",
"additionalProperties": {
"jobDetail": {
"uraianPekerjaan": "",
"namaLembaga": "PT Hanwha Life Insurance Indonesia",
				"bidangUsaha": "Asuransi "
			},
			"maritalStatus": "Y"
		}
},

"purchase": {
"productId": 10,
"referenceCode": "",
"productCode": "B.101",
"parentProductId": 10,
"tenor": 36,
"paymentMethod": "301",
"paymentType": 2,
"up": 25000000,
"agrementDisclaimer": 701,
"premium": 250000,
"autoDebet": "Y",
"purchaseDate": "20211224094922",
"bankCode": "008",
"ropBankCode": "008",
"bankAccount": "1030007187830",
"bankAccountName": "Pungky Andreas",
"additionalInfo": {
"selfPurchaseFlag": 1
,
			"dealsCode": ""
}
},
"beneficiary": [{
"seqNo": "1",
"mobileNo": "+628229817716",
"name": "Tia Mardiyah Arifin ",
"famrel": 2,
"gender": "F",
"birthDate": "19800708",
"percentage": 100,
"email": "tia.mardiyah@gmail.com"
}
]
}
114.10.22.31 https://bucketlistplan.co.id/purchase/prepurchase?view=finish 14:54:55 2021-12-24

Content JSON:
{
"personalData": {
"fullName": "Suwargiono",
    "birthDate": "19650907", 
"birthPlace": "Grobogan",
"emailAddress": "homemaxiclub@gmail.com",
"mobilePhone": "087881237575",
"homePhone": "081514336860",
"lineAddress1": "Jl.Barkah III No.33 RT.013 RW 002 Manggarai Selatan - Jakarta Selatan 12860",
"lineAddress2": "Jl.Barkah III no.33 Manggarai Selatan",
"cityAddress": "Jakarta",
"postalCode": 12860,
"sameMailing": "1",
"mailingLineAddress1": "Jl.Barkah III No.33 RT.013 RW 002 Manggarai Selatan - Jakarta Selatan 12860",
"mailingLineAddress2": "Jl.Barkah III no.33 Manggarai Selatan",
"mailingCityAddress": "Jakarta",
"mailingpostalCode": 12860,
"gender": "M",
"jobType": "Job19",
"identityType": 1,
"identityNumber": "3174010709650004",
"incomeSource": "Shu",
"additionalProperties": {
"jobDetail": {
"uraianPekerjaan": "",
"namaLembaga": "Locarbs",
				"bidangUsaha": "Kuliner "
			},
			"maritalStatus": "Y"
		}
    },"policyHolder":{
"fullName": "Suwargiono",
    "birthDate": "19650907", 
"birthPlace": "Grobogan",
"emailAddress": "homemaxiclub@gmail.com",
"mobilePhone": "087881237575",
"homePhone": "081514336860",
"lineAddress1": "Jl.Barkah III No.33 RT.013 RW 002 Manggarai Selatan - Jakarta Selatan 12860",
"lineAddress2": "Jl.Barkah III no.33 Manggarai Selatan",
"cityAddress": "Jakarta",
"postalCode": 12860,
"sameMailing": "1",
"mailingLineAddress1": "Jl.Barkah III No.33 RT.013 RW 002 Manggarai Selatan - Jakarta Selatan 12860",
"mailingLineAddress2": "Jl.Barkah III no.33 Manggarai Selatan",
"mailingCityAddress": "Jakarta",
"mailingpostalCode": 12860,
"gender": "M",
"jobType": "Job19",
"identityType": 1,
"identityNumber": "3174010709650004",
"incomeSource": "Shu",
"additionalProperties": {
"jobDetail": {
"uraianPekerjaan": "",
"namaLembaga": "Locarbs",
				"bidangUsaha": "Kuliner "
			},
			"maritalStatus": "Y"
		}
},

"purchase": {
"productId": 4,
"referenceCode": "71909946",
"productCode": "B.101",
"parentProductId": 4,
"tenor": 12,
"paymentMethod": "301",
"paymentType": 2,
"up": 100000000,
"agrementDisclaimer": 701,
"premium": 1800000,
"autoDebet": "Y",
"purchaseDate": "20211224145452",
"bankCode": "014",
"ropBankCode": "014",
"bankAccount": "6000377951",
"bankAccountName": "Yulia",
"additionalInfo": {
"selfPurchaseFlag": 1
,
			"dealsCode": "71909946"
}
},
"beneficiary": [{
"seqNo": "1",
"mobileNo": "081514336860",
"name": "Yulia",
"famrel": 2,
"gender": "F",
"birthDate": "19660911",
"percentage": 100,
"email": "yulia2109@yahoo.com"
}
]
}
