182.2.7.29 https://koreaversikamu.co.id/purchase/prepurchase?view=finish 15:43:53 2021-03-25

Content JSON:
{
"personalData": {
"fullName": "Susanti",
    "birthDate": "19890926", 
"birthPlace": "Komp lucky estate blo A no. 83 RT001 /RW007 Kel. Batu selicin, Kec. Lubuk baja, Batam 29441",
"emailAddress": "susantisan.han26@gmail.com",
"mobilePhone": "08566500323",
"homePhone": "08566500323",
"lineAddress1": "Komp lucky estate blok A no. 83 RT001 /RW007 Kel. Batu selicin, Kec. Lubuk baja, Batam 29441",
"lineAddress2": "Komp lucky estate blok A no. 83 RT001 /RW007 Kel. Batu selicin, Kec. Lubuk baja, Batam 29441",
"cityAddress": "",
"postalCode": 29441,
"sameMailing": "1",
"mailingLineAddress1": "Komp lucky estate blok A no. 83 RT001 /RW007 Kel. Batu selicin, Kec. Lubuk baja, Batam 29441",
"mailingLineAddress2": "Komp lucky estate blok A no. 83 RT001 /RW007 Kel. Batu selicin, Kec. Lubuk baja, Batam 29441",
"mailingCityAddress": "",
"mailingpostalCode": 29441,
"gender": "F",
"jobType": "Job8",
"identityType": 1,
"identityNumber": "2171066609899002",
"incomeSource": "Slr",
"additionalProperties": {
"jobDetail": {
"uraianPekerjaan": "",
"namaLembaga": "pt. trimitra warna jaya",
				"bidangUsaha": "Distributor cat "
			},
			"maritalStatus": "N"
		}
    },"policyHolder":{
"fullName": "Susanti",
    "birthDate": "19890926", 
"birthPlace": "Komp lucky estate blo A no. 83 RT001 /RW007 Kel. Batu selicin, Kec. Lubuk baja, Batam 29441",
"emailAddress": "susantisan.han26@gmail.com",
"mobilePhone": "08566500323",
"homePhone": "08566500323",
"lineAddress1": "Komp lucky estate blok A no. 83 RT001 /RW007 Kel. Batu selicin, Kec. Lubuk baja, Batam 29441",
"lineAddress2": "Komp lucky estate blok A no. 83 RT001 /RW007 Kel. Batu selicin, Kec. Lubuk baja, Batam 29441",
"cityAddress": "",
"postalCode": 29441,
"sameMailing": "1",
"mailingLineAddress1": "Komp lucky estate blok A no. 83 RT001 /RW007 Kel. Batu selicin, Kec. Lubuk baja, Batam 29441",
"mailingLineAddress2": "Komp lucky estate blok A no. 83 RT001 /RW007 Kel. Batu selicin, Kec. Lubuk baja, Batam 29441",
"mailingCityAddress": "",
"mailingpostalCode": 29441,
"gender": "F",
"jobType": "Job8",
"identityType": 1,
"identityNumber": "2171066609899002",
"incomeSource": "Slr",
"additionalProperties": {
"jobDetail": {
"uraianPekerjaan": "",
"namaLembaga": "pt. trimitra warna jaya",
				"bidangUsaha": "Distributor cat "
			},
			"maritalStatus": "N"
		}
},

"purchase": {
"productId": 9,
"referenceCode": "92112886 ",
"productCode": "B.101",
"parentProductId": 9,
"tenor": 24,
"paymentMethod": "301",
"paymentType": 2,
"up": 25000000,
"agrementDisclaimer": 701,
"premium": 375000,
"autoDebet": "Y",
"purchaseDate": "20210325154351",
"bankCode": "014",
"ropBankCode": "014",
"bankAccount": "3403819308",
"bankAccountName": "Susanti",
"additionalInfo": {
"selfPurchaseFlag": 1
,
			"dealsCode": " 92112886 "
}
},
"beneficiary": [{
"seqNo": "1",
"mobileNo": "0811704899",
"name": "Marlina",
"famrel": 4,
"gender": "F",
"birthDate": "19831226",
"percentage": 100,
"email": "marlinahann@gmail.com"
}
]
}
