192.168.20.235 https://koreaversikamu.co.id/purchase/prepurchase?view=finish 10:29:11 2021-06-25

Content JSON:
{
"personalData": {
"fullName": "Phang Kristianto",
    "birthDate": "19860510", 
"birthPlace": "Jakarta",
"emailAddress": "phangkristianto@gmail.com",
"mobilePhone": "081910001588",
"homePhone": "081910001588",
"lineAddress1": "Kampung Kapitan No 1 - B",
"lineAddress2": "RT 003/004, Klender, Duren Sawit",
"cityAddress": "Jakarta",
"postalCode": 13470,
"sameMailing": "1",
"mailingLineAddress1": "Kampung Kapitan No 1 - B",
"mailingLineAddress2": "RT 003/004, Klender, Duren Sawit",
"mailingCityAddress": "Jakarta",
"mailingpostalCode": 13470,
"gender": "M",
"jobType": "Job22",
"identityType": 1,
"identityNumber": "3175071005860005",
"incomeSource": "Shu",
"additionalProperties": {
"jobDetail": {
"uraianPekerjaan": "",
"namaLembaga": "",
				"bidangUsaha": " "
			},
			"maritalStatus": "N"
		}
    },"policyHolder":{
"fullName": "Phang Kristianto",
    "birthDate": "19860510", 
"birthPlace": "Jakarta",
"emailAddress": "phangkristianto@gmail.com",
"mobilePhone": "081910001588",
"homePhone": "081910001588",
"lineAddress1": "Kampung Kapitan No 1 - B",
"lineAddress2": "RT 003/004, Klender, Duren Sawit",
"cityAddress": "Jakarta",
"postalCode": 13470,
"sameMailing": "1",
"mailingLineAddress1": "Kampung Kapitan No 1 - B",
"mailingLineAddress2": "RT 003/004, Klender, Duren Sawit",
"mailingCityAddress": "Jakarta",
"mailingpostalCode": 13470,
"gender": "M",
"jobType": "Job22",
"identityType": 1,
"identityNumber": "3175071005860005",
"incomeSource": "Shu",
"additionalProperties": {
"jobDetail": {
"uraianPekerjaan": "",
"namaLembaga": "",
				"bidangUsaha": " "
			},
			"maritalStatus": "N"
		}
},

"purchase": {
"productId": 4,
"referenceCode": "91708165",
"productCode": "B.101",
"parentProductId": 4,
"tenor": 12,
"paymentMethod": "301",
"paymentType": 2,
"up": 100000000,
"agrementDisclaimer": 701,
"premium": 1800000,
"autoDebet": "Y",
"purchaseDate": "20210625102910",
"bankCode": "014",
"ropBankCode": "014",
"bankAccount": "4121345701",
"bankAccountName": "Phang Kristianto",
"additionalInfo": {
"selfPurchaseFlag": 1
,
			"dealsCode": ""
}
},
"beneficiary": [{
"seqNo": "1",
"mobileNo": "081910001588",
"name": "Yap Lie Moi",
"famrel": 1,
"gender": "F",
"birthDate": "19600321",
"percentage": 100,
"email": "phangkristianto@gmail.com"
}
]
}
