112.215.65.247 https://bucketlistplan.co.id/purchase/prepurchase?view=finish 11:39:59 2021-11-25

Content JSON:
{
"personalData": {
"fullName": "Pungky Andreas",
    "birthDate": "19800526", 
"birthPlace": "Jakarta",
"emailAddress": "pungky26@gmail.com",
"mobilePhone": "087884046969",
"homePhone": "+62217494502",
"lineAddress1": "Jl kerosin V no 6 komplek Pertamina ",
"lineAddress2": "Pondok Ranji, Ciputat",
"cityAddress": "",
"postalCode": 15412,
"sameMailing": "0",
"mailingLineAddress1": "Jl Reni Jaya Selatan 3 blok C6 No 3 ",
"mailingLineAddress2": "Kelurahan Pondok Petir, Kecamatan Bojongsari Depok",
"mailingCityAddress": "Depok",
"mailingpostalCode": 16524,
"gender": "M",
"jobType": "Job8",
"identityType": 1,
"identityNumber": "3674052605800014",
"incomeSource": "Slr",
"additionalProperties": {
"jobDetail": {
"uraianPekerjaan": "",
"namaLembaga": "PT Hanwha Life Indonesia",
				"bidangUsaha": "Asuransi "
			},
			"maritalStatus": "Y"
		}
    },"policyHolder":{
"fullName": "Pungky Andreas",
    "birthDate": "19800526", 
"birthPlace": "Jakarta",
"emailAddress": "pungky26@gmail.com",
"mobilePhone": "087884046969",
"homePhone": "+62217494502",
"lineAddress1": "Jl kerosin V no 6 komplek Pertamina ",
"lineAddress2": "Pondok Ranji, Ciputat",
"cityAddress": "",
"postalCode": 15412,
"sameMailing": "0",
"mailingLineAddress1": "Jl Reni Jaya Selatan 3 blok C6 No 3 ",
"mailingLineAddress2": "Kelurahan Pondok Petir, Kecamatan Bojongsari Depok",
"mailingCityAddress": "Depok",
"mailingpostalCode": 16524,
"gender": "M",
"jobType": "Job8",
"identityType": 1,
"identityNumber": "3674052605800014",
"incomeSource": "Slr",
"additionalProperties": {
"jobDetail": {
"uraianPekerjaan": "",
"namaLembaga": "PT Hanwha Life Indonesia",
				"bidangUsaha": "Asuransi "
			},
			"maritalStatus": "Y"
		}
},

"purchase": {
"productId": 1,
"referenceCode": "",
"productCode": "B.101",
"parentProductId": 1,
"tenor": 12,
"paymentMethod": "301",
"paymentType": 2,
"up": 50000000,
"agrementDisclaimer": 701,
"premium": 1200000,
"autoDebet": "Y",
"purchaseDate": "20211125113958",
"bankCode": "022",
"ropBankCode": "022",
"bankAccount": "701981402800",
"bankAccountName": "Pungky Andreas",
"additionalInfo": {
"selfPurchaseFlag": 1
,
			"dealsCode": ""
}
},
"beneficiary": [{
"seqNo": "1",
"mobileNo": "+628229817716",
"name": "Tia Mardiyah Arifin",
"famrel": 2,
"gender": "F",
"birthDate": "19800708",
"percentage": 100,
"email": "tia.mardiyah@gmail.com"
}
]
}
