101.128.117.37 https://bucketlistplan.co.id/purchase/prepurchase?view=finish 17:24:09 2021-10-25

Content JSON:
{
"personalData": {
"fullName": "Meri",
    "birthDate": "19650802", 
"birthPlace": "Galang",
"emailAddress": "merijarni@gmail.com",
"mobilePhone": "08161309258",
"homePhone": "08161309258",
"lineAddress1": "jl pluit sakti emas IV/15",
"lineAddress2": "RT 05/07 Penjaringan, pluit. jakarta",
"cityAddress": "Jakarta",
"postalCode": 14450,
"sameMailing": "1",
"mailingLineAddress1": "jl pluit sakti emas IV/15",
"mailingLineAddress2": "RT 05/07 Penjaringan, pluit. jakarta",
"mailingCityAddress": "Jakarta",
"mailingpostalCode": 14450,
"gender": "F",
"jobType": "Job8",
"identityType": 1,
"identityNumber": "3172014208650004",
"incomeSource": "Slr",
"additionalProperties": {
"jobDetail": {
"uraianPekerjaan": "",
"namaLembaga": "PT Hanwha Life",
				"bidangUsaha": "Asuransi "
			},
			"maritalStatus": "N"
		}
    },"policyHolder":{
"fullName": "Meri",
    "birthDate": "19650802", 
"birthPlace": "Galang",
"emailAddress": "merijarni@gmail.com",
"mobilePhone": "08161309258",
"homePhone": "08161309258",
"lineAddress1": "jl pluit sakti emas IV/15",
"lineAddress2": "RT 05/07 Penjaringan, pluit. jakarta",
"cityAddress": "Jakarta",
"postalCode": 14450,
"sameMailing": "1",
"mailingLineAddress1": "jl pluit sakti emas IV/15",
"mailingLineAddress2": "RT 05/07 Penjaringan, pluit. jakarta",
"mailingCityAddress": "Jakarta",
"mailingpostalCode": 14450,
"gender": "F",
"jobType": "Job8",
"identityType": 1,
"identityNumber": "3172014208650004",
"incomeSource": "Slr",
"additionalProperties": {
"jobDetail": {
"uraianPekerjaan": "",
"namaLembaga": "PT Hanwha Life",
				"bidangUsaha": "Asuransi "
			},
			"maritalStatus": "N"
		}
},

"purchase": {
"productId": 1,
"referenceCode": "92113024",
"productCode": "B.101",
"parentProductId": 1,
"tenor": 12,
"paymentMethod": "301",
"paymentType": 2,
"up": 50000000,
"agrementDisclaimer": 701,
"premium": 1200000,
"autoDebet": "Y",
"purchaseDate": "20211025172408",
"bankCode": "014",
"ropBankCode": "014",
"bankAccount": "2440101391",
"bankAccountName": "Meri",
"additionalInfo": {
"selfPurchaseFlag": 1
,
			"dealsCode": ""
}
},
"beneficiary": [{
"seqNo": "1",
"mobileNo": "081293437689",
"name": "Lie TJin Tjoan",
"famrel": 2,
"gender": "M",
"birthDate": "19641116",
"percentage": 100,
"email": "lietjintjoan@gmail.com"
}
]
}
