10.1.1.33 https://bucketlistplan.co.id/purchase/prepurchase?view=finish 13:32:20 2022-01-26

Content JSON:
{
"personalData": {
"fullName": "Bintang Fajaratri Mentari",
    "birthDate": "19951118", 
"birthPlace": "Jakarta",
"emailAddress": "bfajaratri@naver.com",
"mobilePhone": "081314096100",
"homePhone": "0218351914",
"lineAddress1": "Jl. Palbatu I No.27 RT06/RW04",
"lineAddress2": "Menteng Dalam, Tebet, Jakarta Selatan",
"cityAddress": "Jakarta",
"postalCode": 12870,
"sameMailing": "1",
"mailingLineAddress1": "Jl. Palbatu I No.27 RT06/RW04",
"mailingLineAddress2": "Menteng Dalam, Tebet, Jakarta Selatan",
"mailingCityAddress": "Jakarta",
"mailingpostalCode": 12870,
"gender": "F",
"jobType": "Job8",
"identityType": 1,
"identityNumber": "3174015811950004",
"incomeSource": "Slr",
"additionalProperties": {
"jobDetail": {
"uraianPekerjaan": "",
"namaLembaga": "Hanwha Life Indonesia",
				"bidangUsaha": "Asuransi "
			},
			"maritalStatus": "N"
		}
    },"policyHolder":{
"fullName": "Bintang Fajaratri Mentari",
    "birthDate": "19951118", 
"birthPlace": "Jakarta",
"emailAddress": "bfajaratri@naver.com",
"mobilePhone": "081314096100",
"homePhone": "0218351914",
"lineAddress1": "Jl. Palbatu I No.27 RT06/RW04",
"lineAddress2": "Menteng Dalam, Tebet, Jakarta Selatan",
"cityAddress": "Jakarta",
"postalCode": 12870,
"sameMailing": "1",
"mailingLineAddress1": "Jl. Palbatu I No.27 RT06/RW04",
"mailingLineAddress2": "Menteng Dalam, Tebet, Jakarta Selatan",
"mailingCityAddress": "Jakarta",
"mailingpostalCode": 12870,
"gender": "F",
"jobType": "Job8",
"identityType": 1,
"identityNumber": "3174015811950004",
"incomeSource": "Slr",
"additionalProperties": {
"jobDetail": {
"uraianPekerjaan": "",
"namaLembaga": "Hanwha Life Indonesia",
				"bidangUsaha": "Asuransi "
			},
			"maritalStatus": "N"
		}
},

"purchase": {
"productId": 8,
"referenceCode": "71909957",
"productCode": "B.101",
"parentProductId": 8,
"tenor": 12,
"paymentMethod": "301",
"paymentType": 2,
"up": 25000000,
"agrementDisclaimer": 701,
"premium": 750000,
"autoDebet": "Y",
"purchaseDate": "20220126133219",
"bankCode": "014",
"ropBankCode": "014",
"bankAccount": "0920127509",
"bankAccountName": "Bintang Fajaratri",
"additionalInfo": {
"selfPurchaseFlag": 1
,
			"dealsCode": ""
}
},
"beneficiary": [{
"seqNo": "1",
"mobileNo": "0218351914",
"name": "Woro Mustiko Wandansari",
"famrel": 1,
"gender": "F",
"birthDate": "19660405",
"percentage": 100,
"email": "bfajaratri@naver.com"
}
]
}
