182.2.136.120 https://bucketlistplan.co.id/purchase/prepurchase?view=finish 13:07:03 2023-09-26

Content JSON:
{
"personalData": {
"fullName": "Windy kurniawan",
    "birthDate": "19840513", 
"birthPlace": "Jakarta",
"emailAddress": "windykur1384@gmail.com",
"mobilePhone": "081908325300",
"homePhone": "081908325300",
"lineAddress1": "Jl jembatan item no 12-A",
"lineAddress2": "006/007 pekojan, tambora",
"cityAddress": "",
"postalCode": 11240,
"sameMailing": "0",
"mailingLineAddress1": "Jl kebon jeruk 9 no 40E",
"mailingLineAddress2": "Kec taman sari, kelurahan maphar",
"mailingCityAddress": "",
"mailingpostalCode": 11160,
"gender": "M",
"jobType": "Job19",
"identityType": 1,
"identityNumber": "3173041305840012",
"incomeSource": "Slr",
"additionalProperties": {
"jobDetail": {
"uraianPekerjaan": "",
"namaLembaga": "Serba mulia",
				"bidangUsaha": "Online "
			},
			"maritalStatus": "N"
		}
    },"policyHolder":{
"fullName": "Windy kurniawan",
    "birthDate": "19840513", 
"birthPlace": "Jakarta",
"emailAddress": "windykur1384@gmail.com",
"mobilePhone": "081908325300",
"homePhone": "081908325300",
"lineAddress1": "Jl jembatan item no 12-A",
"lineAddress2": "006/007 pekojan, tambora",
"cityAddress": "",
"postalCode": 11240,
"sameMailing": "0",
"mailingLineAddress1": "Jl kebon jeruk 9 no 40E",
"mailingLineAddress2": "Kec taman sari, kelurahan maphar",
"mailingCityAddress": "",
"mailingpostalCode": 11160,
"gender": "M",
"jobType": "Job19",
"identityType": 1,
"identityNumber": "3173041305840012",
"incomeSource": "Slr",
"additionalProperties": {
"jobDetail": {
"uraianPekerjaan": "",
"namaLembaga": "Serba mulia",
				"bidangUsaha": "Online "
			},
			"maritalStatus": "N"
		}
},

"purchase": {
"productId": 4,
"referenceCode": "72311468",
"productCode": "B.101",
"parentProductId": 4,
"tenor": 12,
"paymentMethod": "301",
"paymentType": 2,
"up": 100000000,
"agrementDisclaimer": 701,
"premium": 1800000,
"autoDebet": "Y",
"purchaseDate": "20230926130702",
"bankCode": "014",
"ropBankCode": "014",
"bankAccount": "5860161747",
"bankAccountName": "Windy kurniawan",
"ewalletNo": "081908325300",
"ewalletType": "OVO",
"ewalletName": "Windy kurniawan",
"additionalInfo": {
"selfPurchaseFlag": 1
,
			"dealsCode": ""
}
},
"beneficiary": [{
"seqNo": "1",
"mobileNo": "081808785252",
"name": "Lioe hwie tjin",
"famrel": 1,
"gender": "F",
"birthDate": "19601212",
"percentage": 100,
"email": "feifei.ace@gmail.com"
}
]
}
