182.23.32.10 https://bucketlistplan.co.id/purchase/prepurchase?view=finish 17:09:48 2023-04-26

Content JSON:
{
"personalData": {
"fullName": "SUSANTY",
    "birthDate": "19900507", 
"birthPlace": "Medan",
"emailAddress": "meili.susanty.lim@gmail.com",
"mobilePhone": "085261925888",
"homePhone": "085261925888",
"lineAddress1": "DUSUN VI JL SAUDARA PERUMAHAN SAUDARA INDAH NO 5",
"lineAddress2": "KEL.TANDEM HULU II, KEC.HAMPARAN PERAK",
"cityAddress": "Binjai",
"postalCode": 20374,
"sameMailing": "1",
"mailingLineAddress1": "DUSUN VI JL SAUDARA PERUMAHAN SAUDARA INDAH NO 5",
"mailingLineAddress2": "KEL.TANDEM HULU II, KEC.HAMPARAN PERAK",
"mailingCityAddress": "Binjai",
"mailingpostalCode": 20374,
"gender": "F",
"jobType": "Job19",
"identityType": 1,
"identityNumber": "1207244705900002",
"incomeSource": "Shu",
"additionalProperties": {
"jobDetail": {
"uraianPekerjaan": "",
"namaLembaga": "DISTRIBUTOR TELUR",
				"bidangUsaha": "MAKANAN "
			},
			"maritalStatus": "Y"
		}
    },"policyHolder":{
"fullName": "SUSANTY",
    "birthDate": "19900507", 
"birthPlace": "Medan",
"emailAddress": "meili.susanty.lim@gmail.com",
"mobilePhone": "085261925888",
"homePhone": "085261925888",
"lineAddress1": "DUSUN VI JL SAUDARA PERUMAHAN SAUDARA INDAH NO 5",
"lineAddress2": "KEL.TANDEM HULU II, KEC.HAMPARAN PERAK",
"cityAddress": "Binjai",
"postalCode": 20374,
"sameMailing": "1",
"mailingLineAddress1": "DUSUN VI JL SAUDARA PERUMAHAN SAUDARA INDAH NO 5",
"mailingLineAddress2": "KEL.TANDEM HULU II, KEC.HAMPARAN PERAK",
"mailingCityAddress": "Binjai",
"mailingpostalCode": 20374,
"gender": "F",
"jobType": "Job19",
"identityType": 1,
"identityNumber": "1207244705900002",
"incomeSource": "Shu",
"additionalProperties": {
"jobDetail": {
"uraianPekerjaan": "",
"namaLembaga": "DISTRIBUTOR TELUR",
				"bidangUsaha": "MAKANAN "
			},
			"maritalStatus": "Y"
		}
},

"purchase": {
"productId": 1,
"referenceCode": "72311458",
"productCode": "B.101",
"parentProductId": 1,
"tenor": 12,
"paymentMethod": "301",
"paymentType": 2,
"up": 50000000,
"agrementDisclaimer": 701,
"premium": 1200000,
"autoDebet": "Y",
"purchaseDate": "20230426170947",
"bankCode": "014",
"ropBankCode": "014",
"bankAccount": "8280253261",
"bankAccountName": "SUSANTY",
"additionalInfo": {
"selfPurchaseFlag": 1
,
			"dealsCode": ""
}
},
"beneficiary": [{
"seqNo": "1",
"mobileNo": "085261925888",
"name": "VALENCIA CHOWIN",
"famrel": 3,
"gender": "F",
"birthDate": "20160226",
"percentage": 100,
"email": "meili.susanty.lim@gmail.com"
}
]
}
