180.243.215.248 https://bucketlistplan.co.id/prepurchase?view=finish 11:24:09 2019-11-26

Content JSON:
{
"personalData": {
"fullName": "Fery",
    "birthDate": "19631111", 
"birthPlace": "Jakarta",
"emailAddress": "fery@dorado.id",
"mobilePhone": "0123109238901",
"homePhone": "1982381928310",
"lineAddress1": "Jkaata",
"lineAddress2": "Jkaarta",
"cityAddress": "Jakarta",
"postalCode": 12312,
"sameMailing": "1",
"mailingLineAddress1": "Jkaata",
"mailingLineAddress2": "Jkaarta",
"mailingCityAddress": "Jakarta",
"mailingpostalCode": 12312,
"gender": "M",
"jobType": "job12",
"identityType": 1,
"identityNumber": "1092381381290381",
"incomeSource": "shu",
"additionalProperties": {
"jobDetail": {
"uraianPekerjaan": "",
"namaLembaga": "",
				"bidangUsaha": " "
			},
			"dealsCode": "",
			"maritalStatus": "N"
		}
    },

"purchase": {
"productId": 2,
"referenceCode": "091238190382910",
"productCode": "B.101",
"parentProductId": 2,
"tenor": 24,
"paymentMethod": "301",
"paymentType": 2,
"up": 50000000,
"agrementDisclaimer": 701,
"premium": 600000,
"autoDebet": "Y",
"purchaseDate": "20191126112409",
"bankCode": "019",
"ropBankCode": "019",
"bankAccount": "90218309183918092321",
"bankAccountName": "10923891832910",
"additionalInfo": {
"selfPurchaseFlag": 1
}
},
"beneficiary": [{
"seqNo": "1",
"mobileNo": "0921831983901",
"name": "Fery test",
"famrel": 4,
"gender": "M",
"birthDate": "20191107",
"percentage": 100,
"email": "fery@dorado.id"
}
]
}
180.243.215.248 https://bucketlistplan.co.id/prepurchase?view=finish 11:26:21 2019-11-26

Content JSON:
{
"personalData": {
"fullName": "Fery",
    "birthDate": "19631111", 
"birthPlace": "Jakarta",
"emailAddress": "fery@dorado.id",
"mobilePhone": "0123109238901",
"homePhone": "1982381928310",
"lineAddress1": "Jkaata",
"lineAddress2": "Jkaarta",
"cityAddress": "Jakarta",
"postalCode": 12312,
"sameMailing": "1",
"mailingLineAddress1": "Jkaata",
"mailingLineAddress2": "Jkaarta",
"mailingCityAddress": "Jakarta",
"mailingpostalCode": 12312,
"gender": "M",
"jobType": "job12",
"identityType": 1,
"identityNumber": "1092381381290381",
"incomeSource": "shu",
"additionalProperties": {
"jobDetail": {
"uraianPekerjaan": "",
"namaLembaga": "",
				"bidangUsaha": " "
			},
			"dealsCode": "",
			"maritalStatus": "N"
		}
    },

"purchase": {
"productId": 2,
"referenceCode": "091238190382910",
"productCode": "B.101",
"parentProductId": 2,
"tenor": 24,
"paymentMethod": "301",
"paymentType": 2,
"up": 50000000,
"agrementDisclaimer": 701,
"premium": 600000,
"autoDebet": "Y",
"purchaseDate": "20191126112620",
"bankCode": "019",
"ropBankCode": "019",
"bankAccount": "90218309183918092321",
"bankAccountName": "10923891832910",
"additionalInfo": {
"selfPurchaseFlag": 1
}
},
"beneficiary": [{
"seqNo": "1",
"mobileNo": "0921831983901",
"name": "Fery test",
"famrel": 4,
"gender": "M",
"birthDate": "20191107",
"percentage": 100,
"email": "fery@dorado.id"
}
]
}
180.243.215.248 https://bucketlistplan.co.id/prepurchase?view=finish 11:26:38 2019-11-26

Content JSON:
{
"personalData": {
"fullName": "Fery",
    "birthDate": "19631111", 
"birthPlace": "Jakarta",
"emailAddress": "fery@dorado.id",
"mobilePhone": "0123109238901",
"homePhone": "1982381928310",
"lineAddress1": "Jkaata",
"lineAddress2": "Jkaarta",
"cityAddress": "Jakarta",
"postalCode": 12312,
"sameMailing": "1",
"mailingLineAddress1": "Jkaata",
"mailingLineAddress2": "Jkaarta",
"mailingCityAddress": "Jakarta",
"mailingpostalCode": 12312,
"gender": "M",
"jobType": "job12",
"identityType": 1,
"identityNumber": "1092381381290381",
"incomeSource": "shu",
"additionalProperties": {
"jobDetail": {
"uraianPekerjaan": "",
"namaLembaga": "",
				"bidangUsaha": " "
			},
			"dealsCode": "",
			"maritalStatus": "N"
		}
    },

"purchase": {
"productId": 2,
"referenceCode": "091238190382910",
"productCode": "B.101",
"parentProductId": 2,
"tenor": 24,
"paymentMethod": "301",
"paymentType": 2,
"up": 50000000,
"agrementDisclaimer": 701,
"premium": 600000,
"autoDebet": "Y",
"purchaseDate": "20191126112638",
"bankCode": "019",
"ropBankCode": "019",
"bankAccount": "90218309183918092321",
"bankAccountName": "10923891832910",
"additionalInfo": {
"selfPurchaseFlag": 1
}
},
"beneficiary": [{
"seqNo": "1",
"mobileNo": "0921831983901",
"name": "Fery test",
"famrel": 4,
"gender": "M",
"birthDate": "20191107",
"percentage": 100,
"email": "fery@dorado.id"
}
]
}
180.243.215.248 https://bucketlistplan.co.id/prepurchase?view=finish 11:29:52 2019-11-26

Content JSON:
{
"personalData": {
"fullName": "Fery",
    "birthDate": "19631111", 
"birthPlace": "Jakarta",
"emailAddress": "fery@dorado.id",
"mobilePhone": "0123109238901",
"homePhone": "1982381928310",
"lineAddress1": "Jkaata",
"lineAddress2": "Jkaarta",
"cityAddress": "Jakarta",
"postalCode": 12312,
"sameMailing": "1",
"mailingLineAddress1": "Jkaata",
"mailingLineAddress2": "Jkaarta",
"mailingCityAddress": "Jakarta",
"mailingpostalCode": 12312,
"gender": "M",
"jobType": "job14",
"identityType": 1,
"identityNumber": "1092381381290381",
"incomeSource": "slr",
"additionalProperties": {
"jobDetail": {
"uraianPekerjaan": "",
"namaLembaga": "",
				"bidangUsaha": " "
			},
			"dealsCode": "",
			"maritalStatus": "Y"
		}
    },

"purchase": {
"productId": 2,
"referenceCode": "091238190382910",
"productCode": "B.101",
"parentProductId": 2,
"tenor": 24,
"paymentMethod": "301",
"paymentType": 2,
"up": 50000000,
"agrementDisclaimer": 701,
"premium": 600000,
"autoDebet": "Y",
"purchaseDate": "20191126112952",
"bankCode": "019",
"ropBankCode": "019",
"bankAccount": "90218309183918092321",
"bankAccountName": "10923891832910",
"additionalInfo": {
"selfPurchaseFlag": 1
}
},
"beneficiary": [{
"seqNo": "1",
"mobileNo": "1209381938109",
"name": "Fery",
"famrel": 4,
"gender": "M",
"birthDate": "20191101",
"percentage": 100,
"email": "fery@dorado.com"
}
]
}
180.243.215.248 https://bucketlistplan.co.id/prepurchase?view=finish 11:30:28 2019-11-26

Content JSON:
{
"personalData": {
"fullName": "Fery",
    "birthDate": "19631111", 
"birthPlace": "Jakarta",
"emailAddress": "fery@dorado.id",
"mobilePhone": "0123109238901",
"homePhone": "1982381928310",
"lineAddress1": "Jkaata",
"lineAddress2": "Jkaarta",
"cityAddress": "Jakarta",
"postalCode": 12312,
"sameMailing": "1",
"mailingLineAddress1": "Jkaata",
"mailingLineAddress2": "Jkaarta",
"mailingCityAddress": "Jakarta",
"mailingpostalCode": 12312,
"gender": "M",
"jobType": "job14",
"identityType": 1,
"identityNumber": "1092381381290381",
"incomeSource": "slr",
"additionalProperties": {
"jobDetail": {
"uraianPekerjaan": "",
"namaLembaga": "",
				"bidangUsaha": " "
			},
			"dealsCode": "AIRASIA",
			"maritalStatus": "Y"
		}
    },

"purchase": {
"productId": 2,
"referenceCode": "091238190382910",
"productCode": "B.101",
"parentProductId": 2,
"tenor": 24,
"paymentMethod": "301",
"paymentType": 2,
"up": 50000000,
"agrementDisclaimer": 701,
"premium": 600000,
"autoDebet": "Y",
"purchaseDate": "20191126113028",
"bankCode": "019",
"ropBankCode": "019",
"bankAccount": "90218309183918092321",
"bankAccountName": "10923891832910",
"additionalInfo": {
"selfPurchaseFlag": 1
}
},
"beneficiary": [{
"seqNo": "1",
"mobileNo": "1209381938109",
"name": "Fery",
"famrel": 4,
"gender": "M",
"birthDate": "20191101",
"percentage": 100,
"email": "fery@dorado.com"
}
]
}
180.243.215.248 https://bucketlistplan.co.id/prepurchase?view=finish 11:33:41 2019-11-26

Content JSON:
{
"personalData": {
"fullName": "Fery",
    "birthDate": "19631111", 
"birthPlace": "Jakarta",
"emailAddress": "fery@dorado.id",
"mobilePhone": "0123109238901",
"homePhone": "1982381928310",
"lineAddress1": "Jkaata",
"lineAddress2": "Jkaarta",
"cityAddress": "Jakarta",
"postalCode": 12312,
"sameMailing": "1",
"mailingLineAddress1": "Jkaata",
"mailingLineAddress2": "Jkaarta",
"mailingCityAddress": "Jakarta",
"mailingpostalCode": 12312,
"gender": "M",
"jobType": "job14",
"identityType": 1,
"identityNumber": "1092381381290381",
"incomeSource": "slr",
"additionalProperties": {
"jobDetail": {
"uraianPekerjaan": "",
"namaLembaga": "",
				"bidangUsaha": " "
			},
			"dealsCode": "AIRASIA",
			"maritalStatus": "Y"
		}
    },

"purchase": {
"productId": 2,
"referenceCode": "091238190382910",
"productCode": "B.101",
"parentProductId": 2,
"tenor": 24,
"paymentMethod": "301",
"paymentType": 2,
"up": 50000000,
"agrementDisclaimer": 701,
"premium": 600000,
"autoDebet": "Y",
"purchaseDate": "20191126113340",
"bankCode": "019",
"ropBankCode": "019",
"bankAccount": "90218309183918092321",
"bankAccountName": "10923891832910",
"additionalInfo": {
"selfPurchaseFlag": 1
}
},
"beneficiary": [{
"seqNo": "1",
"mobileNo": "1209381938109",
"name": "Fery",
"famrel": 4,
"gender": "M",
"birthDate": "20191101",
"percentage": 100,
"email": "fery@dorado.com"
}
]
}
