101.128.117.37 https://bucketlistplan.co.id/purchase/prepurchase?view=finish 10:18:11 2021-10-26

Content JSON:
{
"personalData": {
"fullName": "Nerric Augustra Suryadi",
    "birthDate": "19960821", 
"birthPlace": "Jakarta",
"emailAddress": "nerricajee@gmail.com",
"mobilePhone": "087773376507",
"homePhone": "087773376507",
"lineAddress1": "Legenda Wisata Zona Van Gogh Blok.S9/46",
"lineAddress2": "Rt 004/019 Kelurahan Nagrak, Gunung Putri",
"cityAddress": "Bogor",
"postalCode": 16967,
"sameMailing": "1",
"mailingLineAddress1": "Legenda Wisata Zona Van Gogh Blok.S9/46",
"mailingLineAddress2": "Rt 004/019 Kelurahan Nagrak, Gunung Putri",
"mailingCityAddress": "Bogor",
"mailingpostalCode": 16967,
"gender": "M",
"jobType": "Job8",
"identityType": 1,
"identityNumber": "3175072108960007",
"incomeSource": "Slr",
"additionalProperties": {
"jobDetail": {
"uraianPekerjaan": "",
"namaLembaga": "Swasta",
				"bidangUsaha": "Swasta "
			},
			"maritalStatus": "N"
		}
    },"policyHolder":{
"fullName": "Nerric Augustra Suryadi",
    "birthDate": "19960821", 
"birthPlace": "Jakarta",
"emailAddress": "nerricajee@gmail.com",
"mobilePhone": "087773376507",
"homePhone": "087773376507",
"lineAddress1": "Legenda Wisata Zona Van Gogh Blok.S9/46",
"lineAddress2": "Rt 004/019 Kelurahan Nagrak, Gunung Putri",
"cityAddress": "Bogor",
"postalCode": 16967,
"sameMailing": "1",
"mailingLineAddress1": "Legenda Wisata Zona Van Gogh Blok.S9/46",
"mailingLineAddress2": "Rt 004/019 Kelurahan Nagrak, Gunung Putri",
"mailingCityAddress": "Bogor",
"mailingpostalCode": 16967,
"gender": "M",
"jobType": "Job8",
"identityType": 1,
"identityNumber": "3175072108960007",
"incomeSource": "Slr",
"additionalProperties": {
"jobDetail": {
"uraianPekerjaan": "",
"namaLembaga": "Swasta",
				"bidangUsaha": "Swasta "
			},
			"maritalStatus": "N"
		}
},

"purchase": {
"productId": 8,
"referenceCode": "71909957",
"productCode": "B.101",
"parentProductId": 8,
"tenor": 12,
"paymentMethod": "301",
"paymentType": 2,
"up": 25000000,
"agrementDisclaimer": 701,
"premium": 750000,
"autoDebet": "Y",
"purchaseDate": "20211026101810",
"bankCode": "014",
"ropBankCode": "014",
"bankAccount": "6040587533",
"bankAccountName": "Nerric Augustra Suriadi",
"additionalInfo": {
"selfPurchaseFlag": 1
,
			"dealsCode": ""
}
},
"beneficiary": [{
"seqNo": "1",
"mobileNo": "087885372900",
"name": "Lie Halimin",
"famrel": 1,
"gender": "M",
"birthDate": "19681208",
"percentage": 100,
"email": "nerricajee@gmail.com"
}
]
}
139.255.136.26 https://bucketlistplan.co.id/purchase/prepurchase?view=finish 14:29:02 2021-10-26

Content JSON:
{
"personalData": {
"fullName": "Saladi Test",
    "birthDate": "19780516", 
"birthPlace": "Jakarta",
"emailAddress": "saladi3836@koldpak.com",
"mobilePhone": "1290318209381",
"homePhone": "1892731892738",
"lineAddress1": "Jakarta",
"lineAddress2": "Jakarta",
"cityAddress": "Jakarta",
"postalCode": 16172,
"sameMailing": "1",
"mailingLineAddress1": "Jakarta",
"mailingLineAddress2": "Jakarta",
"mailingCityAddress": "Jakarta",
"mailingpostalCode": 16172,
"gender": "M",
"jobType": "Job13",
"identityType": 1,
"identityNumber": "1290378190237891",
"incomeSource": "Incoth",
"additionalProperties": {
"jobDetail": {
"uraianPekerjaan": "",
"namaLembaga": "",
				"bidangUsaha": " "
			},
			"maritalStatus": "N"
		}
    },"policyHolder":{
"fullName": "Saladi Test",
    "birthDate": "19780516", 
"birthPlace": "Jakarta",
"emailAddress": "saladi3836@koldpak.com",
"mobilePhone": "1290318209381",
"homePhone": "1892731892738",
"lineAddress1": "Jakarta",
"lineAddress2": "Jakarta",
"cityAddress": "Jakarta",
"postalCode": 16172,
"sameMailing": "1",
"mailingLineAddress1": "Jakarta",
"mailingLineAddress2": "Jakarta",
"mailingCityAddress": "Jakarta",
"mailingpostalCode": 16172,
"gender": "M",
"jobType": "Job13",
"identityType": 1,
"identityNumber": "1290378190237891",
"incomeSource": "Incoth",
"additionalProperties": {
"jobDetail": {
"uraianPekerjaan": "",
"namaLembaga": "",
				"bidangUsaha": " "
			},
			"maritalStatus": "N"
		}
},

"purchase": {
"productId": 2,
"referenceCode": "1088312908",
"productCode": "B.101",
"parentProductId": 2,
"tenor": 24,
"paymentMethod": "301",
"paymentType": 2,
"up": 50000000,
"agrementDisclaimer": 701,
"premium": 600000,
"autoDebet": "Y",
"purchaseDate": "20211026142901",
"bankCode": "014",
"ropBankCode": "014",
"bankAccount": "12890371283917893721",
"bankAccountName": "Test",
"additionalInfo": {
"selfPurchaseFlag": 1
,
			"dealsCode": "1890273891738917283123"
}
},
"beneficiary": [{
"seqNo": "1",
"mobileNo": "1892731723891",
"name": "Test",
"famrel": 4,
"gender": "M",
"birthDate": "19841001",
"percentage": 100,
"email": "saladi3836@koldpak.com"
}
]
}
