182.23.32.10 https://bucketlistplan.co.id/purchase/prepurchase?view=finish 12:03:06 2023-07-27

Content JSON:
{
"personalData": {
"fullName": "Juwita Mega Sari",
    "birthDate": "19930710", 
"birthPlace": "Deli Tua",
"emailAddress": "juwitalim45@gmail.com",
"mobilePhone": "081360218193",
"homePhone": "081360218193",
"lineAddress1": "Jl berlian sari no 72 C Lk IV Medan",
"lineAddress2": "Kel. Kedai durian, kec. Medan Johor",
"cityAddress": "Medan",
"postalCode": 20145,
"sameMailing": "1",
"mailingLineAddress1": "Jl berlian sari no 72 C Lk IV Medan",
"mailingLineAddress2": "Kel. Kedai durian, kec. Medan Johor",
"mailingCityAddress": "Medan",
"mailingpostalCode": 20145,
"gender": "F",
"jobType": "Job19",
"identityType": 1,
"identityNumber": "1271115007930006",
"incomeSource": "Shu",
"additionalProperties": {
"jobDetail": {
"uraianPekerjaan": "",
"namaLembaga": "Juwita Laundry",
				"bidangUsaha": "Laundry "
			},
			"maritalStatus": "N"
		}
    },"policyHolder":{
"fullName": "Juwita Mega Sari",
    "birthDate": "19930710", 
"birthPlace": "Deli Tua",
"emailAddress": "juwitalim45@gmail.com",
"mobilePhone": "081360218193",
"homePhone": "081360218193",
"lineAddress1": "Jl berlian sari no 72 C Lk IV Medan",
"lineAddress2": "Kel. Kedai durian, kec. Medan Johor",
"cityAddress": "Medan",
"postalCode": 20145,
"sameMailing": "1",
"mailingLineAddress1": "Jl berlian sari no 72 C Lk IV Medan",
"mailingLineAddress2": "Kel. Kedai durian, kec. Medan Johor",
"mailingCityAddress": "Medan",
"mailingpostalCode": 20145,
"gender": "F",
"jobType": "Job19",
"identityType": 1,
"identityNumber": "1271115007930006",
"incomeSource": "Shu",
"additionalProperties": {
"jobDetail": {
"uraianPekerjaan": "",
"namaLembaga": "Juwita Laundry",
				"bidangUsaha": "Laundry "
			},
			"maritalStatus": "N"
		}
},

"purchase": {
"productId": 8,
"referenceCode": "72311458",
"productCode": "B.101",
"parentProductId": 8,
"tenor": 12,
"paymentMethod": "301",
"paymentType": 2,
"up": 25000000,
"agrementDisclaimer": 701,
"premium": 750000,
"autoDebet": "Y",
"purchaseDate": "20230727120305",
"bankCode": "014",
"ropBankCode": "014",
"bankAccount": "8430674308",
"bankAccountName": "Juwita Mega Sari",
"additionalInfo": {
"selfPurchaseFlag": 1
,
			"dealsCode": ""
}
},
"beneficiary": [{
"seqNo": "1",
"mobileNo": "082365029303",
"name": "Lili",
"famrel": 1,
"gender": "F",
"birthDate": "19630104",
"percentage": 100,
"email": "suksesyes93@gmail.com"
}
]
}
182.23.32.10 https://bucketlistplan.co.id/purchase/prepurchase?view=finish 12:13:45 2023-07-27

Content JSON:
{
"personalData": {
"fullName": "Sarif",
    "birthDate": "19700101", 
"birthPlace": "P Brandan",
"emailAddress": "pakbos676c@gmail.com",
"mobilePhone": "081535438088",
"homePhone": "081535438088",
"lineAddress1": "Jl B Katamso Gg Pasar Senen No 676-C",
"lineAddress2": "Kel. Kampung Baru, Kec. Medan Maimun",
"cityAddress": "Medan",
"postalCode": 20158,
"sameMailing": "1",
"mailingLineAddress1": "Jl B Katamso Gg Pasar Senen No 676-C",
"mailingLineAddress2": "Kel. Kampung Baru, Kec. Medan Maimun",
"mailingCityAddress": "Medan",
"mailingpostalCode": 20158,
"gender": "M",
"jobType": "Job8",
"identityType": 1,
"identityNumber": "1271151210720002",
"incomeSource": "Slr",
"additionalProperties": {
"jobDetail": {
"uraianPekerjaan": "",
"namaLembaga": "PT Padasa Enam Utama",
				"bidangUsaha": "PKS SAWIT  "
			},
			"maritalStatus": "Y"
		}
    },"policyHolder":{
"fullName": "Sarif",
    "birthDate": "19700101", 
"birthPlace": "P Brandan",
"emailAddress": "pakbos676c@gmail.com",
"mobilePhone": "081535438088",
"homePhone": "081535438088",
"lineAddress1": "Jl B Katamso Gg Pasar Senen No 676-C",
"lineAddress2": "Kel. Kampung Baru, Kec. Medan Maimun",
"cityAddress": "Medan",
"postalCode": 20158,
"sameMailing": "1",
"mailingLineAddress1": "Jl B Katamso Gg Pasar Senen No 676-C",
"mailingLineAddress2": "Kel. Kampung Baru, Kec. Medan Maimun",
"mailingCityAddress": "Medan",
"mailingpostalCode": 20158,
"gender": "M",
"jobType": "Job8",
"identityType": 1,
"identityNumber": "1271151210720002",
"incomeSource": "Slr",
"additionalProperties": {
"jobDetail": {
"uraianPekerjaan": "",
"namaLembaga": "PT Padasa Enam Utama",
				"bidangUsaha": "PKS SAWIT  "
			},
			"maritalStatus": "Y"
		}
},

"purchase": {
"productId": 1,
"referenceCode": "72311458",
"productCode": "B.101",
"parentProductId": 1,
"tenor": 12,
"paymentMethod": "301",
"paymentType": 2,
"up": 50000000,
"agrementDisclaimer": 701,
"premium": 1200000,
"autoDebet": "Y",
"purchaseDate": "20230727121345",
"bankCode": "014",
"ropBankCode": "014",
"bankAccount": "1950960619",
"bankAccountName": "Sarif",
"additionalInfo": {
"selfPurchaseFlag": 1
,
			"dealsCode": ""
}
},
"beneficiary": [{
"seqNo": "1",
"mobileNo": "082288097829",
"name": "Andreas",
"famrel": 3,
"gender": "M",
"birthDate": "20070125",
"percentage": 100,
"email": "andreas25j@gmail.com"
}
]
}
