10.1.1.33 https://bucketlistplan.co.id/purchase/prepurchase?view=finish 15:02:13 2022-06-27

Content JSON:
{
"personalData": {
"fullName": "Rahadi Widhiyo Wicaksono ",
    "birthDate": "20000314", 
"birthPlace": "Jakarta",
"emailAddress": "rahadispeed@gmail.com",
"mobilePhone": "0895358929166",
"homePhone": "0895358929166",
"lineAddress1": "Perumahan Villa Mutiara bogor 1 Sektor 2 Blok i3 No 1 RT 009 Rw 012 Mekarwangi. Tanah sereal Bogor  ",
"lineAddress2": "Perumahan Villa Mutiara bogor 1 Sektor 2 Blok i3 No 1 RT 009 Rw 012 Mekarwangi. Tanah sereal Bogor ",
"cityAddress": "",
"postalCode": 16168,
"sameMailing": "0",
"mailingLineAddress1": "Jl Karya Utama GG H Sinan No 21B RT 002 RW 003 Kel Srengseng Kec Kembangan Jakarta Barat DKI Jakarta",
"mailingLineAddress2": "Jl Karya Utama GG H Sinan No 21B RT 002 RW 003 Kel Srengseng Kec Kembangan Jakarta Barat DKI Jakarta",
"mailingCityAddress": "Jakarta",
"mailingpostalCode": 11630,
"gender": "M",
"jobType": "Job8",
"identityType": 1,
"identityNumber": "3174011403000004",
"incomeSource": "Slr",
"additionalProperties": {
"jobDetail": {
"uraianPekerjaan": "",
"namaLembaga": "swasta",
				"bidangUsaha": "swasta "
			},
			"maritalStatus": "N"
		}
    },"policyHolder":{
"fullName": "Rahadi Widhiyo Wicaksono ",
    "birthDate": "20000314", 
"birthPlace": "Jakarta",
"emailAddress": "rahadispeed@gmail.com",
"mobilePhone": "0895358929166",
"homePhone": "0895358929166",
"lineAddress1": "Perumahan Villa Mutiara bogor 1 Sektor 2 Blok i3 No 1 RT 009 Rw 012 Mekarwangi. Tanah sereal Bogor  ",
"lineAddress2": "Perumahan Villa Mutiara bogor 1 Sektor 2 Blok i3 No 1 RT 009 Rw 012 Mekarwangi. Tanah sereal Bogor ",
"cityAddress": "",
"postalCode": 16168,
"sameMailing": "0",
"mailingLineAddress1": "Jl Karya Utama GG H Sinan No 21B RT 002 RW 003 Kel Srengseng Kec Kembangan Jakarta Barat DKI Jakarta",
"mailingLineAddress2": "Jl Karya Utama GG H Sinan No 21B RT 002 RW 003 Kel Srengseng Kec Kembangan Jakarta Barat DKI Jakarta",
"mailingCityAddress": "Jakarta",
"mailingpostalCode": 11630,
"gender": "M",
"jobType": "Job8",
"identityType": 1,
"identityNumber": "3174011403000004",
"incomeSource": "Slr",
"additionalProperties": {
"jobDetail": {
"uraianPekerjaan": "",
"namaLembaga": "swasta",
				"bidangUsaha": "swasta "
			},
			"maritalStatus": "N"
		}
},

"purchase": {
"productId": 8,
"referenceCode": "00000112",
"productCode": "B.101",
"parentProductId": 8,
"tenor": 12,
"paymentMethod": "301",
"paymentType": 2,
"up": 25000000,
"agrementDisclaimer": 701,
"premium": 750000,
"autoDebet": "Y",
"purchaseDate": "20220627150211",
"bankCode": "008",
"ropBankCode": "008",
"bankAccount": "1240010803881",
"bankAccountName": "Tries Dwi Saptari",
"additionalInfo": {
"selfPurchaseFlag": 1
,
			"dealsCode": ""
}
},
"beneficiary": [{
"seqNo": "1",
"mobileNo": "08989965366",
"name": "Dra Tries Dwi Saptari ",
"famrel": 1,
"gender": "F",
"birthDate": "19660904",
"percentage": 100,
"email": "triesdwis@gmail.com"
}
]
}
