182.23.32.10 https://bucketlistplan.co.id/purchase/prepurchase?view=finish 17:14:53 2023-06-27

Content JSON:
{
"personalData": {
"fullName": "FERI SUHENDRA",
    "birthDate": "19900602", 
"birthPlace": "Medan",
"emailAddress": "feri_chu_bb12@yahoo.co.id",
"mobilePhone": "085270020041",
"homePhone": "085270020041",
"lineAddress1": "JL SULUH KOMP THE TERRACE NO B 10",
"lineAddress2": "KEL. SIDOREJO HILIR, KEC. MEDAN TEMBUNG",
"cityAddress": "",
"postalCode": 20222,
"sameMailing": "1",
"mailingLineAddress1": "JL SULUH KOMP THE TERRACE NO B 10",
"mailingLineAddress2": "KEL. SIDOREJO HILIR, KEC. MEDAN TEMBUNG",
"mailingCityAddress": "",
"mailingpostalCode": 20222,
"gender": "M",
"jobType": "Job23",
"identityType": 1,
"identityNumber": "1271140206900002",
"incomeSource": "Incoth",
"additionalProperties": {
"jobDetail": {
"uraianPekerjaan": "AGENCY DIRECTOR",
"namaLembaga": "PT AXA FINANCIAL INDONESIA",
				"bidangUsaha": "ASURANSI "
			},
			"maritalStatus": "Y"
		}
    },"policyHolder":{
"fullName": "FERI SUHENDRA",
    "birthDate": "19900602", 
"birthPlace": "Medan",
"emailAddress": "feri_chu_bb12@yahoo.co.id",
"mobilePhone": "085270020041",
"homePhone": "085270020041",
"lineAddress1": "JL SULUH KOMP THE TERRACE NO B 10",
"lineAddress2": "KEL. SIDOREJO HILIR, KEC. MEDAN TEMBUNG",
"cityAddress": "",
"postalCode": 20222,
"sameMailing": "1",
"mailingLineAddress1": "JL SULUH KOMP THE TERRACE NO B 10",
"mailingLineAddress2": "KEL. SIDOREJO HILIR, KEC. MEDAN TEMBUNG",
"mailingCityAddress": "",
"mailingpostalCode": 20222,
"gender": "M",
"jobType": "Job23",
"identityType": 1,
"identityNumber": "1271140206900002",
"incomeSource": "Incoth",
"additionalProperties": {
"jobDetail": {
"uraianPekerjaan": "AGENCY DIRECTOR",
"namaLembaga": "PT AXA FINANCIAL INDONESIA",
				"bidangUsaha": "ASURANSI "
			},
			"maritalStatus": "Y"
		}
},

"purchase": {
"productId": 1,
"referenceCode": "72311458",
"productCode": "B.101",
"parentProductId": 1,
"tenor": 12,
"paymentMethod": "301",
"paymentType": 2,
"up": 50000000,
"agrementDisclaimer": 701,
"premium": 1200000,
"autoDebet": "Y",
"purchaseDate": "20230627171452",
"bankCode": "014",
"ropBankCode": "014",
"bankAccount": "8370102792",
"bankAccountName": "FERI SUHENDRA",
"additionalInfo": {
"selfPurchaseFlag": 1
,
			"dealsCode": ""
}
},
"beneficiary": [{
"seqNo": "1",
"mobileNo": "085262137566",
"name": "LINDA",
"famrel": 2,
"gender": "F",
"birthDate": "19900106",
"percentage": 100,
"email": "kuang_linda@yahoo.com"
}
]
}
