140.213.168.231 https://bucketlistplan.co.id/purchase/prepurchase?view=finish 16:57:05 2022-04-27

Content JSON:
{
"personalData": {
"fullName": "Haridha Nurhayati",
    "birthDate": "19900702", 
"birthPlace": "sumedang",
"emailAddress": "haridha90@gmail.com",
"mobilePhone": "087872754477",
"homePhone": "087872754477",
"lineAddress1": "Jl. Gabus no 7, Taman Pagelaran",
"lineAddress2": "Rt 006/ 010, Keluarahan Padasuka, Ciomas",
"cityAddress": "Bogor",
"postalCode": 16670,
"sameMailing": "1",
"mailingLineAddress1": "Jl. Gabus no 7, Taman Pagelaran",
"mailingLineAddress2": "Rt 006/ 010, Keluarahan Padasuka, Ciomas",
"mailingCityAddress": "Bogor",
"mailingpostalCode": 16670,
"gender": "F",
"jobType": "Job8",
"identityType": 1,
"identityNumber": "3201264207900003",
"incomeSource": "Slr",
"additionalProperties": {
"jobDetail": {
"uraianPekerjaan": "",
"namaLembaga": "PT Hanwha Life Insurance Indonesia",
				"bidangUsaha": "Asuransi "
			},
			"maritalStatus": "Y"
		}
    },"policyHolder":{
"fullName": "Haridha Nurhayati",
    "birthDate": "19900702", 
"birthPlace": "sumedang",
"emailAddress": "haridha90@gmail.com",
"mobilePhone": "087872754477",
"homePhone": "087872754477",
"lineAddress1": "Jl. Gabus no 7, Taman Pagelaran",
"lineAddress2": "Rt 006/ 010, Keluarahan Padasuka, Ciomas",
"cityAddress": "Bogor",
"postalCode": 16670,
"sameMailing": "1",
"mailingLineAddress1": "Jl. Gabus no 7, Taman Pagelaran",
"mailingLineAddress2": "Rt 006/ 010, Keluarahan Padasuka, Ciomas",
"mailingCityAddress": "Bogor",
"mailingpostalCode": 16670,
"gender": "F",
"jobType": "Job8",
"identityType": 1,
"identityNumber": "3201264207900003",
"incomeSource": "Slr",
"additionalProperties": {
"jobDetail": {
"uraianPekerjaan": "",
"namaLembaga": "PT Hanwha Life Insurance Indonesia",
				"bidangUsaha": "Asuransi "
			},
			"maritalStatus": "Y"
		}
},

"purchase": {
"productId": 1,
"referenceCode": "00000538",
"productCode": "B.101",
"parentProductId": 1,
"tenor": 12,
"paymentMethod": "301",
"paymentType": 2,
"up": 50000000,
"agrementDisclaimer": 701,
"premium": 1200000,
"autoDebet": "Y",
"purchaseDate": "20220427165703",
"bankCode": "014",
"ropBankCode": "014",
"bankAccount": "1740430617",
"bankAccountName": "Haridha Nurhayati",
"additionalInfo": {
"selfPurchaseFlag": 1
,
			"dealsCode": ""
}
},
"beneficiary": [{
"seqNo": "1",
"mobileNo": "087872754477",
"name": "Constantine Ken Akhtar",
"famrel": 3,
"gender": "M",
"birthDate": "20160902",
"percentage": 50,
"email": "haridha90@gmail.com"
},{
"seqNo": "2",
"mobileNo": "087872754477",
"name": "Clarence Kim Orlean",
"famrel": 3,
"gender": "F",
"birthDate": "20191120",
"percentage": 50,
"email": "haridha90@gmail.com"
}
]
}
