45.126.185.236 https://bucketlistplan.co.id/purchase/prepurchase?view=finish 16:54:12 2023-03-27

Content JSON:
{
"personalData": {
"fullName": "TAN TJENG TJOA",
    "birthDate": "19650518", 
"birthPlace": "Medan",
"emailAddress": "tan.tjeng.tjoa@gmail.com",
"mobilePhone": "081269762348",
"homePhone": "081269762348",
"lineAddress1": "JL B KATAMSO NO 445 A",
"lineAddress2": "KEL.SEI MATI KEC.MEDAN MAIMUN",
"cityAddress": "",
"postalCode": 20159,
"sameMailing": "0",
"mailingLineAddress1": "JL B KATAMSO NO 441 D",
"mailingLineAddress2": "KEL.SEI MATI KEC.MEDAN MAIMUN",
"mailingCityAddress": "Medan",
"mailingpostalCode": 20159,
"gender": "M",
"jobType": "Job19",
"identityType": 1,
"identityNumber": "1271151805650001",
"incomeSource": "Shu",
"additionalProperties": {
"jobDetail": {
"uraianPekerjaan": "",
"namaLembaga": "NIAGA MAKMUR PLASTIK",
				"bidangUsaha": "DISTRIBUTOR PECAH BELAH "
			},
			"maritalStatus": "Y"
		}
    },"policyHolder":{
"fullName": "TAN TJENG TJOA",
    "birthDate": "19650518", 
"birthPlace": "Medan",
"emailAddress": "tan.tjeng.tjoa@gmail.com",
"mobilePhone": "081269762348",
"homePhone": "081269762348",
"lineAddress1": "JL B KATAMSO NO 445 A",
"lineAddress2": "KEL.SEI MATI KEC.MEDAN MAIMUN",
"cityAddress": "",
"postalCode": 20159,
"sameMailing": "0",
"mailingLineAddress1": "JL B KATAMSO NO 441 D",
"mailingLineAddress2": "KEL.SEI MATI KEC.MEDAN MAIMUN",
"mailingCityAddress": "Medan",
"mailingpostalCode": 20159,
"gender": "M",
"jobType": "Job19",
"identityType": 1,
"identityNumber": "1271151805650001",
"incomeSource": "Shu",
"additionalProperties": {
"jobDetail": {
"uraianPekerjaan": "",
"namaLembaga": "NIAGA MAKMUR PLASTIK",
				"bidangUsaha": "DISTRIBUTOR PECAH BELAH "
			},
			"maritalStatus": "Y"
		}
},

"purchase": {
"productId": 4,
"referenceCode": "72210844",
"productCode": "B.101",
"parentProductId": 4,
"tenor": 12,
"paymentMethod": "301",
"paymentType": 2,
"up": 100000000,
"agrementDisclaimer": 701,
"premium": 1800000,
"autoDebet": "Y",
"purchaseDate": "20230327165411",
"bankCode": "002",
"ropBankCode": "002",
"bankAccount": "108501017439506",
"bankAccountName": "TAN TJENG TJOA",
"additionalInfo": {
"selfPurchaseFlag": 1
,
			"dealsCode": ""
}
},
"beneficiary": [{
"seqNo": "1",
"mobileNo": "081269762348",
"name": "IVA HERAWATY",
"famrel": 2,
"gender": "F",
"birthDate": "19730517",
"percentage": 100,
"email": "tan.tjeng.tjoa@gmail.com"
}
]
}
