182.3.38.164 https://bucketlistplan.co.id/purchase/prepurchase?view=finish 15:57:21 2022-07-27

Content JSON:
{
"personalData": {
"fullName": "Fauzul Akbar",
    "birthDate": "20011129", 
"birthPlace": "Jakarta",
"emailAddress": "fauzulbontot11@gmail.com",
"mobilePhone": "087737458789",
"homePhone": "4358305",
"lineAddress1": "Jl. Plumpang Semper No.1 Kel. Rawa badak Selatan Kec. Koja Jakarta utara",
"lineAddress2": "Jl. Plumpang Semper No.1 Kel. Rawa badak Selatan Kec. Koja Jakarta utara",
"cityAddress": "Jakarta",
"postalCode": 14230,
"sameMailing": "1",
"mailingLineAddress1": "Jl. Plumpang Semper No.1 Kel. Rawa badak Selatan Kec. Koja Jakarta utara",
"mailingLineAddress2": "Jl. Plumpang Semper No.1 Kel. Rawa badak Selatan Kec. Koja Jakarta utara",
"mailingCityAddress": "Jakarta",
"mailingpostalCode": 14230,
"gender": "M",
"jobType": "Job13",
"identityType": 1,
"identityNumber": "3172032911010008",
"incomeSource": "Incoth",
"additionalProperties": {
"jobDetail": {
"uraianPekerjaan": "",
"namaLembaga": "",
				"bidangUsaha": " "
			},
			"maritalStatus": "N"
		}
    },"policyHolder":{
"fullName": "Fauzul Akbar",
    "birthDate": "20011129", 
"birthPlace": "Jakarta",
"emailAddress": "fauzulbontot11@gmail.com",
"mobilePhone": "087737458789",
"homePhone": "4358305",
"lineAddress1": "Jl. Plumpang Semper No.1 Kel. Rawa badak Selatan Kec. Koja Jakarta utara",
"lineAddress2": "Jl. Plumpang Semper No.1 Kel. Rawa badak Selatan Kec. Koja Jakarta utara",
"cityAddress": "Jakarta",
"postalCode": 14230,
"sameMailing": "1",
"mailingLineAddress1": "Jl. Plumpang Semper No.1 Kel. Rawa badak Selatan Kec. Koja Jakarta utara",
"mailingLineAddress2": "Jl. Plumpang Semper No.1 Kel. Rawa badak Selatan Kec. Koja Jakarta utara",
"mailingCityAddress": "Jakarta",
"mailingpostalCode": 14230,
"gender": "M",
"jobType": "Job13",
"identityType": 1,
"identityNumber": "3172032911010008",
"incomeSource": "Incoth",
"additionalProperties": {
"jobDetail": {
"uraianPekerjaan": "",
"namaLembaga": "",
				"bidangUsaha": " "
			},
			"maritalStatus": "N"
		}
},

"purchase": {
"productId": 10,
"referenceCode": "71910010",
"productCode": "B.101",
"parentProductId": 10,
"tenor": 36,
"paymentMethod": "301",
"paymentType": 2,
"up": 25000000,
"agrementDisclaimer": 701,
"premium": 250000,
"autoDebet": "Y",
"purchaseDate": "20220727155720",
"bankCode": "014",
"ropBankCode": "014",
"bankAccount": "6900347985",
"bankAccountName": "Fauzul Akbar",
"additionalInfo": {
"selfPurchaseFlag": 1
,
			"dealsCode": ""
}
},
"beneficiary": [{
"seqNo": "1",
"mobileNo": "08121358475",
"name": "Sri Mulyati",
"famrel": 1,
"gender": "F",
"birthDate": "19640405",
"percentage": 100,
"email": "mulyati_sri64@yahoo.com"
}
]
}
