27.112.68.3 https://bucketlistplan.co.id/purchase/prepurchase?view=finish 17:02:59 2022-05-27

Content JSON:
{
"personalData": {
"fullName": "CLAUDYA REGINA MANANGKA",
    "birthDate": "19930323", 
"birthPlace": "Jakarta",
"emailAddress": "claudyamarch@gmail.com",
"mobilePhone": "081386950609",
"homePhone": "0",
"lineAddress1": "KOMPLEK KEJAKSAAN AGUNG RI BLOK E 3 NO 15 RT.8/RW.8",
"lineAddress2": "CIPAYUNG, CIPUTAT",
"cityAddress": "",
"postalCode": 15411,
"sameMailing": "0",
"mailingLineAddress1": "KOMPLEK KEJAKSAAN AGUNG RI BLOK E 4 NO 1 RT.8/RW.8",
"mailingLineAddress2": "CIPAYUNG, CIPUTAT",
"mailingCityAddress": "Tangerang selatan",
"mailingpostalCode": 15411,
"gender": "F",
"jobType": "Job8",
"identityType": 1,
"identityNumber": "3674046303930013",
"incomeSource": "Slr",
"additionalProperties": {
"jobDetail": {
"uraianPekerjaan": "",
"namaLembaga": "PT HANWHA LIFE INSURANCE INDONESIA",
				"bidangUsaha": "ASURANSI JIWA "
			},
			"maritalStatus": "N"
		}
    },"policyHolder":{
"fullName": "CLAUDYA REGINA MANANGKA",
    "birthDate": "19930323", 
"birthPlace": "Jakarta",
"emailAddress": "claudyamarch@gmail.com",
"mobilePhone": "081386950609",
"homePhone": "0",
"lineAddress1": "KOMPLEK KEJAKSAAN AGUNG RI BLOK E 3 NO 15 RT.8/RW.8",
"lineAddress2": "CIPAYUNG, CIPUTAT",
"cityAddress": "",
"postalCode": 15411,
"sameMailing": "0",
"mailingLineAddress1": "KOMPLEK KEJAKSAAN AGUNG RI BLOK E 4 NO 1 RT.8/RW.8",
"mailingLineAddress2": "CIPAYUNG, CIPUTAT",
"mailingCityAddress": "Tangerang selatan",
"mailingpostalCode": 15411,
"gender": "F",
"jobType": "Job8",
"identityType": 1,
"identityNumber": "3674046303930013",
"incomeSource": "Slr",
"additionalProperties": {
"jobDetail": {
"uraianPekerjaan": "",
"namaLembaga": "PT HANWHA LIFE INSURANCE INDONESIA",
				"bidangUsaha": "ASURANSI JIWA "
			},
			"maritalStatus": "N"
		}
},

"purchase": {
"productId": 10,
"referenceCode": "00000241",
"productCode": "B.101",
"parentProductId": 10,
"tenor": 36,
"paymentMethod": "301",
"paymentType": 2,
"up": 25000000,
"agrementDisclaimer": 701,
"premium": 250000,
"autoDebet": "Y",
"purchaseDate": "20220527170258",
"bankCode": "014",
"ropBankCode": "014",
"bankAccount": "8800520941",
"bankAccountName": "CLAUDYA REGINA MANANGKA",
"additionalInfo": {
"selfPurchaseFlag": 1
,
			"dealsCode": ""
}
},
"beneficiary": [{
"seqNo": "1",
"mobileNo": "082122789606",
"name": "DYAH WIDYANTI",
"famrel": 1,
"gender": "F",
"birthDate": "19640112",
"percentage": 100,
"email": "dyahwidyanti12@gmail.com"
}
]
}
