115.178.220.35 https://koreaversikamu.co.id/prepurchase?view=finish 12:38:52 2020-03-27

Content JSON:
{
"personalData": {
"fullName": "Meliyanti Kartini Sibagariang",
    "birthDate": "19990921", 
"birthPlace": "Sibolga",
"emailAddress": "sibagariangmeliyanti@gmail.com",
"mobilePhone": "081265150534",
"homePhone": "0614561158",
"lineAddress1": "JL.OSWAL SIAHAAN NO.110",
"lineAddress2": "Jl.Teratai",
"cityAddress": "",
"postalCode": 22513,
"sameMailing": "0",
"mailingLineAddress1": "PELITA IV",
"mailingLineAddress2": "GG.PORSEA NO.11",
"mailingCityAddress": "Medan",
"mailingpostalCode": 20232,
"gender": "F",
"jobType": "Job14",
"identityType": 1,
"identityNumber": "1273016109990001",
"incomeSource": "Incoth",
"additionalProperties": {
"jobDetail": {
"uraianPekerjaan": "",
"namaLembaga": "",
				"bidangUsaha": " "
			},
			"dealsCode": "",
			"maritalStatus": "N"
		}
    },

"purchase": {
"productId": 3,
"referenceCode": "354688",
"productCode": "B.101",
"parentProductId": 3,
"tenor": 36,
"paymentMethod": "301",
"paymentType": 2,
"up": 50000000,
"agrementDisclaimer": 701,
"premium": 400000,
"autoDebet": "Y",
"purchaseDate": "20200327123851",
"bankCode": "009",
"ropBankCode": "009",
"bankAccount": "0912820994",
"bankAccountName": "Meliyanti Kartini Sibagariang",
"additionalInfo": {
"selfPurchaseFlag": 1
,
			"dealsCode": ""
}
},
"beneficiary": [{
"seqNo": "1",
"mobileNo": "081260711179",
"name": "Mangatur P Sibagariang",
"famrel": 1,
"gender": "M",
"birthDate": "19720421",
"percentage": 100,
"email": "sibagariangmeliyanti@gmail.com"
}
]
}
