192.168.115.167 https://www.koreaversikamu.co.id/prepurchase?view=finish 10:33:29 2020-04-27

Content JSON:
{
"personalData": {
"fullName": "Maria",
    "birthDate": "19801028", 
"birthPlace": "Medan",
"emailAddress": "mariakie80@gmail.com",
"mobilePhone": "08126037595",
"homePhone": "08126037595",
"lineAddress1": "jl. Karang Anyar, RT 001 /RW001",
"lineAddress2": "Banyu Manik",
"cityAddress": "",
"postalCode": 50261,
"sameMailing": "0",
"mailingLineAddress1": "Jl. BUkit Bayu No. 6",
"mailingLineAddress2": "Bukit Sari",
"mailingCityAddress": "Semarang",
"mailingpostalCode": 50261,
"gender": "F",
"jobType": "Job8",
"identityType": 1,
"identityNumber": "1271066810800004",
"incomeSource": "Slr",
"additionalProperties": {
"jobDetail": {
"uraianPekerjaan": "",
"namaLembaga": "Swiss Bakery",
				"bidangUsaha": "Makanan "
			},
			"maritalStatus": "Y"
		}
    },"policyHolder":{
"fullName": "Maria",
    "birthDate": "19801028", 
"birthPlace": "Medan",
"emailAddress": "mariakie80@gmail.com",
"mobilePhone": "08126037595",
"homePhone": "08126037595",
"lineAddress1": "jl. Karang Anyar, RT 001 /RW001",
"lineAddress2": "Banyu Manik",
"cityAddress": "",
"postalCode": 50261,
"sameMailing": "0",
"mailingLineAddress1": "Jl. BUkit Bayu No. 6",
"mailingLineAddress2": "Bukit Sari",
"mailingCityAddress": "Semarang",
"mailingpostalCode": 50261,
"gender": "F",
"jobType": "Job8",
"identityType": 1,
"identityNumber": "1271066810800004",
"incomeSource": "Slr",
"additionalProperties": {
"jobDetail": {
"uraianPekerjaan": "",
"namaLembaga": "Swiss Bakery",
				"bidangUsaha": "Makanan "
			},
			"maritalStatus": "Y"
		}
},

"purchase": {
"productId": 1,
"referenceCode": "92011164",
"productCode": "B.101",
"parentProductId": 1,
"tenor": 12,
"paymentMethod": "301",
"paymentType": 2,
"up": 50000000,
"agrementDisclaimer": 701,
"premium": 1200000,
"autoDebet": "Y",
"purchaseDate": "20200427103329",
"bankCode": "014",
"ropBankCode": "014",
"bankAccount": "8000381889",
"bankAccountName": "Maria",
"additionalInfo": {
"selfPurchaseFlag": 1
,
			"dealsCode": "92011164"
}
},
"beneficiary": [{
"seqNo": "1",
"mobileNo": "08126037595",
"name": "Sony Kurniawan",
"famrel": 2,
"gender": "M",
"birthDate": "19750917",
"percentage": 100,
"email": "mariakie80@gmail.com"
}
]
}
