118.137.185.106 https://bucketlistplan.co.id/prepurchase?view=finish 09:05:13 2019-10-27

Content JSON:
{
"personalData": {
"fullName": "Fery",
    "birthDate": "19621016", 
"birthPlace": "Jakarta",
"emailAddress": "fery@dorado.id",
"mobilePhone": "08569888077",
"homePhone": "190238918312",
"lineAddress1": "Jakarta",
"lineAddress2": "Jkaarta",
"cityAddress": "Jakarta",
"postalCode": 12312,
"sameMailing": "1",
"mailingLineAddress1": "Jakarta",
"mailingLineAddress2": "Jkaarta",
"mailingCityAddress": "Jakarta",
"mailingpostalCode": 12312,
"gender": "M",
"jobType": "job19",
"identityType": 1,
"identityNumber": "1092389812738917",
"incomeSource": "slr",
"additionalProperties": {
"jobDetail": {
"uraianPekerjaan": "",
"namaLembaga": "Dorado",
"bidangUsaha": "FNB"
}
}
},
"purchase": {
"productId": 1,
"referenceCode": "Fery",
"productCode": "B.101",
"parentProductId": 1,
"tenor": 12,
"paymentMethod": "301",
"paymentType": 2,
"up": 50000000,
"agrementDisclaimer": 701,
"premium": 1200000,
"autoDebet": "Y",
"purchaseDate": "20191027090513",
"bankCode": "014",
"ropBankCode": "014",
"bankAccount": "10923890128390128309",
"bankAccountName": "Fery",
"additionalInfo": {
"selfPurchaseFlag": 1
}
},
"beneficiary": [{
"seqNo": "1",
"mobileNo": "0856988807",
"name": "Fery",
"famrel": 4,
"gender": "M",
"birthDate": "19591020",
"percentage": 100,
"email": "fery@dorado.id"
}
]
}
