10.1.1.33 https://koreaversikamu.co.id/prepurchase?view=finish 10:31:11 2019-11-27

Content JSON:
{
"personalData": {
"fullName": "DJATI SUTANTO",
    "birthDate": "19660807", 
"birthPlace": "Pontianak",
"emailAddress": "djati_sutanto@yahoo.com",
"mobilePhone": "0811560985",
"homePhone": "0218318736",
"lineAddress1": "JL. KUNINGAN RAYA KAV 5-6",
"lineAddress2": "RT 006/002",
"cityAddress": "Jakarta",
"postalCode": 12980,
"sameMailing": "1",
"mailingLineAddress1": "JL. KUNINGAN RAYA KAV 5-6",
"mailingLineAddress2": "RT 006/002",
"mailingCityAddress": "Jakarta",
"mailingpostalCode": 12980,
"gender": "M",
"jobType": "Job8",
"identityType": 1,
"identityNumber": "3174020708660007",
"incomeSource": "Slr",
"additionalProperties": {
"jobDetail": {
"uraianPekerjaan": "",
"namaLembaga": "",
				"bidangUsaha": " "
			},
			"dealsCode": "",
			"maritalStatus": "Y"
		}
    },

"purchase": {
"productId": 1,
"referenceCode": "LYD",
"productCode": "B.101",
"parentProductId": 1,
"tenor": 12,
"paymentMethod": "301",
"paymentType": 2,
"up": 50000000,
"agrementDisclaimer": 701,
"premium": 1200000,
"autoDebet": "Y",
"purchaseDate": "20191127103111",
"bankCode": "014",
"ropBankCode": "014",
"bankAccount": "3471007691",
"bankAccountName": "DJATI SUTANTO",
"additionalInfo": {
"selfPurchaseFlag": 1
}
},
"beneficiary": [{
"seqNo": "1",
"mobileNo": "081285386588",
"name": "STELLA BELLA SUTANTO",
"famrel": 3,
"gender": "F",
"birthDate": "20050320",
"percentage": 100,
"email": "djati_sutanto@yahoo.com"
}
]
}
