120.188.37.123 https://bucketlistplan.co.id/purchase/prepurchase?view=finish 16:32:12 2021-04-28

Content JSON:
{
"personalData": {
"fullName": "Cinta Riri",
    "birthDate": "19710204", 
"birthPlace": "Jakarta",
"emailAddress": "cinta.cima@gmail.com",
"mobilePhone": "085817999008",
"homePhone": "085817999008",
"lineAddress1": "Lenteng agung, RT 11/05",
"lineAddress2": "Jagakarsa",
"cityAddress": "Jakarta",
"postalCode": 12630,
"sameMailing": "1",
"mailingLineAddress1": "Lenteng agung, RT 11/05",
"mailingLineAddress2": "Jagakarsa",
"mailingCityAddress": "Jakarta",
"mailingpostalCode": 12630,
"gender": "F",
"jobType": "Job8",
"identityType": 1,
"identityNumber": "3174094402711002",
"incomeSource": "Slr",
"additionalProperties": {
"jobDetail": {
"uraianPekerjaan": "",
"namaLembaga": "PT Hanwha Life",
				"bidangUsaha": "Asuransi "
			},
			"maritalStatus": "N"
		}
    },"policyHolder":{
"fullName": "Cinta Riri",
    "birthDate": "19710204", 
"birthPlace": "Jakarta",
"emailAddress": "cinta.cima@gmail.com",
"mobilePhone": "085817999008",
"homePhone": "085817999008",
"lineAddress1": "Lenteng agung, RT 11/05",
"lineAddress2": "Jagakarsa",
"cityAddress": "Jakarta",
"postalCode": 12630,
"sameMailing": "1",
"mailingLineAddress1": "Lenteng agung, RT 11/05",
"mailingLineAddress2": "Jagakarsa",
"mailingCityAddress": "Jakarta",
"mailingpostalCode": 12630,
"gender": "F",
"jobType": "Job8",
"identityType": 1,
"identityNumber": "3174094402711002",
"incomeSource": "Slr",
"additionalProperties": {
"jobDetail": {
"uraianPekerjaan": "",
"namaLembaga": "PT Hanwha Life",
				"bidangUsaha": "Asuransi "
			},
			"maritalStatus": "N"
		}
},

"purchase": {
"productId": 1,
"referenceCode": "91910112",
"productCode": "B.101",
"parentProductId": 1,
"tenor": 12,
"paymentMethod": "301",
"paymentType": 2,
"up": 50000000,
"agrementDisclaimer": 701,
"premium": 1200000,
"autoDebet": "Y",
"purchaseDate": "20210428163211",
"bankCode": "014",
"ropBankCode": "014",
"bankAccount": "5455074140",
"bankAccountName": "Cinta Riri",
"additionalInfo": {
"selfPurchaseFlag": 1
,
			"dealsCode": ""
}
},
"beneficiary": [{
"seqNo": "1",
"mobileNo": "085817999008",
"name": "Gerry octriandy Angelo Kopalit",
"famrel": 4,
"gender": "M",
"birthDate": "20021022",
"percentage": 100,
"email": "cinta.cima@gmail.com"
}
]
}
