10.1.1.33 https://bucketlistplan.co.id/purchase/prepurchase?view=finish 13:29:10 2022-01-28

Content JSON:
{
"personalData": {
"fullName": "STEVEN",
    "birthDate": "19890114", 
"birthPlace": "Medan",
"emailAddress": "steve_n358@yahoo.com",
"mobilePhone": "082367876888",
"homePhone": "082367876888",
"lineAddress1": "Jl. Bingkarung No.35 RT 010/004",
"lineAddress2": "Pandau Hulu II, Medan Area",
"cityAddress": "Medan",
"postalCode": 20211,
"sameMailing": "1",
"mailingLineAddress1": "Jl. Bingkarung No.35 RT 010/004",
"mailingLineAddress2": "Pandau Hulu II, Medan Area",
"mailingCityAddress": "Medan",
"mailingpostalCode": 20211,
"gender": "M",
"jobType": "Job8",
"identityType": 1,
"identityNumber": "1271101401890001",
"incomeSource": "Slr",
"additionalProperties": {
"jobDetail": {
"uraianPekerjaan": "",
"namaLembaga": "swasta",
				"bidangUsaha": "swasta "
			},
			"maritalStatus": "Y"
		}
    },"policyHolder":{
"fullName": "STEVEN",
    "birthDate": "19890114", 
"birthPlace": "Medan",
"emailAddress": "steve_n358@yahoo.com",
"mobilePhone": "082367876888",
"homePhone": "082367876888",
"lineAddress1": "Jl. Bingkarung No.35 RT 010/004",
"lineAddress2": "Pandau Hulu II, Medan Area",
"cityAddress": "Medan",
"postalCode": 20211,
"sameMailing": "1",
"mailingLineAddress1": "Jl. Bingkarung No.35 RT 010/004",
"mailingLineAddress2": "Pandau Hulu II, Medan Area",
"mailingCityAddress": "Medan",
"mailingpostalCode": 20211,
"gender": "M",
"jobType": "Job8",
"identityType": 1,
"identityNumber": "1271101401890001",
"incomeSource": "Slr",
"additionalProperties": {
"jobDetail": {
"uraianPekerjaan": "",
"namaLembaga": "swasta",
				"bidangUsaha": "swasta "
			},
			"maritalStatus": "Y"
		}
},

"purchase": {
"productId": 1,
"referenceCode": "919110472",
"productCode": "B.101",
"parentProductId": 1,
"tenor": 12,
"paymentMethod": "301",
"paymentType": 2,
"up": 50000000,
"agrementDisclaimer": 701,
"premium": 1200000,
"autoDebet": "Y",
"purchaseDate": "20220128132909",
"bankCode": "014",
"ropBankCode": "014",
"bankAccount": "8370211532",
"bankAccountName": "STEVEN",
"additionalInfo": {
"selfPurchaseFlag": 1
,
			"dealsCode": ""
}
},
"beneficiary": [{
"seqNo": "1",
"mobileNo": "087719607535",
"name": "Aileen Natashia",
"famrel": 2,
"gender": "M",
"birthDate": "19920228",
"percentage": 100,
"email": "ailingkim111@gmail.com"
}
]
}
