10.1.1.33 https://bucketlistplan.co.id/purchase/prepurchase?view=finish 14:14:10 2022-04-28

Content JSON:
{
"personalData": {
"fullName": "Deon Suwartomi",
    "birthDate": "20221212", 
"birthPlace": "Jakarta",
"emailAddress": "d.rastamarry@gmail.com",
"mobilePhone": "08111212312",
"homePhone": "08111212312",
"lineAddress1": "Nuri Bintaro Blok B.4/11",
"lineAddress2": "Pondok Ranji - Ciputat Timur",
"cityAddress": "Tangerang selatan",
"postalCode": 15412,
"sameMailing": "1",
"mailingLineAddress1": "Nuri Bintaro Blok B.4/11",
"mailingLineAddress2": "Pondok Ranji - Ciputat Timur",
"mailingCityAddress": "Tangerang selatan",
"mailingpostalCode": 15412,
"gender": "M",
"jobType": "Job8",
"identityType": 1,
"identityNumber": "3674051212850016",
"incomeSource": "Slr",
"additionalProperties": {
"jobDetail": {
"uraianPekerjaan": "",
"namaLembaga": "PT. Hanwhalife Insurance Indonesia",
				"bidangUsaha": "Asuransi "
			},
			"maritalStatus": "Y"
		}
    },"policyHolder":{
"fullName": "Deon Suwartomi",
    "birthDate": "20221212", 
"birthPlace": "Jakarta",
"emailAddress": "d.rastamarry@gmail.com",
"mobilePhone": "08111212312",
"homePhone": "08111212312",
"lineAddress1": "Nuri Bintaro Blok B.4/11",
"lineAddress2": "Pondok Ranji - Ciputat Timur",
"cityAddress": "Tangerang selatan",
"postalCode": 15412,
"sameMailing": "1",
"mailingLineAddress1": "Nuri Bintaro Blok B.4/11",
"mailingLineAddress2": "Pondok Ranji - Ciputat Timur",
"mailingCityAddress": "Tangerang selatan",
"mailingpostalCode": 15412,
"gender": "M",
"jobType": "Job8",
"identityType": 1,
"identityNumber": "3674051212850016",
"incomeSource": "Slr",
"additionalProperties": {
"jobDetail": {
"uraianPekerjaan": "",
"namaLembaga": "PT. Hanwhalife Insurance Indonesia",
				"bidangUsaha": "Asuransi "
			},
			"maritalStatus": "Y"
		}
},

"purchase": {
"productId": 8,
"referenceCode": "71910010",
"productCode": "B.101",
"parentProductId": 8,
"tenor": 12,
"paymentMethod": "301",
"paymentType": 2,
"up": 25000000,
"agrementDisclaimer": 701,
"premium": 750000,
"autoDebet": "Y",
"purchaseDate": "20220428141409",
"bankCode": "008",
"ropBankCode": "008",
"bankAccount": "1550022212222",
"bankAccountName": "Deon Suwartomi",
"additionalInfo": {
"selfPurchaseFlag": 1
,
			"dealsCode": ""
}
},
"beneficiary": [{
"seqNo": "1",
"mobileNo": "08111212312",
"name": "Banyubiru Danendra Suwartomi",
"famrel": 3,
"gender": "M",
"birthDate": "20180818",
"percentage": 100,
"email": "d.rastamarry@gmail.com"
}
]
}
