192.168.111.116 https://koreaversikamu.co.id/prepurchase?view=finish 18:34:06 2020-02-28

Content JSON:
{
"personalData": {
"fullName": "MARCELLA MAGDALENA RAHARDJA",
    "birthDate": "19910303", 
"birthPlace": "Jakarta",
"emailAddress": "maecella12588@gmail.com",
"mobilePhone": "089516886884",
"homePhone": "089516886884",
"lineAddress1": "JL. SAWO KECIK NO.27 RT. 01 RW. 07",
"lineAddress2": "KEL. BUKIT DURI KEC. TEBET",
"cityAddress": "",
"postalCode": 12480,
"sameMailing": "1",
"mailingLineAddress1": "JL. SAWO KECIK NO.27 RT. 01 RW. 07",
"mailingLineAddress2": "KEL. BUKIT DURI KEC. TEBET",
"mailingCityAddress": "",
"mailingpostalCode": 12480,
"gender": "F",
"jobType": "Job23",
"identityType": 1,
"identityNumber": "3174014303910002",
"incomeSource": "Incoth",
"additionalProperties": {
"jobDetail": {
"uraianPekerjaan": "MENGAJAR ",
"namaLembaga": "GURU",
				"bidangUsaha": "PENDIDIKAN  "
			},
			"dealsCode": "",
			"maritalStatus": "N"
		}
    },

"purchase": {
"productId": 3,
"referenceCode": "91603407",
"productCode": "B.101",
"parentProductId": 3,
"tenor": 36,
"paymentMethod": "301",
"paymentType": 2,
"up": 50000000,
"agrementDisclaimer": 701,
"premium": 400000,
"autoDebet": "Y",
"purchaseDate": "20200228183406",
"bankCode": "014",
"ropBankCode": "014",
"bankAccount": "6560032526",
"bankAccountName": "MARCELLA MAGDALENA RAHARDJA",
"additionalInfo": {
"selfPurchaseFlag": 1
,
			"dealsCode": ""
}
},
"beneficiary": [{
"seqNo": "1",
"mobileNo": "089516886884",
"name": "JENNYFER CLAUDYA RAHARDJA",
"famrel": 4,
"gender": "F",
"birthDate": "20010113",
"percentage": 100,
"email": "marcella12588@gmail.com"
}
]
}
