223.255.230.74 https://bucketlistplan.co.id/purchase/prepurchase?view=finish 09:38:37 2020-12-28

Content JSON:
{
"personalData": {
"fullName": "Jimmy",
    "birthDate": "19791026", 
"birthPlace": "Banda aceh",
"emailAddress": "wuenjimmy79@gmail.com",
"mobilePhone": "085270372280",
"homePhone": "085270372280",
"lineAddress1": "jl sekip gang sederhana, no 15",
"lineAddress2": "Sei Seputih Timur I, Medan Petisah",
"cityAddress": "Medan",
"postalCode": 20118,
"sameMailing": "1",
"mailingLineAddress1": "jl sekip gang sederhana, no 15",
"mailingLineAddress2": "Sei Seputih Timur I, Medan Petisah",
"mailingCityAddress": "Medan",
"mailingpostalCode": 20118,
"gender": "M",
"jobType": "Job19",
"identityType": 1,
"identityNumber": "1271122610790001",
"incomeSource": "Slr",
"additionalProperties": {
"jobDetail": {
"uraianPekerjaan": "",
"namaLembaga": "wiraswasta",
				"bidangUsaha": "penguasaha "
			},
			"maritalStatus": "Y"
		}
    },"policyHolder":{
"fullName": "Jimmy",
    "birthDate": "19791026", 
"birthPlace": "Banda aceh",
"emailAddress": "wuenjimmy79@gmail.com",
"mobilePhone": "085270372280",
"homePhone": "085270372280",
"lineAddress1": "jl sekip gang sederhana, no 15",
"lineAddress2": "Sei Seputih Timur I, Medan Petisah",
"cityAddress": "Medan",
"postalCode": 20118,
"sameMailing": "1",
"mailingLineAddress1": "jl sekip gang sederhana, no 15",
"mailingLineAddress2": "Sei Seputih Timur I, Medan Petisah",
"mailingCityAddress": "Medan",
"mailingpostalCode": 20118,
"gender": "M",
"jobType": "Job19",
"identityType": 1,
"identityNumber": "1271122610790001",
"incomeSource": "Slr",
"additionalProperties": {
"jobDetail": {
"uraianPekerjaan": "",
"namaLembaga": "wiraswasta",
				"bidangUsaha": "penguasaha "
			},
			"maritalStatus": "Y"
		}
},

"purchase": {
"productId": 10,
"referenceCode": "92012391 ",
"productCode": "B.101",
"parentProductId": 10,
"tenor": 36,
"paymentMethod": "301",
"paymentType": 2,
"up": 25000000,
"agrementDisclaimer": 701,
"premium": 250000,
"autoDebet": "Y",
"purchaseDate": "20201228093836",
"bankCode": "014",
"ropBankCode": "014",
"bankAccount": "2420679311",
"bankAccountName": "Jimmy",
"additionalInfo": {
"selfPurchaseFlag": 1
,
			"dealsCode": "BLPCB100"
}
},
"beneficiary": [{
"seqNo": "1",
"mobileNo": "081361837960",
"name": "Siak Hun",
"famrel": 2,
"gender": "M",
"birthDate": "19800106",
"percentage": 100,
"email": "wuenjimmy79@gmail.com"
}
]
}
