101.128.83.125 https://bucketlistplan.co.id/purchase/prepurchase?view=finish 13:24:42 2023-11-29

Content JSON:
{
"personalData": {
"fullName": "IEN TIRTO BUWONO, THE",
    "birthDate": "19840920", 
"birthPlace": "Surabaya",
"emailAddress": "ientirto@gmail.com",
"mobilePhone": "087851757571",
"homePhone": "087851757571",
"lineAddress1": "SUMBAWA 20",
"lineAddress2": "SUMBAWA 20",
"cityAddress": "Surabaya",
"postalCode": 60281,
"sameMailing": "1",
"mailingLineAddress1": "SUMBAWA 20",
"mailingLineAddress2": "SUMBAWA 20",
"mailingCityAddress": "Surabaya",
"mailingpostalCode": 60281,
"gender": "F",
"jobType": "Job19",
"identityType": 1,
"identityNumber": "3578086009840002",
"incomeSource": "Shu",
"additionalProperties": {
"jobDetail": {
"uraianPekerjaan": "",
"namaLembaga": "MYLEARNING SPACE",
				"bidangUsaha": "PENDIDIKAN "
			},
			"maritalStatus": "N"
		}
    },"policyHolder":{
"fullName": "IEN TIRTO BUWONO, THE",
    "birthDate": "19840920", 
"birthPlace": "Surabaya",
"emailAddress": "ientirto@gmail.com",
"mobilePhone": "087851757571",
"homePhone": "087851757571",
"lineAddress1": "SUMBAWA 20",
"lineAddress2": "SUMBAWA 20",
"cityAddress": "Surabaya",
"postalCode": 60281,
"sameMailing": "1",
"mailingLineAddress1": "SUMBAWA 20",
"mailingLineAddress2": "SUMBAWA 20",
"mailingCityAddress": "Surabaya",
"mailingpostalCode": 60281,
"gender": "F",
"jobType": "Job19",
"identityType": 1,
"identityNumber": "3578086009840002",
"incomeSource": "Shu",
"additionalProperties": {
"jobDetail": {
"uraianPekerjaan": "",
"namaLembaga": "MYLEARNING SPACE",
				"bidangUsaha": "PENDIDIKAN "
			},
			"maritalStatus": "N"
		}
},

"purchase": {
"productId": 9,
"referenceCode": "72311475",
"productCode": "B.101",
"parentProductId": 9,
"tenor": 24,
"paymentMethod": "301",
"paymentType": 2,
"up": 25000000,
"agrementDisclaimer": 701,
"premium": 375000,
"autoDebet": "Y",
"purchaseDate": "20231129132440",
"bankCode": "019",
"ropBankCode": "019",
"bankAccount": "4022017571",
"bankAccountName": "IEN TIRTO BUWONO, THE",
"ewalletNo": "087851757571",
"ewalletType": "OVO",
"ewalletName": "IEN TIRTO BUWONO",
"additionalInfo": {
"selfPurchaseFlag": 1
,
			"dealsCode": ""
}
},
"beneficiary": [{
"seqNo": "1",
"mobileNo": "087880221389",
"name": "DIEN TIRTO BUWONO, THE",
"famrel": 4,
"gender": "F",
"birthDate": "19821108",
"percentage": 100,
"email": "ientirto@gmail.com"
}
]
}
36.71.143.195 https://bucketlistplan.co.id/purchase/prepurchase?view=finish 14:17:29 2023-11-29

Content JSON:
{
"personalData": {
"fullName": "YANTY HONG",
    "birthDate": "19780807", 
"birthPlace": "Medan",
"emailAddress": "yanzzhong78@gmail.com",
"mobilePhone": "085105099456",
"homePhone": "085105099456",
"lineAddress1": "JL RAHMADSYAH NO 180 ",
"lineAddress2": "KEL KOTA MATSUM III KEC.MEDAN KOTA",
"cityAddress": "Medan",
"postalCode": 20211,
"sameMailing": "1",
"mailingLineAddress1": "JL RAHMADSYAH NO 180 ",
"mailingLineAddress2": "KEL KOTA MATSUM III KEC.MEDAN KOTA",
"mailingCityAddress": "Medan",
"mailingpostalCode": 20211,
"gender": "F",
"jobType": "Job19",
"identityType": 1,
"identityNumber": "1271014708780006",
"incomeSource": "Shu",
"additionalProperties": {
"jobDetail": {
"uraianPekerjaan": "",
"namaLembaga": "JAYA BARU",
				"bidangUsaha": "STATIONARY "
			},
			"maritalStatus": "Y"
		}
    },"policyHolder":{
"fullName": "YANTY HONG",
    "birthDate": "19780807", 
"birthPlace": "Medan",
"emailAddress": "yanzzhong78@gmail.com",
"mobilePhone": "085105099456",
"homePhone": "085105099456",
"lineAddress1": "JL RAHMADSYAH NO 180 ",
"lineAddress2": "KEL KOTA MATSUM III KEC.MEDAN KOTA",
"cityAddress": "Medan",
"postalCode": 20211,
"sameMailing": "1",
"mailingLineAddress1": "JL RAHMADSYAH NO 180 ",
"mailingLineAddress2": "KEL KOTA MATSUM III KEC.MEDAN KOTA",
"mailingCityAddress": "Medan",
"mailingpostalCode": 20211,
"gender": "F",
"jobType": "Job19",
"identityType": 1,
"identityNumber": "1271014708780006",
"incomeSource": "Shu",
"additionalProperties": {
"jobDetail": {
"uraianPekerjaan": "",
"namaLembaga": "JAYA BARU",
				"bidangUsaha": "STATIONARY "
			},
			"maritalStatus": "Y"
		}
},

"purchase": {
"productId": 1,
"referenceCode": "72210844",
"productCode": "B.101",
"parentProductId": 1,
"tenor": 12,
"paymentMethod": "301",
"paymentType": 2,
"up": 50000000,
"agrementDisclaimer": 701,
"premium": 1200000,
"autoDebet": "Y",
"purchaseDate": "20231129141728",
"bankCode": "014",
"ropBankCode": "014",
"bankAccount": "8375044150",
"bankAccountName": "YANTY HONG",
"ewalletNo": "085105099456",
"ewalletType": "OVO",
"ewalletName": "YANTY HONG",
"additionalInfo": {
"selfPurchaseFlag": 1
,
			"dealsCode": ""
}
},
"beneficiary": [{
"seqNo": "1",
"mobileNo": "085105099456",
"name": "JANICE ANGELICA",
"famrel": 3,
"gender": "F",
"birthDate": "20080614",
"percentage": 100,
"email": "yanzzhong78@gmail.com"
}
]
}
