182.3.43.21 https://bucketlistplan.co.id/purchase/prepurchase?view=finish 11:50:15 2023-07-30

Content JSON:
{
"personalData": {
"fullName": "SUCI ENDAH PURWOLESTARI",
    "birthDate": "19890502", 
"birthPlace": "Jakarta",
"emailAddress": "suci.akbar0205@gmail.com",
"mobilePhone": "082123282326",
"homePhone": "082123282326",
"lineAddress1": "Asrama Brimob Barak Mako Bawah Kelapadua No.34 RT 01/RW03",
"lineAddress2": "Kel. Pasir Gunung Selatan Kec. Cimanggis",
"cityAddress": "Depok",
"postalCode": 16451,
"sameMailing": "1",
"mailingLineAddress1": "Asrama Brimob Barak Mako Bawah Kelapadua No.34 RT 01/RW03",
"mailingLineAddress2": "Kel. Pasir Gunung Selatan Kec. Cimanggis",
"mailingCityAddress": "Depok",
"mailingpostalCode": 16451,
"gender": "F",
"jobType": "Job7",
"identityType": 1,
"identityNumber": "3175054205890007",
"incomeSource": "Slr",
"additionalProperties": {
"jobDetail": {
"uraianPekerjaan": "Analyst Laboratorium",
"namaLembaga": "POLRI",
				"bidangUsaha": " "
			},
			"maritalStatus": "Y"
		}
    },"policyHolder":{
"fullName": "SUCI ENDAH PURWOLESTARI",
    "birthDate": "19890502", 
"birthPlace": "Jakarta",
"emailAddress": "suci.akbar0205@gmail.com",
"mobilePhone": "082123282326",
"homePhone": "082123282326",
"lineAddress1": "Asrama Brimob Barak Mako Bawah Kelapadua No.34 RT 01/RW03",
"lineAddress2": "Kel. Pasir Gunung Selatan Kec. Cimanggis",
"cityAddress": "Depok",
"postalCode": 16451,
"sameMailing": "1",
"mailingLineAddress1": "Asrama Brimob Barak Mako Bawah Kelapadua No.34 RT 01/RW03",
"mailingLineAddress2": "Kel. Pasir Gunung Selatan Kec. Cimanggis",
"mailingCityAddress": "Depok",
"mailingpostalCode": 16451,
"gender": "F",
"jobType": "Job7",
"identityType": 1,
"identityNumber": "3175054205890007",
"incomeSource": "Slr",
"additionalProperties": {
"jobDetail": {
"uraianPekerjaan": "Analyst Laboratorium",
"namaLembaga": "POLRI",
				"bidangUsaha": " "
			},
			"maritalStatus": "Y"
		}
},

"purchase": {
"productId": 6,
"referenceCode": "19771218",
"productCode": "B.101",
"parentProductId": 6,
"tenor": 36,
"paymentMethod": "301",
"paymentType": 2,
"up": 100000000,
"agrementDisclaimer": 701,
"premium": 600000,
"autoDebet": "Y",
"purchaseDate": "20230730115014",
"bankCode": "002",
"ropBankCode": "002",
"bankAccount": "325401033110535",
"bankAccountName": "SUCI ENDAH PURWOLESTARI",
"additionalInfo": {
"selfPurchaseFlag": 1
,
			"dealsCode": ""
}
},
"beneficiary": [{
"seqNo": "1",
"mobileNo": "082123282326",
"name": "Zulkarnaen Ziddan Alfatih",
"famrel": 3,
"gender": "M",
"birthDate": "20140324",
"percentage": 100,
"email": "akbarsuci@gmail.com"
}
]
}
