125.165.34.140 https://www.bucketlistplan.co.id/prepurchase?view=finish 16:16:23 2020-08-30

Content JSON:
{
"personalData": {
"fullName": "Yunita,S.Kom",
    "birthDate": "19840812", 
"birthPlace": "Medan",
"emailAddress": "peterhendra25@yahoo.com",
"mobilePhone": "0819891984",
"homePhone": "0819891984",
"lineAddress1": "Jl.Pukat VIII No:79-80",
"lineAddress2": "Jl.Pukat VIII No:79-80",
"cityAddress": "Medan",
"postalCode": 20224,
"sameMailing": "1",
"mailingLineAddress1": "Jl.Pukat VIII No:79-80",
"mailingLineAddress2": "Jl.Pukat VIII No:79-80",
"mailingCityAddress": "Medan",
"mailingpostalCode": 20224,
"gender": "F",
"jobType": "Job19",
"identityType": 1,
"identityNumber": "1271145208840001",
"incomeSource": "Shu",
"additionalProperties": {
"jobDetail": {
"uraianPekerjaan": "",
"namaLembaga": "Apotik",
				"bidangUsaha": "Jual obat "
			},
			"maritalStatus": "Y"
		}
    },"policyHolder":{
"fullName": "Yunita,S.Kom",
    "birthDate": "19840812", 
"birthPlace": "Medan",
"emailAddress": "peterhendra25@yahoo.com",
"mobilePhone": "0819891984",
"homePhone": "0819891984",
"lineAddress1": "Jl.Pukat VIII No:79-80",
"lineAddress2": "Jl.Pukat VIII No:79-80",
"cityAddress": "Medan",
"postalCode": 20224,
"sameMailing": "1",
"mailingLineAddress1": "Jl.Pukat VIII No:79-80",
"mailingLineAddress2": "Jl.Pukat VIII No:79-80",
"mailingCityAddress": "Medan",
"mailingpostalCode": 20224,
"gender": "F",
"jobType": "Job19",
"identityType": 1,
"identityNumber": "1271145208840001",
"incomeSource": "Shu",
"additionalProperties": {
"jobDetail": {
"uraianPekerjaan": "",
"namaLembaga": "Apotik",
				"bidangUsaha": "Jual obat "
			},
			"maritalStatus": "Y"
		}
},

"purchase": {
"productId": 4,
"referenceCode": "91708165",
"productCode": "B.101",
"parentProductId": 4,
"tenor": 12,
"paymentMethod": "301",
"paymentType": 2,
"up": 100000000,
"agrementDisclaimer": 701,
"premium": 1800000,
"autoDebet": "Y",
"purchaseDate": "20200830161622",
"bankCode": "014",
"ropBankCode": "014",
"bankAccount": "1950842691",
"bankAccountName": "Yunita",
"additionalInfo": {
"selfPurchaseFlag": 1
,
			"dealsCode": ""
}
},
"beneficiary": [{
"seqNo": "1",
"mobileNo": "0819891984",
"name": "Peter Hendra",
"famrel": 2,
"gender": "M",
"birthDate": "19840107",
"percentage": 100,
"email": "peterhendra25@yahoo.com"
}
]
}
