112.215.171.70 https://bucketlistplan.co.id/purchase/prepurchase?view=finish 13:56:14 2021-04-30

Content JSON:
{
"personalData": {
"fullName": "Dika Aji Alfiansyah",
    "birthDate": "20000817", 
"birthPlace": "Sidoarjo",
"emailAddress": "dikavnsh@gmail.com",
"mobilePhone": "082350003060",
"homePhone": "082350003060",
"lineAddress1": "Bendo RT 008/01",
"lineAddress2": "kapas",
"cityAddress": "",
"postalCode": 62181,
"sameMailing": "1",
"mailingLineAddress1": "Bendo RT 008/01",
"mailingLineAddress2": "kapas",
"mailingCityAddress": "",
"mailingpostalCode": 62181,
"gender": "M",
"jobType": "Job8",
"identityType": 1,
"identityNumber": "352214170000008",
"incomeSource": "Slr",
"additionalProperties": {
"jobDetail": {
"uraianPekerjaan": "",
"namaLembaga": "Asuransi",
				"bidangUsaha": "Asuransi "
			},
			"maritalStatus": "N"
		}
    },"policyHolder":{
"fullName": "Dika Aji Alfiansyah",
    "birthDate": "20000817", 
"birthPlace": "Sidoarjo",
"emailAddress": "dikavnsh@gmail.com",
"mobilePhone": "082350003060",
"homePhone": "082350003060",
"lineAddress1": "Bendo RT 008/01",
"lineAddress2": "kapas",
"cityAddress": "",
"postalCode": 62181,
"sameMailing": "1",
"mailingLineAddress1": "Bendo RT 008/01",
"mailingLineAddress2": "kapas",
"mailingCityAddress": "",
"mailingpostalCode": 62181,
"gender": "M",
"jobType": "Job8",
"identityType": 1,
"identityNumber": "352214170000008",
"incomeSource": "Slr",
"additionalProperties": {
"jobDetail": {
"uraianPekerjaan": "",
"namaLembaga": "Asuransi",
				"bidangUsaha": "Asuransi "
			},
			"maritalStatus": "N"
		}
},

"purchase": {
"productId": 10,
"referenceCode": "92113002",
"productCode": "B.101",
"parentProductId": 10,
"tenor": 36,
"paymentMethod": "301",
"paymentType": 2,
"up": 25000000,
"agrementDisclaimer": 701,
"premium": 250000,
"autoDebet": "Y",
"purchaseDate": "20210430135611",
"bankCode": "014",
"ropBankCode": "014",
"bankAccount": "0640653744",
"bankAccountName": "Dika Aji Alfiansyah",
"additionalInfo": {
"selfPurchaseFlag": 1
,
			"dealsCode": ""
}
},
"beneficiary": [{
"seqNo": "1",
"mobileNo": "089531530626",
"name": "Virginia Ayu",
"famrel": 4,
"gender": "F",
"birthDate": "19990507",
"percentage": 100,
"email": "dikavnsh@gmail.com"
}
]
}
