45.126.185.236 https://bucketlistplan.co.id/purchase/prepurchase?view=finish 14:22:39 2023-03-30

Content JSON:
{
"personalData": {
"fullName": "CHRISTINE IRHANS, S.KOM",
    "birthDate": "19830428", 
"birthPlace": "Medan",
"emailAddress": "chrisirhans@gmail.com",
"mobilePhone": "081376343851",
"homePhone": "081376343851",
"lineAddress1": "JL ARIEF RACHMAN HAKIM NO 62 B",
"lineAddress2": "KEL.SUKARAMAI KEC.MEDAN AREA",
"cityAddress": "Medan",
"postalCode": 20216,
"sameMailing": "1",
"mailingLineAddress1": "JL ARIEF RACHMAN HAKIM NO 62 B",
"mailingLineAddress2": "KEL.SUKARAMAI KEC.MEDAN AREA",
"mailingCityAddress": "Medan",
"mailingpostalCode": 20216,
"gender": "F",
"jobType": "Job8",
"identityType": 1,
"identityNumber": "1271166804830001",
"incomeSource": "Slr",
"additionalProperties": {
"jobDetail": {
"uraianPekerjaan": "",
"namaLembaga": "MODUIT INDONESIA",
				"bidangUsaha": "INVESTMENT "
			},
			"maritalStatus": "N"
		}
    },"policyHolder":{
"fullName": "CHRISTINE IRHANS, S.KOM",
    "birthDate": "19830428", 
"birthPlace": "Medan",
"emailAddress": "chrisirhans@gmail.com",
"mobilePhone": "081376343851",
"homePhone": "081376343851",
"lineAddress1": "JL ARIEF RACHMAN HAKIM NO 62 B",
"lineAddress2": "KEL.SUKARAMAI KEC.MEDAN AREA",
"cityAddress": "Medan",
"postalCode": 20216,
"sameMailing": "1",
"mailingLineAddress1": "JL ARIEF RACHMAN HAKIM NO 62 B",
"mailingLineAddress2": "KEL.SUKARAMAI KEC.MEDAN AREA",
"mailingCityAddress": "Medan",
"mailingpostalCode": 20216,
"gender": "F",
"jobType": "Job8",
"identityType": 1,
"identityNumber": "1271166804830001",
"incomeSource": "Slr",
"additionalProperties": {
"jobDetail": {
"uraianPekerjaan": "",
"namaLembaga": "MODUIT INDONESIA",
				"bidangUsaha": "INVESTMENT "
			},
			"maritalStatus": "N"
		}
},

"purchase": {
"productId": 1,
"referenceCode": "72210844",
"productCode": "B.101",
"parentProductId": 1,
"tenor": 12,
"paymentMethod": "301",
"paymentType": 2,
"up": 50000000,
"agrementDisclaimer": 701,
"premium": 1200000,
"autoDebet": "Y",
"purchaseDate": "20230330142238",
"bankCode": "046",
"ropBankCode": "046",
"bankAccount": "1120592017",
"bankAccountName": "CHRISTINE IRHANS ",
"additionalInfo": {
"selfPurchaseFlag": 1
,
			"dealsCode": ""
}
},
"beneficiary": [{
"seqNo": "1",
"mobileNo": "081376343851",
"name": "IRENE YOAN IRHANS",
"famrel": 4,
"gender": "F",
"birthDate": "19870826",
"percentage": 100,
"email": "ireneirhans@gmail.com"
}
]
}
114.122.23.91 https://bucketlistplan.co.id/purchase/prepurchase?view=finish 14:55:29 2023-03-30

Content JSON:
{
"personalData": {
"fullName": "Rudi Wijaya",
    "birthDate": "19930412", 
"birthPlace": "Medan",
"emailAddress": "rudywijaya93@yahoo.com",
"mobilePhone": "085262635609",
"homePhone": "085262635609",
"lineAddress1": "Jl.Perkutut komp.Royal Park No:8-I",
"lineAddress2": "Komplek Mutiara Palace Blok:B3",
"cityAddress": "Medan",
"postalCode": 20124,
"sameMailing": "1",
"mailingLineAddress1": "Jl.Perkutut komp.Royal Park No:8-I",
"mailingLineAddress2": "Komplek Mutiara Palace Blok:B3",
"mailingCityAddress": "Medan",
"mailingpostalCode": 20124,
"gender": "M",
"jobType": "Job23",
"identityType": 1,
"identityNumber": "1271201204930004",
"incomeSource": "Incoth",
"additionalProperties": {
"jobDetail": {
"uraianPekerjaan": "AD",
"namaLembaga": "AXA financial indonesia",
				"bidangUsaha": "Insurance "
			},
			"maritalStatus": "Y"
		}
    },"policyHolder":{
"fullName": "Rudi Wijaya",
    "birthDate": "19930412", 
"birthPlace": "Medan",
"emailAddress": "rudywijaya93@yahoo.com",
"mobilePhone": "085262635609",
"homePhone": "085262635609",
"lineAddress1": "Jl.Perkutut komp.Royal Park No:8-I",
"lineAddress2": "Komplek Mutiara Palace Blok:B3",
"cityAddress": "Medan",
"postalCode": 20124,
"sameMailing": "1",
"mailingLineAddress1": "Jl.Perkutut komp.Royal Park No:8-I",
"mailingLineAddress2": "Komplek Mutiara Palace Blok:B3",
"mailingCityAddress": "Medan",
"mailingpostalCode": 20124,
"gender": "M",
"jobType": "Job23",
"identityType": 1,
"identityNumber": "1271201204930004",
"incomeSource": "Incoth",
"additionalProperties": {
"jobDetail": {
"uraianPekerjaan": "AD",
"namaLembaga": "AXA financial indonesia",
				"bidangUsaha": "Insurance "
			},
			"maritalStatus": "Y"
		}
},

"purchase": {
"productId": 1,
"referenceCode": "72311453",
"productCode": "B.101",
"parentProductId": 1,
"tenor": 12,
"paymentMethod": "301",
"paymentType": 2,
"up": 50000000,
"agrementDisclaimer": 701,
"premium": 1200000,
"autoDebet": "Y",
"purchaseDate": "20230330145528",
"bankCode": "014",
"ropBankCode": "014",
"bankAccount": "8280168603",
"bankAccountName": "Rudi Wijaya",
"additionalInfo": {
"selfPurchaseFlag": 1
,
			"dealsCode": ""
}
},
"beneficiary": [{
"seqNo": "1",
"mobileNo": "085262635609",
"name": "Lucas nathan wijaya",
"famrel": 3,
"gender": "M",
"birthDate": "20200711",
"percentage": 100,
"email": "rudywijaya93@yahoo.com"
}
]
}
