103.121.18.14 https://www.bucketlistplan.co.id/prepurchase?view=finish 14:11:01 2020-07-30

Content JSON:
{
"personalData": {
"fullName": "Hardy Leonardo Lai DRS",
    "birthDate": "19620807", 
"birthPlace": "Medan",
"emailAddress": "hardyleo8888@gmail.com",
"mobilePhone": "08196008838",
"homePhone": "08196008838",
"lineAddress1": "Jl.Waringin Baru No:2-A",
"lineAddress2": "Jl.Waringin Baru No:2-A",
"cityAddress": "Medan",
"postalCode": 20113,
"sameMailing": "1",
"mailingLineAddress1": "Jl.Waringin Baru No:2-A",
"mailingLineAddress2": "Jl.Waringin Baru No:2-A",
"mailingCityAddress": "Medan",
"mailingpostalCode": 20113,
"gender": "M",
"jobType": "Job13",
"identityType": 1,
"identityNumber": "1271190708620005",
"incomeSource": "Shu",
"additionalProperties": {
"jobDetail": {
"uraianPekerjaan": "",
"namaLembaga": "",
				"bidangUsaha": " "
			},
			"maritalStatus": "Y"
		}
    },"policyHolder":{
"fullName": "Hardy Leonardo Lai DRS",
    "birthDate": "19620807", 
"birthPlace": "Medan",
"emailAddress": "hardyleo8888@gmail.com",
"mobilePhone": "08196008838",
"homePhone": "08196008838",
"lineAddress1": "Jl.Waringin Baru No:2-A",
"lineAddress2": "Jl.Waringin Baru No:2-A",
"cityAddress": "Medan",
"postalCode": 20113,
"sameMailing": "1",
"mailingLineAddress1": "Jl.Waringin Baru No:2-A",
"mailingLineAddress2": "Jl.Waringin Baru No:2-A",
"mailingCityAddress": "Medan",
"mailingpostalCode": 20113,
"gender": "M",
"jobType": "Job13",
"identityType": 1,
"identityNumber": "1271190708620005",
"incomeSource": "Shu",
"additionalProperties": {
"jobDetail": {
"uraianPekerjaan": "",
"namaLembaga": "",
				"bidangUsaha": " "
			},
			"maritalStatus": "Y"
		}
},

"purchase": {
"productId": 1,
"referenceCode": "91708165",
"productCode": "B.101",
"parentProductId": 1,
"tenor": 12,
"paymentMethod": "301",
"paymentType": 2,
"up": 50000000,
"agrementDisclaimer": 701,
"premium": 1200000,
"autoDebet": "Y",
"purchaseDate": "20200730141100",
"bankCode": "019",
"ropBankCode": "019",
"bankAccount": "5003021618",
"bankAccountName": "Hardy Leonardo Lai Drs",
"additionalInfo": {
"selfPurchaseFlag": 1
,
			"dealsCode": ""
}
},
"beneficiary": [{
"seqNo": "1",
"mobileNo": "08196008838",
"name": "Jason Andrean Laismana",
"famrel": 3,
"gender": "M",
"birthDate": "19970926",
"percentage": 100,
"email": "hardyleo8888@gmail.com"
}
]
}
182.1.67.129 https://www.koreaversikamu.co.id/prepurchase?view=finish 20:02:06 2020-07-30

Content JSON:
{
"personalData": {
"fullName": "Dewi Oktaviana Subyanto",
    "birthDate": "19911024", 
"birthPlace": "Surabaya",
"emailAddress": "dewie_oktav91@yahoo.com",
"mobilePhone": "082231021412",
"homePhone": "082231021412",
"lineAddress1": "Tambak Segaran Wetan",
"lineAddress2": "No 61",
"cityAddress": "",
"postalCode": 60135,
"sameMailing": "0",
"mailingLineAddress1": "Lebak Jaya Utara 5C",
"mailingLineAddress2": "No D 25",
"mailingCityAddress": "Surabaya",
"mailingpostalCode": 60134,
"gender": "F",
"jobType": "Job8",
"identityType": 1,
"identityNumber": "3578106410910002",
"incomeSource": "Slr",
"additionalProperties": {
"jobDetail": {
"uraianPekerjaan": "",
"namaLembaga": "BCA",
				"bidangUsaha": "Bank "
			},
			"maritalStatus": "N"
		}
    },"policyHolder":{
"fullName": "Dewi Oktaviana Subyanto",
    "birthDate": "19911024", 
"birthPlace": "Surabaya",
"emailAddress": "dewie_oktav91@yahoo.com",
"mobilePhone": "082231021412",
"homePhone": "082231021412",
"lineAddress1": "Tambak Segaran Wetan",
"lineAddress2": "No 61",
"cityAddress": "",
"postalCode": 60135,
"sameMailing": "0",
"mailingLineAddress1": "Lebak Jaya Utara 5C",
"mailingLineAddress2": "No D 25",
"mailingCityAddress": "Surabaya",
"mailingpostalCode": 60134,
"gender": "F",
"jobType": "Job8",
"identityType": 1,
"identityNumber": "3578106410910002",
"incomeSource": "Slr",
"additionalProperties": {
"jobDetail": {
"uraianPekerjaan": "",
"namaLembaga": "BCA",
				"bidangUsaha": "Bank "
			},
			"maritalStatus": "N"
		}
},

"purchase": {
"productId": 8,
"referenceCode": "",
"productCode": "B.101",
"parentProductId": 8,
"tenor": 12,
"paymentMethod": "301",
"paymentType": 2,
"up": 25000000,
"agrementDisclaimer": 701,
"premium": 750000,
"autoDebet": "Y",
"purchaseDate": "20200730200205",
"bankCode": "014",
"ropBankCode": "014",
"bankAccount": "1020363742",
"bankAccountName": "Dewi Oktaviana Subyanto",
"additionalInfo": {
"selfPurchaseFlag": 1
,
			"dealsCode": ""
}
},
"beneficiary": [{
"seqNo": "1",
"mobileNo": "087884828897",
"name": "Oei Ay Fang",
"famrel": 1,
"gender": "F",
"birthDate": "19591009",
"percentage": 100,
"email": "viona_it@yahoo.co.id"
}
]
}
