114.4.78.24 https://bucketlistplan.co.id/prepurchase?view=finish 23:00:25 2019-10-30

Content JSON:
{
"personalData": {
"fullName": "Unggul Sagena",
    "birthDate": "19810411", 
"birthPlace": "Palembang",
"emailAddress": "unggulcenter@gmail.com",
"mobilePhone": "081584824084",
"homePhone": "081584824084",
"lineAddress1": "Jl. Pangeran Sogiri Perum Taman Kenari",
"lineAddress2": "Blok D1 No. 6",
"cityAddress": "Bogor",
"postalCode": 16155,
"sameMailing": "1",
"mailingLineAddress1": "Jl. Pangeran Sogiri Perum Taman Kenari",
"mailingLineAddress2": "Blok D1 No. 6",
"mailingCityAddress": "Bogor",
"mailingpostalCode": 16155,
"gender": "M",
"jobType": "job7",
"identityType": 1,
"identityNumber": "3271051104810009",
"incomeSource": "slr",
"additionalProperties": {
"jobDetail": {
"uraianPekerjaan": "Staf",
"namaLembaga": "Kementerian Desa PDTT",
"bidangUsaha": ""
}
}
},
"purchase": {
"productId": 5,
"referenceCode": "TRAVELOKA",
"productCode": "B.101",
"parentProductId": 5,
"tenor": 12,
"paymentMethod": "301",
"paymentType": 2,
"up": 100000000,
"agrementDisclaimer": 701,
"premium": 900000,
"autoDebet": "Y",
"purchaseDate": "20191030230019",
"bankCode": "008",
"ropBankCode": "008",
"bankAccount": "1570000509795",
"bankAccountName": "Unggul Sagena",
"additionalInfo": {
"selfPurchaseFlag": 1
}
},
"beneficiary": [{
"seqNo": "1",
"mobileNo": "087711094434",
"name": "Jessica Khairan Duangi",
"famrel": 3,
"gender": "F",
"birthDate": "20100104",
"percentage": 100,
"email": "jessicakhairan@gmail.com"
}
]
}
