182.23.25.179 https://bucketlistplan.co.id/purchase/prepurchase?view=finish 13:29:53 2020-12-30

Content JSON:
{
"personalData": {
"fullName": "LIANA CAROLINA",
    "birthDate": "19740602", 
"birthPlace": "Jakarta",
"emailAddress": "liana.carolina0808@gmail.com",
"mobilePhone": "087775136717",
"homePhone": "087775136717",
"lineAddress1": "JL.SAWO KECIK I  NO.27. RT.001 RW.007",
"lineAddress2": "BUKIT DURI, TEBET ",
"cityAddress": "Jakarta",
"postalCode": 12840,
"sameMailing": "1",
"mailingLineAddress1": "JL.SAWO KECIK I  NO.27. RT.001 RW.007",
"mailingLineAddress2": "BUKIT DURI, TEBET ",
"mailingCityAddress": "Jakarta",
"mailingpostalCode": 12840,
"gender": "F",
"jobType": "Job23",
"identityType": 1,
"identityNumber": "317401420674002",
"incomeSource": "Incoth",
"additionalProperties": {
"jobDetail": {
"uraianPekerjaan": "AD",
"namaLembaga": "HANWHA LIFE",
				"bidangUsaha": "ASURANSI "
			},
			"maritalStatus": "Y"
		}
    },"policyHolder":{
"fullName": "LIANA CAROLINA",
    "birthDate": "19740602", 
"birthPlace": "Jakarta",
"emailAddress": "liana.carolina0808@gmail.com",
"mobilePhone": "087775136717",
"homePhone": "087775136717",
"lineAddress1": "JL.SAWO KECIK I  NO.27. RT.001 RW.007",
"lineAddress2": "BUKIT DURI, TEBET ",
"cityAddress": "Jakarta",
"postalCode": 12840,
"sameMailing": "1",
"mailingLineAddress1": "JL.SAWO KECIK I  NO.27. RT.001 RW.007",
"mailingLineAddress2": "BUKIT DURI, TEBET ",
"mailingCityAddress": "Jakarta",
"mailingpostalCode": 12840,
"gender": "F",
"jobType": "Job23",
"identityType": 1,
"identityNumber": "317401420674002",
"incomeSource": "Incoth",
"additionalProperties": {
"jobDetail": {
"uraianPekerjaan": "AD",
"namaLembaga": "HANWHA LIFE",
				"bidangUsaha": "ASURANSI "
			},
			"maritalStatus": "Y"
		}
},

"purchase": {
"productId": 10,
"referenceCode": "91603166",
"productCode": "B.101",
"parentProductId": 10,
"tenor": 36,
"paymentMethod": "301",
"paymentType": 2,
"up": 25000000,
"agrementDisclaimer": 701,
"premium": 250000,
"autoDebet": "Y",
"purchaseDate": "20201230132953",
"bankCode": "008",
"ropBankCode": "008",
"bankAccount": "9000023790232",
"bankAccountName": "LIANA CAROLINA",
"additionalInfo": {
"selfPurchaseFlag": 1
,
			"dealsCode": ""
}
},
"beneficiary": [{
"seqNo": "1",
"mobileNo": "087775136717",
"name": "ZEFANYA MAUREEN NATHANIA",
"famrel": 3,
"gender": "F",
"birthDate": "20050413",
"percentage": 100,
"email": "liana.carolina0808@gmail.com"
}
]
}
