223.255.230.48 https://bucketlistplan.co.id/purchase/prepurchase?view=finish 16:26:05 2021-08-31

Content JSON:
{
"personalData": {
"fullName": "muhammad kemal fadilla",
    "birthDate": "20000504", 
"birthPlace": "Jakarta",
"emailAddress": "kemalfadilla13@gmail.com",
"mobilePhone": "085880094076",
"homePhone": "0215670517",
"lineAddress1": "jalan kebon raya 2 no 15 rt 06 rw 06",
"lineAddress2": "kecamatan kebon jeruk kelurahan duri kepa",
"cityAddress": "Jakarta",
"postalCode": 11510,
"sameMailing": "1",
"mailingLineAddress1": "jalan kebon raya 2 no 15 rt 06 rw 06",
"mailingLineAddress2": "kecamatan kebon jeruk kelurahan duri kepa",
"mailingCityAddress": "Jakarta",
"mailingpostalCode": 11510,
"gender": "M",
"jobType": "Job8",
"identityType": 1,
"identityNumber": "3173050405000013",
"incomeSource": "Slr",
"additionalProperties": {
"jobDetail": {
"uraianPekerjaan": "",
"namaLembaga": "Creative Indigo Production",
				"bidangUsaha": "Production House "
			},
			"maritalStatus": "N"
		}
    },"policyHolder":{
"fullName": "muhammad kemal fadilla",
    "birthDate": "20000504", 
"birthPlace": "Jakarta",
"emailAddress": "kemalfadilla13@gmail.com",
"mobilePhone": "085880094076",
"homePhone": "0215670517",
"lineAddress1": "jalan kebon raya 2 no 15 rt 06 rw 06",
"lineAddress2": "kecamatan kebon jeruk kelurahan duri kepa",
"cityAddress": "Jakarta",
"postalCode": 11510,
"sameMailing": "1",
"mailingLineAddress1": "jalan kebon raya 2 no 15 rt 06 rw 06",
"mailingLineAddress2": "kecamatan kebon jeruk kelurahan duri kepa",
"mailingCityAddress": "Jakarta",
"mailingpostalCode": 11510,
"gender": "M",
"jobType": "Job8",
"identityType": 1,
"identityNumber": "3173050405000013",
"incomeSource": "Slr",
"additionalProperties": {
"jobDetail": {
"uraianPekerjaan": "",
"namaLembaga": "Creative Indigo Production",
				"bidangUsaha": "Production House "
			},
			"maritalStatus": "N"
		}
},

"purchase": {
"productId": 8,
"referenceCode": "71909962",
"productCode": "B.101",
"parentProductId": 8,
"tenor": 12,
"paymentMethod": "301",
"paymentType": 2,
"up": 25000000,
"agrementDisclaimer": 701,
"premium": 750000,
"autoDebet": "Y",
"purchaseDate": "20210831162603",
"bankCode": "014",
"ropBankCode": "014",
"bankAccount": "5500086566",
"bankAccountName": "muhammad kemal fadilla",
"additionalInfo": {
"selfPurchaseFlag": 1
,
			"dealsCode": ""
}
},
"beneficiary": [{
"seqNo": "1",
"mobileNo": "081282702702",
"name": "sri wahyuni",
"famrel": 1,
"gender": "F",
"birthDate": "19721124",
"percentage": 100,
"email": "kemalfadilla13@gmail.com"
}
]
}
