10.1.1.33 https://bucketlistplan.co.id/purchase/prepurchase?view=finish 11:37:06 2023-07-31

Content JSON:
{
"personalData": {
"fullName": "VICKY HERMAWAN",
    "birthDate": "19920901", 
"birthPlace": "Bandung",
"emailAddress": "vickyhrmawan@gmail.com",
"mobilePhone": "081910630633",
"homePhone": "081910630633",
"lineAddress1": "BLOK TVRI IV RT 004 RW 003 KEL CIBADUYUT WETAN KEC BOJONGLOA KIDUL KOTA BANDUNG JAWA BARAT",
"lineAddress2": "BLOK TVRI IV RT 004 RW 003 KEL CIBADUYUT WETAN KEC BOJONGLOA KIDUL KOTA BANDUNG JAWA BARAT",
"cityAddress": "Bandung",
"postalCode": 40238,
"sameMailing": "1",
"mailingLineAddress1": "BLOK TVRI IV RT 004 RW 003 KEL CIBADUYUT WETAN KEC BOJONGLOA KIDUL KOTA BANDUNG JAWA BARAT",
"mailingLineAddress2": "BLOK TVRI IV RT 004 RW 003 KEL CIBADUYUT WETAN KEC BOJONGLOA KIDUL KOTA BANDUNG JAWA BARAT",
"mailingCityAddress": "Bandung",
"mailingpostalCode": 40238,
"gender": "M",
"jobType": "Job8",
"identityType": 1,
"identityNumber": "3273170109920002",
"incomeSource": "Slr",
"additionalProperties": {
"jobDetail": {
"uraianPekerjaan": "",
"namaLembaga": "SWASTA",
				"bidangUsaha": "SWASTA "
			},
			"maritalStatus": "N"
		}
    },"policyHolder":{
"fullName": "VICKY HERMAWAN",
    "birthDate": "19920901", 
"birthPlace": "Bandung",
"emailAddress": "vickyhrmawan@gmail.com",
"mobilePhone": "081910630633",
"homePhone": "081910630633",
"lineAddress1": "BLOK TVRI IV RT 004 RW 003 KEL CIBADUYUT WETAN KEC BOJONGLOA KIDUL KOTA BANDUNG JAWA BARAT",
"lineAddress2": "BLOK TVRI IV RT 004 RW 003 KEL CIBADUYUT WETAN KEC BOJONGLOA KIDUL KOTA BANDUNG JAWA BARAT",
"cityAddress": "Bandung",
"postalCode": 40238,
"sameMailing": "1",
"mailingLineAddress1": "BLOK TVRI IV RT 004 RW 003 KEL CIBADUYUT WETAN KEC BOJONGLOA KIDUL KOTA BANDUNG JAWA BARAT",
"mailingLineAddress2": "BLOK TVRI IV RT 004 RW 003 KEL CIBADUYUT WETAN KEC BOJONGLOA KIDUL KOTA BANDUNG JAWA BARAT",
"mailingCityAddress": "Bandung",
"mailingpostalCode": 40238,
"gender": "M",
"jobType": "Job8",
"identityType": 1,
"identityNumber": "3273170109920002",
"incomeSource": "Slr",
"additionalProperties": {
"jobDetail": {
"uraianPekerjaan": "",
"namaLembaga": "SWASTA",
				"bidangUsaha": "SWASTA "
			},
			"maritalStatus": "N"
		}
},

"purchase": {
"productId": 8,
"referenceCode": "21SFYEB0",
"productCode": "B.101",
"parentProductId": 8,
"tenor": 12,
"paymentMethod": "301",
"paymentType": 2,
"up": 25000000,
"agrementDisclaimer": 701,
"premium": 750000,
"autoDebet": "Y",
"purchaseDate": "20230731113705",
"bankCode": "013",
"ropBankCode": "013",
"bankAccount": "4128084970",
"bankAccountName": "VICKY HERMAWAN",
"additionalInfo": {
"selfPurchaseFlag": 1
,
			"dealsCode": ""
}
},
"beneficiary": [{
"seqNo": "1",
"mobileNo": "081910630633",
"name": "evelyn natasha santoso",
"famrel": 4,
"gender": "F",
"birthDate": "19991110",
"percentage": 100,
"email": "vickyhrmawan@gmail.com"
}
]
}
140.213.34.204 https://bucketlistplan.co.id/purchase/prepurchase?view=finish 14:12:16 2023-07-31

Content JSON:
{
"personalData": {
"fullName": "Benny Tantono",
    "birthDate": "19870317", 
"birthPlace": "Stabat",
"emailAddress": "bennytantono@outlook.com",
"mobilePhone": "085373107777",
"homePhone": "085373107777",
"lineAddress1": "Jl. K.H.Zainul Arifin No.63",
"lineAddress2": "Idem",
"cityAddress": "",
"postalCode": 20235,
"sameMailing": "1",
"mailingLineAddress1": "Jl. K.H.Zainul Arifin No.63",
"mailingLineAddress2": "Idem",
"mailingCityAddress": "",
"mailingpostalCode": 20235,
"gender": "M",
"jobType": "Job8",
"identityType": 1,
"identityNumber": "1205071703870005",
"incomeSource": "Slr",
"additionalProperties": {
"jobDetail": {
"uraianPekerjaan": "",
"namaLembaga": "PT Ganindo Overseas Internasional",
				"bidangUsaha": "Pelayaran "
			},
			"maritalStatus": "Y"
		}
    },"policyHolder":{
"fullName": "Benny Tantono",
    "birthDate": "19870317", 
"birthPlace": "Stabat",
"emailAddress": "bennytantono@outlook.com",
"mobilePhone": "085373107777",
"homePhone": "085373107777",
"lineAddress1": "Jl. K.H.Zainul Arifin No.63",
"lineAddress2": "Idem",
"cityAddress": "",
"postalCode": 20235,
"sameMailing": "1",
"mailingLineAddress1": "Jl. K.H.Zainul Arifin No.63",
"mailingLineAddress2": "Idem",
"mailingCityAddress": "",
"mailingpostalCode": 20235,
"gender": "M",
"jobType": "Job8",
"identityType": 1,
"identityNumber": "1205071703870005",
"incomeSource": "Slr",
"additionalProperties": {
"jobDetail": {
"uraianPekerjaan": "",
"namaLembaga": "PT Ganindo Overseas Internasional",
				"bidangUsaha": "Pelayaran "
			},
			"maritalStatus": "Y"
		}
},

"purchase": {
"productId": 1,
"referenceCode": "72210842",
"productCode": "B.101",
"parentProductId": 1,
"tenor": 12,
"paymentMethod": "301",
"paymentType": 2,
"up": 50000000,
"agrementDisclaimer": 701,
"premium": 1200000,
"autoDebet": "Y",
"purchaseDate": "20230731141215",
"bankCode": "014",
"ropBankCode": "014",
"bankAccount": "1750457513",
"bankAccountName": "Benny Tantono",
"additionalInfo": {
"selfPurchaseFlag": 1
,
			"dealsCode": ""
}
},
"beneficiary": [{
"seqNo": "1",
"mobileNo": "08116515577",
"name": "Linda Chandra",
"famrel": 2,
"gender": "F",
"birthDate": "19900822",
"percentage": 100,
"email": "linda.candra90@yahoo.com"
}
]
}
