114.122.43.44 https://bucketlistplan.co.id/purchase/prepurchase?view=finish 11:38:57 2023-08-31

Content JSON:
{
"personalData": {
"fullName": "Wandi Suyanto",
    "birthDate": "19820225", 
"birthPlace": "Medan",
"emailAddress": "wandisuyanto@gmail.com",
"mobilePhone": "08126338833",
"homePhone": "08126338833",
"lineAddress1": "Jl. Tupai No. 12",
"lineAddress2": "Kel Pandau Hulu II, Kec Medan Area",
"cityAddress": "Medan",
"postalCode": 20211,
"sameMailing": "1",
"mailingLineAddress1": "Jl. Tupai No. 12",
"mailingLineAddress2": "Kel Pandau Hulu II, Kec Medan Area",
"mailingCityAddress": "Medan",
"mailingpostalCode": 20211,
"gender": "M",
"jobType": "Job19",
"identityType": 1,
"identityNumber": "1271102502820001",
"incomeSource": "Shu",
"additionalProperties": {
"jobDetail": {
"uraianPekerjaan": "",
"namaLembaga": "F1",
				"bidangUsaha": "Kontraktor "
			},
			"maritalStatus": "Y"
		}
    },"policyHolder":{
"fullName": "Wandi Suyanto",
    "birthDate": "19820225", 
"birthPlace": "Medan",
"emailAddress": "wandisuyanto@gmail.com",
"mobilePhone": "08126338833",
"homePhone": "08126338833",
"lineAddress1": "Jl. Tupai No. 12",
"lineAddress2": "Kel Pandau Hulu II, Kec Medan Area",
"cityAddress": "Medan",
"postalCode": 20211,
"sameMailing": "1",
"mailingLineAddress1": "Jl. Tupai No. 12",
"mailingLineAddress2": "Kel Pandau Hulu II, Kec Medan Area",
"mailingCityAddress": "Medan",
"mailingpostalCode": 20211,
"gender": "M",
"jobType": "Job19",
"identityType": 1,
"identityNumber": "1271102502820001",
"incomeSource": "Shu",
"additionalProperties": {
"jobDetail": {
"uraianPekerjaan": "",
"namaLembaga": "F1",
				"bidangUsaha": "Kontraktor "
			},
			"maritalStatus": "Y"
		}
},

"purchase": {
"productId": 4,
"referenceCode": "72311459",
"productCode": "B.101",
"parentProductId": 4,
"tenor": 12,
"paymentMethod": "301",
"paymentType": 2,
"up": 100000000,
"agrementDisclaimer": 701,
"premium": 1800000,
"autoDebet": "Y",
"purchaseDate": "20230831113856",
"bankCode": "014",
"ropBankCode": "014",
"bankAccount": "8370065552",
"bankAccountName": "Wandi Suyanto",
"additionalInfo": {
"selfPurchaseFlag": 1
,
			"dealsCode": ""
}
},
"beneficiary": [{
"seqNo": "1",
"mobileNo": "081265388833",
"name": "Julyana Setia",
"famrel": 2,
"gender": "F",
"birthDate": "19830708",
"percentage": 100,
"email": "julyse89@gmail.com"
}
]
}
