183.91.76.178 https://koreaversikamu.co.id/prepurchase?view=finish 17:07:15 2019-12-31

Content JSON:
{
"personalData": {
"fullName": "ALUS RIFQI WIJAYA",
    "birthDate": "19991220", 
"birthPlace": "KABUPATEN DEMAK",
"emailAddress": "rifqiwijaya@icloud.com",
"mobilePhone": "082133203907",
"homePhone": "082133203907",
"lineAddress1": "Jl. RUWIT RT.02/RW.05, KEL. RUWIT",
"lineAddress2": "KEC. WEDUNG, KAB. DEMAK",
"cityAddress": "",
"postalCode": 59554,
"sameMailing": "1",
"mailingLineAddress1": "Jl. RUWIT RT.02/RW.05, KEL. RUWIT",
"mailingLineAddress2": "KEC. WEDUNG, KAB. DEMAK",
"mailingCityAddress": "",
"mailingpostalCode": 59554,
"gender": "M",
"jobType": "Job20",
"identityType": 1,
"identityNumber": "3321132012990003",
"incomeSource": "Slr",
"additionalProperties": {
"jobDetail": {
"uraianPekerjaan": "POLISI",
"namaLembaga": "POLRI",
				"bidangUsaha": " "
			},
			"dealsCode": "",
			"maritalStatus": "N"
		}
    },

"purchase": {
"productId": 5,
"referenceCode": "91910429",
"productCode": "B.101",
"parentProductId": 5,
"tenor": 24,
"paymentMethod": "301",
"paymentType": 2,
"up": 100000000,
"agrementDisclaimer": 701,
"premium": 900000,
"autoDebet": "Y",
"purchaseDate": "20191231170715",
"bankCode": "002",
"ropBankCode": "002",
"bankAccount": "136001003215502",
"bankAccountName": "ALUS RIFQI WIJAYA",
"additionalInfo": {
"selfPurchaseFlag": 1
,
			"dealsCode": ""
}
},
"beneficiary": [{
"seqNo": "1",
"mobileNo": "082312010040",
"name": "SURANTI",
"famrel": 1,
"gender": "F",
"birthDate": "19670124",
"percentage": 100,
"email": "rifqiwijaya@icloud.com"
}
]
}
