114.124.175.83 https://bucketlistplan.co.id/prepurchase?view=finish 10:40:20 2019-10-02

{
"personalData": {
"fullName": "Fery",
    "birthDate": "19591007", 
"birthPlace": "Jakarta",
"emailAddress": "fery@dorado.id",
"mobilePhone": "108281237128",
"homePhone": "198237189738",
"lineAddress1": "Tangerang",
"lineAddress2": "Tangerang",
"cityAddress": "Tangerang",
"postalCode": 12312,
"sameMailing": "1",
"mailingLineAddress1": "Tangerang",
"mailingLineAddress2": "Tangerang",
"mailingCityAddress": "Tangerang",
"mailingpostalCode": 12312,
"gender": "M",
"jobType": "job8",
"identityType": 1,
"identityNumber": "1823718239187231",
"incomeSource": "slr",
"additionalProperties": {
"jobDetail": {
"uraianPekerjaan": "",
"namaLembaga": "Dorado",
"bidangUsaha": "Digital"
}
}
},
"purchase": {
"productId": 2,
"referenceCode": "FERYREFFERRALL",
"productCode": "B.101",
"parentProductId": 2,
"tenor": 12,
"paymentMethod": "301",
"paymentType": 2,
"up": 50000000,
"agrementDisclaimer": 701,
"premium": 600000,
"autoDebet": "Y",
"purchaseDate": "20191002104018",
"bankCode": "009",
"ropBankCode": "009",
"bankAccount": "09183128309128309128",
"bankAccountName": "Fery",
"additionalInfo": {
"selfPurchaseFlag": 1
}
},
"beneficiary": [{
"seqNo": "1",
"mobileNo": "198237128378",
"name": "Fery",
"famrel": 4,
"gender": "M",
"birthDate": "19620906",
"percentage": 100,
"email": "fery@dorado.id"
}
]
}
114.124.175.83 https://bucketlistplan.co.id/prepurchase?view=finish 10:41:10 2019-10-02

{
"personalData": {
"fullName": "Fery",
    "birthDate": "19591007", 
"birthPlace": "Jakarta",
"emailAddress": "fery@dorado.id",
"mobilePhone": "108281237128",
"homePhone": "198237189738",
"lineAddress1": "Tangerang",
"lineAddress2": "Tangerang",
"cityAddress": "Tangerang",
"postalCode": 12312,
"sameMailing": "1",
"mailingLineAddress1": "Tangerang",
"mailingLineAddress2": "Tangerang",
"mailingCityAddress": "Tangerang",
"mailingpostalCode": 12312,
"gender": "M",
"jobType": "job8",
"identityType": 1,
"identityNumber": "1823718239187231",
"incomeSource": "slr",
"additionalProperties": {
"jobDetail": {
"uraianPekerjaan": "",
"namaLembaga": "Dorado",
"bidangUsaha": "Digital"
}
}
},
"purchase": {
"productId": 2,
"referenceCode": "FERYREFFERRALL",
"productCode": "B.101",
"parentProductId": 2,
"tenor": 12,
"paymentMethod": "301",
"paymentType": 2,
"up": 50000000,
"agrementDisclaimer": 701,
"premium": 600000,
"autoDebet": "Y",
"purchaseDate": "20191002104109",
"bankCode": "009",
"ropBankCode": "009",
"bankAccount": "09183128309128309128",
"bankAccountName": "Fery",
"additionalInfo": {
"selfPurchaseFlag": 1
}
},
"beneficiary": [{
"seqNo": "1",
"mobileNo": "198237128378",
"name": "Fery",
"famrel": 4,
"gender": "M",
"birthDate": "19620906",
"percentage": 100,
"email": "fery@dorado.id"
}
]
}
114.124.175.83 https://bucketlistplan.co.id/prepurchase?view=finish 10:42:55 2019-10-02

{
"personalData": {
"fullName": "Fery",
    "birthDate": "19591007", 
"birthPlace": "Jakarta",
"emailAddress": "fery@dorado.id",
"mobilePhone": "108281237128",
"homePhone": "198237189738",
"lineAddress1": "Tangerang",
"lineAddress2": "Tangerang",
"cityAddress": "Tangerang",
"postalCode": 12312,
"sameMailing": "1",
"mailingLineAddress1": "Tangerang",
"mailingLineAddress2": "Tangerang",
"mailingCityAddress": "Tangerang",
"mailingpostalCode": 12312,
"gender": "M",
"jobType": "job8",
"identityType": 1,
"identityNumber": "1823718239187231",
"incomeSource": "slr",
"additionalProperties": {
"jobDetail": {
"uraianPekerjaan": "",
"namaLembaga": "Dorado",
"bidangUsaha": "Digital"
}
}
},
"purchase": {
"productId": 2,
"referenceCode": "FERYREFFERRALL",
"productCode": "B.101",
"parentProductId": 2,
"tenor": 12,
"paymentMethod": "301",
"paymentType": 2,
"up": 50000000,
"agrementDisclaimer": 701,
"premium": 600000,
"autoDebet": "Y",
"purchaseDate": "20191002104253",
"bankCode": "009",
"ropBankCode": "009",
"bankAccount": "09183128309128309128",
"bankAccountName": "Fery",
"additionalInfo": {
"selfPurchaseFlag": 1
}
},
"beneficiary": [{
"seqNo": "1",
"mobileNo": "198237128378",
"name": "Fery",
"famrel": 4,
"gender": "M",
"birthDate": "19620906",
"percentage": 100,
"email": "fery@dorado.id"
}
]
}
114.124.175.83 https://bucketlistplan.co.id/prepurchase?view=finish 10:43:17 2019-10-02

{
"personalData": {
"fullName": "Fery",
    "birthDate": "19591007", 
"birthPlace": "Jakarta",
"emailAddress": "fery@dorado.id",
"mobilePhone": "108281237128",
"homePhone": "198237189738",
"lineAddress1": "Tangerang",
"lineAddress2": "Tangerang",
"cityAddress": "Tangerang",
"postalCode": 12312,
"sameMailing": "1",
"mailingLineAddress1": "Tangerang",
"mailingLineAddress2": "Tangerang",
"mailingCityAddress": "Tangerang",
"mailingpostalCode": 12312,
"gender": "M",
"jobType": "job8",
"identityType": 1,
"identityNumber": "1823718239187231",
"incomeSource": "slr",
"additionalProperties": {
"jobDetail": {
"uraianPekerjaan": "",
"namaLembaga": "Dorado",
"bidangUsaha": "Digital"
}
}
},
"purchase": {
"productId": 2,
"referenceCode": "FERYREFFERRALL",
"productCode": "B.101",
"parentProductId": 2,
"tenor": 12,
"paymentMethod": "301",
"paymentType": 2,
"up": 50000000,
"agrementDisclaimer": 701,
"premium": 600000,
"autoDebet": "Y",
"purchaseDate": "20191002104317",
"bankCode": "009",
"ropBankCode": "009",
"bankAccount": "09183128309128309128",
"bankAccountName": "Fery",
"additionalInfo": {
"selfPurchaseFlag": 1
}
},
"beneficiary": [{
"seqNo": "1",
"mobileNo": "198237128378",
"name": "Fery",
"famrel": 4,
"gender": "M",
"birthDate": "19620906",
"percentage": 100,
"email": "fery@dorado.id"
}
]
}
