********************************************************************************
DUPLICATOR-LITE PACKAGE-LOG: August 3, 2022 7:05 am
NOTICE: Do NOT post to public sites or forums 
********************************************************************************
VERSION:	1.4.7
WORDPRESS:	6.0.1
PHP INFO:	7.3.12 | SAPI: apache2handler
SERVER:		Apache 
PHP TIME LIMIT: (0) no time limit imposed 
PHP MAX MEMORY: 4294967296 (256M default) 
MEMORY STACK: 37MB

********************************************************************************
DATABASE:
********************************************************************************
BUILD MODE:   MYSQLDUMP
MYSQLTIMEOUT: 5000
MYSQLDUMP:    Is Supported
SQL CREATED: 20201020_koreaversikamu_6b6aa13055d2c4e64015_20220803070445_database.sql
SQL FILE SIZE: 18.58MB (19481978)
SQL FILE TIME: 2022-08-03 07:05:44
SQL RUNTIME: 0.49 sec.

********************************************************************************
ARCHIVE (ZIP):
********************************************************************************
ARCHIVE DIR:  /var/www/bucketlistplan.co.id/web
ARCHIVE FILE: 20201020_koreaversikamu_6b6aa13055d2c4e64015_20220803070445_archive.zip
FILTERS: *ON*
DIRS:
	/var/www/bucketlistplan.co.id/web/assets
	/var/www/bucketlistplan.co.id/web/backup
	/var/www/bucketlistplan.co.id/web/controller
	/var/www/bucketlistplan.co.id/web/css
	/var/www/bucketlistplan.co.id/web/js
	/var/www/bucketlistplan.co.id/web/log
	/var/www/bucketlistplan.co.id/web/purchase
	/var/www/bucketlistplan.co.id/web/views
	/var/www/bucketlistplan.co.id/web/wp-content/plugins/wordfence/lib
	/var/www/bucketlistplan.co.id/web/ws
FILES:
	not set
EXTS:  not set
----------------------------------------
COMPRESSING
SIZE:	527.6MB
STATS:	Dirs 4,726 | Files 30,250
SQL ADDED: 20201020_koreaversikamu_6b6aa13055d2c4e64015_20220803070445_database.sql
ZipArchive Object
(
    [status] => 0
    [statusSys] => 0
    [numFiles] => 34976
    [filename] => /var/www/bucketlistplan.co.id/web/wp-content/backups-dup-lite/tmp/20201020_koreaversikamu_6b6aa13055d2c4e64015_20220803070445_archive.zip
    [comment] => 
)

FILE ADDED TO ZIP: 34975
COMPRESSION RESULT: '1'
COMPRESSED SIZE: 274.56MB
ARCHIVE RUNTIME: 71.21 sec.
MEMORY STACK: 45.37MB
building installer
add_extra_files1
add_extra_files2
add_extra_files3
add_extra_files4
Doing archive file check
add_extra_files5
add_extra_files6
add_extra_files8
Successfully opened zip /var/www/bucketlistplan.co.id/web/wp-content/backups-dup-lite/tmp/20201020_koreaversikamu_6b6aa13055d2c4e64015_20220803070445_archive.zip
Adding enhanced installer files to archive using ZipArchive
Installer files added to archive
Added to archive
After ziparchive close when adding installer

********************************************************************************
INTEGRITY CHECKS:
********************************************************************************
SQL FILE: 18.58MB
INSTALLER FILE: 64.6KB
ARCHIVE FILE: 275.81MB 
EXPECTED FILE/DIRECTORY COUNT: 34,976
ACTUAL FILE/DIRECTORY COUNT: 34,975
ARCHIVE CONSISTENCY TEST: Pass

********************************************************************************
RECORD ID:[5]
TOTAL PROCESS RUNTIME: 73.44 sec.
PEAK PHP MEMORY USED: 51.37MB
DONE PROCESSING => 20201020_koreaversikamu August 3, 2022 7:06 am

