66.249.66.86 https://koreaversikamu.co.id/controller/register-influencerproc.php  {
  "emailAddress": "",
  "fullName": "",
  "dob": "",
  "phone": "",
  "gender": "",
  "instaId": ""
}
66.249.79.45 https://koreaversikamu.co.id/controller/register-influencerproc.php  {
  "emailAddress": "",
  "fullName": "",
  "dob": "",
  "phone": "",
  "gender": "",
  "instaId": ""
}
66.249.79.45 https://koreaversikamu.co.id/controller/register-influencerproc.php  {
  "emailAddress": "",
  "fullName": "",
  "dob": "",
  "phone": "",
  "gender": "",
  "instaId": ""
}
